Ansys Lumerical 2022 R1.4 FDTD Solver Version 8.27.3044 (Linux 64bit)
 expires (month/day/year): 5/2/2023
using config file: Ansys Licensing set with ANSYSLMD_LICENSE_FILE
license host: 1055@10.75.13.24
current time: Tue Aug 23 10:42:27 2022
Running on host: fotonica02-System-Product-Name
host available memory (GB): 28.578611
All processes are communicating and ready to proceed to simulation...
Running fsp file: /opt/lumerical/v221/bin/fdtd-engine-mpich2nem -t 1 -remote -hide -shared-solve-license QU5TWVNDTF9DT05URVhUX0RBVEE9PEFOU1lTQ0xfQ09OVEVYVF9EQVRBPjxJRD5mZTliMTY0My01NTM4LTRhZDctOTY1MC0wMzJkZjc2M2ZkYjU8L0lEPjxUWVBFPkFQUF9ERUZJTkVEPC9UWVBFPjxOQU1FPmx1bV9zdGFuZGFyZF9zb2x2ZV9zaGFyZTwvTkFNRT48SEFORExFUj41MjU4NUBmb3RvbmljYTAyLVN5c3RlbS1Qcm9kdWN0LU5hbWU8L0hBTkRMRVI+PC9BTlNZU0NMX0NPTlRFWFRfREFUQT4KQU5TWVNfQ09OVEVYVF9JRD1mZTliMTY0My01NTM4LTRhZDctOTY1MC0wMzJkZjc2M2ZkYjUKQU5TWVNfQ09OVEVYVF9TRVJWRVI9NTI1ODVAZm90b25pY2EwMi1TeXN0ZW0tUHJvZHVjdC1OYW1lCg== /media/leonardo/datam02/Ring Resonator - Leonardo Pessôa/Ring-Resonator/Tutorial/ring_resonator_175nm_Gap_Sweep(Lc=0um)/175nm_Gap_Sweep(Lc=0um)_2.fsp
Starting meshing
Simulation size in gridpoints: 1 x 53 x 14
Refined 0 mesh cells (0%)
Completed meshing!
Meshing complete in 0.00086 seconds of CPU time
Starting meshing
Simulation size in gridpoints: 1 x 53 x 14
Refined 0 mesh cells (0%)
Completed meshing!
Meshing complete in 0.000625 seconds of CPU time
Starting meshing
Simulation size in gridpoints: 1 x 53 x 14
Refined 0 mesh cells (0%)
Completed meshing!
Meshing complete in 0.000557 seconds of CPU time
left is a duplicate key.
bottom is a duplicate key.
z1 is a duplicate key.
z2 is a duplicate key.
Nx is a duplicate key.
Ny is a duplicate key.
Nz is a duplicate key.
Starting meshing
Simulation size in gridpoints: 1 x 53 x 14
Refined 0 mesh cells (0%)
Completed meshing!
Meshing complete in 0.000733 seconds of CPU time
Starting meshing
Simulation size in gridpoints: 1 x 53 x 14
Refined 0 mesh cells (0%)
Completed meshing!
Meshing complete in 0.000591 seconds of CPU time
Starting meshing
Simulation size in gridpoints: 1 x 53 x 14
Refined 0 mesh cells (0%)
Completed meshing!
Meshing complete in 0.00053 seconds of CPU time
Starting meshing
Simulation size in gridpoints: 1 x 53 x 14
Refined 0 mesh cells (0%)
Completed meshing!
Meshing complete in 0.000748 seconds of CPU time
Starting meshing
Simulation size in gridpoints: 1 x 53 x 14
Refined 0 mesh cells (0%)
Completed meshing!
Meshing complete in 0.000611 seconds of CPU time
Starting meshing
Simulation size in gridpoints: 1 x 53 x 14
Refined 0 mesh cells (0%)
Completed meshing!
Meshing complete in 0.000537 seconds of CPU time
left is a duplicate key.
bottom is a duplicate key.
z1 is a duplicate key.
z2 is a duplicate key.
Nx is a duplicate key.
Ny is a duplicate key.
Nz is a duplicate key.
Starting meshing
Simulation size in gridpoints: 67 x 1 x 14
Refined 0 mesh cells (0%)
Completed meshing!
Meshing complete in 0.0005 seconds of CPU time
Starting meshing
Simulation size in gridpoints: 67 x 1 x 14
Refined 0 mesh cells (0%)
Completed meshing!
Meshing complete in 0.000445 seconds of CPU time
Starting meshing
Simulation size in gridpoints: 67 x 1 x 14
Refined 0 mesh cells (0%)
Completed meshing!
Meshing complete in 0.000427 seconds of CPU time
left is a duplicate key.
bottom is a duplicate key.
z1 is a duplicate key.
z2 is a duplicate key.
Nx is a duplicate key.
Ny is a duplicate key.
Nz is a duplicate key.
Starting meshing
Simulation size in gridpoints: 67 x 1 x 14
Refined 0 mesh cells (0%)
Completed meshing!
Meshing complete in 0.000524 seconds of CPU time
Starting meshing
Simulation size in gridpoints: 67 x 1 x 14
Refined 0 mesh cells (0%)
Completed meshing!
Meshing complete in 0.000435 seconds of CPU time
Starting meshing
Simulation size in gridpoints: 67 x 1 x 14
Refined 0 mesh cells (0%)
Completed meshing!
Meshing complete in 0.000424 seconds of CPU time
left is a duplicate key.
bottom is a duplicate key.
z1 is a duplicate key.
z2 is a duplicate key.
Nx is a duplicate key.
Ny is a duplicate key.
Nz is a duplicate key.
number of processors is 8
processors are distributed as: 4x2x1
Running 3D Simulation
Starting meshing
Simulation size in gridpoints: 119 x 101 x 24
Refined 0 mesh cells (0%)
Completed meshing!
Meshing complete in 0.029978 seconds of CPU time
0 0
Starting meshing
Simulation size in gridpoints: 119 x 101 x 24
Refined 0 mesh cells (0%)
Completed meshing!
Meshing complete in 0.030263 seconds of CPU time
0 0
Starting meshing
Simulation size in gridpoints: 119 x 101 x 24
Refined 0 mesh cells (0%)
Completed meshing!
Meshing complete in 0.16098 seconds of CPU time
0 0
finished material properties
Meshing Time: 0.379829 seconds, Init Electrical Material Time: 0.073514 seconds, Init Magnetic Material Time: 0.000912
Using selected optimization level: 2
Selecting 3d kernel for splitFieldDirection=0 and optLevel=2
-----------------------------------------
Beginning initialization of 3D Simulation
Starting to add sources to simulation
Adding 3D Mode source propagating in X
Using frequency dependent profile
Starting to add boundary conditions to simulation
Adding 3D PML BC
Adding 3D Parallel BC
Adding 3D PML BC
Adding 3D Parallel BC
Adding 3D Symmetric BC
Adding 3D PML BC
Starting to add monitors to Simulation
Adding analysis monitor
Adding 3D DFT monitor
Adding 3D DFT monitor
Adding 3D DFT monitor
Adding 3D DFT monitor
Finished initialization of 3D Simulation
-----------------------------------------
All processes are communicating and ready to proceed to simulation...
Starting 52629 total iterations
0.0912045% complete. Max time remaining: 46 mins, 5 secs. Auto Shutoff: 1
1.12486% complete. Max time remaining: 45 mins, 43 secs. Auto Shutoff: 1
2.12811% complete. Max time remaining: 46 mins, 5 secs. Auto Shutoff: 0.986375
3.13135% complete. Max time remaining: 46 mins, 53 secs. Auto Shutoff: 0.973652
4.16501% complete. Max time remaining: 46 mins, 48 secs. Auto Shutoff: 0.972043
5.16826% complete. Max time remaining: 46 mins, 24 secs. Auto Shutoff: 0.959931
6.20191% complete. Max time remaining: 45 mins, 51 secs. Auto Shutoff: 0.873504
7.23556% complete. Max time remaining: 45 mins, 5 secs. Auto Shutoff: 0.136617
100% complete. Max time remaining: 0 mins, 0 secs. Auto Shutoff: 3.83629e-06
Early termination of simulation, the autoshutoff criteria are satisfied.
Completed 4239 iterations, or 2.416349e-13s of Simulation Time
Process 0 starting to collect data
    collecting monitor data
    collecting source data
Using frequency dependent profile
Finished collecting data
left is a duplicate key.
bottom is a duplicate key.
z1 is a duplicate key.
z2 is a duplicate key.
Nx is a duplicate key.
Ny is a duplicate key.
Nz is a duplicate key.
left is a duplicate key.
bottom is a duplicate key.
z1 is a duplicate key.
z2 is a duplicate key.
Nx is a duplicate key.
Ny is a duplicate key.
Nz is a duplicate key.
left is a duplicate key.
bottom is a duplicate key.
z1 is a duplicate key.
z2 is a duplicate key.
Nx is a duplicate key.
Ny is a duplicate key.
Nz is a duplicate key.
left is a duplicate key.
bottom is a duplicate key.
z1 is a duplicate key.
z2 is a duplicate key.
Nx is a duplicate key.
Ny is a duplicate key.
Nz is a duplicate key.
Simulation completed successfully at: Tue Aug 23 10:46:28 2022
Overall wall time measurements in seconds: 241.268
    time to mesh and initialize: 2.92641
    time to run FDTD simulation: 236.488
    time to checkpoint simulation: 0
    time to finalize data and save to files: 0.292656
    miscellaneous time: 1.56099
    FDTD solver speed on process 0: 5.17052 Mnodes/s
    total FDTD solver speed on 8 processes: 41.3641 Mnodes/s
