Ansys Lumerical 2020 R2 FDTD Solver Version 8.24.2387 (Windows 64bit)
 expires (month/day/year): 12/31/2035
using config file: Ansys Licensing set with ANSYSLMD_LICENSE_FILE
license host: 
current time: Sun Aug  7 02:42:46 2022
Running on host: DESKTOP-CPAG1MV
host available memory (GB): 8.621621
All processes are communicating and ready to proceed to simulation...
Running fsp file: C:\Program Files\Lumerical\v202\bin\fdtd-engine-msmpi.exe -t 1 -remote -hide D:/AAAAAAAArquivos/Facul/Capacitação/GitHub/Ring-Resonator/Tutorial/ring_resonator_LcSweep5um/LcSweep5um_4.fsp
Starting meshing
Simulation size in gridpoints: 50 x 1 x 17
Refined 0 mesh cells (0%)
Completed meshing!
Meshing complete in 0 seconds of CPU time
Starting meshing
Simulation size in gridpoints: 50 x 1 x 17
Refined 0 mesh cells (0%)
Completed meshing!
Meshing complete in 0 seconds of CPU time
Starting meshing
Simulation size in gridpoints: 50 x 1 x 17
Refined 0 mesh cells (0%)
Completed meshing!
Meshing complete in 0 seconds of CPU time
Starting meshing
Simulation size in gridpoints: 50 x 1 x 17
Refined 0 mesh cells (0%)
Completed meshing!
Meshing complete in 0 seconds of CPU time
Starting meshing
Simulation size in gridpoints: 50 x 1 x 17
Refined 0 mesh cells (0%)
Completed meshing!
Meshing complete in 0.015625 seconds of CPU time
Starting meshing
Simulation size in gridpoints: 50 x 1 x 17
Refined 0 mesh cells (0%)
Completed meshing!
Meshing complete in 0 seconds of CPU time
left is a duplicate key.
bottom is a duplicate key.
z1 is a duplicate key.
z2 is a duplicate key.
Nx is a duplicate key.
Ny is a duplicate key.
Nz is a duplicate key.
Starting meshing
Simulation size in gridpoints: 51 x 1 x 17
Refined 0 mesh cells (0%)
Completed meshing!
Meshing complete in 0 seconds of CPU time
Starting meshing
Simulation size in gridpoints: 51 x 1 x 17
Refined 0 mesh cells (0%)
Completed meshing!
Meshing complete in 0 seconds of CPU time
Starting meshing
Simulation size in gridpoints: 51 x 1 x 17
Refined 0 mesh cells (0%)
Completed meshing!
Meshing complete in 0 seconds of CPU time
left is a duplicate key.
bottom is a duplicate key.
z1 is a duplicate key.
z2 is a duplicate key.
Nx is a duplicate key.
Ny is a duplicate key.
Nz is a duplicate key.
Starting meshing
Simulation size in gridpoints: 63 x 1 x 17
Refined 0 mesh cells (0%)
Completed meshing!
Meshing complete in 0 seconds of CPU time
Starting meshing
Simulation size in gridpoints: 63 x 1 x 17
Refined 0 mesh cells (0%)
Completed meshing!
Meshing complete in 0 seconds of CPU time
Starting meshing
Simulation size in gridpoints: 63 x 1 x 17
Refined 0 mesh cells (0%)
Completed meshing!
Meshing complete in 0 seconds of CPU time
left is a duplicate key.
bottom is a duplicate key.
z1 is a duplicate key.
z2 is a duplicate key.
Nx is a duplicate key.
Ny is a duplicate key.
Nz is a duplicate key.
number of processors is 4
processors are distributed as: 2x2x1
Running 3D Simulation
Starting meshing
Simulation size in gridpoints: 190 x 200 x 26
Refined 0 mesh cells (0%)
Completed meshing!
Meshing complete in 8.54688 seconds of CPU time
0 0
Starting meshing
Simulation size in gridpoints: 190 x 200 x 26
Refined 0 mesh cells (0%)
Completed meshing!
Meshing complete in 8.48438 seconds of CPU time
0 0
Starting meshing
Simulation size in gridpoints: 190 x 200 x 26
Refined 0 mesh cells (0%)
Completed meshing!
Meshing complete in 9.79688 seconds of CPU time
0 0
finished material properties
Meshing Time: 23.3422 seconds, Init Electrical Material Time: 0.26883 seconds, Init Magnetic Material Time: 0.0064135
Using selected optimization level: 2
Selecting 3d kernel for splitFieldDirection=0 and optLevel=2
-----------------------------------------
Beginning initialization of 3D Simulation
Starting to add sources to simulation
Adding 3D Mode source propagating in Y
Using frequency dependent profile
Starting to add boundary conditions to simulation
Adding 3D PML BC
Adding 3D Parallel BC
Adding 3D PML BC
Adding 3D Parallel BC
Adding 3D Symmetric BC
Adding 3D PML BC
Starting to add monitors to Simulation
Adding analysis monitor
Adding 3D DFT monitor
Adding 3D DFT monitor
Adding 3D DFT monitor
Finished initialization of 3D Simulation
-----------------------------------------
All processes are communicating and ready to proceed to simulation...
Starting 51603 total iterations
0.0620114% complete. Max time remaining: 1 hr, 39 mins, 15 secs. Auto Shutoff: 1
1.0852% complete. Max time remaining: 1 hr, 24 mins, 23 secs. Auto Shutoff: 1
2.09289% complete. Max time remaining: 1 hr, 27 mins, 15 secs. Auto Shutoff: 1
3.10057% complete. Max time remaining: 1 hr, 21 mins, 10 secs. Auto Shutoff: 0.999861
4.12376% complete. Max time remaining: 1 hr, 18 mins, 48 secs. Auto Shutoff: 1.00287
5.14695% complete. Max time remaining: 1 hr, 17 mins, 33 secs. Auto Shutoff: 1.02262
6.17014% complete. Max time remaining: 1 hr, 16 mins, 4 secs. Auto Shutoff: 0.994158
7.19332% complete. Max time remaining: 1 hr, 15 mins, 45 secs. Auto Shutoff: 1.0047
8.20101% complete. Max time remaining: 1 hr, 14 mins, 36 secs. Auto Shutoff: 0.990251
9.2087% complete. Max time remaining: 1 hr, 13 mins, 10 secs. Auto Shutoff: 0.895243
10.2319% complete. Max time remaining: 1 hr, 11 mins, 37 secs. Auto Shutoff: 0.0345913
11.2551% complete. Max time remaining: 1 hr, 10 mins, 9 secs. Auto Shutoff: 6.64154e-05
12.2628% complete. Max time remaining: 1 hr, 9 mins, 59 secs. Auto Shutoff: 6.22167e-05
13.2859% complete. Max time remaining: 1 hr, 9 mins, 6 secs. Auto Shutoff: 4.18321e-05
14.3091% complete. Max time remaining: 1 hr, 8 mins, 23 secs. Auto Shutoff: 1.69125e-05
15.3323% complete. Max time remaining: 1 hr, 7 mins, 32 secs. Auto Shutoff: 1.51594e-05
100% complete. Max time remaining: 0 mins, 0 secs. Auto Shutoff: 9.78556e-06
Early termination of simulation, the autoshutoff criteria are satisfied.
Completed 8360 iterations, or 4.860145e-13s of Simulation Time
Process 0 starting to collect data
    collecting monitor data
    collecting source data
Using frequency dependent profile
Finished collecting data
left is a duplicate key.
bottom is a duplicate key.
z1 is a duplicate key.
z2 is a duplicate key.
Nx is a duplicate key.
Ny is a duplicate key.
Nz is a duplicate key.
left is a duplicate key.
bottom is a duplicate key.
z1 is a duplicate key.
z2 is a duplicate key.
Nx is a duplicate key.
Ny is a duplicate key.
Nz is a duplicate key.
left is a duplicate key.
bottom is a duplicate key.
z1 is a duplicate key.
z2 is a duplicate key.
Nx is a duplicate key.
Ny is a duplicate key.
Nz is a duplicate key.
Simulation completed successfully at: Sun Aug  7 02:56:17 2022
Overall wall time measurements in seconds: 814.263
    time to mesh and initialize: 35.286
    time to run FDTD simulation: 774.825
    time to checkpoint simulation: 5e-07
    time to finalize data and save to files: 0.244969
    miscellaneous time: 3.90754
    FDTD solver speed on process 0: 10.6601 Mnodes/s
    total FDTD solver speed on 4 processes: 42.6403 Mnodes/s
