Ansys Lumerical 2020 R2 FDTD Solver Version 8.24.2387 (Windows 64bit)
 expires (month/day/year): 12/31/2035
using config file: Ansys Licensing set with ANSYSLMD_LICENSE_FILE
license host: 
current time: Sun Aug  7 02:28:02 2022
Running on host: DESKTOP-CPAG1MV
host available memory (GB): 8.351822
All processes are communicating and ready to proceed to simulation...
Running fsp file: C:\Program Files\Lumerical\v202\bin\fdtd-engine-msmpi.exe -t 1 -remote -hide D:/AAAAAAAArquivos/Facul/Capacitação/GitHub/Ring-Resonator/Tutorial/ring_resonator_LcSweep5um/LcSweep5um_2.fsp
Starting meshing
Simulation size in gridpoints: 50 x 1 x 17
Refined 0 mesh cells (0%)
Completed meshing!
Meshing complete in 0.015625 seconds of CPU time
Starting meshing
Simulation size in gridpoints: 50 x 1 x 17
Refined 0 mesh cells (0%)
Completed meshing!
Meshing complete in 0 seconds of CPU time
Starting meshing
Simulation size in gridpoints: 50 x 1 x 17
Refined 0 mesh cells (0%)
Completed meshing!
Meshing complete in 0 seconds of CPU time
Starting meshing
Simulation size in gridpoints: 50 x 1 x 17
Refined 0 mesh cells (0%)
Completed meshing!
Meshing complete in 0.015625 seconds of CPU time
Starting meshing
Simulation size in gridpoints: 50 x 1 x 17
Refined 0 mesh cells (0%)
Completed meshing!
Meshing complete in 0 seconds of CPU time
Starting meshing
Simulation size in gridpoints: 50 x 1 x 17
Refined 0 mesh cells (0%)
Completed meshing!
Meshing complete in 0 seconds of CPU time
left is a duplicate key.
bottom is a duplicate key.
z1 is a duplicate key.
z2 is a duplicate key.
Nx is a duplicate key.
Ny is a duplicate key.
Nz is a duplicate key.
Starting meshing
Simulation size in gridpoints: 51 x 1 x 17
Refined 0 mesh cells (0%)
Completed meshing!
Meshing complete in 0 seconds of CPU time
Starting meshing
Simulation size in gridpoints: 51 x 1 x 17
Refined 0 mesh cells (0%)
Completed meshing!
Meshing complete in 0 seconds of CPU time
Starting meshing
Simulation size in gridpoints: 51 x 1 x 17
Refined 0 mesh cells (0%)
Completed meshing!
Meshing complete in 0 seconds of CPU time
left is a duplicate key.
bottom is a duplicate key.
z1 is a duplicate key.
z2 is a duplicate key.
Nx is a duplicate key.
Ny is a duplicate key.
Nz is a duplicate key.
Starting meshing
Simulation size in gridpoints: 66 x 1 x 17
Refined 0 mesh cells (0%)
Completed meshing!
Meshing complete in 0 seconds of CPU time
Starting meshing
Simulation size in gridpoints: 66 x 1 x 17
Refined 0 mesh cells (0%)
Completed meshing!
Meshing complete in 0 seconds of CPU time
Starting meshing
Simulation size in gridpoints: 66 x 1 x 17
Refined 0 mesh cells (0%)
Completed meshing!
Meshing complete in 0 seconds of CPU time
left is a duplicate key.
bottom is a duplicate key.
z1 is a duplicate key.
z2 is a duplicate key.
Nx is a duplicate key.
Ny is a duplicate key.
Nz is a duplicate key.
number of processors is 4
processors are distributed as: 2x2x1
Running 3D Simulation
Starting meshing
Simulation size in gridpoints: 190 x 200 x 26
Refined 0 mesh cells (0%)
Completed meshing!
Meshing complete in 8.70312 seconds of CPU time
0 0
Starting meshing
Simulation size in gridpoints: 190 x 200 x 26
Refined 0 mesh cells (0%)
Completed meshing!
Meshing complete in 8.375 seconds of CPU time
0 0
Starting meshing
Simulation size in gridpoints: 190 x 200 x 26
Refined 0 mesh cells (0%)
Completed meshing!
Meshing complete in 8.60938 seconds of CPU time
0 0
finished material properties
Meshing Time: 22.122 seconds, Init Electrical Material Time: 0.312477 seconds, Init Magnetic Material Time: 0.0137645
Using selected optimization level: 2
Selecting 3d kernel for splitFieldDirection=0 and optLevel=2
-----------------------------------------
Beginning initialization of 3D Simulation
Starting to add sources to simulation
Adding 3D Mode source propagating in Y
Using frequency dependent profile
Starting to add boundary conditions to simulation
Adding 3D PML BC
Adding 3D Parallel BC
Adding 3D PML BC
Adding 3D Parallel BC
Adding 3D Symmetric BC
Adding 3D PML BC
Starting to add monitors to Simulation
Adding analysis monitor
Adding 3D DFT monitor
Adding 3D DFT monitor
Adding 3D DFT monitor
Finished initialization of 3D Simulation
-----------------------------------------
All processes are communicating and ready to proceed to simulation...
Starting 51603 total iterations
0.0620114% complete. Max time remaining: 1 hr, 23 mins, 8 secs. Auto Shutoff: 1
1.0697% complete. Max time remaining: 1 hr, 23 mins, 34 secs. Auto Shutoff: 1
2.07738% complete. Max time remaining: 1 hr, 20 mins, 26 secs. Auto Shutoff: 1
3.08507% complete. Max time remaining: 1 hr, 19 mins, 34 secs. Auto Shutoff: 0.9953
4.10826% complete. Max time remaining: 1 hr, 18 mins, 23 secs. Auto Shutoff: 1.00293
5.13144% complete. Max time remaining: 1 hr, 18 mins, 16 secs. Auto Shutoff: 1.02521
6.15463% complete. Max time remaining: 1 hr, 18 mins, 6 secs. Auto Shutoff: 0.995483
7.16232% complete. Max time remaining: 1 hr, 17 mins, 40 secs. Auto Shutoff: 1.00143
8.17% complete. Max time remaining: 1 hr, 17 mins, 18 secs. Auto Shutoff: 0.988064
9.17769% complete. Max time remaining: 1 hr, 16 mins, 50 secs. Auto Shutoff: 0.894
10.1854% complete. Max time remaining: 1 hr, 16 mins, 23 secs. Auto Shutoff: 0.0309731
11.1931% complete. Max time remaining: 1 hr, 15 mins, 54 secs. Auto Shutoff: 6.76849e-05
12.2162% complete. Max time remaining: 1 hr, 15 mins, 11 secs. Auto Shutoff: 6.2325e-05
13.2394% complete. Max time remaining: 1 hr, 14 mins, 22 secs. Auto Shutoff: 4.09173e-05
14.2471% complete. Max time remaining: 1 hr, 13 mins, 28 secs. Auto Shutoff: 1.61554e-05
15.2703% complete. Max time remaining: 1 hr, 12 mins, 53 secs. Auto Shutoff: 1.48392e-05
100% complete. Max time remaining: 0 mins, 0 secs. Auto Shutoff: 9.84737e-06
Early termination of simulation, the autoshutoff criteria are satisfied.
Completed 8360 iterations, or 4.860145e-13s of Simulation Time
Process 0 starting to collect data
    collecting monitor data
    collecting source data
Using frequency dependent profile
Finished collecting data
left is a duplicate key.
bottom is a duplicate key.
z1 is a duplicate key.
z2 is a duplicate key.
Nx is a duplicate key.
Ny is a duplicate key.
Nz is a duplicate key.
left is a duplicate key.
bottom is a duplicate key.
z1 is a duplicate key.
z2 is a duplicate key.
Nx is a duplicate key.
Ny is a duplicate key.
Nz is a duplicate key.
left is a duplicate key.
bottom is a duplicate key.
z1 is a duplicate key.
z2 is a duplicate key.
Nx is a duplicate key.
Ny is a duplicate key.
Nz is a duplicate key.
Simulation completed successfully at: Sun Aug  7 02:42:34 2022
Overall wall time measurements in seconds: 874.242
    time to mesh and initialize: 32.7072
    time to run FDTD simulation: 837.339
    time to checkpoint simulation: 6e-07
    time to finalize data and save to files: 0.316877
    miscellaneous time: 3.87914
    FDTD solver speed on process 0: 9.8642 Mnodes/s
    total FDTD solver speed on 4 processes: 39.4568 Mnodes/s
