Ansys Lumerical 2020 R2 FDTD Solver Version 8.24.2387 (Windows 64bit)
 expires (month/day/year): 12/31/2035
using config file: Ansys Licensing set with ANSYSLMD_LICENSE_FILE
license host: 
current time: Sun Aug  7 02:56:11 2022
Running on host: DESKTOP-CPAG1MV
host available memory (GB): 8.554889
All processes are communicating and ready to proceed to simulation...
Running fsp file: C:\Program Files\Lumerical\v202\bin\fdtd-engine-msmpi.exe -t 1 -remote -hide D:/AAAAAAAArquivos/Facul/Capacitação/GitHub/Ring-Resonator/Tutorial/ring_resonator_LcSweep5um/LcSweep5um_5.fsp
Starting meshing
Simulation size in gridpoints: 50 x 1 x 17
Refined 0 mesh cells (0%)
Completed meshing!
Meshing complete in 0 seconds of CPU time
Starting meshing
Simulation size in gridpoints: 50 x 1 x 17
Refined 0 mesh cells (0%)
Completed meshing!
Meshing complete in 0 seconds of CPU time
Starting meshing
Simulation size in gridpoints: 50 x 1 x 17
Refined 0 mesh cells (0%)
Completed meshing!
Meshing complete in 0.015625 seconds of CPU time
Starting meshing
Simulation size in gridpoints: 50 x 1 x 17
Refined 0 mesh cells (0%)
Completed meshing!
Meshing complete in 0 seconds of CPU time
Starting meshing
Simulation size in gridpoints: 50 x 1 x 17
Refined 0 mesh cells (0%)
Completed meshing!
Meshing complete in 0 seconds of CPU time
Starting meshing
Simulation size in gridpoints: 50 x 1 x 17
Refined 0 mesh cells (0%)
Completed meshing!
Meshing complete in 0 seconds of CPU time
left is a duplicate key.
bottom is a duplicate key.
z1 is a duplicate key.
z2 is a duplicate key.
Nx is a duplicate key.
Ny is a duplicate key.
Nz is a duplicate key.
Starting meshing
Simulation size in gridpoints: 51 x 1 x 17
Refined 0 mesh cells (0%)
Completed meshing!
Meshing complete in 0 seconds of CPU time
Starting meshing
Simulation size in gridpoints: 51 x 1 x 17
Refined 0 mesh cells (0%)
Completed meshing!
Meshing complete in 0 seconds of CPU time
Starting meshing
Simulation size in gridpoints: 51 x 1 x 17
Refined 0 mesh cells (0%)
Completed meshing!
Meshing complete in 0.015625 seconds of CPU time
left is a duplicate key.
bottom is a duplicate key.
z1 is a duplicate key.
z2 is a duplicate key.
Nx is a duplicate key.
Ny is a duplicate key.
Nz is a duplicate key.
Starting meshing
Simulation size in gridpoints: 51 x 1 x 17
Refined 0 mesh cells (0%)
Completed meshing!
Meshing complete in 0 seconds of CPU time
Starting meshing
Simulation size in gridpoints: 51 x 1 x 17
Refined 0 mesh cells (0%)
Completed meshing!
Meshing complete in 0.015625 seconds of CPU time
Starting meshing
Simulation size in gridpoints: 51 x 1 x 17
Refined 0 mesh cells (0%)
Completed meshing!
Meshing complete in 0 seconds of CPU time
left is a duplicate key.
bottom is a duplicate key.
z1 is a duplicate key.
z2 is a duplicate key.
Nx is a duplicate key.
Ny is a duplicate key.
Nz is a duplicate key.
number of processors is 4
processors are distributed as: 2x2x1
Running 3D Simulation
Starting meshing
Simulation size in gridpoints: 190 x 200 x 26
Refined 0 mesh cells (0%)
Completed meshing!
Meshing complete in 8.40625 seconds of CPU time
0 0
Starting meshing
Simulation size in gridpoints: 190 x 200 x 26
Refined 0 mesh cells (0%)
Completed meshing!
Meshing complete in 7.1875 seconds of CPU time
0 0
Starting meshing
Simulation size in gridpoints: 190 x 200 x 26
Refined 0 mesh cells (0%)
Completed meshing!
Meshing complete in 7.17188 seconds of CPU time
0 0
finished material properties
Meshing Time: 17.3674 seconds, Init Electrical Material Time: 0.154593 seconds, Init Magnetic Material Time: 0.0051253
Using selected optimization level: 2
Selecting 3d kernel for splitFieldDirection=0 and optLevel=2
-----------------------------------------
Beginning initialization of 3D Simulation
Starting to add sources to simulation
Adding 3D Mode source propagating in Y
Using frequency dependent profile
Starting to add boundary conditions to simulation
Adding 3D PML BC
Adding 3D Parallel BC
Adding 3D PML BC
Adding 3D Parallel BC
Adding 3D Symmetric BC
Adding 3D PML BC
Starting to add monitors to Simulation
Adding analysis monitor
Adding 3D DFT monitor
Adding 3D DFT monitor
Adding 3D DFT monitor
Finished initialization of 3D Simulation
-----------------------------------------
All processes are communicating and ready to proceed to simulation...
Starting 51603 total iterations
0.0930171% complete. Max time remaining: 39 mins, 0 secs. Auto Shutoff: 1
1.14721% complete. Max time remaining: 40 mins, 14 secs. Auto Shutoff: 1
2.20141% complete. Max time remaining: 38 mins, 39 secs. Auto Shutoff: 0.996285
3.2556% complete. Max time remaining: 38 mins, 8 secs. Auto Shutoff: 0.999846
4.30979% complete. Max time remaining: 37 mins, 34 secs. Auto Shutoff: 0.994958
5.36399% complete. Max time remaining: 37 mins, 10 secs. Auto Shutoff: 1.03213
6.41818% complete. Max time remaining: 36 mins, 42 secs. Auto Shutoff: 1.05824
7.47238% complete. Max time remaining: 36 mins, 22 secs. Auto Shutoff: 0.992354
8.52657% complete. Max time remaining: 36 mins, 5 secs. Auto Shutoff: 0.991881
9.58076% complete. Max time remaining: 35 mins, 45 secs. Auto Shutoff: 0.674228
10.635% complete. Max time remaining: 35 mins, 23 secs. Auto Shutoff: 0.00102216
11.6892% complete. Max time remaining: 35 mins, 7 secs. Auto Shutoff: 7.15342e-05
12.7433% complete. Max time remaining: 34 mins, 32 secs. Auto Shutoff: 6.32553e-05
13.7975% complete. Max time remaining: 34 mins, 3 secs. Auto Shutoff: 3.00769e-05
14.8517% complete. Max time remaining: 33 mins, 31 secs. Auto Shutoff: 1.66603e-05
15.9059% complete. Max time remaining: 33 mins, 5 secs. Auto Shutoff: 1.22549e-05
100% complete. Max time remaining: 0 mins, 0 secs. Auto Shutoff: 8.0567e-06
Early termination of simulation, the autoshutoff criteria are satisfied.
Completed 8461 iterations, or 4.918862e-13s of Simulation Time
Process 0 starting to collect data
    collecting monitor data
    collecting source data
Using frequency dependent profile
Finished collecting data
left is a duplicate key.
bottom is a duplicate key.
z1 is a duplicate key.
z2 is a duplicate key.
Nx is a duplicate key.
Ny is a duplicate key.
Nz is a duplicate key.
left is a duplicate key.
bottom is a duplicate key.
z1 is a duplicate key.
z2 is a duplicate key.
Nx is a duplicate key.
Ny is a duplicate key.
Nz is a duplicate key.
left is a duplicate key.
bottom is a duplicate key.
z1 is a duplicate key.
z2 is a duplicate key.
Nx is a duplicate key.
Ny is a duplicate key.
Nz is a duplicate key.
Simulation completed successfully at: Sun Aug  7 03:03:06 2022
Overall wall time measurements in seconds: 416.683
    time to mesh and initialize: 25.4828
    time to run FDTD simulation: 387.017
    time to checkpoint simulation: 5e-07
    time to finalize data and save to files: 0.134187
    miscellaneous time: 4.04875
    FDTD solver speed on process 0: 21.5997 Mnodes/s
    total FDTD solver speed on 4 processes: 86.3989 Mnodes/s
