Ansys Lumerical 2020 R2 FDTD Solver Version 8.24.2387 (Windows 64bit)
 expires (month/day/year): 12/31/2035
using config file: Ansys Licensing set with ANSYSLMD_LICENSE_FILE
license host: 
current time: Fri Aug 19 02:15:02 2022
Running on host: DESKTOP-CPAG1MV
host available memory (GB): 8.837345
All processes are communicating and ready to proceed to simulation...
Running fsp file: C:\Program Files\Lumerical\v202\bin\fdtd-engine-msmpi.exe -t 1 -remote -hide D:/AAAAAAAArquivos/Facul/Capacitação/GitHub/Ring-Resonator/Tutorial/ring_resonator_175nmGapSweep(Lc=1,5μm)/175nmGapSweep(Lc=1,5μm)_2.fsp
Starting meshing
Simulation size in gridpoints: 1 x 51 x 14
Refined 0 mesh cells (0%)
Completed meshing!
Meshing complete in 0 seconds of CPU time
Starting meshing
Simulation size in gridpoints: 1 x 51 x 14
Refined 0 mesh cells (0%)
Completed meshing!
Meshing complete in 0 seconds of CPU time
Starting meshing
Simulation size in gridpoints: 1 x 51 x 14
Refined 0 mesh cells (0%)
Completed meshing!
Meshing complete in 0 seconds of CPU time
left is a duplicate key.
bottom is a duplicate key.
z1 is a duplicate key.
z2 is a duplicate key.
Nx is a duplicate key.
Ny is a duplicate key.
Nz is a duplicate key.
Starting meshing
Simulation size in gridpoints: 1 x 51 x 14
Refined 0 mesh cells (0%)
Completed meshing!
Meshing complete in 0 seconds of CPU time
Starting meshing
Simulation size in gridpoints: 1 x 51 x 14
Refined 0 mesh cells (0%)
Completed meshing!
Meshing complete in 0 seconds of CPU time
Starting meshing
Simulation size in gridpoints: 1 x 51 x 14
Refined 0 mesh cells (0%)
Completed meshing!
Meshing complete in 0 seconds of CPU time
Starting meshing
Simulation size in gridpoints: 1 x 51 x 14
Refined 0 mesh cells (0%)
Completed meshing!
Meshing complete in 0.015625 seconds of CPU time
Starting meshing
Simulation size in gridpoints: 1 x 51 x 14
Refined 0 mesh cells (0%)
Completed meshing!
Meshing complete in 0 seconds of CPU time
Starting meshing
Simulation size in gridpoints: 1 x 51 x 14
Refined 0 mesh cells (0%)
Completed meshing!
Meshing complete in 0 seconds of CPU time
left is a duplicate key.
bottom is a duplicate key.
z1 is a duplicate key.
z2 is a duplicate key.
Nx is a duplicate key.
Ny is a duplicate key.
Nz is a duplicate key.
Starting meshing
Simulation size in gridpoints: 67 x 1 x 14
Refined 0 mesh cells (0%)
Completed meshing!
Meshing complete in 0 seconds of CPU time
Starting meshing
Simulation size in gridpoints: 67 x 1 x 14
Refined 0 mesh cells (0%)
Completed meshing!
Meshing complete in 0 seconds of CPU time
Starting meshing
Simulation size in gridpoints: 67 x 1 x 14
Refined 0 mesh cells (0%)
Completed meshing!
Meshing complete in 0 seconds of CPU time
left is a duplicate key.
bottom is a duplicate key.
z1 is a duplicate key.
z2 is a duplicate key.
Nx is a duplicate key.
Ny is a duplicate key.
Nz is a duplicate key.
Starting meshing
Simulation size in gridpoints: 67 x 1 x 14
Refined 0 mesh cells (0%)
Completed meshing!
Meshing complete in 0 seconds of CPU time
Starting meshing
Simulation size in gridpoints: 67 x 1 x 14
Refined 0 mesh cells (0%)
Completed meshing!
Meshing complete in 0 seconds of CPU time
Starting meshing
Simulation size in gridpoints: 67 x 1 x 14
Refined 0 mesh cells (0%)
Completed meshing!
Meshing complete in 0 seconds of CPU time
left is a duplicate key.
bottom is a duplicate key.
z1 is a duplicate key.
z2 is a duplicate key.
Nx is a duplicate key.
Ny is a duplicate key.
Nz is a duplicate key.
number of processors is 4
processors are distributed as: 2x2x1
Running 3D Simulation
Starting meshing
Simulation size in gridpoints: 237 x 140 x 24
Refined 0 mesh cells (0%)
Completed meshing!
Meshing complete in 0.8125 seconds of CPU time
0 0
Starting meshing
Simulation size in gridpoints: 237 x 140 x 24
Refined 0 mesh cells (0%)
Completed meshing!
Meshing complete in 0.78125 seconds of CPU time
0 0
Starting meshing
Simulation size in gridpoints: 237 x 140 x 24
Refined 0 mesh cells (0%)
Completed meshing!
Meshing complete in 1.71875 seconds of CPU time
0 0
finished material properties
Meshing Time: 2.66424 seconds, Init Electrical Material Time: 0.116503 seconds, Init Magnetic Material Time: 0.0038048
Using selected optimization level: 2
Selecting 3d kernel for splitFieldDirection=0 and optLevel=2
-----------------------------------------
Beginning initialization of 3D Simulation
Starting to add sources to simulation
Adding 3D Mode source propagating in X
Using frequency dependent profile
Starting to add boundary conditions to simulation
Adding 3D PML BC
Adding 3D Parallel BC
Adding 3D PML BC
Adding 3D Parallel BC
Adding 3D Symmetric BC
Adding 3D PML BC
Starting to add monitors to Simulation
Adding analysis monitor
Adding 3D DFT monitor
Adding 3D DFT monitor
Adding 3D DFT monitor
Adding 3D DFT monitor
Finished initialization of 3D Simulation
-----------------------------------------
All processes are communicating and ready to proceed to simulation...
Starting 51959 total iterations
0.0923808% complete. Max time remaining: 27 mins, 48 secs. Auto Shutoff: 1
1.13936% complete. Max time remaining: 26 mins, 45 secs. Auto Shutoff: 1
2.24793% complete. Max time remaining: 26 mins, 40 secs. Auto Shutoff: 0.991384
3.29492% complete. Max time remaining: 26 mins, 11 secs. Auto Shutoff: 0.989147
4.3419% complete. Max time remaining: 26 mins, 57 secs. Auto Shutoff: 0.983282
5.45047% complete. Max time remaining: 26 mins, 37 secs. Auto Shutoff: 0.95969
6.49745% complete. Max time remaining: 26 mins, 3 secs. Auto Shutoff: 0.896521
7.60602% complete. Max time remaining: 25 mins, 37 secs. Auto Shutoff: 0.260156
8.653% complete. Max time remaining: 25 mins, 17 secs. Auto Shutoff: 0.0308268
9.69999% complete. Max time remaining: 24 mins, 60 secs. Auto Shutoff: 0.0224104
10.8086% complete. Max time remaining: 24 mins, 31 secs. Auto Shutoff: 0.0211935
11.9171% complete. Max time remaining: 24 mins, 4 secs. Auto Shutoff: 0.0207044
13.0257% complete. Max time remaining: 23 mins, 38 secs. Auto Shutoff: 0.01966
14.1343% complete. Max time remaining: 23 mins, 11 secs. Auto Shutoff: 0.0169494
15.2428% complete. Max time remaining: 22 mins, 47 secs. Auto Shutoff: 0.0118381
16.3514% complete. Max time remaining: 22 mins, 25 secs. Auto Shutoff: 0.00153087
17.46% complete. Max time remaining: 22 mins, 3 secs. Auto Shutoff: 0.00111881
18.5685% complete. Max time remaining: 21 mins, 41 secs. Auto Shutoff: 0.00107254
19.6155% complete. Max time remaining: 21 mins, 22 secs. Auto Shutoff: 0.001076
20.7241% complete. Max time remaining: 21 mins, 1 secs. Auto Shutoff: 0.00103624
21.8327% complete. Max time remaining: 20 mins, 41 secs. Auto Shutoff: 0.000974033
22.8797% complete. Max time remaining: 20 mins, 23 secs. Auto Shutoff: 0.000722602
23.9882% complete. Max time remaining: 20 mins, 3 secs. Auto Shutoff: 0.000164798
25.0968% complete. Max time remaining: 19 mins, 43 secs. Auto Shutoff: 7.94738e-05
26.2054% complete. Max time remaining: 19 mins, 24 secs. Auto Shutoff: 7.53454e-05
27.3139% complete. Max time remaining: 19 mins, 4 secs. Auto Shutoff: 7.71757e-05
28.3609% complete. Max time remaining: 18 mins, 47 secs. Auto Shutoff: 7.58385e-05
29.4695% complete. Max time remaining: 18 mins, 28 secs. Auto Shutoff: 7.36246e-05
30.5781% complete. Max time remaining: 18 mins, 11 secs. Auto Shutoff: 6.26234e-05
31.6866% complete. Max time remaining: 17 mins, 52 secs. Auto Shutoff: 1.40715e-05
100% complete. Max time remaining: 0 mins, 0 secs. Auto Shutoff: 8.00223e-06
Early termination of simulation, the autoshutoff criteria are satisfied.
Completed 16649 iterations, or 9.612803e-13s of Simulation Time
Process 0 starting to collect data
    collecting monitor data
    collecting source data
Using frequency dependent profile
Finished collecting data
left is a duplicate key.
bottom is a duplicate key.
z1 is a duplicate key.
z2 is a duplicate key.
Nx is a duplicate key.
Ny is a duplicate key.
Nz is a duplicate key.
left is a duplicate key.
bottom is a duplicate key.
z1 is a duplicate key.
z2 is a duplicate key.
Nx is a duplicate key.
Ny is a duplicate key.
Nz is a duplicate key.
left is a duplicate key.
bottom is a duplicate key.
z1 is a duplicate key.
z2 is a duplicate key.
Nx is a duplicate key.
Ny is a duplicate key.
Nz is a duplicate key.
left is a duplicate key.
bottom is a duplicate key.
z1 is a duplicate key.
z2 is a duplicate key.
Nx is a duplicate key.
Ny is a duplicate key.
Nz is a duplicate key.
Simulation completed successfully at: Fri Aug 19 02:23:40 2022
Overall wall time measurements in seconds: 519.64
    time to mesh and initialize: 14.3309
    time to run FDTD simulation: 502.952
    time to checkpoint simulation: 5e-07
    time to finalize data and save to files: 0.130919
    miscellaneous time: 2.22638
    FDTD solver speed on process 0: 26.3602 Mnodes/s
    total FDTD solver speed on 4 processes: 105.441 Mnodes/s
