Ansys Lumerical 2020 R2 FDTD Solver Version 8.24.2387 (Windows 64bit)
 expires (month/day/year): 12/31/2035
using config file: Ansys Licensing set with ANSYSLMD_LICENSE_FILE
license host: 
current time: Fri Aug 19 02:06:43 2022
Running on host: DESKTOP-CPAG1MV
host available memory (GB): 8.838455
All processes are communicating and ready to proceed to simulation...
Running fsp file: C:\Program Files\Lumerical\v202\bin\fdtd-engine-msmpi.exe -t 1 -remote -hide D:/AAAAAAAArquivos/Facul/Capacitação/GitHub/Ring-Resonator/Tutorial/ring_resonator_175nmGapSweep(Lc=1,5μm)/175nmGapSweep(Lc=1,5μm)_1.fsp
Starting meshing
Simulation size in gridpoints: 1 x 51 x 14
Refined 0 mesh cells (0%)
Completed meshing!
Meshing complete in 0 seconds of CPU time
Starting meshing
Simulation size in gridpoints: 1 x 51 x 14
Refined 0 mesh cells (0%)
Completed meshing!
Meshing complete in 0 seconds of CPU time
Starting meshing
Simulation size in gridpoints: 1 x 51 x 14
Refined 0 mesh cells (0%)
Completed meshing!
Meshing complete in 0 seconds of CPU time
Starting meshing
Simulation size in gridpoints: 1 x 51 x 14
Refined 0 mesh cells (0%)
Completed meshing!
Meshing complete in 0 seconds of CPU time
Starting meshing
Simulation size in gridpoints: 1 x 51 x 14
Refined 0 mesh cells (0%)
Completed meshing!
Meshing complete in 0 seconds of CPU time
Starting meshing
Simulation size in gridpoints: 1 x 51 x 14
Refined 0 mesh cells (0%)
Completed meshing!
Meshing complete in 0 seconds of CPU time
left is a duplicate key.
bottom is a duplicate key.
z1 is a duplicate key.
z2 is a duplicate key.
Nx is a duplicate key.
Ny is a duplicate key.
Nz is a duplicate key.
Starting meshing
Simulation size in gridpoints: 1 x 51 x 14
Refined 0 mesh cells (0%)
Completed meshing!
Meshing complete in 0 seconds of CPU time
Starting meshing
Simulation size in gridpoints: 1 x 51 x 14
Refined 0 mesh cells (0%)
Completed meshing!
Meshing complete in 0 seconds of CPU time
Starting meshing
Simulation size in gridpoints: 1 x 51 x 14
Refined 0 mesh cells (0%)
Completed meshing!
Meshing complete in 0.015625 seconds of CPU time
left is a duplicate key.
bottom is a duplicate key.
z1 is a duplicate key.
z2 is a duplicate key.
Nx is a duplicate key.
Ny is a duplicate key.
Nz is a duplicate key.
Starting meshing
Simulation size in gridpoints: 67 x 1 x 14
Refined 0 mesh cells (0%)
Completed meshing!
Meshing complete in 0 seconds of CPU time
Starting meshing
Simulation size in gridpoints: 67 x 1 x 14
Refined 0 mesh cells (0%)
Completed meshing!
Meshing complete in 0 seconds of CPU time
Starting meshing
Simulation size in gridpoints: 67 x 1 x 14
Refined 0 mesh cells (0%)
Completed meshing!
Meshing complete in 0 seconds of CPU time
left is a duplicate key.
bottom is a duplicate key.
z1 is a duplicate key.
z2 is a duplicate key.
Nx is a duplicate key.
Ny is a duplicate key.
Nz is a duplicate key.
Starting meshing
Simulation size in gridpoints: 67 x 1 x 14
Refined 0 mesh cells (0%)
Completed meshing!
Meshing complete in 0 seconds of CPU time
Starting meshing
Simulation size in gridpoints: 67 x 1 x 14
Refined 0 mesh cells (0%)
Completed meshing!
Meshing complete in 0.015625 seconds of CPU time
Starting meshing
Simulation size in gridpoints: 67 x 1 x 14
Refined 0 mesh cells (0%)
Completed meshing!
Meshing complete in 0 seconds of CPU time
left is a duplicate key.
bottom is a duplicate key.
z1 is a duplicate key.
z2 is a duplicate key.
Nx is a duplicate key.
Ny is a duplicate key.
Nz is a duplicate key.
number of processors is 4
processors are distributed as: 2x2x1
Running 3D Simulation
Starting meshing
Simulation size in gridpoints: 237 x 140 x 24
Refined 0 mesh cells (0%)
Completed meshing!
Meshing complete in 0.78125 seconds of CPU time
0 0
Starting meshing
Simulation size in gridpoints: 237 x 140 x 24
Refined 0 mesh cells (0%)
Completed meshing!
Meshing complete in 0.84375 seconds of CPU time
0 0
Starting meshing
Simulation size in gridpoints: 237 x 140 x 24
Refined 0 mesh cells (0%)
Completed meshing!
Meshing complete in 1.65625 seconds of CPU time
0 0
finished material properties
Meshing Time: 2.54022 seconds, Init Electrical Material Time: 0.113087 seconds, Init Magnetic Material Time: 0.003607
Using selected optimization level: 2
Selecting 3d kernel for splitFieldDirection=0 and optLevel=2
-----------------------------------------
Beginning initialization of 3D Simulation
Starting to add sources to simulation
Adding 3D Mode source propagating in X
Using frequency dependent profile
Starting to add boundary conditions to simulation
Adding 3D PML BC
Adding 3D Parallel BC
Adding 3D PML BC
Adding 3D Parallel BC
Adding 3D Symmetric BC
Adding 3D PML BC
Starting to add monitors to Simulation
Adding analysis monitor
Adding 3D DFT monitor
Adding 3D DFT monitor
Adding 3D DFT monitor
Adding 3D DFT monitor
Finished initialization of 3D Simulation
-----------------------------------------
All processes are communicating and ready to proceed to simulation...
Starting 51959 total iterations
0.0923808% complete. Max time remaining: 24 mins, 56 secs. Auto Shutoff: 1
1.20095% complete. Max time remaining: 24 mins, 56 secs. Auto Shutoff: 1
2.30952% complete. Max time remaining: 24 mins, 35 secs. Auto Shutoff: 0.990026
3.41809% complete. Max time remaining: 24 mins, 12 secs. Auto Shutoff: 0.989532
4.52666% complete. Max time remaining: 23 mins, 52 secs. Auto Shutoff: 0.98134
5.63523% complete. Max time remaining: 23 mins, 36 secs. Auto Shutoff: 0.955062
6.7438% complete. Max time remaining: 23 mins, 19 secs. Auto Shutoff: 0.857174
7.85237% complete. Max time remaining: 23 mins, 2 secs. Auto Shutoff: 0.132006
8.96094% complete. Max time remaining: 22 mins, 45 secs. Auto Shutoff: 0.026839
10.0695% complete. Max time remaining: 22 mins, 28 secs. Auto Shutoff: 0.0219715
11.1781% complete. Max time remaining: 22 mins, 11 secs. Auto Shutoff: 0.0211806
12.2867% complete. Max time remaining: 21 mins, 55 secs. Auto Shutoff: 0.0205042
13.3952% complete. Max time remaining: 21 mins, 38 secs. Auto Shutoff: 0.0191255
14.5038% complete. Max time remaining: 21 mins, 21 secs. Auto Shutoff: 0.014408
15.6124% complete. Max time remaining: 21 mins, 5 secs. Auto Shutoff: 0.00963328
16.7209% complete. Max time remaining: 20 mins, 48 secs. Auto Shutoff: 0.00124731
17.7679% complete. Max time remaining: 20 mins, 37 secs. Auto Shutoff: 0.00108226
18.8765% complete. Max time remaining: 20 mins, 22 secs. Auto Shutoff: 0.00106812
19.9851% complete. Max time remaining: 20 mins, 5 secs. Auto Shutoff: 0.00107892
21.0936% complete. Max time remaining: 19 mins, 47 secs. Auto Shutoff: 0.00103737
22.2022% complete. Max time remaining: 19 mins, 30 secs. Auto Shutoff: 0.000912018
23.3108% complete. Max time remaining: 19 mins, 13 secs. Auto Shutoff: 0.000615223
24.4193% complete. Max time remaining: 18 mins, 56 secs. Auto Shutoff: 9.76477e-05
25.5279% complete. Max time remaining: 18 mins, 39 secs. Auto Shutoff: 7.65995e-05
26.6365% complete. Max time remaining: 18 mins, 22 secs. Auto Shutoff: 7.64132e-05
27.745% complete. Max time remaining: 18 mins, 5 secs. Auto Shutoff: 7.52208e-05
28.8536% complete. Max time remaining: 17 mins, 48 secs. Auto Shutoff: 7.48457e-05
29.9622% complete. Max time remaining: 17 mins, 32 secs. Auto Shutoff: 6.93189e-05
31.0708% complete. Max time remaining: 17 mins, 15 secs. Auto Shutoff: 5.04668e-05
100% complete. Max time remaining: 0 mins, 0 secs. Auto Shutoff: 7.99034e-06
Early termination of simulation, the autoshutoff criteria are satisfied.
Completed 16649 iterations, or 9.612803e-13s of Simulation Time
Process 0 starting to collect data
    collecting monitor data
    collecting source data
Using frequency dependent profile
Finished collecting data
left is a duplicate key.
bottom is a duplicate key.
z1 is a duplicate key.
z2 is a duplicate key.
Nx is a duplicate key.
Ny is a duplicate key.
Nz is a duplicate key.
left is a duplicate key.
bottom is a duplicate key.
z1 is a duplicate key.
z2 is a duplicate key.
Nx is a duplicate key.
Ny is a duplicate key.
Nz is a duplicate key.
left is a duplicate key.
bottom is a duplicate key.
z1 is a duplicate key.
z2 is a duplicate key.
Nx is a duplicate key.
Ny is a duplicate key.
Nz is a duplicate key.
left is a duplicate key.
bottom is a duplicate key.
z1 is a duplicate key.
z2 is a duplicate key.
Nx is a duplicate key.
Ny is a duplicate key.
Nz is a duplicate key.
Simulation completed successfully at: Fri Aug 19 02:14:59 2022
Overall wall time measurements in seconds: 497.535
    time to mesh and initialize: 13.6878
    time to run FDTD simulation: 481.528
    time to checkpoint simulation: 5e-07
    time to finalize data and save to files: 0.124509
    miscellaneous time: 2.19441
    FDTD solver speed on process 0: 27.5331 Mnodes/s
    total FDTD solver speed on 4 processes: 110.132 Mnodes/s
