Ansys Lumerical 2020 R2 FDTD Solver Version 8.24.2387 (Windows 64bit)
 expires (month/day/year): 12/31/2035
using config file: Ansys Licensing set with ANSYSLMD_LICENSE_FILE
license host: 
current time: Sat Aug  6 22:02:28 2022
Running on host: DESKTOP-CPAG1MV
host available memory (GB): 7.970173
All processes are communicating and ready to proceed to simulation...
Running fsp file: C:\Program Files\Lumerical\v202\bin\fdtd-engine-msmpi.exe -t 1 -remote -hide D:/AAAAAAAArquivos/Facul/Capacitação/GitHub/Ring-Resonator/Tutorial/ring_resonator_LcSweep3um/LcSweep3um_6.fsp
Starting meshing
Simulation size in gridpoints: 84 x 1 x 21
Refined 0 mesh cells (0%)
Completed meshing!
Meshing complete in 0.015625 seconds of CPU time
Starting meshing
Simulation size in gridpoints: 84 x 1 x 21
Refined 0 mesh cells (0%)
Completed meshing!
Meshing complete in 0 seconds of CPU time
Starting meshing
Simulation size in gridpoints: 84 x 1 x 21
Refined 0 mesh cells (0%)
Completed meshing!
Meshing complete in 0 seconds of CPU time
Starting meshing
Simulation size in gridpoints: 84 x 1 x 21
Refined 0 mesh cells (0%)
Completed meshing!
Meshing complete in 0 seconds of CPU time
Starting meshing
Simulation size in gridpoints: 84 x 1 x 21
Refined 0 mesh cells (0%)
Completed meshing!
Meshing complete in 0 seconds of CPU time
Starting meshing
Simulation size in gridpoints: 84 x 1 x 21
Refined 0 mesh cells (0%)
Completed meshing!
Meshing complete in 0 seconds of CPU time
left is a duplicate key.
bottom is a duplicate key.
z1 is a duplicate key.
z2 is a duplicate key.
Nx is a duplicate key.
Ny is a duplicate key.
Nz is a duplicate key.
Starting meshing
Simulation size in gridpoints: 84 x 1 x 21
Refined 0 mesh cells (0%)
Completed meshing!
Meshing complete in 0 seconds of CPU time
Starting meshing
Simulation size in gridpoints: 84 x 1 x 21
Refined 0 mesh cells (0%)
Completed meshing!
Meshing complete in 0.015625 seconds of CPU time
Starting meshing
Simulation size in gridpoints: 84 x 1 x 21
Refined 0 mesh cells (0%)
Completed meshing!
Meshing complete in 0 seconds of CPU time
left is a duplicate key.
bottom is a duplicate key.
z1 is a duplicate key.
z2 is a duplicate key.
Nx is a duplicate key.
Ny is a duplicate key.
Nz is a duplicate key.
Starting meshing
Simulation size in gridpoints: 64 x 1 x 21
Refined 0 mesh cells (0%)
Completed meshing!
Meshing complete in 0 seconds of CPU time
Starting meshing
Simulation size in gridpoints: 64 x 1 x 21
Refined 0 mesh cells (0%)
Completed meshing!
Meshing complete in 0.015625 seconds of CPU time
Starting meshing
Simulation size in gridpoints: 64 x 1 x 21
Refined 0 mesh cells (0%)
Completed meshing!
Meshing complete in 0 seconds of CPU time
left is a duplicate key.
bottom is a duplicate key.
z1 is a duplicate key.
z2 is a duplicate key.
Nx is a duplicate key.
Ny is a duplicate key.
Nz is a duplicate key.
number of processors is 4
processors are distributed as: 2x2x1
Running 3D Simulation
Starting meshing
Simulation size in gridpoints: 220 x 255 x 30
Refined 0 mesh cells (0%)
Completed meshing!
Meshing complete in 15.8125 seconds of CPU time
0 0
Starting meshing
Simulation size in gridpoints: 220 x 255 x 30
Refined 0 mesh cells (0%)
Completed meshing!
Meshing complete in 14.75 seconds of CPU time
0 0
Starting meshing
Simulation size in gridpoints: 220 x 255 x 30
Refined 0 mesh cells (0%)
Completed meshing!
Meshing complete in 13.3125 seconds of CPU time
0 0
finished material properties
Meshing Time: 34.281 seconds, Init Electrical Material Time: 0.361905 seconds, Init Magnetic Material Time: 0.011281
Using selected optimization level: 2
Selecting 3d kernel for splitFieldDirection=0 and optLevel=2
-----------------------------------------
Beginning initialization of 3D Simulation
Starting to add sources to simulation
Adding 3D Mode source propagating in Y
Using frequency dependent profile
Starting to add boundary conditions to simulation
Adding 3D PML BC
Adding 3D Parallel BC
Adding 3D PML BC
Adding 3D Parallel BC
Adding 3D Symmetric BC
Adding 3D PML BC
Starting to add monitors to Simulation
Adding analysis monitor
Adding 3D DFT monitor
Adding 3D DFT monitor
Adding 3D DFT monitor
Finished initialization of 3D Simulation
-----------------------------------------
All processes are communicating and ready to proceed to simulation...
Starting 107835 total iterations
0.0222563% complete. Max time remaining: 4 hrs, 37 mins, 9 secs. Auto Shutoff: 1
1.02379% complete. Max time remaining: 4 hrs, 39 mins, 40 secs. Auto Shutoff: 1
2.02532% complete. Max time remaining: 4 hrs, 24 mins, 21 secs. Auto Shutoff: 0.998146
3.02685% complete. Max time remaining: 4 hrs, 8 mins, 35 secs. Auto Shutoff: 0.990923
4.0358% complete. Max time remaining: 3 hrs, 59 mins, 5 secs. Auto Shutoff: 0.956689
5.05959% complete. Max time remaining: 3 hrs, 29 mins, 25 secs. Auto Shutoff: 0.00586523
100% complete. Max time remaining: 0 mins, 0 secs. Auto Shutoff: 9.0483e-06
Early termination of simulation, the autoshutoff criteria are satisfied.
Completed 6118 iterations, or 2.836745e-13s of Simulation Time
Process 0 starting to collect data
    collecting monitor data
    collecting source data
Using frequency dependent profile
Finished collecting data
left is a duplicate key.
bottom is a duplicate key.
z1 is a duplicate key.
z2 is a duplicate key.
Nx is a duplicate key.
Ny is a duplicate key.
Nz is a duplicate key.
left is a duplicate key.
bottom is a duplicate key.
z1 is a duplicate key.
z2 is a duplicate key.
Nx is a duplicate key.
Ny is a duplicate key.
Nz is a duplicate key.
left is a duplicate key.
bottom is a duplicate key.
z1 is a duplicate key.
z2 is a duplicate key.
Nx is a duplicate key.
Ny is a duplicate key.
Nz is a duplicate key.
Simulation completed successfully at: Sat Aug  6 22:15:10 2022
Overall wall time measurements in seconds: 764.555
    time to mesh and initialize: 53.047
    time to run FDTD simulation: 706.898
    time to checkpoint simulation: 6e-07
    time to finalize data and save to files: 0.174353
    miscellaneous time: 4.43594
    FDTD solver speed on process 0: 14.5659 Mnodes/s
    total FDTD solver speed on 4 processes: 58.2635 Mnodes/s
