Ansys Lumerical 2020 R2 FDTD Solver Version 8.24.2387 (Windows 64bit)
 expires (month/day/year): 12/31/2035
using config file: Ansys Licensing set with ANSYSLMD_LICENSE_FILE
license host: 
current time: Thu Aug 11 12:04:35 2022
Running on host: DESKTOP-CPAG1MV
host available memory (GB): 8.783110
All processes are communicating and ready to proceed to simulation...
Running fsp file: C:\Program Files\Lumerical\v202\bin\fdtd-engine-msmpi.exe -t 1 -remote -hide D:/AAAAAAAArquivos/Facul/Capacitação/GitHub/Ring-Resonator/Tutorial/ring_resonator_LcSweep3um/LcSweep3um_2.fsp
Starting meshing
Simulation size in gridpoints: 79 x 1 x 17
Refined 0 mesh cells (0%)
Completed meshing!
Meshing complete in 0.015625 seconds of CPU time
Starting meshing
Simulation size in gridpoints: 79 x 1 x 17
Refined 0 mesh cells (0%)
Completed meshing!
Meshing complete in 0 seconds of CPU time
Starting meshing
Simulation size in gridpoints: 79 x 1 x 17
Refined 0 mesh cells (0%)
Completed meshing!
Meshing complete in 0 seconds of CPU time
Starting meshing
Simulation size in gridpoints: 79 x 1 x 17
Refined 0 mesh cells (0%)
Completed meshing!
Meshing complete in 0 seconds of CPU time
Starting meshing
Simulation size in gridpoints: 79 x 1 x 17
Refined 0 mesh cells (0%)
Completed meshing!
Meshing complete in 0 seconds of CPU time
Starting meshing
Simulation size in gridpoints: 79 x 1 x 17
Refined 0 mesh cells (0%)
Completed meshing!
Meshing complete in 0 seconds of CPU time
left is a duplicate key.
bottom is a duplicate key.
z1 is a duplicate key.
z2 is a duplicate key.
Nx is a duplicate key.
Ny is a duplicate key.
Nz is a duplicate key.
Starting meshing
Simulation size in gridpoints: 79 x 1 x 17
Refined 0 mesh cells (0%)
Completed meshing!
Meshing complete in 0 seconds of CPU time
Starting meshing
Simulation size in gridpoints: 79 x 1 x 17
Refined 0 mesh cells (0%)
Completed meshing!
Meshing complete in 0 seconds of CPU time
Starting meshing
Simulation size in gridpoints: 79 x 1 x 17
Refined 0 mesh cells (0%)
Completed meshing!
Meshing complete in 0 seconds of CPU time
left is a duplicate key.
bottom is a duplicate key.
z1 is a duplicate key.
z2 is a duplicate key.
Nx is a duplicate key.
Ny is a duplicate key.
Nz is a duplicate key.
Starting meshing
Simulation size in gridpoints: 65 x 1 x 17
Refined 0 mesh cells (0%)
Completed meshing!
Meshing complete in 0 seconds of CPU time
Starting meshing
Simulation size in gridpoints: 65 x 1 x 17
Refined 0 mesh cells (0%)
Completed meshing!
Meshing complete in 0 seconds of CPU time
Starting meshing
Simulation size in gridpoints: 65 x 1 x 17
Refined 0 mesh cells (0%)
Completed meshing!
Meshing complete in 0.015625 seconds of CPU time
left is a duplicate key.
bottom is a duplicate key.
z1 is a duplicate key.
z2 is a duplicate key.
Nx is a duplicate key.
Ny is a duplicate key.
Nz is a duplicate key.
number of processors is 4
processors are distributed as: 2x2x1
Running 3D Simulation
Starting meshing
Simulation size in gridpoints: 201 x 260 x 27
Refined 0 mesh cells (0%)
Completed meshing!
Meshing complete in 8.64062 seconds of CPU time
0 0
Starting meshing
Simulation size in gridpoints: 201 x 260 x 27
Refined 0 mesh cells (0%)
Completed meshing!
Meshing complete in 7.03125 seconds of CPU time
0 0
Starting meshing
Simulation size in gridpoints: 201 x 260 x 27
Refined 0 mesh cells (0%)
Completed meshing!
Meshing complete in 6.125 seconds of CPU time
0 0
finished material properties
Meshing Time: 17.8326 seconds, Init Electrical Material Time: 0.247358 seconds, Init Magnetic Material Time: 0.0068201
Using selected optimization level: 2
Selecting 3d kernel for splitFieldDirection=0 and optLevel=2
-----------------------------------------
Beginning initialization of 3D Simulation
Starting to add sources to simulation
Adding 3D Mode source propagating in Y
Using frequency dependent profile
Starting to add boundary conditions to simulation
Adding 3D PML BC
Adding 3D Parallel BC
Adding 3D PML BC
Adding 3D Parallel BC
Adding 3D Symmetric BC
Adding 3D PML BC
Starting to add monitors to Simulation
Adding analysis monitor
Adding 3D DFT monitor
Adding 3D DFT monitor
Adding 3D DFT monitor
Finished initialization of 3D Simulation
-----------------------------------------
All processes are communicating and ready to proceed to simulation...
Starting 65944 total iterations
0.048526% complete. Max time remaining: 1 hr, 14 mins, 9 secs. Auto Shutoff: 1
1.06757% complete. Max time remaining: 1 hr, 17 mins, 32 secs. Auto Shutoff: 1
2.08662% complete. Max time remaining: 1 hr, 12 mins, 19 secs. Auto Shutoff: 0.992295
3.12993% complete. Max time remaining: 1 hr, 8 mins, 0 secs. Auto Shutoff: 0.958215
4.17324% complete. Max time remaining: 1 hr, 5 mins, 54 secs. Auto Shutoff: 0.934648
5.19228% complete. Max time remaining: 1 hr, 3 mins, 26 secs. Auto Shutoff: 0.903347
6.21133% complete. Max time remaining: 1 hr, 1 min, 52 secs. Auto Shutoff: 0.863299
7.25464% complete. Max time remaining: 1 hr, 1 min, 6 secs. Auto Shutoff: 0.145395
8.27368% complete. Max time remaining: 59 mins, 42 secs. Auto Shutoff: 1.03046e-05
100% complete. Max time remaining: 0 mins, 0 secs. Auto Shutoff: 3.06167e-06
Early termination of simulation, the autoshutoff criteria are satisfied.
Completed 5504 iterations, or 2.503942e-13s of Simulation Time
Process 0 starting to collect data
    collecting monitor data
    collecting source data
Using frequency dependent profile
Finished collecting data
left is a duplicate key.
bottom is a duplicate key.
z1 is a duplicate key.
z2 is a duplicate key.
Nx is a duplicate key.
Ny is a duplicate key.
Nz is a duplicate key.
left is a duplicate key.
bottom is a duplicate key.
z1 is a duplicate key.
z2 is a duplicate key.
Nx is a duplicate key.
Ny is a duplicate key.
Nz is a duplicate key.
left is a duplicate key.
bottom is a duplicate key.
z1 is a duplicate key.
z2 is a duplicate key.
Nx is a duplicate key.
Ny is a duplicate key.
Nz is a duplicate key.
Simulation completed successfully at: Thu Aug 11 12:10:30 2022
Overall wall time measurements in seconds: 356.704
    time to mesh and initialize: 27.6247
    time to run FDTD simulation: 325.685
    time to checkpoint simulation: 2e-07
    time to finalize data and save to files: 0.128603
    miscellaneous time: 3.26583
    FDTD solver speed on process 0: 23.8459 Mnodes/s
    total FDTD solver speed on 4 processes: 95.3836 Mnodes/s
