Ansys Lumerical 2020 R2 FDTD Solver Version 8.24.2387 (Windows 64bit)
 expires (month/day/year): 12/31/2035
using config file: Ansys Licensing set with ANSYSLMD_LICENSE_FILE
license host: 
current time: Thu Aug 11 12:10:32 2022
Running on host: DESKTOP-CPAG1MV
host available memory (GB): 8.073241
All processes are communicating and ready to proceed to simulation...
Running fsp file: C:\Program Files\Lumerical\v202\bin\fdtd-engine-msmpi.exe -t 1 -remote -hide D:/AAAAAAAArquivos/Facul/Capacitação/GitHub/Ring-Resonator/Tutorial/ring_resonator_LcSweep3um/LcSweep3um_3.fsp
Starting meshing
Simulation size in gridpoints: 86 x 1 x 17
Refined 0 mesh cells (0%)
Completed meshing!
Meshing complete in 0 seconds of CPU time
Starting meshing
Simulation size in gridpoints: 86 x 1 x 17
Refined 0 mesh cells (0%)
Completed meshing!
Meshing complete in 0 seconds of CPU time
Starting meshing
Simulation size in gridpoints: 86 x 1 x 17
Refined 0 mesh cells (0%)
Completed meshing!
Meshing complete in 0 seconds of CPU time
Starting meshing
Simulation size in gridpoints: 86 x 1 x 17
Refined 0 mesh cells (0%)
Completed meshing!
Meshing complete in 0 seconds of CPU time
Starting meshing
Simulation size in gridpoints: 86 x 1 x 17
Refined 0 mesh cells (0%)
Completed meshing!
Meshing complete in 0 seconds of CPU time
Starting meshing
Simulation size in gridpoints: 86 x 1 x 17
Refined 0 mesh cells (0%)
Completed meshing!
Meshing complete in 0 seconds of CPU time
left is a duplicate key.
bottom is a duplicate key.
z1 is a duplicate key.
z2 is a duplicate key.
Nx is a duplicate key.
Ny is a duplicate key.
Nz is a duplicate key.
Starting meshing
Simulation size in gridpoints: 86 x 1 x 17
Refined 0 mesh cells (0%)
Completed meshing!
Meshing complete in 0 seconds of CPU time
Starting meshing
Simulation size in gridpoints: 86 x 1 x 17
Refined 0 mesh cells (0%)
Completed meshing!
Meshing complete in 0 seconds of CPU time
Starting meshing
Simulation size in gridpoints: 86 x 1 x 17
Refined 0 mesh cells (0%)
Completed meshing!
Meshing complete in 0 seconds of CPU time
left is a duplicate key.
bottom is a duplicate key.
z1 is a duplicate key.
z2 is a duplicate key.
Nx is a duplicate key.
Ny is a duplicate key.
Nz is a duplicate key.
Starting meshing
Simulation size in gridpoints: 65 x 1 x 17
Refined 0 mesh cells (0%)
Completed meshing!
Meshing complete in 0 seconds of CPU time
Starting meshing
Simulation size in gridpoints: 65 x 1 x 17
Refined 0 mesh cells (0%)
Completed meshing!
Meshing complete in 0 seconds of CPU time
Starting meshing
Simulation size in gridpoints: 65 x 1 x 17
Refined 0 mesh cells (0%)
Completed meshing!
Meshing complete in 0 seconds of CPU time
left is a duplicate key.
bottom is a duplicate key.
z1 is a duplicate key.
z2 is a duplicate key.
Nx is a duplicate key.
Ny is a duplicate key.
Nz is a duplicate key.
number of processors is 4
processors are distributed as: 2x2x1
Running 3D Simulation
Starting meshing
Simulation size in gridpoints: 215 x 260 x 27
Refined 0 mesh cells (0%)
Completed meshing!
Meshing complete in 6.14062 seconds of CPU time
0 0
Starting meshing
Simulation size in gridpoints: 215 x 260 x 27
Refined 0 mesh cells (0%)
Completed meshing!
Meshing complete in 5.20312 seconds of CPU time
0 0
Starting meshing
Simulation size in gridpoints: 215 x 260 x 27
Refined 0 mesh cells (0%)
Completed meshing!
Meshing complete in 5.17188 seconds of CPU time
0 0
finished material properties
Meshing Time: 11.4156 seconds, Init Electrical Material Time: 0.159132 seconds, Init Magnetic Material Time: 0.0069568
Using selected optimization level: 2
Selecting 3d kernel for splitFieldDirection=0 and optLevel=2
-----------------------------------------
Beginning initialization of 3D Simulation
Starting to add sources to simulation
Adding 3D Mode source propagating in Y
Using frequency dependent profile
Starting to add boundary conditions to simulation
Adding 3D PML BC
Adding 3D Parallel BC
Adding 3D PML BC
Adding 3D Parallel BC
Adding 3D Symmetric BC
Adding 3D PML BC
Starting to add monitors to Simulation
Adding analysis monitor
Adding 3D DFT monitor
Adding 3D DFT monitor
Adding 3D DFT monitor
Finished initialization of 3D Simulation
-----------------------------------------
All processes are communicating and ready to proceed to simulation...
Starting 65888 total iterations
0.0728505% complete. Max time remaining: 1 hr, 3 mins, 50 secs. Auto Shutoff: 1
1.09276% complete. Max time remaining: 58 mins, 37 secs. Auto Shutoff: 1
2.11266% complete. Max time remaining: 58 mins, 60 secs. Auto Shutoff: 0.989787
3.15685% complete. Max time remaining: 58 mins, 13 secs. Auto Shutoff: 0.956227
4.17676% complete. Max time remaining: 58 mins, 4 secs. Auto Shutoff: 0.940433
5.19667% complete. Max time remaining: 56 mins, 60 secs. Auto Shutoff: 0.900262
6.21657% complete. Max time remaining: 56 mins, 2 secs. Auto Shutoff: 0.866039
7.23648% complete. Max time remaining: 55 mins, 13 secs. Auto Shutoff: 0.168145
8.25638% complete. Max time remaining: 54 mins, 25 secs. Auto Shutoff: 0.000142865
100% complete. Max time remaining: 0 mins, 0 secs. Auto Shutoff: 4.54446e-06
Early termination of simulation, the autoshutoff criteria are satisfied.
Completed 5604 iterations, or 2.551587e-13s of Simulation Time
Process 0 starting to collect data
    collecting monitor data
    collecting source data
Using frequency dependent profile
Finished collecting data
left is a duplicate key.
bottom is a duplicate key.
z1 is a duplicate key.
z2 is a duplicate key.
Nx is a duplicate key.
Ny is a duplicate key.
Nz is a duplicate key.
left is a duplicate key.
bottom is a duplicate key.
z1 is a duplicate key.
z2 is a duplicate key.
Nx is a duplicate key.
Ny is a duplicate key.
Nz is a duplicate key.
left is a duplicate key.
bottom is a duplicate key.
z1 is a duplicate key.
z2 is a duplicate key.
Nx is a duplicate key.
Ny is a duplicate key.
Nz is a duplicate key.
Simulation completed successfully at: Thu Aug 11 12:15:52 2022
Overall wall time measurements in seconds: 321.844
    time to mesh and initialize: 16.9579
    time to run FDTD simulation: 302.494
    time to checkpoint simulation: 4e-07
    time to finalize data and save to files: 0.136239
    miscellaneous time: 2.25552
    FDTD solver speed on process 0: 27.9613 Mnodes/s
    total FDTD solver speed on 4 processes: 111.845 Mnodes/s
