Ansys Lumerical 2022 R1.4 FDTD Solver Version 8.27.3044 (Linux 64bit)
 expires (month/day/year): 5/2/2023
using config file: Ansys Licensing set with ANSYSLMD_LICENSE_FILE
license host: 1055@10.75.13.24
current time: Fri Aug 19 12:20:19 2022
Running on host: fotonica02-System-Product-Name
host available memory (GB): 29.921604
All processes are communicating and ready to proceed to simulation...
Running fsp file: /opt/lumerical/v221/bin/fdtd-engine-mpich2nem -t 1 -remote -hide -shared-solve-license QU5TWVNDTF9DT05URVhUX0RBVEE9PEFOU1lTQ0xfQ09OVEVYVF9EQVRBPjxJRD5hMGNiYzRjNy1kZDUyLTRkZWYtYTYxNi1kODRiMzMyYTgwNmQ8L0lEPjxUWVBFPkFQUF9ERUZJTkVEPC9UWVBFPjxOQU1FPmx1bV9zdGFuZGFyZF9zb2x2ZV9zaGFyZTwvTkFNRT48SEFORExFUj42MDQ0M0Bmb3RvbmljYTAyLVN5c3RlbS1Qcm9kdWN0LU5hbWU8L0hBTkRMRVI+PC9BTlNZU0NMX0NPTlRFWFRfREFUQT4KQU5TWVNfQ09OVEVYVF9JRD1hMGNiYzRjNy1kZDUyLTRkZWYtYTYxNi1kODRiMzMyYTgwNmQKQU5TWVNfQ09OVEVYVF9TRVJWRVI9NjA0NDNAZm90b25pY2EwMi1TeXN0ZW0tUHJvZHVjdC1OYW1lCg== /media/leonardo/datam02/Ring Resonator - Leonardo Pessôa/Ring-Resonator/Tutorial/ring_resonator_150nmGapSweep(Lc=0)/150nmGapSweep(Lc=0)_3.fsp
Starting meshing
Simulation size in gridpoints: 1 x 51 x 14
Refined 0 mesh cells (0%)
Completed meshing!
Meshing complete in 0.00086 seconds of CPU time
Starting meshing
Simulation size in gridpoints: 1 x 51 x 14
Refined 0 mesh cells (0%)
Completed meshing!
Meshing complete in 0.000622 seconds of CPU time
Starting meshing
Simulation size in gridpoints: 1 x 51 x 14
Refined 0 mesh cells (0%)
Completed meshing!
Meshing complete in 0.000562 seconds of CPU time
left is a duplicate key.
bottom is a duplicate key.
z1 is a duplicate key.
z2 is a duplicate key.
Nx is a duplicate key.
Ny is a duplicate key.
Nz is a duplicate key.
Starting meshing
Simulation size in gridpoints: 1 x 51 x 14
Refined 0 mesh cells (0%)
Completed meshing!
Meshing complete in 0.000745 seconds of CPU time
Starting meshing
Simulation size in gridpoints: 1 x 51 x 14
Refined 0 mesh cells (0%)
Completed meshing!
Meshing complete in 0.000604 seconds of CPU time
Starting meshing
Simulation size in gridpoints: 1 x 51 x 14
Refined 0 mesh cells (0%)
Completed meshing!
Meshing complete in 0.000567 seconds of CPU time
left is a duplicate key.
bottom is a duplicate key.
z1 is a duplicate key.
z2 is a duplicate key.
Nx is a duplicate key.
Ny is a duplicate key.
Nz is a duplicate key.
Starting meshing
Simulation size in gridpoints: 67 x 1 x 14
Refined 0 mesh cells (0%)
Completed meshing!
Meshing complete in 0.000551 seconds of CPU time
Starting meshing
Simulation size in gridpoints: 67 x 1 x 14
Refined 0 mesh cells (0%)
Completed meshing!
Meshing complete in 0.000464 seconds of CPU time
Starting meshing
Simulation size in gridpoints: 67 x 1 x 14
Refined 0 mesh cells (0%)
Completed meshing!
Meshing complete in 0.000461 seconds of CPU time
Starting meshing
Simulation size in gridpoints: 67 x 1 x 14
Refined 0 mesh cells (0%)
Completed meshing!
Meshing complete in 0.00072 seconds of CPU time
Starting meshing
Simulation size in gridpoints: 67 x 1 x 14
Refined 0 mesh cells (0%)
Completed meshing!
Meshing complete in 0.000493 seconds of CPU time
Starting meshing
Simulation size in gridpoints: 67 x 1 x 14
Refined 0 mesh cells (0%)
Completed meshing!
Meshing complete in 0.000476 seconds of CPU time
left is a duplicate key.
bottom is a duplicate key.
z1 is a duplicate key.
z2 is a duplicate key.
Nx is a duplicate key.
Ny is a duplicate key.
Nz is a duplicate key.
Starting meshing
Simulation size in gridpoints: 67 x 1 x 14
Refined 0 mesh cells (0%)
Completed meshing!
Meshing complete in 0.000569 seconds of CPU time
Starting meshing
Simulation size in gridpoints: 67 x 1 x 14
Refined 0 mesh cells (0%)
Completed meshing!
Meshing complete in 0.000453 seconds of CPU time
Starting meshing
Simulation size in gridpoints: 67 x 1 x 14
Refined 0 mesh cells (0%)
Completed meshing!
Meshing complete in 0.000438 seconds of CPU time
left is a duplicate key.
bottom is a duplicate key.
z1 is a duplicate key.
z2 is a duplicate key.
Nx is a duplicate key.
Ny is a duplicate key.
Nz is a duplicate key.
number of processors is 8
processors are distributed as: 4x2x1
Running 3D Simulation
Starting meshing
Simulation size in gridpoints: 119 x 101 x 24
Refined 0 mesh cells (0%)
Completed meshing!
Meshing complete in 0.031331 seconds of CPU time
0 0
Starting meshing
Simulation size in gridpoints: 119 x 101 x 24
Refined 0 mesh cells (0%)
Completed meshing!
Meshing complete in 0.032147 seconds of CPU time
0 0
Starting meshing
Simulation size in gridpoints: 119 x 101 x 24
Refined 0 mesh cells (0%)
Completed meshing!
Meshing complete in 0.170011 seconds of CPU time
0 0
finished material properties
Meshing Time: 0.414258 seconds, Init Electrical Material Time: 0.05555 seconds, Init Magnetic Material Time: 0.000913
Using selected optimization level: 2
Selecting 3d kernel for splitFieldDirection=0 and optLevel=2
-----------------------------------------
Beginning initialization of 3D Simulation
Starting to add sources to simulation
Adding 3D Mode source propagating in Y
Using frequency dependent profile
Starting to add boundary conditions to simulation
Adding 3D PML BC
Adding 3D Parallel BC
Adding 3D PML BC
Adding 3D Parallel BC
Adding 3D Symmetric BC
Adding 3D PML BC
Starting to add monitors to Simulation
Adding analysis monitor
Adding 3D DFT monitor
Adding 3D DFT monitor
Adding 3D DFT monitor
Adding 3D DFT monitor
Finished initialization of 3D Simulation
-----------------------------------------
All processes are communicating and ready to proceed to simulation...
Starting 52629 total iterations
0.0912045% complete. Max time remaining: 21 mins, 33 secs. Auto Shutoff: 1
1.09445% complete. Max time remaining: 50 mins, 32 secs. Auto Shutoff: 1
2.12811% complete. Max time remaining: 48 mins, 59 secs. Auto Shutoff: 0.99371
3.16176% complete. Max time remaining: 47 mins, 57 secs. Auto Shutoff: 0.933458
4.19541% complete. Max time remaining: 45 mins, 17 secs. Auto Shutoff: 0.918307
5.22906% complete. Max time remaining: 44 mins, 13 secs. Auto Shutoff: 0.912371
6.26271% complete. Max time remaining: 42 mins, 22 secs. Auto Shutoff: 0.769901
7.29636% complete. Max time remaining: 40 mins, 54 secs. Auto Shutoff: 0.000322736
8.33001% complete. Max time remaining: 39 mins, 51 secs. Auto Shutoff: 2.9505e-05
9.36366% complete. Max time remaining: 39 mins, 18 secs. Auto Shutoff: 1.53515e-05
100% complete. Max time remaining: 0 mins, 0 secs. Auto Shutoff: 7.79777e-06
Early termination of simulation, the autoshutoff criteria are satisfied.
Completed 5451 iterations, or 3.107224e-13s of Simulation Time
Process 0 starting to collect data
    collecting monitor data
    collecting source data
Using frequency dependent profile
Finished collecting data
left is a duplicate key.
bottom is a duplicate key.
z1 is a duplicate key.
z2 is a duplicate key.
Nx is a duplicate key.
Ny is a duplicate key.
Nz is a duplicate key.
left is a duplicate key.
bottom is a duplicate key.
z1 is a duplicate key.
z2 is a duplicate key.
Nx is a duplicate key.
Ny is a duplicate key.
Nz is a duplicate key.
left is a duplicate key.
bottom is a duplicate key.
z1 is a duplicate key.
z2 is a duplicate key.
Nx is a duplicate key.
Ny is a duplicate key.
Nz is a duplicate key.
left is a duplicate key.
bottom is a duplicate key.
z1 is a duplicate key.
z2 is a duplicate key.
Nx is a duplicate key.
Ny is a duplicate key.
Nz is a duplicate key.
Simulation completed successfully at: Fri Aug 19 12:24:51 2022
Overall wall time measurements in seconds: 272.551
    time to mesh and initialize: 2.95595
    time to run FDTD simulation: 267.422
    time to checkpoint simulation: 0
    time to finalize data and save to files: 0.292374
    miscellaneous time: 1.8806
    FDTD solver speed on process 0: 5.87974 Mnodes/s
    total FDTD solver speed on 8 processes: 47.0379 Mnodes/s
