Ansys Lumerical 2022 R1.4 FDTD Solver Version 8.27.3044 (Linux 64bit)
 expires (month/day/year): 5/2/2023
using config file: Ansys Licensing set with ANSYSLMD_LICENSE_FILE
license host: 1055@10.75.13.24
current time: Fri Aug 19 12:20:26 2022
Running on host: fotonica02-System-Product-Name
host available memory (GB): 29.952160
All processes are communicating and ready to proceed to simulation...
Running fsp file: /opt/lumerical/v221/bin/fdtd-engine-mpich2nem -t 1 -remote -hide -shared-solve-license QU5TWVNDTF9DT05URVhUX0RBVEE9PEFOU1lTQ0xfQ09OVEVYVF9EQVRBPjxJRD5hY2M5N2IxOC1hMjQyLTRhOGEtOTJmZS1lZDFiMjk3MWFkMDE8L0lEPjxUWVBFPkFQUF9ERUZJTkVEPC9UWVBFPjxOQU1FPmx1bV9zdGFuZGFyZF9zb2x2ZV9zaGFyZTwvTkFNRT48SEFORExFUj42MDQ0M0Bmb3RvbmljYTAyLVN5c3RlbS1Qcm9kdWN0LU5hbWU8L0hBTkRMRVI+PC9BTlNZU0NMX0NPTlRFWFRfREFUQT4KQU5TWVNfQ09OVEVYVF9JRD1hY2M5N2IxOC1hMjQyLTRhOGEtOTJmZS1lZDFiMjk3MWFkMDEKQU5TWVNfQ09OVEVYVF9TRVJWRVI9NjA0NDNAZm90b25pY2EwMi1TeXN0ZW0tUHJvZHVjdC1OYW1lCg== /media/leonardo/datam02/Ring Resonator - Leonardo Pessôa/Ring-Resonator/Tutorial/ring_resonator_150nmGapSweep(Lc=0)/150nmGapSweep(Lc=0)_4.fsp
Starting meshing
Simulation size in gridpoints: 1 x 51 x 14
Refined 0 mesh cells (0%)
Completed meshing!
Meshing complete in 0.000819 seconds of CPU time
Starting meshing
Simulation size in gridpoints: 1 x 51 x 14
Refined 0 mesh cells (0%)
Completed meshing!
Meshing complete in 0.00062 seconds of CPU time
Starting meshing
Simulation size in gridpoints: 1 x 51 x 14
Refined 0 mesh cells (0%)
Completed meshing!
Meshing complete in 0.000558 seconds of CPU time
left is a duplicate key.
bottom is a duplicate key.
z1 is a duplicate key.
z2 is a duplicate key.
Nx is a duplicate key.
Ny is a duplicate key.
Nz is a duplicate key.
Starting meshing
Simulation size in gridpoints: 1 x 51 x 14
Refined 0 mesh cells (0%)
Completed meshing!
Meshing complete in 0.000724 seconds of CPU time
Starting meshing
Simulation size in gridpoints: 1 x 51 x 14
Refined 0 mesh cells (0%)
Completed meshing!
Meshing complete in 0.0006 seconds of CPU time
Starting meshing
Simulation size in gridpoints: 1 x 51 x 14
Refined 0 mesh cells (0%)
Completed meshing!
Meshing complete in 0.000538 seconds of CPU time
left is a duplicate key.
bottom is a duplicate key.
z1 is a duplicate key.
z2 is a duplicate key.
Nx is a duplicate key.
Ny is a duplicate key.
Nz is a duplicate key.
Starting meshing
Simulation size in gridpoints: 67 x 1 x 14
Refined 0 mesh cells (0%)
Completed meshing!
Meshing complete in 0.000604 seconds of CPU time
Starting meshing
Simulation size in gridpoints: 67 x 1 x 14
Refined 0 mesh cells (0%)
Completed meshing!
Meshing complete in 0.000478 seconds of CPU time
Starting meshing
Simulation size in gridpoints: 67 x 1 x 14
Refined 0 mesh cells (0%)
Completed meshing!
Meshing complete in 0.000452 seconds of CPU time
left is a duplicate key.
bottom is a duplicate key.
z1 is a duplicate key.
z2 is a duplicate key.
Nx is a duplicate key.
Ny is a duplicate key.
Nz is a duplicate key.
Starting meshing
Simulation size in gridpoints: 67 x 1 x 14
Refined 0 mesh cells (0%)
Completed meshing!
Meshing complete in 0.000508 seconds of CPU time
Starting meshing
Simulation size in gridpoints: 67 x 1 x 14
Refined 0 mesh cells (0%)
Completed meshing!
Meshing complete in 0.000446 seconds of CPU time
Starting meshing
Simulation size in gridpoints: 67 x 1 x 14
Refined 0 mesh cells (0%)
Completed meshing!
Meshing complete in 0.000436 seconds of CPU time
Starting meshing
Simulation size in gridpoints: 67 x 1 x 14
Refined 0 mesh cells (0%)
Completed meshing!
Meshing complete in 0.000535 seconds of CPU time
Starting meshing
Simulation size in gridpoints: 67 x 1 x 14
Refined 0 mesh cells (0%)
Completed meshing!
Meshing complete in 0.000452 seconds of CPU time
Starting meshing
Simulation size in gridpoints: 67 x 1 x 14
Refined 0 mesh cells (0%)
Completed meshing!
Meshing complete in 0.00046 seconds of CPU time
left is a duplicate key.
bottom is a duplicate key.
z1 is a duplicate key.
z2 is a duplicate key.
Nx is a duplicate key.
Ny is a duplicate key.
Nz is a duplicate key.
number of processors is 8
processors are distributed as: 4x2x1
Running 3D Simulation
Starting meshing
Simulation size in gridpoints: 119 x 101 x 24
Refined 0 mesh cells (0%)
Completed meshing!
Meshing complete in 0.030731 seconds of CPU time
0 0
Starting meshing
Simulation size in gridpoints: 119 x 101 x 24
Refined 0 mesh cells (0%)
Completed meshing!
Meshing complete in 0.031499 seconds of CPU time
0 0
Starting meshing
Simulation size in gridpoints: 119 x 101 x 24
Refined 0 mesh cells (0%)
Completed meshing!
Meshing complete in 0.168116 seconds of CPU time
0 0
finished material properties
Meshing Time: 0.410913 seconds, Init Electrical Material Time: 0.055726 seconds, Init Magnetic Material Time: 0.000916
Using selected optimization level: 2
Selecting 3d kernel for splitFieldDirection=0 and optLevel=2
-----------------------------------------
Beginning initialization of 3D Simulation
Starting to add sources to simulation
Adding 3D Mode source propagating in Y
Using frequency dependent profile
Starting to add boundary conditions to simulation
Adding 3D PML BC
Adding 3D Parallel BC
Adding 3D PML BC
Adding 3D Parallel BC
Adding 3D Symmetric BC
Adding 3D PML BC
Starting to add monitors to Simulation
Adding analysis monitor
Adding 3D DFT monitor
Adding 3D DFT monitor
Adding 3D DFT monitor
Adding 3D DFT monitor
Finished initialization of 3D Simulation
-----------------------------------------
All processes are communicating and ready to proceed to simulation...
Starting 52629 total iterations
0.0912045% complete. Max time remaining: 47 mins, 37 secs. Auto Shutoff: 1
1.09445% complete. Max time remaining: 53 mins, 47 secs. Auto Shutoff: 1
2.12811% complete. Max time remaining: 50 mins, 17 secs. Auto Shutoff: 0.993689
3.16176% complete. Max time remaining: 47 mins, 43 secs. Auto Shutoff: 0.933811
4.16501% complete. Max time remaining: 47 mins, 2 secs. Auto Shutoff: 0.917839
5.16826% complete. Max time remaining: 47 mins, 22 secs. Auto Shutoff: 0.933728
6.17151% complete. Max time remaining: 47 mins, 24 secs. Auto Shutoff: 0.76989
7.17475% complete. Max time remaining: 47 mins, 27 secs. Auto Shutoff: 0.00227064
8.178% complete. Max time remaining: 47 mins, 12 secs. Auto Shutoff: 3.1492e-05
9.39406% complete. Max time remaining: 42 mins, 50 secs. Auto Shutoff: 1.53523e-05
100% complete. Max time remaining: 0 mins, 0 secs. Auto Shutoff: 7.79812e-06
Early termination of simulation, the autoshutoff criteria are satisfied.
Completed 5451 iterations, or 3.107224e-13s of Simulation Time
Process 0 starting to collect data
    collecting monitor data
    collecting source data
Using frequency dependent profile
Finished collecting data
left is a duplicate key.
bottom is a duplicate key.
z1 is a duplicate key.
z2 is a duplicate key.
Nx is a duplicate key.
Ny is a duplicate key.
Nz is a duplicate key.
left is a duplicate key.
bottom is a duplicate key.
z1 is a duplicate key.
z2 is a duplicate key.
Nx is a duplicate key.
Ny is a duplicate key.
Nz is a duplicate key.
left is a duplicate key.
bottom is a duplicate key.
z1 is a duplicate key.
z2 is a duplicate key.
Nx is a duplicate key.
Ny is a duplicate key.
Nz is a duplicate key.
left is a duplicate key.
bottom is a duplicate key.
z1 is a duplicate key.
z2 is a duplicate key.
Nx is a duplicate key.
Ny is a duplicate key.
Nz is a duplicate key.
Simulation completed successfully at: Fri Aug 19 12:25:01 2022
Overall wall time measurements in seconds: 276.342
    time to mesh and initialize: 2.92791
    time to run FDTD simulation: 271.441
    time to checkpoint simulation: 0
    time to finalize data and save to files: 0.060102
    miscellaneous time: 1.91328
    FDTD solver speed on process 0: 5.79269 Mnodes/s
    total FDTD solver speed on 8 processes: 46.3415 Mnodes/s
