Ansys Lumerical 2020 R2 Variational FDTD Solver Version 7.16.2387 (Windows 64bit)
 expires (month/day/year): 12/31/2035
using config file: Ansys Licensing set with ANSYSLMD_LICENSE_FILE
license host: 
current time: Fri Jul 22 09:35:17 2022
Running on host: DESKTOP-CPAG1MV
All processes are communicating and ready to proceed to simulation...
Running lms file: C:\Program Files\Lumerical\v202\bin\varfdtd-engine-msmpi.exe -t 1 -remote D:/AAAAAAAArquivos/Facul/Capacitação/GitHub/Ring-Resonator/Tutorial/Tutorial Ring Resonator.lms
Starting meshing
Simulation size in gridpoints: 1 x 57 x 1
Refined 0 mesh cells (0%)
Completed meshing!
Meshing complete in 0 seconds of CPU time
Starting meshing
Simulation size in gridpoints: 1 x 57 x 1
Refined 0 mesh cells (0%)
Completed meshing!
Meshing complete in 0 seconds of CPU time
Starting meshing
Simulation size in gridpoints: 1 x 57 x 1
Refined 0 mesh cells (0%)
Completed meshing!
Meshing complete in 0 seconds of CPU time
number of processors is 8
processors are distributed as: 4x2x1
Running TE Simulation
Starting meshing
Simulation size in gridpoints: 63 x 109 x 1
Refined 0 mesh cells (0%)
Completed meshing!
Meshing complete in 0.296875 seconds of CPU time
0 0
Starting meshing
Simulation size in gridpoints: 63 x 109 x 1
Refined 0 mesh cells (0%)
Completed meshing!
Meshing complete in 0.25 seconds of CPU time
0 0
finished material properties
Selected kernel with optimization level: 0 and split-field propagation direction: 0
-----------------------------------------
Beginning initialization of TE Simulation
Starting to add sources to simulation
Adding TE Mode Source propagating in X
Starting to add boundary conditions to simulation
Adding TE PML BC
Adding TE parallel BC
Adding TE PML BC
Adding TE parallel BC
Starting to add monitors to Simulation
Adding analysis monitor
Adding TE DFT monitor
Adding TE DFT monitor
Adding TE Time monitor
Adding TE Time monitor
Adding TE DFT monitor
Adding TE movie monitor
Finished initialization of TE Simulation
-----------------------------------------
All processes are communicating and ready to proceed to simulation...
Starting 49878 total iterations
0% complete. Max time remaining: 1 min, 33 secs. Auto Shutoff: 1
2% complete. Max time remaining: 1 min, 32 secs. Auto Shutoff: 1
4% complete. Max time remaining: 1 min, 30 secs. Auto Shutoff: 1
6% complete. Max time remaining: 1 min, 29 secs. Auto Shutoff: 0.00580725
8% complete. Max time remaining: 1 min, 26 secs. Auto Shutoff: 0.000108258
10% complete. Max time remaining: 1 min, 25 secs. Auto Shutoff: 8.72812e-06
Early termination of simulation, the autoshutoff criteria are satisfied.
Completed 4767 iterations, or 4.77863e-13s of Simulation Time
Process 0 starting to collect data
    collecting monitor data
    collecting source data
Finished collecting data
Simulation completed successfully at: Fri Jul 22 09:35:28 2022
Overall wall time measurements in seconds:
    time to mesh and initialize: 2
    time to run FDTD simulation: 9
    time to finalize data and save to files: 0
    FDTD solver speed: 0 Mnodes/s
    total FDTD solver speed on 8 processes: 0 Mnodes/s
