Ansys Lumerical 2020 R2 FDTD Solver Version 8.24.2387 (Windows 64bit)
 expires (month/day/year): 12/31/2035
using config file: Ansys Licensing set with ANSYSLMD_LICENSE_FILE
license host: 
current time: Fri Aug 19 01:38:00 2022
Running on host: DESKTOP-CPAG1MV
host available memory (GB): 8.896582
All processes are communicating and ready to proceed to simulation...
Running fsp file: C:\Program Files\Lumerical\v202\bin\fdtd-engine-msmpi.exe -t 1 -remote -hide D:/AAAAAAAArquivos/Facul/Capacitação/GitHub/Ring-Resonator/Tutorial/ring_resonator_150nmGapSweep(Lc=1,5μm)/150nmGapSweep(Lc=1,5μm)_2.fsp
Starting meshing
Simulation size in gridpoints: 1 x 51 x 14
Refined 0 mesh cells (0%)
Completed meshing!
Meshing complete in 0 seconds of CPU time
Starting meshing
Simulation size in gridpoints: 1 x 51 x 14
Refined 0 mesh cells (0%)
Completed meshing!
Meshing complete in 0 seconds of CPU time
Starting meshing
Simulation size in gridpoints: 1 x 51 x 14
Refined 0 mesh cells (0%)
Completed meshing!
Meshing complete in 0 seconds of CPU time
left is a duplicate key.
bottom is a duplicate key.
z1 is a duplicate key.
z2 is a duplicate key.
Nx is a duplicate key.
Ny is a duplicate key.
Nz is a duplicate key.
Starting meshing
Simulation size in gridpoints: 1 x 51 x 14
Refined 0 mesh cells (0%)
Completed meshing!
Meshing complete in 0.015625 seconds of CPU time
Starting meshing
Simulation size in gridpoints: 1 x 51 x 14
Refined 0 mesh cells (0%)
Completed meshing!
Meshing complete in 0 seconds of CPU time
Starting meshing
Simulation size in gridpoints: 1 x 51 x 14
Refined 0 mesh cells (0%)
Completed meshing!
Meshing complete in 0 seconds of CPU time
Starting meshing
Simulation size in gridpoints: 1 x 51 x 14
Refined 0 mesh cells (0%)
Completed meshing!
Meshing complete in 0 seconds of CPU time
Starting meshing
Simulation size in gridpoints: 1 x 51 x 14
Refined 0 mesh cells (0%)
Completed meshing!
Meshing complete in 0 seconds of CPU time
Starting meshing
Simulation size in gridpoints: 1 x 51 x 14
Refined 0 mesh cells (0%)
Completed meshing!
Meshing complete in 0 seconds of CPU time
left is a duplicate key.
bottom is a duplicate key.
z1 is a duplicate key.
z2 is a duplicate key.
Nx is a duplicate key.
Ny is a duplicate key.
Nz is a duplicate key.
Starting meshing
Simulation size in gridpoints: 67 x 1 x 14
Refined 0 mesh cells (0%)
Completed meshing!
Meshing complete in 0 seconds of CPU time
Starting meshing
Simulation size in gridpoints: 67 x 1 x 14
Refined 0 mesh cells (0%)
Completed meshing!
Meshing complete in 0 seconds of CPU time
Starting meshing
Simulation size in gridpoints: 67 x 1 x 14
Refined 0 mesh cells (0%)
Completed meshing!
Meshing complete in 0 seconds of CPU time
left is a duplicate key.
bottom is a duplicate key.
z1 is a duplicate key.
z2 is a duplicate key.
Nx is a duplicate key.
Ny is a duplicate key.
Nz is a duplicate key.
Starting meshing
Simulation size in gridpoints: 67 x 1 x 14
Refined 0 mesh cells (0%)
Completed meshing!
Meshing complete in 0 seconds of CPU time
Starting meshing
Simulation size in gridpoints: 67 x 1 x 14
Refined 0 mesh cells (0%)
Completed meshing!
Meshing complete in 0 seconds of CPU time
Starting meshing
Simulation size in gridpoints: 67 x 1 x 14
Refined 0 mesh cells (0%)
Completed meshing!
Meshing complete in 0 seconds of CPU time
left is a duplicate key.
bottom is a duplicate key.
z1 is a duplicate key.
z2 is a duplicate key.
Nx is a duplicate key.
Ny is a duplicate key.
Nz is a duplicate key.
number of processors is 4
processors are distributed as: 2x2x1
Running 3D Simulation
Starting meshing
Simulation size in gridpoints: 237 x 140 x 24
Refined 0 mesh cells (0%)
Completed meshing!
Meshing complete in 0.828125 seconds of CPU time
0 0
Starting meshing
Simulation size in gridpoints: 237 x 140 x 24
Refined 0 mesh cells (0%)
Completed meshing!
Meshing complete in 0.703125 seconds of CPU time
0 0
Starting meshing
Simulation size in gridpoints: 237 x 140 x 24
Refined 0 mesh cells (0%)
Completed meshing!
Meshing complete in 1.625 seconds of CPU time
0 0
finished material properties
Meshing Time: 2.53638 seconds, Init Electrical Material Time: 0.0948346 seconds, Init Magnetic Material Time: 0.0048715
Using selected optimization level: 2
Selecting 3d kernel for splitFieldDirection=0 and optLevel=2
-----------------------------------------
Beginning initialization of 3D Simulation
Starting to add sources to simulation
Adding 3D Mode source propagating in X
Using frequency dependent profile
Starting to add boundary conditions to simulation
Adding 3D PML BC
Adding 3D Parallel BC
Adding 3D PML BC
Adding 3D Parallel BC
Adding 3D Symmetric BC
Adding 3D PML BC
Starting to add monitors to Simulation
Adding analysis monitor
Adding 3D DFT monitor
Adding 3D DFT monitor
Adding 3D DFT monitor
Adding 3D DFT monitor
Finished initialization of 3D Simulation
-----------------------------------------
All processes are communicating and ready to proceed to simulation...
Starting 51959 total iterations
0.0923808% complete. Max time remaining: 24 mins, 36 secs. Auto Shutoff: 1
1.20095% complete. Max time remaining: 24 mins, 57 secs. Auto Shutoff: 1
2.30952% complete. Max time remaining: 24 mins, 36 secs. Auto Shutoff: 0.99018
3.41809% complete. Max time remaining: 24 mins, 17 secs. Auto Shutoff: 0.989168
4.52666% complete. Max time remaining: 23 mins, 57 secs. Auto Shutoff: 0.983206
5.63523% complete. Max time remaining: 23 mins, 38 secs. Auto Shutoff: 0.953853
6.7438% complete. Max time remaining: 23 mins, 20 secs. Auto Shutoff: 0.860601
7.85237% complete. Max time remaining: 23 mins, 2 secs. Auto Shutoff: 0.175275
8.96094% complete. Max time remaining: 22 mins, 45 secs. Auto Shutoff: 0.0344389
10.0695% complete. Max time remaining: 22 mins, 28 secs. Auto Shutoff: 0.0281069
11.1781% complete. Max time remaining: 22 mins, 12 secs. Auto Shutoff: 0.0275434
12.2251% complete. Max time remaining: 22 mins, 2 secs. Auto Shutoff: 0.0265613
13.3336% complete. Max time remaining: 21 mins, 52 secs. Auto Shutoff: 0.0255624
14.4422% complete. Max time remaining: 21 mins, 34 secs. Auto Shutoff: 0.0189905
15.5508% complete. Max time remaining: 21 mins, 17 secs. Auto Shutoff: 0.0123294
16.6593% complete. Max time remaining: 20 mins, 59 secs. Auto Shutoff: 0.00157246
17.7679% complete. Max time remaining: 20 mins, 41 secs. Auto Shutoff: 0.00128967
18.8765% complete. Max time remaining: 20 mins, 24 secs. Auto Shutoff: 0.00127959
19.9851% complete. Max time remaining: 20 mins, 6 secs. Auto Shutoff: 0.00130615
21.0936% complete. Max time remaining: 19 mins, 49 secs. Auto Shutoff: 0.00124898
22.2022% complete. Max time remaining: 19 mins, 32 secs. Auto Shutoff: 0.00111399
23.3108% complete. Max time remaining: 19 mins, 15 secs. Auto Shutoff: 0.00073517
24.4193% complete. Max time remaining: 18 mins, 58 secs. Auto Shutoff: 0.000113597
25.5279% complete. Max time remaining: 18 mins, 41 secs. Auto Shutoff: 9.00766e-05
26.6365% complete. Max time remaining: 18 mins, 25 secs. Auto Shutoff: 9.04635e-05
27.745% complete. Max time remaining: 18 mins, 8 secs. Auto Shutoff: 8.54976e-05
28.8536% complete. Max time remaining: 17 mins, 51 secs. Auto Shutoff: 8.71476e-05
29.9622% complete. Max time remaining: 17 mins, 34 secs. Auto Shutoff: 8.21947e-05
31.0708% complete. Max time remaining: 17 mins, 17 secs. Auto Shutoff: 5.80909e-05
100% complete. Max time remaining: 0 mins, 0 secs. Auto Shutoff: 9.1429e-06
Early termination of simulation, the autoshutoff criteria are satisfied.
Completed 16649 iterations, or 9.612803e-13s of Simulation Time
Process 0 starting to collect data
    collecting monitor data
    collecting source data
Using frequency dependent profile
Finished collecting data
left is a duplicate key.
bottom is a duplicate key.
z1 is a duplicate key.
z2 is a duplicate key.
Nx is a duplicate key.
Ny is a duplicate key.
Nz is a duplicate key.
left is a duplicate key.
bottom is a duplicate key.
z1 is a duplicate key.
z2 is a duplicate key.
Nx is a duplicate key.
Ny is a duplicate key.
Nz is a duplicate key.
left is a duplicate key.
bottom is a duplicate key.
z1 is a duplicate key.
z2 is a duplicate key.
Nx is a duplicate key.
Ny is a duplicate key.
Nz is a duplicate key.
left is a duplicate key.
bottom is a duplicate key.
z1 is a duplicate key.
z2 is a duplicate key.
Nx is a duplicate key.
Ny is a duplicate key.
Nz is a duplicate key.
Simulation completed successfully at: Fri Aug 19 01:46:16 2022
Overall wall time measurements in seconds: 497.98
    time to mesh and initialize: 13.8403
    time to run FDTD simulation: 481.806
    time to checkpoint simulation: 5e-07
    time to finalize data and save to files: 0.125631
    miscellaneous time: 2.20769
    FDTD solver speed on process 0: 27.5172 Mnodes/s
    total FDTD solver speed on 4 processes: 110.069 Mnodes/s
