Ansys Lumerical 2022 R1.4 FDTD Solver Version 8.27.3044 (Linux 64bit)
 expires (month/day/year): 5/2/2023
using config file: Ansys Licensing set with ANSYSLMD_LICENSE_FILE
license host: 1055@10.75.13.24
current time: Tue Aug 23 10:41:27 2022
Running on host: fotonica02-System-Product-Name
host available memory (GB): 28.522213
All processes are communicating and ready to proceed to simulation...
Running fsp file: /opt/lumerical/v221/bin/fdtd-engine-mpich2nem -t 1 -remote -hide -shared-solve-license QU5TWVNDTF9DT05URVhUX0RBVEE9PEFOU1lTQ0xfQ09OVEVYVF9EQVRBPjxJRD5lOTVmYWNhMC0zMjZmLTQ4OWYtYWQxZC0wNzVmN2JhMjUyOGM8L0lEPjxUWVBFPkFQUF9ERUZJTkVEPC9UWVBFPjxOQU1FPmx1bV9zdGFuZGFyZF9zb2x2ZV9zaGFyZTwvTkFNRT48SEFORExFUj41MjU4NUBmb3RvbmljYTAyLVN5c3RlbS1Qcm9kdWN0LU5hbWU8L0hBTkRMRVI+PC9BTlNZU0NMX0NPTlRFWFRfREFUQT4KQU5TWVNfQ09OVEVYVF9JRD1lOTVmYWNhMC0zMjZmLTQ4OWYtYWQxZC0wNzVmN2JhMjUyOGMKQU5TWVNfQ09OVEVYVF9TRVJWRVI9NTI1ODVAZm90b25pY2EwMi1TeXN0ZW0tUHJvZHVjdC1OYW1lCg== /media/leonardo/datam02/Ring Resonator - Leonardo Pessôa/Ring-Resonator/Tutorial/ring_resonator_175nmGapSweep(Lc=0)/175nmGapSweep(Lc=0)_2.fsp
Starting meshing
Simulation size in gridpoints: 1 x 53 x 14
Refined 0 mesh cells (0%)
Completed meshing!
Meshing complete in 0.00084 seconds of CPU time
Starting meshing
Simulation size in gridpoints: 1 x 53 x 14
Refined 0 mesh cells (0%)
Completed meshing!
Meshing complete in 0.000668 seconds of CPU time
Starting meshing
Simulation size in gridpoints: 1 x 53 x 14
Refined 0 mesh cells (0%)
Completed meshing!
Meshing complete in 0.000577 seconds of CPU time
left is a duplicate key.
bottom is a duplicate key.
z1 is a duplicate key.
z2 is a duplicate key.
Nx is a duplicate key.
Ny is a duplicate key.
Nz is a duplicate key.
Starting meshing
Simulation size in gridpoints: 1 x 53 x 14
Refined 0 mesh cells (0%)
Completed meshing!
Meshing complete in 0.000731 seconds of CPU time
Starting meshing
Simulation size in gridpoints: 1 x 53 x 14
Refined 0 mesh cells (0%)
Completed meshing!
Meshing complete in 0.0006 seconds of CPU time
Starting meshing
Simulation size in gridpoints: 1 x 53 x 14
Refined 0 mesh cells (0%)
Completed meshing!
Meshing complete in 0.000552 seconds of CPU time
Starting meshing
Simulation size in gridpoints: 1 x 53 x 14
Refined 0 mesh cells (0%)
Completed meshing!
Meshing complete in 0.000775 seconds of CPU time
Starting meshing
Simulation size in gridpoints: 1 x 53 x 14
Refined 0 mesh cells (0%)
Completed meshing!
Meshing complete in 0.000616 seconds of CPU time
Starting meshing
Simulation size in gridpoints: 1 x 53 x 14
Refined 0 mesh cells (0%)
Completed meshing!
Meshing complete in 0.000556 seconds of CPU time
left is a duplicate key.
bottom is a duplicate key.
z1 is a duplicate key.
z2 is a duplicate key.
Nx is a duplicate key.
Ny is a duplicate key.
Nz is a duplicate key.
Starting meshing
Simulation size in gridpoints: 67 x 1 x 14
Refined 0 mesh cells (0%)
Completed meshing!
Meshing complete in 0.000547 seconds of CPU time
Starting meshing
Simulation size in gridpoints: 67 x 1 x 14
Refined 0 mesh cells (0%)
Completed meshing!
Meshing complete in 0.000444 seconds of CPU time
Starting meshing
Simulation size in gridpoints: 67 x 1 x 14
Refined 0 mesh cells (0%)
Completed meshing!
Meshing complete in 0.000436 seconds of CPU time
left is a duplicate key.
bottom is a duplicate key.
z1 is a duplicate key.
z2 is a duplicate key.
Nx is a duplicate key.
Ny is a duplicate key.
Nz is a duplicate key.
Starting meshing
Simulation size in gridpoints: 67 x 1 x 14
Refined 0 mesh cells (0%)
Completed meshing!
Meshing complete in 0.000518 seconds of CPU time
Starting meshing
Simulation size in gridpoints: 67 x 1 x 14
Refined 0 mesh cells (0%)
Completed meshing!
Meshing complete in 0.000469 seconds of CPU time
Starting meshing
Simulation size in gridpoints: 67 x 1 x 14
Refined 0 mesh cells (0%)
Completed meshing!
Meshing complete in 0.000439 seconds of CPU time
left is a duplicate key.
bottom is a duplicate key.
z1 is a duplicate key.
z2 is a duplicate key.
Nx is a duplicate key.
Ny is a duplicate key.
Nz is a duplicate key.
number of processors is 8
processors are distributed as: 4x2x1
Running 3D Simulation
Starting meshing
Simulation size in gridpoints: 119 x 101 x 24
Refined 0 mesh cells (0%)
Completed meshing!
Meshing complete in 0.030482 seconds of CPU time
0 0
Starting meshing
Simulation size in gridpoints: 119 x 101 x 24
Refined 0 mesh cells (0%)
Completed meshing!
Meshing complete in 0.030801 seconds of CPU time
0 0
Starting meshing
Simulation size in gridpoints: 119 x 101 x 24
Refined 0 mesh cells (0%)
Completed meshing!
Meshing complete in 0.163812 seconds of CPU time
0 0
finished material properties
Meshing Time: 0.395023 seconds, Init Electrical Material Time: 0.058488 seconds, Init Magnetic Material Time: 0.000892
Using selected optimization level: 2
Selecting 3d kernel for splitFieldDirection=0 and optLevel=2
-----------------------------------------
Beginning initialization of 3D Simulation
Starting to add sources to simulation
Adding 3D Mode source propagating in X
Using frequency dependent profile
Starting to add boundary conditions to simulation
Adding 3D PML BC
Adding 3D Parallel BC
Adding 3D PML BC
Adding 3D Parallel BC
Adding 3D Symmetric BC
Adding 3D PML BC
Starting to add monitors to Simulation
Adding analysis monitor
Adding 3D DFT monitor
Adding 3D DFT monitor
Adding 3D DFT monitor
Adding 3D DFT monitor
Finished initialization of 3D Simulation
-----------------------------------------
