Ansys Lumerical 2022 R1.4 FDTD Solver Version 8.27.3044 (Linux 64bit)
 expires (month/day/year): 5/2/2023
using config file: Ansys Licensing set with ANSYSLMD_LICENSE_FILE
license host: 1055@10.75.13.24
current time: Fri Aug 19 11:49:26 2022
Running on host: fotonica02-System-Product-Name
host available memory (GB): 30.163927
All processes are communicating and ready to proceed to simulation...
Running fsp file: /opt/lumerical/v221/bin/fdtd-engine-mpich2nem -t 1 -remote -hide -shared-solve-license QU5TWVNDTF9DT05URVhUX0RBVEE9PEFOU1lTQ0xfQ09OVEVYVF9EQVRBPjxJRD45ODhjNTc3NS1iZGRjLTRhMzEtODcyNy05YWZlMDc2ZmRmMDA8L0lEPjxUWVBFPkFQUF9ERUZJTkVEPC9UWVBFPjxOQU1FPmx1bV9zdGFuZGFyZF9zb2x2ZV9zaGFyZTwvTkFNRT48SEFORExFUj42MDQ0M0Bmb3RvbmljYTAyLVN5c3RlbS1Qcm9kdWN0LU5hbWU8L0hBTkRMRVI+PC9BTlNZU0NMX0NPTlRFWFRfREFUQT4KQU5TWVNfQ09OVEVYVF9JRD05ODhjNTc3NS1iZGRjLTRhMzEtODcyNy05YWZlMDc2ZmRmMDAKQU5TWVNfQ09OVEVYVF9TRVJWRVI9NjA0NDNAZm90b25pY2EwMi1TeXN0ZW0tUHJvZHVjdC1OYW1lCg== /media/leonardo/datam02/Ring Resonator - Leonardo Pessôa/Ring-Resonator/Tutorial/ring_resonator_175nmGapSweep(Lc=0)/175nmGapSweep(Lc=0)_1.fsp
Starting meshing
Simulation size in gridpoints: 1 x 52 x 14
Refined 0 mesh cells (0%)
Completed meshing!
Meshing complete in 0.000937 seconds of CPU time
Starting meshing
Simulation size in gridpoints: 1 x 52 x 14
Refined 0 mesh cells (0%)
Completed meshing!
Meshing complete in 0.000646 seconds of CPU time
Starting meshing
Simulation size in gridpoints: 1 x 52 x 14
Refined 0 mesh cells (0%)
Completed meshing!
Meshing complete in 0.000588 seconds of CPU time
Starting meshing
Simulation size in gridpoints: 1 x 52 x 14
Refined 0 mesh cells (0%)
Completed meshing!
Meshing complete in 0.000726 seconds of CPU time
Starting meshing
Simulation size in gridpoints: 1 x 52 x 14
Refined 0 mesh cells (0%)
Completed meshing!
Meshing complete in 0.000602 seconds of CPU time
Starting meshing
Simulation size in gridpoints: 1 x 52 x 14
Refined 0 mesh cells (0%)
Completed meshing!
Meshing complete in 0.000573 seconds of CPU time
left is a duplicate key.
bottom is a duplicate key.
z1 is a duplicate key.
z2 is a duplicate key.
Nx is a duplicate key.
Ny is a duplicate key.
Nz is a duplicate key.
Starting meshing
Simulation size in gridpoints: 1 x 52 x 14
Refined 0 mesh cells (0%)
Completed meshing!
Meshing complete in 0.000741 seconds of CPU time
Starting meshing
Simulation size in gridpoints: 1 x 52 x 14
Refined 0 mesh cells (0%)
Completed meshing!
Meshing complete in 0.000601 seconds of CPU time
Starting meshing
Simulation size in gridpoints: 1 x 52 x 14
Refined 0 mesh cells (0%)
Completed meshing!
Meshing complete in 0.000543 seconds of CPU time
left is a duplicate key.
bottom is a duplicate key.
z1 is a duplicate key.
z2 is a duplicate key.
Nx is a duplicate key.
Ny is a duplicate key.
Nz is a duplicate key.
Starting meshing
Simulation size in gridpoints: 67 x 1 x 14
Refined 0 mesh cells (0%)
Completed meshing!
Meshing complete in 0.000543 seconds of CPU time
Starting meshing
Simulation size in gridpoints: 67 x 1 x 14
Refined 0 mesh cells (0%)
Completed meshing!
Meshing complete in 0.000487 seconds of CPU time
Starting meshing
Simulation size in gridpoints: 67 x 1 x 14
Refined 0 mesh cells (0%)
Completed meshing!
Meshing complete in 0.000541 seconds of CPU time
left is a duplicate key.
bottom is a duplicate key.
z1 is a duplicate key.
z2 is a duplicate key.
Nx is a duplicate key.
Ny is a duplicate key.
Nz is a duplicate key.
Starting meshing
Simulation size in gridpoints: 67 x 1 x 14
Refined 0 mesh cells (0%)
Completed meshing!
Meshing complete in 0.000527 seconds of CPU time
Starting meshing
Simulation size in gridpoints: 67 x 1 x 14
Refined 0 mesh cells (0%)
Completed meshing!
Meshing complete in 0.000459 seconds of CPU time
Starting meshing
Simulation size in gridpoints: 67 x 1 x 14
Refined 0 mesh cells (0%)
Completed meshing!
Meshing complete in 0.000452 seconds of CPU time
left is a duplicate key.
bottom is a duplicate key.
z1 is a duplicate key.
z2 is a duplicate key.
Nx is a duplicate key.
Ny is a duplicate key.
Nz is a duplicate key.
number of processors is 8
processors are distributed as: 4x2x1
Running 3D Simulation
Starting meshing
Simulation size in gridpoints: 119 x 101 x 24
Refined 0 mesh cells (0%)
Completed meshing!
Meshing complete in 0.03104 seconds of CPU time
0 0
Starting meshing
Simulation size in gridpoints: 119 x 101 x 24
Refined 0 mesh cells (0%)
Completed meshing!
Meshing complete in 0.031252 seconds of CPU time
0 0
Starting meshing
Simulation size in gridpoints: 119 x 101 x 24
Refined 0 mesh cells (0%)
Completed meshing!
Meshing complete in 0.167514 seconds of CPU time
0 0
finished material properties
Meshing Time: 0.478323 seconds, Init Electrical Material Time: 0.08495 seconds, Init Magnetic Material Time: 0.00093
Using selected optimization level: 2
Selecting 3d kernel for splitFieldDirection=0 and optLevel=2
-----------------------------------------
Beginning initialization of 3D Simulation
Starting to add sources to simulation
Adding 3D Mode source propagating in X
Using frequency dependent profile
Starting to add boundary conditions to simulation
Adding 3D PML BC
Adding 3D Parallel BC
Adding 3D PML BC
Adding 3D Parallel BC
Adding 3D Symmetric BC
Adding 3D PML BC
Starting to add monitors to Simulation
Adding analysis monitor
Adding 3D DFT monitor
Adding 3D DFT monitor
Adding 3D DFT monitor
Adding 3D DFT monitor
Finished initialization of 3D Simulation
-----------------------------------------
All processes are communicating and ready to proceed to simulation...
Starting 52629 total iterations
0.060803% complete. Max time remaining: 1 hr, 1 min, 52 secs. Auto Shutoff: 1
1.06405% complete. Max time remaining: 1 hr, 6 mins, 4 secs. Auto Shutoff: 1
2.0977% complete. Max time remaining: 1 hr, 2 mins, 14 secs. Auto Shutoff: 1
3.13135% complete. Max time remaining: 58 mins, 16 secs. Auto Shutoff: 0.964647
4.16501% complete. Max time remaining: 56 mins, 14 secs. Auto Shutoff: 0.970377
5.16826% complete. Max time remaining: 55 mins, 2 secs. Auto Shutoff: 0.95005
6.17151% complete. Max time remaining: 54 mins, 1 secs. Auto Shutoff: 0.865091
7.17475% complete. Max time remaining: 52 mins, 23 secs. Auto Shutoff: 0.132461
100% complete. Max time remaining: 0 mins, 0 secs. Auto Shutoff: 3.87381e-06
Early termination of simulation, the autoshutoff criteria are satisfied.
Completed 4239 iterations, or 2.416349e-13s of Simulation Time
Process 0 starting to collect data
    collecting monitor data
    collecting source data
Using frequency dependent profile
Finished collecting data
left is a duplicate key.
bottom is a duplicate key.
z1 is a duplicate key.
z2 is a duplicate key.
Nx is a duplicate key.
Ny is a duplicate key.
Nz is a duplicate key.
left is a duplicate key.
bottom is a duplicate key.
z1 is a duplicate key.
z2 is a duplicate key.
Nx is a duplicate key.
Ny is a duplicate key.
Nz is a duplicate key.
left is a duplicate key.
bottom is a duplicate key.
z1 is a duplicate key.
z2 is a duplicate key.
Nx is a duplicate key.
Ny is a duplicate key.
Nz is a duplicate key.
left is a duplicate key.
bottom is a duplicate key.
z1 is a duplicate key.
z2 is a duplicate key.
Nx is a duplicate key.
Ny is a duplicate key.
Nz is a duplicate key.
Simulation completed successfully at: Fri Aug 19 11:54:05 2022
Overall wall time measurements in seconds: 278.97
    time to mesh and initialize: 3.37815
    time to run FDTD simulation: 273.04
    time to checkpoint simulation: 0
    time to finalize data and save to files: 0.43354
    miscellaneous time: 2.11848
    FDTD solver speed on process 0: 4.47834 Mnodes/s
    total FDTD solver speed on 8 processes: 35.8267 Mnodes/s
