Ansys Lumerical 2020 R2 FDTD Solver Version 8.24.2387 (Windows 64bit)
 expires (month/day/year): 12/31/2035
using config file: Ansys Licensing set with ANSYSLMD_LICENSE_FILE
license host: 
current time: Thu Aug 11 11:59:24 2022
Running on host: DESKTOP-CPAG1MV
host available memory (GB): 9.010139
All processes are communicating and ready to proceed to simulation...
Running fsp file: C:\Program Files\Lumerical\v202\bin\fdtd-engine-msmpi.exe -t 1 -remote -hide D:/AAAAAAAArquivos/Facul/Capacitação/GitHub/Ring-Resonator/Tutorial/ring_resonator_LcSweep3um/LcSweep3um_1.fsp
Starting meshing
Simulation size in gridpoints: 64 x 1 x 17
Refined 0 mesh cells (0%)
Completed meshing!
Meshing complete in 0 seconds of CPU time
Starting meshing
Simulation size in gridpoints: 64 x 1 x 17
Refined 0 mesh cells (0%)
Completed meshing!
Meshing complete in 0 seconds of CPU time
Starting meshing
Simulation size in gridpoints: 64 x 1 x 17
Refined 0 mesh cells (0%)
Completed meshing!
Meshing complete in 0 seconds of CPU time
Starting meshing
Simulation size in gridpoints: 64 x 1 x 17
Refined 0 mesh cells (0%)
Completed meshing!
Meshing complete in 0 seconds of CPU time
Starting meshing
Simulation size in gridpoints: 64 x 1 x 17
Refined 0 mesh cells (0%)
Completed meshing!
Meshing complete in 0 seconds of CPU time
Starting meshing
Simulation size in gridpoints: 64 x 1 x 17
Refined 0 mesh cells (0%)
Completed meshing!
Meshing complete in 0 seconds of CPU time
left is a duplicate key.
bottom is a duplicate key.
z1 is a duplicate key.
z2 is a duplicate key.
Nx is a duplicate key.
Ny is a duplicate key.
Nz is a duplicate key.
Starting meshing
Simulation size in gridpoints: 64 x 1 x 17
Refined 0 mesh cells (0%)
Completed meshing!
Meshing complete in 0 seconds of CPU time
Starting meshing
Simulation size in gridpoints: 64 x 1 x 17
Refined 0 mesh cells (0%)
Completed meshing!
Meshing complete in 0 seconds of CPU time
Starting meshing
Simulation size in gridpoints: 64 x 1 x 17
Refined 0 mesh cells (0%)
Completed meshing!
Meshing complete in 0 seconds of CPU time
left is a duplicate key.
bottom is a duplicate key.
z1 is a duplicate key.
z2 is a duplicate key.
Nx is a duplicate key.
Ny is a duplicate key.
Nz is a duplicate key.
Starting meshing
Simulation size in gridpoints: 64 x 1 x 17
Refined 0 mesh cells (0%)
Completed meshing!
Meshing complete in 0 seconds of CPU time
Starting meshing
Simulation size in gridpoints: 64 x 1 x 17
Refined 0 mesh cells (0%)
Completed meshing!
Meshing complete in 0 seconds of CPU time
Starting meshing
Simulation size in gridpoints: 64 x 1 x 17
Refined 0 mesh cells (0%)
Completed meshing!
Meshing complete in 0 seconds of CPU time
left is a duplicate key.
bottom is a duplicate key.
z1 is a duplicate key.
z2 is a duplicate key.
Nx is a duplicate key.
Ny is a duplicate key.
Nz is a duplicate key.
number of processors is 4
processors are distributed as: 2x2x1
Running 3D Simulation
Starting meshing
Simulation size in gridpoints: 186 x 260 x 27
Refined 0 mesh cells (0%)
Completed meshing!
Meshing complete in 5.95312 seconds of CPU time
0 0
Starting meshing
Simulation size in gridpoints: 186 x 260 x 27
Refined 0 mesh cells (0%)
Completed meshing!
Meshing complete in 5.14062 seconds of CPU time
0 0
Starting meshing
Simulation size in gridpoints: 186 x 260 x 27
Refined 0 mesh cells (0%)
Completed meshing!
Meshing complete in 4.85938 seconds of CPU time
0 0
finished material properties
Meshing Time: 10.9546 seconds, Init Electrical Material Time: 0.135805 seconds, Init Magnetic Material Time: 0.0057563
Using selected optimization level: 2
Selecting 3d kernel for splitFieldDirection=0 and optLevel=2
-----------------------------------------
Beginning initialization of 3D Simulation
Starting to add sources to simulation
Adding 3D Mode source propagating in Y
Using frequency dependent profile
Starting to add boundary conditions to simulation
Adding 3D PML BC
Adding 3D Parallel BC
Adding 3D PML BC
Adding 3D Parallel BC
Adding 3D Symmetric BC
Adding 3D PML BC
Starting to add monitors to Simulation
Adding analysis monitor
Adding 3D DFT monitor
Adding 3D DFT monitor
Adding 3D DFT monitor
Finished initialization of 3D Simulation
-----------------------------------------
All processes are communicating and ready to proceed to simulation...
Starting 65935 total iterations
0.0727988% complete. Max time remaining: 50 mins, 0 secs. Auto Shutoff: 1
1.09198% complete. Max time remaining: 50 mins, 52 secs. Auto Shutoff: 1
2.11116% complete. Max time remaining: 52 mins, 14 secs. Auto Shutoff: 0.992833
3.13035% complete. Max time remaining: 52 mins, 7 secs. Auto Shutoff: 0.95716
4.14953% complete. Max time remaining: 51 mins, 28 secs. Auto Shutoff: 0.927274
5.16871% complete. Max time remaining: 52 mins, 16 secs. Auto Shutoff: 0.904304
6.1879% complete. Max time remaining: 53 mins, 10 secs. Auto Shutoff: 0.869845
7.23135% complete. Max time remaining: 53 mins, 25 secs. Auto Shutoff: 0.0972027
100% complete. Max time remaining: 0 mins, 0 secs. Auto Shutoff: 3.07627e-06
Early termination of simulation, the autoshutoff criteria are satisfied.
Completed 5302 iterations, or 2.412370e-13s of Simulation Time
Process 0 starting to collect data
    collecting monitor data
    collecting source data
Using frequency dependent profile
Finished collecting data
left is a duplicate key.
bottom is a duplicate key.
z1 is a duplicate key.
z2 is a duplicate key.
Nx is a duplicate key.
Ny is a duplicate key.
Nz is a duplicate key.
left is a duplicate key.
bottom is a duplicate key.
z1 is a duplicate key.
z2 is a duplicate key.
Nx is a duplicate key.
Ny is a duplicate key.
Nz is a duplicate key.
left is a duplicate key.
bottom is a duplicate key.
z1 is a duplicate key.
z2 is a duplicate key.
Nx is a duplicate key.
Ny is a duplicate key.
Nz is a duplicate key.
Simulation completed successfully at: Thu Aug 11 12:04:32 2022
Overall wall time measurements in seconds: 309.009
    time to mesh and initialize: 16.5026
    time to run FDTD simulation: 290.152
    time to checkpoint simulation: 6e-07
    time to finalize data and save to files: 0.188942
    miscellaneous time: 2.16573
    FDTD solver speed on process 0: 23.8597 Mnodes/s
    total FDTD solver speed on 4 processes: 95.4387 Mnodes/s
