Ansys Lumerical 2020 R2 FDTD Solver Version 8.24.2387 (Windows 64bit)
 expires (month/day/year): 12/31/2035
using config file: Ansys Licensing set with ANSYSLMD_LICENSE_FILE
license host: 
current time: Thu Aug 11 12:15:55 2022
Running on host: DESKTOP-CPAG1MV
host available memory (GB): 8.027992
All processes are communicating and ready to proceed to simulation...
Running fsp file: C:\Program Files\Lumerical\v202\bin\fdtd-engine-msmpi.exe -t 1 -remote -hide D:/AAAAAAAArquivos/Facul/Capacitação/GitHub/Ring-Resonator/Tutorial/ring_resonator_LcSweep3um/LcSweep3um_4.fsp
Starting meshing
Simulation size in gridpoints: 86 x 1 x 17
Refined 0 mesh cells (0%)
Completed meshing!
Meshing complete in 0 seconds of CPU time
Starting meshing
Simulation size in gridpoints: 86 x 1 x 17
Refined 0 mesh cells (0%)
Completed meshing!
Meshing complete in 0 seconds of CPU time
Starting meshing
Simulation size in gridpoints: 86 x 1 x 17
Refined 0 mesh cells (0%)
Completed meshing!
Meshing complete in 0 seconds of CPU time
Starting meshing
Simulation size in gridpoints: 86 x 1 x 17
Refined 0 mesh cells (0%)
Completed meshing!
Meshing complete in 0 seconds of CPU time
Starting meshing
Simulation size in gridpoints: 86 x 1 x 17
Refined 0 mesh cells (0%)
Completed meshing!
Meshing complete in 0 seconds of CPU time
Starting meshing
Simulation size in gridpoints: 86 x 1 x 17
Refined 0 mesh cells (0%)
Completed meshing!
Meshing complete in 0 seconds of CPU time
left is a duplicate key.
bottom is a duplicate key.
z1 is a duplicate key.
z2 is a duplicate key.
Nx is a duplicate key.
Ny is a duplicate key.
Nz is a duplicate key.
Starting meshing
Simulation size in gridpoints: 86 x 1 x 17
Refined 0 mesh cells (0%)
Completed meshing!
Meshing complete in 0 seconds of CPU time
Starting meshing
Simulation size in gridpoints: 86 x 1 x 17
Refined 0 mesh cells (0%)
Completed meshing!
Meshing complete in 0 seconds of CPU time
Starting meshing
Simulation size in gridpoints: 86 x 1 x 17
Refined 0 mesh cells (0%)
Completed meshing!
Meshing complete in 0 seconds of CPU time
left is a duplicate key.
bottom is a duplicate key.
z1 is a duplicate key.
z2 is a duplicate key.
Nx is a duplicate key.
Ny is a duplicate key.
Nz is a duplicate key.
Starting meshing
Simulation size in gridpoints: 65 x 1 x 17
Refined 0 mesh cells (0%)
Completed meshing!
Meshing complete in 0 seconds of CPU time
Starting meshing
Simulation size in gridpoints: 65 x 1 x 17
Refined 0 mesh cells (0%)
Completed meshing!
Meshing complete in 0.015625 seconds of CPU time
Starting meshing
Simulation size in gridpoints: 65 x 1 x 17
Refined 0 mesh cells (0%)
Completed meshing!
Meshing complete in 0 seconds of CPU time
left is a duplicate key.
bottom is a duplicate key.
z1 is a duplicate key.
z2 is a duplicate key.
Nx is a duplicate key.
Ny is a duplicate key.
Nz is a duplicate key.
number of processors is 4
processors are distributed as: 2x2x1
Running 3D Simulation
Starting meshing
Simulation size in gridpoints: 230 x 260 x 27
Refined 0 mesh cells (0%)
Completed meshing!
Meshing complete in 6.28125 seconds of CPU time
0 0
Starting meshing
Simulation size in gridpoints: 230 x 260 x 27
Refined 0 mesh cells (0%)
Completed meshing!
Meshing complete in 5.5 seconds of CPU time
0 0
Starting meshing
Simulation size in gridpoints: 230 x 260 x 27
Refined 0 mesh cells (0%)
Completed meshing!
Meshing complete in 5.35938 seconds of CPU time
0 0
finished material properties
Meshing Time: 11.7695 seconds, Init Electrical Material Time: 0.169799 seconds, Init Magnetic Material Time: 0.007358
Using selected optimization level: 2
Selecting 3d kernel for splitFieldDirection=0 and optLevel=2
-----------------------------------------
Beginning initialization of 3D Simulation
Starting to add sources to simulation
Adding 3D Mode source propagating in Y
Using frequency dependent profile
Starting to add boundary conditions to simulation
Adding 3D PML BC
Adding 3D Parallel BC
Adding 3D PML BC
Adding 3D Parallel BC
Adding 3D Symmetric BC
Adding 3D PML BC
Starting to add monitors to Simulation
Adding analysis monitor
Adding 3D DFT monitor
Adding 3D DFT monitor
Adding 3D DFT monitor
Finished initialization of 3D Simulation
-----------------------------------------
All processes are communicating and ready to proceed to simulation...
Starting 65900 total iterations
0.0728373% complete. Max time remaining: 1 hr, 1 min, 2 secs. Auto Shutoff: 1
1.09256% complete. Max time remaining: 1 hr, 1 min, 53 secs. Auto Shutoff: 1
2.11228% complete. Max time remaining: 1 hr, 1 min, 9 secs. Auto Shutoff: 0.988219
3.15628% complete. Max time remaining: 1 hr, 36 secs. Auto Shutoff: 0.955938
4.176% complete. Max time remaining: 59 mins, 49 secs. Auto Shutoff: 0.94277
5.19572% complete. Max time remaining: 59 mins, 3 secs. Auto Shutoff: 0.900845
6.21545% complete. Max time remaining: 58 mins, 20 secs. Auto Shutoff: 0.866715
7.23517% complete. Max time remaining: 57 mins, 36 secs. Auto Shutoff: 0.180499
8.25489% complete. Max time remaining: 56 mins, 55 secs. Auto Shutoff: 0.00134807
100% complete. Max time remaining: 0 mins, 0 secs. Auto Shutoff: 9.1628e-06
Early termination of simulation, the autoshutoff criteria are satisfied.
Completed 5705 iterations, or 2.597104e-13s of Simulation Time
Process 0 starting to collect data
    collecting monitor data
    collecting source data
Using frequency dependent profile
Finished collecting data
left is a duplicate key.
bottom is a duplicate key.
z1 is a duplicate key.
z2 is a duplicate key.
Nx is a duplicate key.
Ny is a duplicate key.
Nz is a duplicate key.
left is a duplicate key.
bottom is a duplicate key.
z1 is a duplicate key.
z2 is a duplicate key.
Nx is a duplicate key.
Ny is a duplicate key.
Nz is a duplicate key.
left is a duplicate key.
bottom is a duplicate key.
z1 is a duplicate key.
z2 is a duplicate key.
Nx is a duplicate key.
Ny is a duplicate key.
Nz is a duplicate key.
Simulation completed successfully at: Thu Aug 11 12:21:36 2022
Overall wall time measurements in seconds: 342.192
    time to mesh and initialize: 17.7377
    time to run FDTD simulation: 322.12
    time to checkpoint simulation: 6e-07
    time to finalize data and save to files: 0.170072
    miscellaneous time: 2.16501
    FDTD solver speed on process 0: 28.5959 Mnodes/s
    total FDTD solver speed on 4 processes: 114.384 Mnodes/s
