Ansys Lumerical 2020 R2 FDTD Solver Version 8.24.2387 (Windows 64bit)
 expires (month/day/year): 12/31/2035
using config file: Ansys Licensing set with ANSYSLMD_LICENSE_FILE
license host: 
current time: Fri Aug 19 00:36:43 2022
Running on host: DESKTOP-CPAG1MV
host available memory (GB): 8.907534
All processes are communicating and ready to proceed to simulation...
Running fsp file: C:\Program Files\Lumerical\v202\bin\fdtd-engine-msmpi.exe -t 1 -remote -hide D:/AAAAAAAArquivos/Facul/Capacitação/GitHub/Ring-Resonator/Tutorial/ring_resonator_175nmGapSweep(Lc=0)/175nmGapSweep(Lc=0)_3.fsp
Starting meshing
Simulation size in gridpoints: 1 x 51 x 14
Refined 0 mesh cells (0%)
Completed meshing!
Meshing complete in 0 seconds of CPU time
Starting meshing
Simulation size in gridpoints: 1 x 51 x 14
Refined 0 mesh cells (0%)
Completed meshing!
Meshing complete in 0 seconds of CPU time
Starting meshing
Simulation size in gridpoints: 1 x 51 x 14
Refined 0 mesh cells (0%)
Completed meshing!
Meshing complete in 0 seconds of CPU time
left is a duplicate key.
bottom is a duplicate key.
z1 is a duplicate key.
z2 is a duplicate key.
Nx is a duplicate key.
Ny is a duplicate key.
Nz is a duplicate key.
Starting meshing
Simulation size in gridpoints: 1 x 51 x 14
Refined 0 mesh cells (0%)
Completed meshing!
Meshing complete in 0.015625 seconds of CPU time
Starting meshing
Simulation size in gridpoints: 1 x 51 x 14
Refined 0 mesh cells (0%)
Completed meshing!
Meshing complete in 0 seconds of CPU time
Starting meshing
Simulation size in gridpoints: 1 x 51 x 14
Refined 0 mesh cells (0%)
Completed meshing!
Meshing complete in 0 seconds of CPU time
left is a duplicate key.
bottom is a duplicate key.
z1 is a duplicate key.
z2 is a duplicate key.
Nx is a duplicate key.
Ny is a duplicate key.
Nz is a duplicate key.
Starting meshing
Simulation size in gridpoints: 67 x 1 x 14
Refined 0 mesh cells (0%)
Completed meshing!
Meshing complete in 0 seconds of CPU time
Starting meshing
Simulation size in gridpoints: 67 x 1 x 14
Refined 0 mesh cells (0%)
Completed meshing!
Meshing complete in 0 seconds of CPU time
Starting meshing
Simulation size in gridpoints: 67 x 1 x 14
Refined 0 mesh cells (0%)
Completed meshing!
Meshing complete in 0 seconds of CPU time
Starting meshing
Simulation size in gridpoints: 67 x 1 x 14
Refined 0 mesh cells (0%)
Completed meshing!
Meshing complete in 0 seconds of CPU time
Starting meshing
Simulation size in gridpoints: 67 x 1 x 14
Refined 0 mesh cells (0%)
Completed meshing!
Meshing complete in 0 seconds of CPU time
Starting meshing
Simulation size in gridpoints: 67 x 1 x 14
Refined 0 mesh cells (0%)
Completed meshing!
Meshing complete in 0.015625 seconds of CPU time
left is a duplicate key.
bottom is a duplicate key.
z1 is a duplicate key.
z2 is a duplicate key.
Nx is a duplicate key.
Ny is a duplicate key.
Nz is a duplicate key.
Starting meshing
Simulation size in gridpoints: 67 x 1 x 14
Refined 0 mesh cells (0%)
Completed meshing!
Meshing complete in 0 seconds of CPU time
Starting meshing
Simulation size in gridpoints: 67 x 1 x 14
Refined 0 mesh cells (0%)
Completed meshing!
Meshing complete in 0 seconds of CPU time
Starting meshing
Simulation size in gridpoints: 67 x 1 x 14
Refined 0 mesh cells (0%)
Completed meshing!
Meshing complete in 0 seconds of CPU time
left is a duplicate key.
bottom is a duplicate key.
z1 is a duplicate key.
z2 is a duplicate key.
Nx is a duplicate key.
Ny is a duplicate key.
Nz is a duplicate key.
number of processors is 4
processors are distributed as: 2x2x1
Running 3D Simulation
Starting meshing
Simulation size in gridpoints: 237 x 138 x 24
Refined 0 mesh cells (0%)
Completed meshing!
Meshing complete in 0.78125 seconds of CPU time
0 0
Starting meshing
Simulation size in gridpoints: 237 x 138 x 24
Refined 0 mesh cells (0%)
Completed meshing!
Meshing complete in 0.8125 seconds of CPU time
0 0
Starting meshing
Simulation size in gridpoints: 237 x 138 x 24
Refined 0 mesh cells (0%)
Completed meshing!
Meshing complete in 1.65625 seconds of CPU time
0 0
finished material properties
Meshing Time: 2.54936 seconds, Init Electrical Material Time: 0.0967248 seconds, Init Magnetic Material Time: 0.0037972
Using selected optimization level: 2
Selecting 3d kernel for splitFieldDirection=0 and optLevel=2
-----------------------------------------
Beginning initialization of 3D Simulation
Starting to add sources to simulation
Adding 3D Mode source propagating in Y
Using frequency dependent profile
Starting to add boundary conditions to simulation
Adding 3D PML BC
Adding 3D Parallel BC
Adding 3D PML BC
Adding 3D Parallel BC
Adding 3D Symmetric BC
Adding 3D PML BC
Starting to add monitors to Simulation
Adding analysis monitor
Adding 3D DFT monitor
Adding 3D DFT monitor
Adding 3D DFT monitor
Adding 3D DFT monitor
Finished initialization of 3D Simulation
-----------------------------------------
All processes are communicating and ready to proceed to simulation...
Starting 51929 total iterations
0.0924336% complete. Max time remaining: 24 mins, 29 secs. Auto Shutoff: 1
1.20164% complete. Max time remaining: 24 mins, 42 secs. Auto Shutoff: 1
2.31084% complete. Max time remaining: 24 mins, 17 secs. Auto Shutoff: 0.934582
3.42004% complete. Max time remaining: 23 mins, 52 secs. Auto Shutoff: 0.913103
4.52925% complete. Max time remaining: 23 mins, 35 secs. Auto Shutoff: 0.884806
5.63845% complete. Max time remaining: 23 mins, 15 secs. Auto Shutoff: 0.883562
6.74765% complete. Max time remaining: 22 mins, 56 secs. Auto Shutoff: 0.800117
7.85686% complete. Max time remaining: 22 mins, 38 secs. Auto Shutoff: 0.15153
8.96606% complete. Max time remaining: 22 mins, 21 secs. Auto Shutoff: 0.071163
10.0753% complete. Max time remaining: 22 mins, 3 secs. Auto Shutoff: 0.0677274
11.1845% complete. Max time remaining: 21 mins, 49 secs. Auto Shutoff: 0.0698651
12.2937% complete. Max time remaining: 21 mins, 32 secs. Auto Shutoff: 0.0677923
13.4029% complete. Max time remaining: 21 mins, 15 secs. Auto Shutoff: 0.064885
14.5121% complete. Max time remaining: 20 mins, 58 secs. Auto Shutoff: 0.0608476
15.6213% complete. Max time remaining: 20 mins, 41 secs. Auto Shutoff: 0.00675885
16.7305% complete. Max time remaining: 20 mins, 24 secs. Auto Shutoff: 0.00595237
17.7781% complete. Max time remaining: 20 mins, 13 secs. Auto Shutoff: 0.00618551
18.8873% complete. Max time remaining: 19 mins, 60 secs. Auto Shutoff: 0.00624408
19.9965% complete. Max time remaining: 19 mins, 43 secs. Auto Shutoff: 0.00593811
21.1057% complete. Max time remaining: 19 mins, 25 secs. Auto Shutoff: 0.00563398
22.2149% complete. Max time remaining: 19 mins, 8 secs. Auto Shutoff: 0.000971845
23.3241% complete. Max time remaining: 18 mins, 51 secs. Auto Shutoff: 0.000601018
24.4333% complete. Max time remaining: 18 mins, 34 secs. Auto Shutoff: 0.00058787
25.5425% complete. Max time remaining: 18 mins, 18 secs. Auto Shutoff: 0.000568554
26.6517% complete. Max time remaining: 18 mins, 1 secs. Auto Shutoff: 0.000583304
27.7609% complete. Max time remaining: 17 mins, 44 secs. Auto Shutoff: 0.000568602
28.8701% complete. Max time remaining: 17 mins, 27 secs. Auto Shutoff: 0.00033854
29.9793% complete. Max time remaining: 17 mins, 11 secs. Auto Shutoff: 6.70086e-05
31.0885% complete. Max time remaining: 16 mins, 54 secs. Auto Shutoff: 5.81185e-05
32.1977% complete. Max time remaining: 16 mins, 38 secs. Auto Shutoff: 5.68556e-05
33.3069% complete. Max time remaining: 16 mins, 21 secs. Auto Shutoff: 5.96117e-05
34.4161% complete. Max time remaining: 16 mins, 4 secs. Auto Shutoff: 5.86223e-05
35.5253% complete. Max time remaining: 15 mins, 48 secs. Auto Shutoff: 5.56772e-05
36.5325% complete. Max time remaining: 15 mins, 33 secs. Auto Shutoff: 8.51762e-06
100% complete. Max time remaining: 0 mins, 0 secs. Auto Shutoff: 8.51762e-06
Early termination of simulation, the autoshutoff criteria are satisfied.
Completed 18971 iterations, or 1.095974e-12s of Simulation Time
Process 0 starting to collect data
    collecting monitor data
    collecting source data
Using frequency dependent profile
Finished collecting data
left is a duplicate key.
bottom is a duplicate key.
z1 is a duplicate key.
z2 is a duplicate key.
Nx is a duplicate key.
Ny is a duplicate key.
Nz is a duplicate key.
left is a duplicate key.
bottom is a duplicate key.
z1 is a duplicate key.
z2 is a duplicate key.
Nx is a duplicate key.
Ny is a duplicate key.
Nz is a duplicate key.
left is a duplicate key.
bottom is a duplicate key.
z1 is a duplicate key.
z2 is a duplicate key.
Nx is a duplicate key.
Ny is a duplicate key.
Nz is a duplicate key.
left is a duplicate key.
bottom is a duplicate key.
z1 is a duplicate key.
z2 is a duplicate key.
Nx is a duplicate key.
Ny is a duplicate key.
Nz is a duplicate key.
Simulation completed successfully at: Fri Aug 19 00:45:54 2022
Overall wall time measurements in seconds: 552.317
    time to mesh and initialize: 13.0926
    time to run FDTD simulation: 536.933
    time to checkpoint simulation: 5e-07
    time to finalize data and save to files: 0.128929
    miscellaneous time: 2.16205
    FDTD solver speed on process 0: 27.7338 Mnodes/s
    total FDTD solver speed on 4 processes: 110.935 Mnodes/s
