Ansys Lumerical 2020 R2 FDTD Solver Version 8.24.2387 (Windows 64bit)
 expires (month/day/year): 12/31/2035
using config file: Ansys Licensing set with ANSYSLMD_LICENSE_FILE
license host: 
current time: Fri Aug 19 00:21:59 2022
Running on host: DESKTOP-CPAG1MV
host available memory (GB): 8.609640
All processes are communicating and ready to proceed to simulation...
Running fsp file: C:\Program Files\Lumerical\v202\bin\fdtd-engine-msmpi.exe -t 1 -remote -hide D:/AAAAAAAArquivos/Facul/Capacitação/GitHub/Ring-Resonator/Tutorial/ring_resonator_175nmGapSweep(Lc=0)/175nmGapSweep(Lc=0)_1.fsp
Starting meshing
Simulation size in gridpoints: 1 x 51 x 14
Refined 0 mesh cells (0%)
Completed meshing!
Meshing complete in 0 seconds of CPU time
Starting meshing
Simulation size in gridpoints: 1 x 51 x 14
Refined 0 mesh cells (0%)
Completed meshing!
Meshing complete in 0 seconds of CPU time
Starting meshing
Simulation size in gridpoints: 1 x 51 x 14
Refined 0 mesh cells (0%)
Completed meshing!
Meshing complete in 0.015625 seconds of CPU time
Starting meshing
Simulation size in gridpoints: 1 x 51 x 14
Refined 0 mesh cells (0%)
Completed meshing!
Meshing complete in 0 seconds of CPU time
Starting meshing
Simulation size in gridpoints: 1 x 51 x 14
Refined 0 mesh cells (0%)
Completed meshing!
Meshing complete in 0 seconds of CPU time
Starting meshing
Simulation size in gridpoints: 1 x 51 x 14
Refined 0 mesh cells (0%)
Completed meshing!
Meshing complete in 0 seconds of CPU time
left is a duplicate key.
bottom is a duplicate key.
z1 is a duplicate key.
z2 is a duplicate key.
Nx is a duplicate key.
Ny is a duplicate key.
Nz is a duplicate key.
Starting meshing
Simulation size in gridpoints: 1 x 51 x 14
Refined 0 mesh cells (0%)
Completed meshing!
Meshing complete in 0 seconds of CPU time
Starting meshing
Simulation size in gridpoints: 1 x 51 x 14
Refined 0 mesh cells (0%)
Completed meshing!
Meshing complete in 0 seconds of CPU time
Starting meshing
Simulation size in gridpoints: 1 x 51 x 14
Refined 0 mesh cells (0%)
Completed meshing!
Meshing complete in 0 seconds of CPU time
left is a duplicate key.
bottom is a duplicate key.
z1 is a duplicate key.
z2 is a duplicate key.
Nx is a duplicate key.
Ny is a duplicate key.
Nz is a duplicate key.
Starting meshing
Simulation size in gridpoints: 67 x 1 x 14
Refined 0 mesh cells (0%)
Completed meshing!
Meshing complete in 0 seconds of CPU time
Starting meshing
Simulation size in gridpoints: 67 x 1 x 14
Refined 0 mesh cells (0%)
Completed meshing!
Meshing complete in 0 seconds of CPU time
Starting meshing
Simulation size in gridpoints: 67 x 1 x 14
Refined 0 mesh cells (0%)
Completed meshing!
Meshing complete in 0 seconds of CPU time
left is a duplicate key.
bottom is a duplicate key.
z1 is a duplicate key.
z2 is a duplicate key.
Nx is a duplicate key.
Ny is a duplicate key.
Nz is a duplicate key.
Starting meshing
Simulation size in gridpoints: 67 x 1 x 14
Refined 0 mesh cells (0%)
Completed meshing!
Meshing complete in 0 seconds of CPU time
Starting meshing
Simulation size in gridpoints: 67 x 1 x 14
Refined 0 mesh cells (0%)
Completed meshing!
Meshing complete in 0 seconds of CPU time
Starting meshing
Simulation size in gridpoints: 67 x 1 x 14
Refined 0 mesh cells (0%)
Completed meshing!
Meshing complete in 0 seconds of CPU time
left is a duplicate key.
bottom is a duplicate key.
z1 is a duplicate key.
z2 is a duplicate key.
Nx is a duplicate key.
Ny is a duplicate key.
Nz is a duplicate key.
number of processors is 4
processors are distributed as: 2x2x1
Running 3D Simulation
Starting meshing
Simulation size in gridpoints: 237 x 138 x 24
Refined 0 mesh cells (0%)
Completed meshing!
Meshing complete in 0.84375 seconds of CPU time
0 0
Starting meshing
Simulation size in gridpoints: 237 x 138 x 24
Refined 0 mesh cells (0%)
Completed meshing!
Meshing complete in 0.796875 seconds of CPU time
0 0
Starting meshing
Simulation size in gridpoints: 237 x 138 x 24
Refined 0 mesh cells (0%)
Completed meshing!
Meshing complete in 1.60938 seconds of CPU time
0 0
finished material properties
Meshing Time: 2.51873 seconds, Init Electrical Material Time: 0.0889098 seconds, Init Magnetic Material Time: 0.0035197
Using selected optimization level: 2
Selecting 3d kernel for splitFieldDirection=0 and optLevel=2
-----------------------------------------
Beginning initialization of 3D Simulation
Starting to add sources to simulation
Adding 3D Mode source propagating in X
Using frequency dependent profile
Starting to add boundary conditions to simulation
Adding 3D PML BC
Adding 3D Parallel BC
Adding 3D PML BC
Adding 3D Parallel BC
Adding 3D Symmetric BC
Adding 3D PML BC
Starting to add monitors to Simulation
Adding analysis monitor
Adding 3D DFT monitor
Adding 3D DFT monitor
Adding 3D DFT monitor
Adding 3D DFT monitor
Finished initialization of 3D Simulation
-----------------------------------------
All processes are communicating and ready to proceed to simulation...
Starting 51929 total iterations
0.0924336% complete. Max time remaining: 24 mins, 14 secs. Auto Shutoff: 1
1.20164% complete. Max time remaining: 24 mins, 26 secs. Auto Shutoff: 1
2.31084% complete. Max time remaining: 24 mins, 3 secs. Auto Shutoff: 0.989936
3.42004% complete. Max time remaining: 23 mins, 40 secs. Auto Shutoff: 0.988748
4.52925% complete. Max time remaining: 23 mins, 22 secs. Auto Shutoff: 0.980206
5.63845% complete. Max time remaining: 23 mins, 5 secs. Auto Shutoff: 0.956364
6.74765% complete. Max time remaining: 22 mins, 48 secs. Auto Shutoff: 0.837112
7.85686% complete. Max time remaining: 22 mins, 32 secs. Auto Shutoff: 0.0201725
8.96606% complete. Max time remaining: 22 mins, 16 secs. Auto Shutoff: 0.0088479
10.0136% complete. Max time remaining: 22 mins, 4 secs. Auto Shutoff: 0.0077498
11.1228% complete. Max time remaining: 21 mins, 48 secs. Auto Shutoff: 0.00756897
12.232% complete. Max time remaining: 21 mins, 31 secs. Auto Shutoff: 0.00699845
13.3413% complete. Max time remaining: 21 mins, 15 secs. Auto Shutoff: 0.00623351
14.4505% complete. Max time remaining: 20 mins, 58 secs. Auto Shutoff: 0.00343977
15.5597% complete. Max time remaining: 20 mins, 41 secs. Auto Shutoff: 0.000539429
16.6689% complete. Max time remaining: 20 mins, 25 secs. Auto Shutoff: 0.000440078
17.7781% complete. Max time remaining: 20 mins, 9 secs. Auto Shutoff: 0.000439981
18.8873% complete. Max time remaining: 19 mins, 52 secs. Auto Shutoff: 0.000421059
19.9965% complete. Max time remaining: 19 mins, 36 secs. Auto Shutoff: 0.000417304
21.1057% complete. Max time remaining: 19 mins, 19 secs. Auto Shutoff: 0.000358516
22.2149% complete. Max time remaining: 19 mins, 3 secs. Auto Shutoff: 6.20633e-05
23.3241% complete. Max time remaining: 18 mins, 46 secs. Auto Shutoff: 3.39895e-05
24.4333% complete. Max time remaining: 18 mins, 30 secs. Auto Shutoff: 3.28383e-05
25.5425% complete. Max time remaining: 18 mins, 13 secs. Auto Shutoff: 3.16166e-05
26.6517% complete. Max time remaining: 17 mins, 57 secs. Auto Shutoff: 3.12271e-05
27.7609% complete. Max time remaining: 17 mins, 40 secs. Auto Shutoff: 3.00088e-05
28.8701% complete. Max time remaining: 17 mins, 24 secs. Auto Shutoff: 1.70666e-05
100% complete. Max time remaining: 0 mins, 0 secs. Auto Shutoff: 9.70289e-06
Early termination of simulation, the autoshutoff criteria are satisfied.
Completed 15032 iterations, or 8.684139e-13s of Simulation Time
Process 0 starting to collect data
    collecting monitor data
    collecting source data
Using frequency dependent profile
Finished collecting data
left is a duplicate key.
bottom is a duplicate key.
z1 is a duplicate key.
z2 is a duplicate key.
Nx is a duplicate key.
Ny is a duplicate key.
Nz is a duplicate key.
left is a duplicate key.
bottom is a duplicate key.
z1 is a duplicate key.
z2 is a duplicate key.
Nx is a duplicate key.
Ny is a duplicate key.
Nz is a duplicate key.
left is a duplicate key.
bottom is a duplicate key.
z1 is a duplicate key.
z2 is a duplicate key.
Nx is a duplicate key.
Ny is a duplicate key.
Nz is a duplicate key.
left is a duplicate key.
bottom is a duplicate key.
z1 is a duplicate key.
z2 is a duplicate key.
Nx is a duplicate key.
Ny is a duplicate key.
Nz is a duplicate key.
Simulation completed successfully at: Fri Aug 19 00:29:18 2022
Overall wall time measurements in seconds: 440.405
    time to mesh and initialize: 13.2683
    time to run FDTD simulation: 424.865
    time to checkpoint simulation: 5e-07
    time to finalize data and save to files: 0.121407
    miscellaneous time: 2.15016
    FDTD solver speed on process 0: 27.7718 Mnodes/s
    total FDTD solver speed on 4 processes: 111.087 Mnodes/s
