Ansys Lumerical 2020 R2 FDTD Solver Version 8.24.2387 (Windows 64bit)
 expires (month/day/year): 12/31/2035
using config file: Ansys Licensing set with ANSYSLMD_LICENSE_FILE
license host: 
current time: Fri Aug 19 00:29:20 2022
Running on host: DESKTOP-CPAG1MV
host available memory (GB): 8.854077
All processes are communicating and ready to proceed to simulation...
Running fsp file: C:\Program Files\Lumerical\v202\bin\fdtd-engine-msmpi.exe -t 1 -remote -hide D:/AAAAAAAArquivos/Facul/Capacitação/GitHub/Ring-Resonator/Tutorial/ring_resonator_175nmGapSweep(Lc=0)/175nmGapSweep(Lc=0)_2.fsp
Starting meshing
Simulation size in gridpoints: 1 x 51 x 14
Refined 0 mesh cells (0%)
Completed meshing!
Meshing complete in 0 seconds of CPU time
Starting meshing
Simulation size in gridpoints: 1 x 51 x 14
Refined 0 mesh cells (0%)
Completed meshing!
Meshing complete in 0 seconds of CPU time
Starting meshing
Simulation size in gridpoints: 1 x 51 x 14
Refined 0 mesh cells (0%)
Completed meshing!
Meshing complete in 0 seconds of CPU time
left is a duplicate key.
bottom is a duplicate key.
z1 is a duplicate key.
z2 is a duplicate key.
Nx is a duplicate key.
Ny is a duplicate key.
Nz is a duplicate key.
Starting meshing
Simulation size in gridpoints: 1 x 51 x 14
Refined 0 mesh cells (0%)
Completed meshing!
Meshing complete in 0 seconds of CPU time
Starting meshing
Simulation size in gridpoints: 1 x 51 x 14
Refined 0 mesh cells (0%)
Completed meshing!
Meshing complete in 0 seconds of CPU time
Starting meshing
Simulation size in gridpoints: 1 x 51 x 14
Refined 0 mesh cells (0%)
Completed meshing!
Meshing complete in 0.015625 seconds of CPU time
Starting meshing
Simulation size in gridpoints: 1 x 51 x 14
Refined 0 mesh cells (0%)
Completed meshing!
Meshing complete in 0 seconds of CPU time
Starting meshing
Simulation size in gridpoints: 1 x 51 x 14
Refined 0 mesh cells (0%)
Completed meshing!
Meshing complete in 0 seconds of CPU time
Starting meshing
Simulation size in gridpoints: 1 x 51 x 14
Refined 0 mesh cells (0%)
Completed meshing!
Meshing complete in 0 seconds of CPU time
left is a duplicate key.
bottom is a duplicate key.
z1 is a duplicate key.
z2 is a duplicate key.
Nx is a duplicate key.
Ny is a duplicate key.
Nz is a duplicate key.
Starting meshing
Simulation size in gridpoints: 67 x 1 x 14
Refined 0 mesh cells (0%)
Completed meshing!
Meshing complete in 0 seconds of CPU time
Starting meshing
Simulation size in gridpoints: 67 x 1 x 14
Refined 0 mesh cells (0%)
Completed meshing!
Meshing complete in 0 seconds of CPU time
Starting meshing
Simulation size in gridpoints: 67 x 1 x 14
Refined 0 mesh cells (0%)
Completed meshing!
Meshing complete in 0 seconds of CPU time
left is a duplicate key.
bottom is a duplicate key.
z1 is a duplicate key.
z2 is a duplicate key.
Nx is a duplicate key.
Ny is a duplicate key.
Nz is a duplicate key.
Starting meshing
Simulation size in gridpoints: 67 x 1 x 14
Refined 0 mesh cells (0%)
Completed meshing!
Meshing complete in 0 seconds of CPU time
Starting meshing
Simulation size in gridpoints: 67 x 1 x 14
Refined 0 mesh cells (0%)
Completed meshing!
Meshing complete in 0 seconds of CPU time
Starting meshing
Simulation size in gridpoints: 67 x 1 x 14
Refined 0 mesh cells (0%)
Completed meshing!
Meshing complete in 0 seconds of CPU time
left is a duplicate key.
bottom is a duplicate key.
z1 is a duplicate key.
z2 is a duplicate key.
Nx is a duplicate key.
Ny is a duplicate key.
Nz is a duplicate key.
number of processors is 4
processors are distributed as: 2x2x1
Running 3D Simulation
Starting meshing
Simulation size in gridpoints: 237 x 138 x 24
Refined 0 mesh cells (0%)
Completed meshing!
Meshing complete in 0.875 seconds of CPU time
0 0
Starting meshing
Simulation size in gridpoints: 237 x 138 x 24
Refined 0 mesh cells (0%)
Completed meshing!
Meshing complete in 0.796875 seconds of CPU time
0 0
Starting meshing
Simulation size in gridpoints: 237 x 138 x 24
Refined 0 mesh cells (0%)
Completed meshing!
Meshing complete in 1.57812 seconds of CPU time
0 0
finished material properties
Meshing Time: 2.52915 seconds, Init Electrical Material Time: 0.105111 seconds, Init Magnetic Material Time: 0.0035665
Using selected optimization level: 2
Selecting 3d kernel for splitFieldDirection=0 and optLevel=2
-----------------------------------------
Beginning initialization of 3D Simulation
Starting to add sources to simulation
Adding 3D Mode source propagating in X
Using frequency dependent profile
Starting to add boundary conditions to simulation
Adding 3D PML BC
Adding 3D Parallel BC
Adding 3D PML BC
Adding 3D Parallel BC
Adding 3D Symmetric BC
Adding 3D PML BC
Starting to add monitors to Simulation
Adding analysis monitor
Adding 3D DFT monitor
Adding 3D DFT monitor
Adding 3D DFT monitor
Adding 3D DFT monitor
Finished initialization of 3D Simulation
-----------------------------------------
All processes are communicating and ready to proceed to simulation...
Starting 51929 total iterations
0.0924336% complete. Max time remaining: 24 mins, 3 secs. Auto Shutoff: 1
1.20164% complete. Max time remaining: 24 mins, 30 secs. Auto Shutoff: 1
2.31084% complete. Max time remaining: 24 mins, 7 secs. Auto Shutoff: 0.990132
3.42004% complete. Max time remaining: 23 mins, 45 secs. Auto Shutoff: 0.988922
4.52925% complete. Max time remaining: 23 mins, 27 secs. Auto Shutoff: 0.980362
5.63845% complete. Max time remaining: 23 mins, 9 secs. Auto Shutoff: 0.956507
6.74765% complete. Max time remaining: 22 mins, 51 secs. Auto Shutoff: 0.83807
7.85686% complete. Max time remaining: 22 mins, 34 secs. Auto Shutoff: 0.0202832
8.96606% complete. Max time remaining: 22 mins, 18 secs. Auto Shutoff: 0.00885177
10.0753% complete. Max time remaining: 22 mins, 1 secs. Auto Shutoff: 0.00773692
11.1845% complete. Max time remaining: 21 mins, 45 secs. Auto Shutoff: 0.00756528
12.2937% complete. Max time remaining: 21 mins, 29 secs. Auto Shutoff: 0.00699931
13.4029% complete. Max time remaining: 21 mins, 13 secs. Auto Shutoff: 0.00597522
14.5121% complete. Max time remaining: 20 mins, 57 secs. Auto Shutoff: 0.00345763
15.6213% complete. Max time remaining: 20 mins, 40 secs. Auto Shutoff: 0.000540006
16.7305% complete. Max time remaining: 20 mins, 24 secs. Auto Shutoff: 0.000440495
17.7781% complete. Max time remaining: 20 mins, 12 secs. Auto Shutoff: 0.000438229
18.8873% complete. Max time remaining: 19 mins, 56 secs. Auto Shutoff: 0.000421047
19.9965% complete. Max time remaining: 19 mins, 42 secs. Auto Shutoff: 0.000417357
21.1057% complete. Max time remaining: 19 mins, 25 secs. Auto Shutoff: 0.000358843
22.2149% complete. Max time remaining: 19 mins, 8 secs. Auto Shutoff: 6.23441e-05
23.3241% complete. Max time remaining: 18 mins, 52 secs. Auto Shutoff: 3.3999e-05
24.4333% complete. Max time remaining: 18 mins, 35 secs. Auto Shutoff: 3.28646e-05
25.5425% complete. Max time remaining: 18 mins, 19 secs. Auto Shutoff: 3.16746e-05
26.6517% complete. Max time remaining: 18 mins, 2 secs. Auto Shutoff: 3.12318e-05
27.7609% complete. Max time remaining: 17 mins, 45 secs. Auto Shutoff: 3.00145e-05
28.8701% complete. Max time remaining: 17 mins, 29 secs. Auto Shutoff: 1.72012e-05
100% complete. Max time remaining: 0 mins, 0 secs. Auto Shutoff: 9.74123e-06
Early termination of simulation, the autoshutoff criteria are satisfied.
Completed 15032 iterations, or 8.684139e-13s of Simulation Time
Process 0 starting to collect data
    collecting monitor data
    collecting source data
Using frequency dependent profile
Finished collecting data
left is a duplicate key.
bottom is a duplicate key.
z1 is a duplicate key.
z2 is a duplicate key.
Nx is a duplicate key.
Ny is a duplicate key.
Nz is a duplicate key.
left is a duplicate key.
bottom is a duplicate key.
z1 is a duplicate key.
z2 is a duplicate key.
Nx is a duplicate key.
Ny is a duplicate key.
Nz is a duplicate key.
left is a duplicate key.
bottom is a duplicate key.
z1 is a duplicate key.
z2 is a duplicate key.
Nx is a duplicate key.
Ny is a duplicate key.
Nz is a duplicate key.
left is a duplicate key.
bottom is a duplicate key.
z1 is a duplicate key.
z2 is a duplicate key.
Nx is a duplicate key.
Ny is a duplicate key.
Nz is a duplicate key.
Simulation completed successfully at: Fri Aug 19 00:36:41 2022
Overall wall time measurements in seconds: 442.156
    time to mesh and initialize: 13.0957
    time to run FDTD simulation: 426.746
    time to checkpoint simulation: 4e-07
    time to finalize data and save to files: 0.12479
    miscellaneous time: 2.18956
    FDTD solver speed on process 0: 27.6494 Mnodes/s
    total FDTD solver speed on 4 processes: 110.598 Mnodes/s
