Ansys Lumerical 2020 R2 FDTD Solver Version 8.24.2387 (Windows 64bit)
 expires (month/day/year): 12/31/2035
using config file: Ansys Licensing set with ANSYSLMD_LICENSE_FILE
license host: 
current time: Fri Aug 19 08:33:41 2022
Running on host: DESKTOP-CPAG1MV
host available memory (GB): 8.547975
All processes are communicating and ready to proceed to simulation...
Running fsp file: C:\Program Files\Lumerical\v202\bin\fdtd-engine-msmpi.exe -t 1 -remote -hide D:/AAAAAAAArquivos/Facul/Capacitação/GitHub/Ring-Resonator/Tutorial/ring_resonator_200nmGapSweep(Lc=1,5μm)/200nmGapSweep(Lc=1,5μm)_1.fsp
Starting meshing
Simulation size in gridpoints: 1 x 51 x 14
Refined 0 mesh cells (0%)
Completed meshing!
Meshing complete in 0 seconds of CPU time
Starting meshing
Simulation size in gridpoints: 1 x 51 x 14
Refined 0 mesh cells (0%)
Completed meshing!
Meshing complete in 0 seconds of CPU time
Starting meshing
Simulation size in gridpoints: 1 x 51 x 14
Refined 0 mesh cells (0%)
Completed meshing!
Meshing complete in 0 seconds of CPU time
Starting meshing
Simulation size in gridpoints: 1 x 51 x 14
Refined 0 mesh cells (0%)
Completed meshing!
Meshing complete in 0 seconds of CPU time
Starting meshing
Simulation size in gridpoints: 1 x 51 x 14
Refined 0 mesh cells (0%)
Completed meshing!
Meshing complete in 0 seconds of CPU time
Starting meshing
Simulation size in gridpoints: 1 x 51 x 14
Refined 0 mesh cells (0%)
Completed meshing!
Meshing complete in 0 seconds of CPU time
left is a duplicate key.
bottom is a duplicate key.
z1 is a duplicate key.
z2 is a duplicate key.
Nx is a duplicate key.
Ny is a duplicate key.
Nz is a duplicate key.
Starting meshing
Simulation size in gridpoints: 1 x 51 x 14
Refined 0 mesh cells (0%)
Completed meshing!
Meshing complete in 0 seconds of CPU time
Starting meshing
Simulation size in gridpoints: 1 x 51 x 14
Refined 0 mesh cells (0%)
Completed meshing!
Meshing complete in 0 seconds of CPU time
Starting meshing
Simulation size in gridpoints: 1 x 51 x 14
Refined 0 mesh cells (0%)
Completed meshing!
Meshing complete in 0 seconds of CPU time
left is a duplicate key.
bottom is a duplicate key.
z1 is a duplicate key.
z2 is a duplicate key.
Nx is a duplicate key.
Ny is a duplicate key.
Nz is a duplicate key.
Starting meshing
Simulation size in gridpoints: 67 x 1 x 14
Refined 0 mesh cells (0%)
Completed meshing!
Meshing complete in 0 seconds of CPU time
Starting meshing
Simulation size in gridpoints: 67 x 1 x 14
Refined 0 mesh cells (0%)
Completed meshing!
Meshing complete in 0 seconds of CPU time
Starting meshing
Simulation size in gridpoints: 67 x 1 x 14
Refined 0 mesh cells (0%)
Completed meshing!
Meshing complete in 0 seconds of CPU time
left is a duplicate key.
bottom is a duplicate key.
z1 is a duplicate key.
z2 is a duplicate key.
Nx is a duplicate key.
Ny is a duplicate key.
Nz is a duplicate key.
Starting meshing
Simulation size in gridpoints: 67 x 1 x 14
Refined 0 mesh cells (0%)
Completed meshing!
Meshing complete in 0 seconds of CPU time
Starting meshing
Simulation size in gridpoints: 67 x 1 x 14
Refined 0 mesh cells (0%)
Completed meshing!
Meshing complete in 0 seconds of CPU time
Starting meshing
Simulation size in gridpoints: 67 x 1 x 14
Refined 0 mesh cells (0%)
Completed meshing!
Meshing complete in 0 seconds of CPU time
left is a duplicate key.
bottom is a duplicate key.
z1 is a duplicate key.
z2 is a duplicate key.
Nx is a duplicate key.
Ny is a duplicate key.
Nz is a duplicate key.
number of processors is 4
processors are distributed as: 2x2x1
Running 3D Simulation
Starting meshing
Simulation size in gridpoints: 237 x 140 x 24
Refined 0 mesh cells (0%)
Completed meshing!
Meshing complete in 0.921875 seconds of CPU time
0 0
Starting meshing
Simulation size in gridpoints: 237 x 140 x 24
Refined 0 mesh cells (0%)
Completed meshing!
Meshing complete in 0.84375 seconds of CPU time
0 0
Starting meshing
Simulation size in gridpoints: 237 x 140 x 24
Refined 0 mesh cells (0%)
Completed meshing!
Meshing complete in 1.59375 seconds of CPU time
0 0
finished material properties
Meshing Time: 2.58893 seconds, Init Electrical Material Time: 0.109983 seconds, Init Magnetic Material Time: 0.003803
Using selected optimization level: 2
Selecting 3d kernel for splitFieldDirection=0 and optLevel=2
-----------------------------------------
Beginning initialization of 3D Simulation
Starting to add sources to simulation
Adding 3D Mode source propagating in X
Using frequency dependent profile
Starting to add boundary conditions to simulation
Adding 3D PML BC
Adding 3D Parallel BC
Adding 3D PML BC
Adding 3D Parallel BC
Adding 3D Symmetric BC
Adding 3D PML BC
Starting to add monitors to Simulation
Adding analysis monitor
Adding 3D DFT monitor
Adding 3D DFT monitor
Adding 3D DFT monitor
Adding 3D DFT monitor
Finished initialization of 3D Simulation
-----------------------------------------
All processes are communicating and ready to proceed to simulation...
Starting 51959 total iterations
0.0923808% complete. Max time remaining: 23 mins, 43 secs. Auto Shutoff: 1
1.20095% complete. Max time remaining: 24 mins, 17 secs. Auto Shutoff: 1
2.30952% complete. Max time remaining: 23 mins, 47 secs. Auto Shutoff: 0.989943
3.41809% complete. Max time remaining: 23 mins, 22 secs. Auto Shutoff: 0.990272
4.52666% complete. Max time remaining: 22 mins, 58 secs. Auto Shutoff: 0.982859
5.63523% complete. Max time remaining: 22 mins, 39 secs. Auto Shutoff: 0.951436
6.7438% complete. Max time remaining: 22 mins, 20 secs. Auto Shutoff: 0.877918
7.85237% complete. Max time remaining: 22 mins, 3 secs. Auto Shutoff: 0.343133
8.96094% complete. Max time remaining: 21 mins, 46 secs. Auto Shutoff: 0.0393496
10.0695% complete. Max time remaining: 21 mins, 30 secs. Auto Shutoff: 0.032058
11.1781% complete. Max time remaining: 21 mins, 13 secs. Auto Shutoff: 0.0283224
12.2867% complete. Max time remaining: 20 mins, 57 secs. Auto Shutoff: 0.0284713
13.3952% complete. Max time remaining: 20 mins, 40 secs. Auto Shutoff: 0.027522
14.5038% complete. Max time remaining: 20 mins, 24 secs. Auto Shutoff: 0.0247987
15.6124% complete. Max time remaining: 20 mins, 8 secs. Auto Shutoff: 0.0143383
16.7209% complete. Max time remaining: 19 mins, 52 secs. Auto Shutoff: 0.00823279
17.8295% complete. Max time remaining: 19 mins, 36 secs. Auto Shutoff: 0.00145454
18.9381% complete. Max time remaining: 19 mins, 20 secs. Auto Shutoff: 0.00125544
20.0466% complete. Max time remaining: 19 mins, 4 secs. Auto Shutoff: 0.00122856
21.1552% complete. Max time remaining: 18 mins, 47 secs. Auto Shutoff: 0.00122315
22.2638% complete. Max time remaining: 18 mins, 31 secs. Auto Shutoff: 0.00121926
23.3724% complete. Max time remaining: 18 mins, 17 secs. Auto Shutoff: 0.00112677
24.4809% complete. Max time remaining: 18 mins, 1 secs. Auto Shutoff: 0.000750413
25.5895% complete. Max time remaining: 17 mins, 45 secs. Auto Shutoff: 0.000315696
26.6981% complete. Max time remaining: 17 mins, 29 secs. Auto Shutoff: 8.93191e-05
27.8066% complete. Max time remaining: 17 mins, 13 secs. Auto Shutoff: 8.2445e-05
28.9152% complete. Max time remaining: 16 mins, 57 secs. Auto Shutoff: 8.29549e-05
30.0238% complete. Max time remaining: 16 mins, 41 secs. Auto Shutoff: 7.84924e-05
31.0708% complete. Max time remaining: 16 mins, 28 secs. Auto Shutoff: 7.99681e-05
32.1793% complete. Max time remaining: 16 mins, 14 secs. Auto Shutoff: 7.67231e-05
33.2879% complete. Max time remaining: 15 mins, 57 secs. Auto Shutoff: 6.20478e-05
34.3753% complete. Max time remaining: 15 mins, 42 secs. Auto Shutoff: 9.17302e-06
100% complete. Max time remaining: 0 mins, 0 secs. Auto Shutoff: 9.17302e-06
Early termination of simulation, the autoshutoff criteria are satisfied.
Completed 17861 iterations, or 1.031259e-12s of Simulation Time
Process 0 starting to collect data
    collecting monitor data
    collecting source data
Using frequency dependent profile
Finished collecting data
left is a duplicate key.
bottom is a duplicate key.
z1 is a duplicate key.
z2 is a duplicate key.
Nx is a duplicate key.
Ny is a duplicate key.
Nz is a duplicate key.
left is a duplicate key.
bottom is a duplicate key.
z1 is a duplicate key.
z2 is a duplicate key.
Nx is a duplicate key.
Ny is a duplicate key.
Nz is a duplicate key.
left is a duplicate key.
bottom is a duplicate key.
z1 is a duplicate key.
z2 is a duplicate key.
Nx is a duplicate key.
Ny is a duplicate key.
Nz is a duplicate key.
left is a duplicate key.
bottom is a duplicate key.
z1 is a duplicate key.
z2 is a duplicate key.
Nx is a duplicate key.
Ny is a duplicate key.
Nz is a duplicate key.
Simulation completed successfully at: Fri Aug 19 08:42:08 2022
Overall wall time measurements in seconds: 509.288
    time to mesh and initialize: 13.4405
    time to run FDTD simulation: 493.219
    time to checkpoint simulation: 4e-07
    time to finalize data and save to files: 0.128772
    miscellaneous time: 2.50008
    FDTD solver speed on process 0: 28.8373 Mnodes/s
    total FDTD solver speed on 4 processes: 115.349 Mnodes/s
