Ansys Lumerical 2020 R2 FDTD Solver Version 8.24.2387 (Windows 64bit)
 expires (month/day/year): 12/31/2035
using config file: Ansys Licensing set with ANSYSLMD_LICENSE_FILE
license host: 
current time: Fri Aug 19 08:50:37 2022
Running on host: DESKTOP-CPAG1MV
host available memory (GB): 8.648323
All processes are communicating and ready to proceed to simulation...
Running fsp file: C:\Program Files\Lumerical\v202\bin\fdtd-engine-msmpi.exe -t 1 -remote -hide D:/AAAAAAAArquivos/Facul/Capacitação/GitHub/Ring-Resonator/Tutorial/ring_resonator_200nmGapSweep(Lc=1,5μm)/200nmGapSweep(Lc=1,5μm)_3.fsp
Starting meshing
Simulation size in gridpoints: 1 x 51 x 14
Refined 0 mesh cells (0%)
Completed meshing!
Meshing complete in 0 seconds of CPU time
Starting meshing
Simulation size in gridpoints: 1 x 51 x 14
Refined 0 mesh cells (0%)
Completed meshing!
Meshing complete in 0 seconds of CPU time
Starting meshing
Simulation size in gridpoints: 1 x 51 x 14
Refined 0 mesh cells (0%)
Completed meshing!
Meshing complete in 0 seconds of CPU time
left is a duplicate key.
bottom is a duplicate key.
z1 is a duplicate key.
z2 is a duplicate key.
Nx is a duplicate key.
Ny is a duplicate key.
Nz is a duplicate key.
Starting meshing
Simulation size in gridpoints: 1 x 51 x 14
Refined 0 mesh cells (0%)
Completed meshing!
Meshing complete in 0 seconds of CPU time
Starting meshing
Simulation size in gridpoints: 1 x 51 x 14
Refined 0 mesh cells (0%)
Completed meshing!
Meshing complete in 0 seconds of CPU time
Starting meshing
Simulation size in gridpoints: 1 x 51 x 14
Refined 0 mesh cells (0%)
Completed meshing!
Meshing complete in 0.015625 seconds of CPU time
left is a duplicate key.
bottom is a duplicate key.
z1 is a duplicate key.
z2 is a duplicate key.
Nx is a duplicate key.
Ny is a duplicate key.
Nz is a duplicate key.
Starting meshing
Simulation size in gridpoints: 67 x 1 x 14
Refined 0 mesh cells (0%)
Completed meshing!
Meshing complete in 0 seconds of CPU time
Starting meshing
Simulation size in gridpoints: 67 x 1 x 14
Refined 0 mesh cells (0%)
Completed meshing!
Meshing complete in 0 seconds of CPU time
Starting meshing
Simulation size in gridpoints: 67 x 1 x 14
Refined 0 mesh cells (0%)
Completed meshing!
Meshing complete in 0 seconds of CPU time
Starting meshing
Simulation size in gridpoints: 67 x 1 x 14
Refined 0 mesh cells (0%)
Completed meshing!
Meshing complete in 0 seconds of CPU time
Starting meshing
Simulation size in gridpoints: 67 x 1 x 14
Refined 0 mesh cells (0%)
Completed meshing!
Meshing complete in 0 seconds of CPU time
Starting meshing
Simulation size in gridpoints: 67 x 1 x 14
Refined 0 mesh cells (0%)
Completed meshing!
Meshing complete in 0 seconds of CPU time
left is a duplicate key.
bottom is a duplicate key.
z1 is a duplicate key.
z2 is a duplicate key.
Nx is a duplicate key.
Ny is a duplicate key.
Nz is a duplicate key.
Starting meshing
Simulation size in gridpoints: 67 x 1 x 14
Refined 0 mesh cells (0%)
Completed meshing!
Meshing complete in 0 seconds of CPU time
Starting meshing
Simulation size in gridpoints: 67 x 1 x 14
Refined 0 mesh cells (0%)
Completed meshing!
Meshing complete in 0 seconds of CPU time
Starting meshing
Simulation size in gridpoints: 67 x 1 x 14
Refined 0 mesh cells (0%)
Completed meshing!
Meshing complete in 0 seconds of CPU time
left is a duplicate key.
bottom is a duplicate key.
z1 is a duplicate key.
z2 is a duplicate key.
Nx is a duplicate key.
Ny is a duplicate key.
Nz is a duplicate key.
number of processors is 4
processors are distributed as: 2x2x1
Running 3D Simulation
Starting meshing
Simulation size in gridpoints: 237 x 140 x 24
Refined 0 mesh cells (0%)
Completed meshing!
Meshing complete in 0.859375 seconds of CPU time
0 0
Starting meshing
Simulation size in gridpoints: 237 x 140 x 24
Refined 0 mesh cells (0%)
Completed meshing!
Meshing complete in 0.875 seconds of CPU time
0 0
Starting meshing
Simulation size in gridpoints: 237 x 140 x 24
Refined 0 mesh cells (0%)
Completed meshing!
Meshing complete in 1.59375 seconds of CPU time
0 0
finished material properties
Meshing Time: 2.51949 seconds, Init Electrical Material Time: 0.0962979 seconds, Init Magnetic Material Time: 0.0034786
Using selected optimization level: 2
Selecting 3d kernel for splitFieldDirection=0 and optLevel=2
-----------------------------------------
Beginning initialization of 3D Simulation
Starting to add sources to simulation
Adding 3D Mode source propagating in Y
Using frequency dependent profile
Starting to add boundary conditions to simulation
Adding 3D PML BC
Adding 3D Parallel BC
Adding 3D PML BC
Adding 3D Parallel BC
Adding 3D Symmetric BC
Adding 3D PML BC
Starting to add monitors to Simulation
Adding analysis monitor
Adding 3D DFT monitor
Adding 3D DFT monitor
Adding 3D DFT monitor
Adding 3D DFT monitor
Finished initialization of 3D Simulation
-----------------------------------------
All processes are communicating and ready to proceed to simulation...
Starting 51959 total iterations
0.0923808% complete. Max time remaining: 23 mins, 31 secs. Auto Shutoff: 1
1.20095% complete. Max time remaining: 24 mins, 4 secs. Auto Shutoff: 1
2.30952% complete. Max time remaining: 23 mins, 39 secs. Auto Shutoff: 0.935542
3.41809% complete. Max time remaining: 23 mins, 12 secs. Auto Shutoff: 0.904515
4.52666% complete. Max time remaining: 22 mins, 52 secs. Auto Shutoff: 0.910404
5.63523% complete. Max time remaining: 22 mins, 33 secs. Auto Shutoff: 0.879862
6.7438% complete. Max time remaining: 22 mins, 14 secs. Auto Shutoff: 0.851997
7.85237% complete. Max time remaining: 21 mins, 58 secs. Auto Shutoff: 0.505626
8.96094% complete. Max time remaining: 21 mins, 41 secs. Auto Shutoff: 0.213974
10.0695% complete. Max time remaining: 21 mins, 24 secs. Auto Shutoff: 0.057031
11.1781% complete. Max time remaining: 21 mins, 8 secs. Auto Shutoff: 0.0512939
12.2867% complete. Max time remaining: 20 mins, 51 secs. Auto Shutoff: 0.0505143
13.3952% complete. Max time remaining: 20 mins, 33 secs. Auto Shutoff: 0.0502191
14.5038% complete. Max time remaining: 20 mins, 16 secs. Auto Shutoff: 0.0501744
15.6124% complete. Max time remaining: 19 mins, 59 secs. Auto Shutoff: 0.0482806
16.7209% complete. Max time remaining: 19 mins, 43 secs. Auto Shutoff: 0.0354852
17.8295% complete. Max time remaining: 19 mins, 26 secs. Auto Shutoff: 0.00905572
18.9381% complete. Max time remaining: 19 mins, 9 secs. Auto Shutoff: 0.00447759
20.0466% complete. Max time remaining: 18 mins, 53 secs. Auto Shutoff: 0.00424951
21.1552% complete. Max time remaining: 18 mins, 37 secs. Auto Shutoff: 0.00430471
22.2638% complete. Max time remaining: 18 mins, 20 secs. Auto Shutoff: 0.00410371
23.3724% complete. Max time remaining: 18 mins, 4 secs. Auto Shutoff: 0.00415162
24.4809% complete. Max time remaining: 17 mins, 48 secs. Auto Shutoff: 0.00381073
25.5895% complete. Max time remaining: 17 mins, 31 secs. Auto Shutoff: 0.00426191
26.6981% complete. Max time remaining: 17 mins, 15 secs. Auto Shutoff: 0.000467788
27.8066% complete. Max time remaining: 16 mins, 59 secs. Auto Shutoff: 0.000408564
28.9152% complete. Max time remaining: 16 mins, 43 secs. Auto Shutoff: 0.000401348
30.0238% complete. Max time remaining: 16 mins, 27 secs. Auto Shutoff: 0.000412641
31.1323% complete. Max time remaining: 16 mins, 11 secs. Auto Shutoff: 0.00040223
32.2409% complete. Max time remaining: 15 mins, 55 secs. Auto Shutoff: 0.000409804
33.3495% complete. Max time remaining: 15 mins, 39 secs. Auto Shutoff: 0.00035278
34.4581% complete. Max time remaining: 15 mins, 23 secs. Auto Shutoff: 0.000175808
35.5666% complete. Max time remaining: 15 mins, 7 secs. Auto Shutoff: 4.65272e-05
36.6752% complete. Max time remaining: 14 mins, 51 secs. Auto Shutoff: 4.14367e-05
37.7838% complete. Max time remaining: 14 mins, 36 secs. Auto Shutoff: 4.0463e-05
38.8923% complete. Max time remaining: 14 mins, 20 secs. Auto Shutoff: 4.33876e-05
40.0009% complete. Max time remaining: 14 mins, 4 secs. Auto Shutoff: 4.13561e-05
41.1095% complete. Max time remaining: 13 mins, 49 secs. Auto Shutoff: 4.02138e-05
42.218% complete. Max time remaining: 13 mins, 33 secs. Auto Shutoff: 3.63828e-05
43.317% complete. Max time remaining: 13 mins, 17 secs. Auto Shutoff: 6.52838e-06
100% complete. Max time remaining: 0 mins, 0 secs. Auto Shutoff: 6.52838e-06
Early termination of simulation, the autoshutoff criteria are satisfied.
Completed 22507 iterations, or 1.299510e-12s of Simulation Time
Process 0 starting to collect data
    collecting monitor data
    collecting source data
Using frequency dependent profile
Finished collecting data
left is a duplicate key.
bottom is a duplicate key.
z1 is a duplicate key.
z2 is a duplicate key.
Nx is a duplicate key.
Ny is a duplicate key.
Nz is a duplicate key.
left is a duplicate key.
bottom is a duplicate key.
z1 is a duplicate key.
z2 is a duplicate key.
Nx is a duplicate key.
Ny is a duplicate key.
Nz is a duplicate key.
left is a duplicate key.
bottom is a duplicate key.
z1 is a duplicate key.
z2 is a duplicate key.
Nx is a duplicate key.
Ny is a duplicate key.
Nz is a duplicate key.
left is a duplicate key.
bottom is a duplicate key.
z1 is a duplicate key.
z2 is a duplicate key.
Nx is a duplicate key.
Ny is a duplicate key.
Nz is a duplicate key.
Simulation completed successfully at: Fri Aug 19 09:01:01 2022
Overall wall time measurements in seconds: 624.817
    time to mesh and initialize: 13.2206
    time to run FDTD simulation: 609.264
    time to checkpoint simulation: 5e-07
    time to finalize data and save to files: 0.125833
    miscellaneous time: 2.20576
    FDTD solver speed on process 0: 29.4171 Mnodes/s
    total FDTD solver speed on 4 processes: 117.668 Mnodes/s
