Ansys Lumerical 2020 R2 FDTD Solver Version 8.24.2387 (Windows 64bit)
 expires (month/day/year): 12/31/2035
using config file: Ansys Licensing set with ANSYSLMD_LICENSE_FILE
license host: 
current time: Fri Aug 19 04:07:28 2022
Running on host: DESKTOP-CPAG1MV
host available memory (GB): 8.831615
All processes are communicating and ready to proceed to simulation...
Running fsp file: C:\Program Files\Lumerical\v202\bin\fdtd-engine-msmpi.exe -t 1 -remote -hide D:/AAAAAAAArquivos/Facul/Capacitação/GitHub/Ring-Resonator/Tutorial/ring_resonator_200nmGapSweep(Lc=3μm)/200nmGapSweep(Lc=3μm)_2.fsp
Starting meshing
Simulation size in gridpoints: 1 x 51 x 14
Refined 0 mesh cells (0%)
Completed meshing!
Meshing complete in 0.015625 seconds of CPU time
Starting meshing
Simulation size in gridpoints: 1 x 51 x 14
Refined 0 mesh cells (0%)
Completed meshing!
Meshing complete in 0 seconds of CPU time
Starting meshing
Simulation size in gridpoints: 1 x 51 x 14
Refined 0 mesh cells (0%)
Completed meshing!
Meshing complete in 0 seconds of CPU time
left is a duplicate key.
bottom is a duplicate key.
z1 is a duplicate key.
z2 is a duplicate key.
Nx is a duplicate key.
Ny is a duplicate key.
Nz is a duplicate key.
Starting meshing
Simulation size in gridpoints: 1 x 51 x 14
Refined 0 mesh cells (0%)
Completed meshing!
Meshing complete in 0.015625 seconds of CPU time
Starting meshing
Simulation size in gridpoints: 1 x 51 x 14
Refined 0 mesh cells (0%)
Completed meshing!
Meshing complete in 0 seconds of CPU time
Starting meshing
Simulation size in gridpoints: 1 x 51 x 14
Refined 0 mesh cells (0%)
Completed meshing!
Meshing complete in 0 seconds of CPU time
Starting meshing
Simulation size in gridpoints: 1 x 51 x 14
Refined 0 mesh cells (0%)
Completed meshing!
Meshing complete in 0 seconds of CPU time
Starting meshing
Simulation size in gridpoints: 1 x 51 x 14
Refined 0 mesh cells (0%)
Completed meshing!
Meshing complete in 0.015625 seconds of CPU time
Starting meshing
Simulation size in gridpoints: 1 x 51 x 14
Refined 0 mesh cells (0%)
Completed meshing!
Meshing complete in 0 seconds of CPU time
left is a duplicate key.
bottom is a duplicate key.
z1 is a duplicate key.
z2 is a duplicate key.
Nx is a duplicate key.
Ny is a duplicate key.
Nz is a duplicate key.
Starting meshing
Simulation size in gridpoints: 67 x 1 x 14
Refined 0 mesh cells (0%)
Completed meshing!
Meshing complete in 0 seconds of CPU time
Starting meshing
Simulation size in gridpoints: 67 x 1 x 14
Refined 0 mesh cells (0%)
Completed meshing!
Meshing complete in 0 seconds of CPU time
Starting meshing
Simulation size in gridpoints: 67 x 1 x 14
Refined 0 mesh cells (0%)
Completed meshing!
Meshing complete in 0 seconds of CPU time
left is a duplicate key.
bottom is a duplicate key.
z1 is a duplicate key.
z2 is a duplicate key.
Nx is a duplicate key.
Ny is a duplicate key.
Nz is a duplicate key.
Starting meshing
Simulation size in gridpoints: 67 x 1 x 14
Refined 0 mesh cells (0%)
Completed meshing!
Meshing complete in 0 seconds of CPU time
Starting meshing
Simulation size in gridpoints: 67 x 1 x 14
Refined 0 mesh cells (0%)
Completed meshing!
Meshing complete in 0 seconds of CPU time
Starting meshing
Simulation size in gridpoints: 67 x 1 x 14
Refined 0 mesh cells (0%)
Completed meshing!
Meshing complete in 0 seconds of CPU time
left is a duplicate key.
bottom is a duplicate key.
z1 is a duplicate key.
z2 is a duplicate key.
Nx is a duplicate key.
Ny is a duplicate key.
Nz is a duplicate key.
number of processors is 4
processors are distributed as: 2x2x1
Running 3D Simulation
Starting meshing
Simulation size in gridpoints: 237 x 140 x 24
Refined 0 mesh cells (0%)
Completed meshing!
Meshing complete in 0.90625 seconds of CPU time
0 0
Starting meshing
Simulation size in gridpoints: 237 x 140 x 24
Refined 0 mesh cells (0%)
Completed meshing!
Meshing complete in 0.828125 seconds of CPU time
0 0
Starting meshing
Simulation size in gridpoints: 237 x 140 x 24
Refined 0 mesh cells (0%)
Completed meshing!
Meshing complete in 1.67188 seconds of CPU time
0 0
finished material properties
Meshing Time: 2.65794 seconds, Init Electrical Material Time: 0.10734 seconds, Init Magnetic Material Time: 0.0036308
Using selected optimization level: 2
Selecting 3d kernel for splitFieldDirection=0 and optLevel=2
-----------------------------------------
Beginning initialization of 3D Simulation
Starting to add sources to simulation
Adding 3D Mode source propagating in X
Using frequency dependent profile
Starting to add boundary conditions to simulation
Adding 3D PML BC
Adding 3D Parallel BC
Adding 3D PML BC
Adding 3D Parallel BC
Adding 3D Symmetric BC
Adding 3D PML BC
Starting to add monitors to Simulation
Adding analysis monitor
Adding 3D DFT monitor
Adding 3D DFT monitor
Adding 3D DFT monitor
Adding 3D DFT monitor
Finished initialization of 3D Simulation
-----------------------------------------
All processes are communicating and ready to proceed to simulation...
Starting 51959 total iterations
0.0923808% complete. Max time remaining: 23 mins, 17 secs. Auto Shutoff: 1
1.20095% complete. Max time remaining: 23 mins, 26 secs. Auto Shutoff: 1
2.30952% complete. Max time remaining: 23 mins, 2 secs. Auto Shutoff: 0.990413
3.41809% complete. Max time remaining: 22 mins, 41 secs. Auto Shutoff: 0.98998
4.52666% complete. Max time remaining: 22 mins, 25 secs. Auto Shutoff: 0.983298
5.63523% complete. Max time remaining: 22 mins, 10 secs. Auto Shutoff: 0.951909
6.7438% complete. Max time remaining: 21 mins, 53 secs. Auto Shutoff: 0.878875
7.85237% complete. Max time remaining: 21 mins, 36 secs. Auto Shutoff: 0.343932
8.96094% complete. Max time remaining: 21 mins, 19 secs. Auto Shutoff: 0.0393993
10.0695% complete. Max time remaining: 21 mins, 2 secs. Auto Shutoff: 0.0320797
11.1781% complete. Max time remaining: 20 mins, 46 secs. Auto Shutoff: 0.0283359
12.2867% complete. Max time remaining: 20 mins, 30 secs. Auto Shutoff: 0.0285756
13.3952% complete. Max time remaining: 20 mins, 14 secs. Auto Shutoff: 0.0275387
14.5038% complete. Max time remaining: 19 mins, 58 secs. Auto Shutoff: 0.0248179
15.6124% complete. Max time remaining: 19 mins, 46 secs. Auto Shutoff: 0.0143646
16.7209% complete. Max time remaining: 19 mins, 33 secs. Auto Shutoff: 0.00827776
17.8295% complete. Max time remaining: 19 mins, 17 secs. Auto Shutoff: 0.00145528
18.9381% complete. Max time remaining: 19 mins, 0 secs. Auto Shutoff: 0.00125624
20.0466% complete. Max time remaining: 18 mins, 44 secs. Auto Shutoff: 0.00122986
21.1552% complete. Max time remaining: 18 mins, 28 secs. Auto Shutoff: 0.00121913
22.2638% complete. Max time remaining: 18 mins, 12 secs. Auto Shutoff: 0.00122001
23.3724% complete. Max time remaining: 17 mins, 56 secs. Auto Shutoff: 0.00112769
24.4809% complete. Max time remaining: 17 mins, 40 secs. Auto Shutoff: 0.000751463
25.5895% complete. Max time remaining: 17 mins, 24 secs. Auto Shutoff: 0.000318514
26.6981% complete. Max time remaining: 17 mins, 9 secs. Auto Shutoff: 8.93388e-05
27.8066% complete. Max time remaining: 16 mins, 53 secs. Auto Shutoff: 8.24769e-05
28.9152% complete. Max time remaining: 16 mins, 37 secs. Auto Shutoff: 8.30847e-05
30.0238% complete. Max time remaining: 16 mins, 21 secs. Auto Shutoff: 7.84933e-05
31.1323% complete. Max time remaining: 16 mins, 6 secs. Auto Shutoff: 8.00102e-05
32.2409% complete. Max time remaining: 15 mins, 50 secs. Auto Shutoff: 7.0707e-05
33.3495% complete. Max time remaining: 15 mins, 34 secs. Auto Shutoff: 6.1986e-05
34.3753% complete. Max time remaining: 15 mins, 20 secs. Auto Shutoff: 9.19911e-06
100% complete. Max time remaining: 0 mins, 0 secs. Auto Shutoff: 9.19911e-06
Early termination of simulation, the autoshutoff criteria are satisfied.
Completed 17861 iterations, or 1.031259e-12s of Simulation Time
Process 0 starting to collect data
    collecting monitor data
    collecting source data
Using frequency dependent profile
Finished collecting data
left is a duplicate key.
bottom is a duplicate key.
z1 is a duplicate key.
z2 is a duplicate key.
Nx is a duplicate key.
Ny is a duplicate key.
Nz is a duplicate key.
left is a duplicate key.
bottom is a duplicate key.
z1 is a duplicate key.
z2 is a duplicate key.
Nx is a duplicate key.
Ny is a duplicate key.
Nz is a duplicate key.
left is a duplicate key.
bottom is a duplicate key.
z1 is a duplicate key.
z2 is a duplicate key.
Nx is a duplicate key.
Ny is a duplicate key.
Nz is a duplicate key.
left is a duplicate key.
bottom is a duplicate key.
z1 is a duplicate key.
z2 is a duplicate key.
Nx is a duplicate key.
Ny is a duplicate key.
Nz is a duplicate key.
Simulation completed successfully at: Fri Aug 19 04:15:45 2022
Overall wall time measurements in seconds: 497.79
    time to mesh and initialize: 13.5972
    time to run FDTD simulation: 481.854
    time to checkpoint simulation: 5e-07
    time to finalize data and save to files: 0.118034
    miscellaneous time: 2.2208
    FDTD solver speed on process 0: 29.5174 Mnodes/s
    total FDTD solver speed on 4 processes: 118.07 Mnodes/s
