Ansys Lumerical 2020 R2 FDTD Solver Version 8.24.2387 (Windows 64bit)
 expires (month/day/year): 12/31/2035
using config file: Ansys Licensing set with ANSYSLMD_LICENSE_FILE
license host: 
current time: Thu Aug 11 11:29:08 2022
Running on host: DESKTOP-CPAG1MV
host available memory (GB): 11.081421
All processes are communicating and ready to proceed to simulation...
Running fsp file: C:\Program Files\Lumerical\v202\bin\fdtd-engine-msmpi.exe -t 1 -remote -hide D:/AAAAAAAArquivos/Facul/Capacitação/GitHub/Ring-Resonator/Tutorial/ring_resonator_LcSweep/LcSweep_4.fsp
Starting meshing
Simulation size in gridpoints: 1 x 64 x 17
Refined 0 mesh cells (0%)
Completed meshing!
Meshing complete in 0 seconds of CPU time
Starting meshing
Simulation size in gridpoints: 1 x 64 x 17
Refined 0 mesh cells (0%)
Completed meshing!
Meshing complete in 0.015625 seconds of CPU time
Starting meshing
Simulation size in gridpoints: 1 x 64 x 17
Refined 0 mesh cells (0%)
Completed meshing!
Meshing complete in 0 seconds of CPU time
Starting meshing
Simulation size in gridpoints: 1 x 64 x 17
Refined 0 mesh cells (0%)
Completed meshing!
Meshing complete in 0 seconds of CPU time
Starting meshing
Simulation size in gridpoints: 1 x 64 x 17
Refined 0 mesh cells (0%)
Completed meshing!
Meshing complete in 0.015625 seconds of CPU time
Starting meshing
Simulation size in gridpoints: 1 x 64 x 17
Refined 0 mesh cells (0%)
Completed meshing!
Meshing complete in 0 seconds of CPU time
left is a duplicate key.
bottom is a duplicate key.
z1 is a duplicate key.
z2 is a duplicate key.
Nx is a duplicate key.
Ny is a duplicate key.
Nz is a duplicate key.
Starting meshing
Simulation size in gridpoints: 1 x 64 x 17
Refined 0 mesh cells (0%)
Completed meshing!
Meshing complete in 0 seconds of CPU time
Starting meshing
Simulation size in gridpoints: 1 x 64 x 17
Refined 0 mesh cells (0%)
Completed meshing!
Meshing complete in 0 seconds of CPU time
Starting meshing
Simulation size in gridpoints: 1 x 64 x 17
Refined 0 mesh cells (0%)
Completed meshing!
Meshing complete in 0 seconds of CPU time
left is a duplicate key.
bottom is a duplicate key.
z1 is a duplicate key.
z2 is a duplicate key.
Nx is a duplicate key.
Ny is a duplicate key.
Nz is a duplicate key.
Starting meshing
Simulation size in gridpoints: 85 x 1 x 17
Refined 0 mesh cells (0%)
Completed meshing!
Meshing complete in 0 seconds of CPU time
Starting meshing
Simulation size in gridpoints: 85 x 1 x 17
Refined 0 mesh cells (0%)
Completed meshing!
Meshing complete in 0 seconds of CPU time
Starting meshing
Simulation size in gridpoints: 85 x 1 x 17
Refined 0 mesh cells (0%)
Completed meshing!
Meshing complete in 0 seconds of CPU time
left is a duplicate key.
bottom is a duplicate key.
z1 is a duplicate key.
z2 is a duplicate key.
Nx is a duplicate key.
Ny is a duplicate key.
Nz is a duplicate key.
number of processors is 4
processors are distributed as: 4x1x1
Running 3D Simulation
Starting meshing
Simulation size in gridpoints: 151 x 248 x 27
Refined 0 mesh cells (0%)
Completed meshing!
Meshing complete in 3.5625 seconds of CPU time
0 0
Starting meshing
Simulation size in gridpoints: 151 x 248 x 27
Refined 0 mesh cells (0%)
Completed meshing!
Meshing complete in 3.64062 seconds of CPU time
0 0
Starting meshing
Simulation size in gridpoints: 151 x 248 x 27
Refined 0 mesh cells (0%)
Completed meshing!
Meshing complete in 3.71875 seconds of CPU time
0 0
finished material properties
Meshing Time: 7.33264 seconds, Init Electrical Material Time: 0.104269 seconds, Init Magnetic Material Time: 0.0044445
Using selected optimization level: 2
Selecting 3d kernel for splitFieldDirection=0 and optLevel=2
-----------------------------------------
Beginning initialization of 3D Simulation
Starting to add sources to simulation
Adding 3D Mode source propagating in X
Using frequency dependent profile
Starting to add boundary conditions to simulation
Adding 3D PML BC
Adding 3D Parallel BC
Adding 3D PML BC
Adding 3D PML BC
Adding 3D Symmetric BC
Adding 3D PML BC
Starting to add monitors to Simulation
Adding analysis monitor
Adding 3D DFT monitor
Adding 3D DFT monitor
Adding 3D DFT monitor
Finished initialization of 3D Simulation
-----------------------------------------
All processes are communicating and ready to proceed to simulation...
Starting 65964 total iterations
0.0727664% complete. Max time remaining: 37 mins, 17 secs. Auto Shutoff: 1
1.0915% complete. Max time remaining: 37 mins, 18 secs. Auto Shutoff: 1
2.11023% complete. Max time remaining: 36 mins, 53 secs. Auto Shutoff: 1.02275
3.12896% complete. Max time remaining: 36 mins, 22 secs. Auto Shutoff: 0.970272
4.14769% complete. Max time remaining: 35 mins, 58 secs. Auto Shutoff: 0.97019
5.16642% complete. Max time remaining: 35 mins, 34 secs. Auto Shutoff: 0.975221
6.18515% complete. Max time remaining: 35 mins, 9 secs. Auto Shutoff: 0.898607
7.20388% complete. Max time remaining: 34 mins, 45 secs. Auto Shutoff: 0.339416
8.22261% complete. Max time remaining: 34 mins, 22 secs. Auto Shutoff: 1.67085e-05
100% complete. Max time remaining: 0 mins, 0 secs. Auto Shutoff: 5.11635e-06
Early termination of simulation, the autoshutoff criteria are satisfied.
Completed 5504 iterations, or 2.503165e-13s of Simulation Time
Process 0 starting to collect data
    collecting monitor data
    collecting source data
Using frequency dependent profile
Finished collecting data
left is a duplicate key.
bottom is a duplicate key.
z1 is a duplicate key.
z2 is a duplicate key.
Nx is a duplicate key.
Ny is a duplicate key.
Nz is a duplicate key.
left is a duplicate key.
bottom is a duplicate key.
z1 is a duplicate key.
z2 is a duplicate key.
Nx is a duplicate key.
Ny is a duplicate key.
Nz is a duplicate key.
left is a duplicate key.
bottom is a duplicate key.
z1 is a duplicate key.
z2 is a duplicate key.
Nx is a duplicate key.
Ny is a duplicate key.
Nz is a duplicate key.
Simulation completed successfully at: Thu Aug 11 11:32:29 2022
Overall wall time measurements in seconds: 202.335
    time to mesh and initialize: 12.5158
    time to run FDTD simulation: 187.475
    time to checkpoint simulation: 3e-07
    time to finalize data and save to files: 0.150568
    miscellaneous time: 2.19353
    FDTD solver speed on process 0: 29.6843 Mnodes/s
    total FDTD solver speed on 4 processes: 118.737 Mnodes/s
