Ansys Lumerical 2020 R2 FDTD Solver Version 8.24.2387 (Windows 64bit)
 expires (month/day/year): 12/31/2035
using config file: Ansys Licensing set with ANSYSLMD_LICENSE_FILE
license host: 
current time: Sat Aug  6 23:06:16 2022
Running on host: DESKTOP-CPAG1MV
host available memory (GB): 10.787348
All processes are communicating and ready to proceed to simulation...
Running fsp file: C:\Program Files\Lumerical\v202\bin\fdtd-engine-msmpi.exe -t 1 -remote -hide D:/AAAAAAAArquivos/Facul/Capacitação/GitHub/Ring-Resonator/Tutorial/ring_resonator_LcSweep/LcSweep_8.fsp
Starting meshing
Simulation size in gridpoints: 1 x 50 x 17
Refined 0 mesh cells (0%)
Completed meshing!
Meshing complete in 0.015625 seconds of CPU time
Starting meshing
Simulation size in gridpoints: 1 x 50 x 17
Refined 0 mesh cells (0%)
Completed meshing!
Meshing complete in 0 seconds of CPU time
Starting meshing
Simulation size in gridpoints: 1 x 50 x 17
Refined 0 mesh cells (0%)
Completed meshing!
Meshing complete in 0 seconds of CPU time
Starting meshing
Simulation size in gridpoints: 1 x 50 x 17
Refined 0 mesh cells (0%)
Completed meshing!
Meshing complete in 0 seconds of CPU time
Starting meshing
Simulation size in gridpoints: 1 x 50 x 17
Refined 0 mesh cells (0%)
Completed meshing!
Meshing complete in 0.015625 seconds of CPU time
Starting meshing
Simulation size in gridpoints: 1 x 50 x 17
Refined 0 mesh cells (0%)
Completed meshing!
Meshing complete in 0 seconds of CPU time
left is a duplicate key.
bottom is a duplicate key.
z1 is a duplicate key.
z2 is a duplicate key.
Nx is a duplicate key.
Ny is a duplicate key.
Nz is a duplicate key.
Starting meshing
Simulation size in gridpoints: 1 x 50 x 17
Refined 0 mesh cells (0%)
Completed meshing!
Meshing complete in 0.015625 seconds of CPU time
Starting meshing
Simulation size in gridpoints: 1 x 50 x 17
Refined 0 mesh cells (0%)
Completed meshing!
Meshing complete in 0 seconds of CPU time
Starting meshing
Simulation size in gridpoints: 1 x 50 x 17
Refined 0 mesh cells (0%)
Completed meshing!
Meshing complete in 0.015625 seconds of CPU time
left is a duplicate key.
bottom is a duplicate key.
z1 is a duplicate key.
z2 is a duplicate key.
Nx is a duplicate key.
Ny is a duplicate key.
Nz is a duplicate key.
Starting meshing
Simulation size in gridpoints: 66 x 1 x 17
Refined 0 mesh cells (0%)
Completed meshing!
Meshing complete in 0.015625 seconds of CPU time
Starting meshing
Simulation size in gridpoints: 66 x 1 x 17
Refined 0 mesh cells (0%)
Completed meshing!
Meshing complete in 0 seconds of CPU time
Starting meshing
Simulation size in gridpoints: 66 x 1 x 17
Refined 0 mesh cells (0%)
Completed meshing!
Meshing complete in 0 seconds of CPU time
left is a duplicate key.
bottom is a duplicate key.
z1 is a duplicate key.
z2 is a duplicate key.
Nx is a duplicate key.
Ny is a duplicate key.
Nz is a duplicate key.
number of processors is 8
processors are distributed as: 4x2x1
Running 3D Simulation
Starting meshing
Simulation size in gridpoints: 116 x 98 x 26
Refined 0 mesh cells (0%)
Completed meshing!
Meshing complete in 2.40625 seconds of CPU time
0 0
Starting meshing
Simulation size in gridpoints: 116 x 98 x 26
Refined 0 mesh cells (0%)
Completed meshing!
Meshing complete in 2.35938 seconds of CPU time
0 0
Starting meshing
Simulation size in gridpoints: 116 x 98 x 26
Refined 0 mesh cells (0%)
Completed meshing!
Meshing complete in 2.54688 seconds of CPU time
0 0
finished material properties
Meshing Time: 5.15905 seconds, Init Electrical Material Time: 0.0845771 seconds, Init Magnetic Material Time: 0.0014735
Using selected optimization level: 2
Selecting 3d kernel for splitFieldDirection=0 and optLevel=2
-----------------------------------------
Beginning initialization of 3D Simulation
Starting to add sources to simulation
Adding 3D Mode source propagating in X
Using frequency dependent profile
Starting to add boundary conditions to simulation
Adding 3D PML BC
Adding 3D Parallel BC
Adding 3D PML BC
Adding 3D Parallel BC
Adding 3D Symmetric BC
Adding 3D PML BC
Starting to add monitors to Simulation
Adding analysis monitor
Adding 3D DFT monitor
Adding 3D DFT monitor
Adding 3D DFT monitor
Finished initialization of 3D Simulation
-----------------------------------------
All processes are communicating and ready to proceed to simulation...
Starting 85102 total iterations
0.0564031% complete. Max time remaining: 1 hr, 8 mins, 50 secs. Auto Shutoff: 1
1.07166% complete. Max time remaining: 1 hr, 14 mins, 21 secs. Auto Shutoff: 1
2.12452% complete. Max time remaining: 1 hr, 1 min, 33 secs. Auto Shutoff: 0.980458
3.17738% complete. Max time remaining: 50 mins, 27 secs. Auto Shutoff: 1.00905
4.23024% complete. Max time remaining: 44 mins, 41 secs. Auto Shutoff: 0.732463
5.28309% complete. Max time remaining: 41 mins, 6 secs. Auto Shutoff: 0.00114951
6.33595% complete. Max time remaining: 38 mins, 35 secs. Auto Shutoff: 1.19258e-05
100% complete. Max time remaining: 0 mins, 0 secs. Auto Shutoff: 9.53355e-06
Early termination of simulation, the autoshutoff criteria are satisfied.
Completed 5850 iterations, or 3.437066e-13s of Simulation Time
Process 0 starting to collect data
    collecting monitor data
    collecting source data
Using frequency dependent profile
Finished collecting data
left is a duplicate key.
bottom is a duplicate key.
z1 is a duplicate key.
z2 is a duplicate key.
Nx is a duplicate key.
Ny is a duplicate key.
Nz is a duplicate key.
left is a duplicate key.
bottom is a duplicate key.
z1 is a duplicate key.
z2 is a duplicate key.
Nx is a duplicate key.
Ny is a duplicate key.
Nz is a duplicate key.
left is a duplicate key.
bottom is a duplicate key.
z1 is a duplicate key.
z2 is a duplicate key.
Nx is a duplicate key.
Ny is a duplicate key.
Nz is a duplicate key.
Simulation completed successfully at: Sat Aug  6 23:09:22 2022
Overall wall time measurements in seconds: 188.708
    time to mesh and initialize: 18.1709
    time to run FDTD simulation: 166.426
    time to checkpoint simulation: 1.5e-06
    time to finalize data and save to files: 0.142326
    miscellaneous time: 3.96862
    FDTD solver speed on process 0: 10.3894 Mnodes/s
    total FDTD solver speed on 8 processes: 83.1154 Mnodes/s
