Ansys Lumerical 2020 R2 FDTD Solver Version 8.24.2387 (Windows 64bit)
 expires (month/day/year): 12/31/2035
using config file: Ansys Licensing set with ANSYSLMD_LICENSE_FILE
license host: 
current time: Sat Aug  6 23:01:00 2022
Running on host: DESKTOP-CPAG1MV
host available memory (GB): 10.916082
All processes are communicating and ready to proceed to simulation...
Running fsp file: C:\Program Files\Lumerical\v202\bin\fdtd-engine-msmpi.exe -t 1 -remote -hide D:/AAAAAAAArquivos/Facul/Capacitação/GitHub/Ring-Resonator/Tutorial/ring_resonator_LcSweep/LcSweep_6.fsp
Starting meshing
Simulation size in gridpoints: 1 x 50 x 17
Refined 0 mesh cells (0%)
Completed meshing!
Meshing complete in 0 seconds of CPU time
Starting meshing
Simulation size in gridpoints: 1 x 50 x 17
Refined 0 mesh cells (0%)
Completed meshing!
Meshing complete in 0.015625 seconds of CPU time
Starting meshing
Simulation size in gridpoints: 1 x 50 x 17
Refined 0 mesh cells (0%)
Completed meshing!
Meshing complete in 0 seconds of CPU time
Starting meshing
Simulation size in gridpoints: 1 x 50 x 17
Refined 0 mesh cells (0%)
Completed meshing!
Meshing complete in 0 seconds of CPU time
Starting meshing
Simulation size in gridpoints: 1 x 50 x 17
Refined 0 mesh cells (0%)
Completed meshing!
Meshing complete in 0 seconds of CPU time
Starting meshing
Simulation size in gridpoints: 1 x 50 x 17
Refined 0 mesh cells (0%)
Completed meshing!
Meshing complete in 0 seconds of CPU time
left is a duplicate key.
bottom is a duplicate key.
z1 is a duplicate key.
z2 is a duplicate key.
Nx is a duplicate key.
Ny is a duplicate key.
Nz is a duplicate key.
Starting meshing
Simulation size in gridpoints: 1 x 50 x 17
Refined 0 mesh cells (0%)
Completed meshing!
Meshing complete in 0 seconds of CPU time
Starting meshing
Simulation size in gridpoints: 1 x 50 x 17
Refined 0 mesh cells (0%)
Completed meshing!
Meshing complete in 0 seconds of CPU time
Starting meshing
Simulation size in gridpoints: 1 x 50 x 17
Refined 0 mesh cells (0%)
Completed meshing!
Meshing complete in 0.015625 seconds of CPU time
left is a duplicate key.
bottom is a duplicate key.
z1 is a duplicate key.
z2 is a duplicate key.
Nx is a duplicate key.
Ny is a duplicate key.
Nz is a duplicate key.
Starting meshing
Simulation size in gridpoints: 66 x 1 x 17
Refined 0 mesh cells (0%)
Completed meshing!
Meshing complete in 0 seconds of CPU time
Starting meshing
Simulation size in gridpoints: 66 x 1 x 17
Refined 0 mesh cells (0%)
Completed meshing!
Meshing complete in 0 seconds of CPU time
Starting meshing
Simulation size in gridpoints: 66 x 1 x 17
Refined 0 mesh cells (0%)
Completed meshing!
Meshing complete in 0.015625 seconds of CPU time
left is a duplicate key.
bottom is a duplicate key.
z1 is a duplicate key.
z2 is a duplicate key.
Nx is a duplicate key.
Ny is a duplicate key.
Nz is a duplicate key.
number of processors is 8
processors are distributed as: 4x2x1
Running 3D Simulation
Starting meshing
Simulation size in gridpoints: 116 x 98 x 26
Refined 0 mesh cells (0%)
Completed meshing!
Meshing complete in 2.34375 seconds of CPU time
0 0
Starting meshing
Simulation size in gridpoints: 116 x 98 x 26
Refined 0 mesh cells (0%)
Completed meshing!
Meshing complete in 2.17188 seconds of CPU time
0 0
Starting meshing
Simulation size in gridpoints: 116 x 98 x 26
Refined 0 mesh cells (0%)
Completed meshing!
Meshing complete in 2.40625 seconds of CPU time
0 0
finished material properties
Meshing Time: 5.1571 seconds, Init Electrical Material Time: 0.0773805 seconds, Init Magnetic Material Time: 0.0014711
Using selected optimization level: 2
Selecting 3d kernel for splitFieldDirection=0 and optLevel=2
-----------------------------------------
Beginning initialization of 3D Simulation
Starting to add sources to simulation
Adding 3D Mode source propagating in X
Using frequency dependent profile
Starting to add boundary conditions to simulation
Adding 3D PML BC
Adding 3D Parallel BC
Adding 3D PML BC
Adding 3D Parallel BC
Adding 3D Symmetric BC
Adding 3D PML BC
Starting to add monitors to Simulation
Adding analysis monitor
Adding 3D DFT monitor
Adding 3D DFT monitor
Adding 3D DFT monitor
Finished initialization of 3D Simulation
-----------------------------------------
All processes are communicating and ready to proceed to simulation...
Starting 85102 total iterations
0.0564031% complete. Max time remaining: 1 hr, 1 min, 32 secs. Auto Shutoff: 1
1.09046% complete. Max time remaining: 1 hr, 11 mins, 36 secs. Auto Shutoff: 1
2.10572% complete. Max time remaining: 1 hr, 12 mins, 9 secs. Auto Shutoff: 0.980148
3.13977% complete. Max time remaining: 1 hr, 10 mins, 28 secs. Auto Shutoff: 1.00142
4.17383% complete. Max time remaining: 1 hr, 8 mins, 17 secs. Auto Shutoff: 0.728015
5.18909% complete. Max time remaining: 1 hr, 7 mins, 59 secs. Auto Shutoff: 0.000196842
6.20435% complete. Max time remaining: 1 hr, 7 mins, 45 secs. Auto Shutoff: 1.85393e-05
100% complete. Max time remaining: 0 mins, 0 secs. Auto Shutoff: 9.66316e-06
Early termination of simulation, the autoshutoff criteria are satisfied.
Completed 5749 iterations, or 3.377725e-13s of Simulation Time
Process 0 starting to collect data
    collecting monitor data
    collecting source data
Using frequency dependent profile
Finished collecting data
left is a duplicate key.
bottom is a duplicate key.
z1 is a duplicate key.
z2 is a duplicate key.
Nx is a duplicate key.
Ny is a duplicate key.
Nz is a duplicate key.
left is a duplicate key.
bottom is a duplicate key.
z1 is a duplicate key.
z2 is a duplicate key.
Nx is a duplicate key.
Ny is a duplicate key.
Nz is a duplicate key.
left is a duplicate key.
bottom is a duplicate key.
z1 is a duplicate key.
z2 is a duplicate key.
Nx is a duplicate key.
Ny is a duplicate key.
Nz is a duplicate key.
Simulation completed successfully at: Sat Aug  6 23:06:11 2022
Overall wall time measurements in seconds: 313.341
    time to mesh and initialize: 16.18
    time to run FDTD simulation: 293.041
    time to checkpoint simulation: 7e-07
    time to finalize data and save to files: 0.285158
    miscellaneous time: 3.8348
    FDTD solver speed on process 0: 5.79857 Mnodes/s
    total FDTD solver speed on 8 processes: 46.3885 Mnodes/s
