Ansys Lumerical 2020 R2 Variational FDTD Solver Version 7.16.2387 (Windows 64bit)
 expires (month/day/year): 12/31/2035
using config file: Ansys Licensing set with ANSYSLMD_LICENSE_FILE
license host: 
current time: Tue Aug  2 11:09:05 2022
Running on host: DESKTOP-CPAG1MV
All processes are communicating and ready to proceed to simulation...
Running lms file: C:\Program Files\Lumerical\v202\bin\varfdtd-engine-msmpi.exe -t 1 -remote -hide D:/AAAAAAAArquivos/Facul/Capacitação/GitHub/Ring-Resonator/Tutorial/ring_resonator_LcSweep/LcSweep_10.lms
Starting meshing
Simulation size in gridpoints: 1 x 142 x 1
Refined 0 mesh cells (0%)
Completed meshing!
Meshing complete in 0 seconds of CPU time
Starting meshing
Simulation size in gridpoints: 1 x 142 x 1
Refined 0 mesh cells (0%)
Completed meshing!
Meshing complete in 0 seconds of CPU time
Starting meshing
Simulation size in gridpoints: 1 x 142 x 1
Refined 0 mesh cells (0%)
Completed meshing!
Meshing complete in 0 seconds of CPU time
number of processors is 4
processors are distributed as: 4x1x1
Running TE Simulation
Starting meshing
Simulation size in gridpoints: 171 x 291 x 1
Refined 0 mesh cells (0%)
Completed meshing!
Meshing complete in 2.14062 seconds of CPU time
0 0
Starting meshing
Simulation size in gridpoints: 171 x 291 x 1
Refined 0 mesh cells (0%)
Completed meshing!
Meshing complete in 2.17188 seconds of CPU time
0 0
finished material properties
Selected kernel with optimization level: 0 and split-field propagation direction: 0
-----------------------------------------
Beginning initialization of TE Simulation
Starting to add sources to simulation
Adding TE Mode Source propagating in X
Starting to add boundary conditions to simulation
Adding TE PML BC
Adding TE parallel BC
Adding TE PML BC
Adding TE PML BC
Starting to add monitors to Simulation
Adding analysis monitor
Adding TE DFT monitor
Adding TE DFT monitor
Finished initialization of TE Simulation
-----------------------------------------
All processes are communicating and ready to proceed to simulation...
Starting 214127 total iterations
0% complete. Max time remaining: 20 mins, 25 secs. Auto Shutoff: 1
2% complete. Max time remaining: 3 mins, 13 secs. Auto Shutoff: 1
3% complete. Max time remaining: 2 mins, 43 secs. Auto Shutoff: 1
4% complete. Max time remaining: 2 mins, 27 secs. Auto Shutoff: 1
5% complete. Max time remaining: 2 mins, 16 secs. Auto Shutoff: 0.343437
6% complete. Max time remaining: 2 mins, 9 secs. Auto Shutoff: 0.000639143
6% complete. Max time remaining: 2 mins, 7 secs. Auto Shutoff: 6.41191e-06
Early termination of simulation, the autoshutoff criteria are satisfied.
Completed 13063 iterations, or 3.0503e-13s of Simulation Time
Process 0 starting to collect data
    collecting monitor data
    collecting source data
Finished collecting data
Simulation completed successfully at: Tue Aug  2 11:09:18 2022
Overall wall time measurements in seconds:
    time to mesh and initialize: 5
    time to run FDTD simulation: 8
    time to finalize data and save to files: 0
    FDTD solver speed: 0 Mnodes/s
    total FDTD solver speed on 4 processes: 0 Mnodes/s
