Ansys Lumerical 2020 R2 FDTD Solver Version 8.24.2387 (Windows 64bit)
 expires (month/day/year): 12/31/2035
using config file: Ansys Licensing set with ANSYSLMD_LICENSE_FILE
license host: 
current time: Wed Aug 10 23:05:51 2022
Running on host: DESKTOP-CPAG1MV
host available memory (GB): 8.360116
All processes are communicating and ready to proceed to simulation...
Running fsp file: C:\Program Files\Lumerical\v202\bin\fdtd-engine-msmpi.exe -t 1 -remote -hide D:/AAAAAAAArquivos/Facul/Capacitação/GitHub/Ring-Resonator/Tutorial/ring_resonator_s-parametersweep/s-parametersweep_2.fsp
Starting meshing
Simulation size in gridpoints: 52 x 1 x 17
Refined 0 mesh cells (0%)
Completed meshing!
Meshing complete in 0 seconds of CPU time
Starting meshing
Simulation size in gridpoints: 52 x 1 x 17
Refined 0 mesh cells (0%)
Completed meshing!
Meshing complete in 0 seconds of CPU time
Starting meshing
Simulation size in gridpoints: 52 x 1 x 17
Refined 0 mesh cells (0%)
Completed meshing!
Meshing complete in 0 seconds of CPU time
left is a duplicate key.
bottom is a duplicate key.
z1 is a duplicate key.
z2 is a duplicate key.
Nx is a duplicate key.
Ny is a duplicate key.
Nz is a duplicate key.
Starting meshing
Simulation size in gridpoints: 53 x 1 x 17
Refined 0 mesh cells (0%)
Completed meshing!
Meshing complete in 0 seconds of CPU time
Starting meshing
Simulation size in gridpoints: 53 x 1 x 17
Refined 0 mesh cells (0%)
Completed meshing!
Meshing complete in 0 seconds of CPU time
Starting meshing
Simulation size in gridpoints: 53 x 1 x 17
Refined 0 mesh cells (0%)
Completed meshing!
Meshing complete in 0 seconds of CPU time
Starting meshing
Simulation size in gridpoints: 53 x 1 x 17
Refined 0 mesh cells (0%)
Completed meshing!
Meshing complete in 0 seconds of CPU time
Starting meshing
Simulation size in gridpoints: 53 x 1 x 17
Refined 0 mesh cells (0%)
Completed meshing!
Meshing complete in 0 seconds of CPU time
Starting meshing
Simulation size in gridpoints: 53 x 1 x 17
Refined 0 mesh cells (0%)
Completed meshing!
Meshing complete in 0 seconds of CPU time
left is a duplicate key.
bottom is a duplicate key.
z1 is a duplicate key.
z2 is a duplicate key.
Nx is a duplicate key.
Ny is a duplicate key.
Nz is a duplicate key.
Starting meshing
Simulation size in gridpoints: 68 x 1 x 17
Refined 0 mesh cells (0%)
Completed meshing!
Meshing complete in 0 seconds of CPU time
Starting meshing
Simulation size in gridpoints: 68 x 1 x 17
Refined 0 mesh cells (0%)
Completed meshing!
Meshing complete in 0 seconds of CPU time
Starting meshing
Simulation size in gridpoints: 68 x 1 x 17
Refined 0 mesh cells (0%)
Completed meshing!
Meshing complete in 0 seconds of CPU time
left is a duplicate key.
bottom is a duplicate key.
z1 is a duplicate key.
z2 is a duplicate key.
Nx is a duplicate key.
Ny is a duplicate key.
Nz is a duplicate key.
number of processors is 4
processors are distributed as: 2x2x1
Running 3D Simulation
Starting meshing
Simulation size in gridpoints: 189 x 204 x 26
Refined 0 mesh cells (0%)
Completed meshing!
Meshing complete in 6.25 seconds of CPU time
0 0
Starting meshing
Simulation size in gridpoints: 189 x 204 x 26
Refined 0 mesh cells (0%)
Completed meshing!
Meshing complete in 5.65625 seconds of CPU time
0 0
Starting meshing
Simulation size in gridpoints: 189 x 204 x 26
Refined 0 mesh cells (0%)
Completed meshing!
Meshing complete in 5.89062 seconds of CPU time
0 0
finished material properties
Meshing Time: 12.3463 seconds, Init Electrical Material Time: 0.131714 seconds, Init Magnetic Material Time: 0.0048276
Using selected optimization level: 2
Selecting 3d kernel for splitFieldDirection=0 and optLevel=2
-----------------------------------------
Beginning initialization of 3D Simulation
Starting to add sources to simulation
Adding 3D Mode source propagating in Y
Using frequency dependent profile
Starting to add boundary conditions to simulation
Adding 3D PML BC
Adding 3D Parallel BC
Adding 3D PML BC
Adding 3D Parallel BC
Adding 3D Symmetric BC
Adding 3D PML BC
Starting to add monitors to Simulation
Adding analysis monitor
Adding 3D DFT monitor
Adding 3D DFT monitor
Adding 3D DFT monitor
Finished initialization of 3D Simulation
-----------------------------------------
All processes are communicating and ready to proceed to simulation...
Starting 52683 total iterations
0.0911117% complete. Max time remaining: 31 mins, 5 secs. Auto Shutoff: 1
1.12371% complete. Max time remaining: 32 mins, 9 secs. Auto Shutoff: 1
2.15631% complete. Max time remaining: 31 mins, 27 secs. Auto Shutoff: 0.997107
3.18891% complete. Max time remaining: 30 mins, 46 secs. Auto Shutoff: 0.996293
4.22151% complete. Max time remaining: 30 mins, 16 secs. Auto Shutoff: 0.995701
5.25411% complete. Max time remaining: 29 mins, 50 secs. Auto Shutoff: 1.05013
6.28671% complete. Max time remaining: 29 mins, 27 secs. Auto Shutoff: 0.997098
7.31931% complete. Max time remaining: 29 mins, 4 secs. Auto Shutoff: 0.993082
8.35191% complete. Max time remaining: 28 mins, 42 secs. Auto Shutoff: 0.961273
9.38451% complete. Max time remaining: 28 mins, 30 secs. Auto Shutoff: 0.887563
10.4171% complete. Max time remaining: 28 mins, 18 secs. Auto Shutoff: 0.00443642
11.4497% complete. Max time remaining: 28 mins, 3 secs. Auto Shutoff: 5.72525e-05
12.4823% complete. Max time remaining: 27 mins, 49 secs. Auto Shutoff: 4.83443e-05
13.5149% complete. Max time remaining: 27 mins, 35 secs. Auto Shutoff: 3.6369e-05
14.5475% complete. Max time remaining: 27 mins, 16 secs. Auto Shutoff: 1.77976e-05
15.5801% complete. Max time remaining: 26 mins, 55 secs. Auto Shutoff: 1.3707e-05
100% complete. Max time remaining: 0 mins, 0 secs. Auto Shutoff: 8.52372e-06
Early termination of simulation, the autoshutoff criteria are satisfied.
Completed 8583 iterations, or 4.887575e-13s of Simulation Time
Process 0 starting to collect data
    collecting monitor data
    collecting source data
Using frequency dependent profile
Finished collecting data
left is a duplicate key.
bottom is a duplicate key.
z1 is a duplicate key.
z2 is a duplicate key.
Nx is a duplicate key.
Ny is a duplicate key.
Nz is a duplicate key.
left is a duplicate key.
bottom is a duplicate key.
z1 is a duplicate key.
z2 is a duplicate key.
Nx is a duplicate key.
Ny is a duplicate key.
Nz is a duplicate key.
left is a duplicate key.
bottom is a duplicate key.
z1 is a duplicate key.
z2 is a duplicate key.
Nx is a duplicate key.
Ny is a duplicate key.
Nz is a duplicate key.
Simulation completed successfully at: Wed Aug 10 23:11:22 2022
Overall wall time measurements in seconds: 332.328
    time to mesh and initialize: 18.4661
    time to run FDTD simulation: 311.457
    time to checkpoint simulation: 6e-07
    time to finalize data and save to files: 0.304497
    miscellaneous time: 2.1005
    FDTD solver speed on process 0: 27.6253 Mnodes/s
    total FDTD solver speed on 4 processes: 110.501 Mnodes/s
