Ansys Lumerical 2022 R1.4 FDTD Solver Version 8.27.3044 (Linux 64bit)
 expires (month/day/year): 5/2/2023
using config file: Ansys Licensing set with ANSYSLMD_LICENSE_FILE
license host: 1055@10.75.13.24
current time: Fri Aug 19 12:53:32 2022
Running on host: fotonica02-System-Product-Name
host available memory (GB): 29.819146
All processes are communicating and ready to proceed to simulation...
Running fsp file: /opt/lumerical/v221/bin/fdtd-engine-mpich2nem -t 1 -remote -hide -shared-solve-license QU5TWVNDTF9DT05URVhUX0RBVEE9PEFOU1lTQ0xfQ09OVEVYVF9EQVRBPjxJRD45ZWQ5ZGY0Zi1hZTE1LTRkZmItYmFlZi00NzQ4N2YwN2U0NDE8L0lEPjxUWVBFPkFQUF9ERUZJTkVEPC9UWVBFPjxOQU1FPmx1bV9zdGFuZGFyZF9zb2x2ZV9zaGFyZTwvTkFNRT48SEFORExFUj42MDQ0M0Bmb3RvbmljYTAyLVN5c3RlbS1Qcm9kdWN0LU5hbWU8L0hBTkRMRVI+PC9BTlNZU0NMX0NPTlRFWFRfREFUQT4KQU5TWVNfQ09OVEVYVF9JRD05ZWQ5ZGY0Zi1hZTE1LTRkZmItYmFlZi00NzQ4N2YwN2U0NDEKQU5TWVNfQ09OVEVYVF9TRVJWRVI9NjA0NDNAZm90b25pY2EwMi1TeXN0ZW0tUHJvZHVjdC1OYW1lCg== /media/leonardo/datam02/Ring Resonator - Leonardo Pessôa/Ring-Resonator/Tutorial/ring_resonator_175nmGapSweep(Lc=3μm)/175nmGapSweep(Lc=3μm)_3.fsp
Starting meshing
Simulation size in gridpoints: 1 x 52 x 14
Refined 0 mesh cells (0%)
Completed meshing!
Meshing complete in 0.000809 seconds of CPU time
Starting meshing
Simulation size in gridpoints: 1 x 52 x 14
Refined 0 mesh cells (0%)
Completed meshing!
Meshing complete in 0.000626 seconds of CPU time
Starting meshing
Simulation size in gridpoints: 1 x 52 x 14
Refined 0 mesh cells (0%)
Completed meshing!
Meshing complete in 0.000608 seconds of CPU time
left is a duplicate key.
bottom is a duplicate key.
z1 is a duplicate key.
z2 is a duplicate key.
Nx is a duplicate key.
Ny is a duplicate key.
Nz is a duplicate key.
Starting meshing
Simulation size in gridpoints: 1 x 52 x 14
Refined 0 mesh cells (0%)
Completed meshing!
Meshing complete in 0.00089 seconds of CPU time
Starting meshing
Simulation size in gridpoints: 1 x 52 x 14
Refined 0 mesh cells (0%)
Completed meshing!
Meshing complete in 0.000628 seconds of CPU time
Starting meshing
Simulation size in gridpoints: 1 x 52 x 14
Refined 0 mesh cells (0%)
Completed meshing!
Meshing complete in 0.000573 seconds of CPU time
left is a duplicate key.
bottom is a duplicate key.
z1 is a duplicate key.
z2 is a duplicate key.
Nx is a duplicate key.
Ny is a duplicate key.
Nz is a duplicate key.
Starting meshing
Simulation size in gridpoints: 67 x 1 x 14
Refined 0 mesh cells (0%)
Completed meshing!
Meshing complete in 0.000535 seconds of CPU time
Starting meshing
Simulation size in gridpoints: 67 x 1 x 14
Refined 0 mesh cells (0%)
Completed meshing!
Meshing complete in 0.000468 seconds of CPU time
Starting meshing
Simulation size in gridpoints: 67 x 1 x 14
Refined 0 mesh cells (0%)
Completed meshing!
Meshing complete in 0.000437 seconds of CPU time
Starting meshing
Simulation size in gridpoints: 67 x 1 x 14
Refined 0 mesh cells (0%)
Completed meshing!
Meshing complete in 0.000522 seconds of CPU time
Starting meshing
Simulation size in gridpoints: 67 x 1 x 14
Refined 0 mesh cells (0%)
Completed meshing!
Meshing complete in 0.00045 seconds of CPU time
Starting meshing
Simulation size in gridpoints: 67 x 1 x 14
Refined 0 mesh cells (0%)
Completed meshing!
Meshing complete in 0.000434 seconds of CPU time
left is a duplicate key.
bottom is a duplicate key.
z1 is a duplicate key.
z2 is a duplicate key.
Nx is a duplicate key.
Ny is a duplicate key.
Nz is a duplicate key.
Starting meshing
Simulation size in gridpoints: 67 x 1 x 14
Refined 0 mesh cells (0%)
Completed meshing!
Meshing complete in 0.000542 seconds of CPU time
Starting meshing
Simulation size in gridpoints: 67 x 1 x 14
Refined 0 mesh cells (0%)
Completed meshing!
Meshing complete in 0.000448 seconds of CPU time
Starting meshing
Simulation size in gridpoints: 67 x 1 x 14
Refined 0 mesh cells (0%)
Completed meshing!
Meshing complete in 0.000442 seconds of CPU time
left is a duplicate key.
bottom is a duplicate key.
z1 is a duplicate key.
z2 is a duplicate key.
Nx is a duplicate key.
Ny is a duplicate key.
Nz is a duplicate key.
number of processors is 8
processors are distributed as: 4x2x1
Running 3D Simulation
Starting meshing
Simulation size in gridpoints: 119 x 101 x 24
Refined 0 mesh cells (0%)
Completed meshing!
Meshing complete in 0.160358 seconds of CPU time
0 0
Starting meshing
Simulation size in gridpoints: 119 x 101 x 24
Refined 0 mesh cells (0%)
Completed meshing!
Meshing complete in 0.163343 seconds of CPU time
0 0
Starting meshing
Simulation size in gridpoints: 119 x 101 x 24
Refined 0 mesh cells (0%)
Completed meshing!
Meshing complete in 0.277321 seconds of CPU time
0 0
finished material properties
Meshing Time: 1.01371 seconds, Init Electrical Material Time: 0.063762 seconds, Init Magnetic Material Time: 0.005186
Using selected optimization level: 2
Selecting 3d kernel for splitFieldDirection=0 and optLevel=2
-----------------------------------------
Beginning initialization of 3D Simulation
Starting to add sources to simulation
Adding 3D Mode source propagating in Y
Using frequency dependent profile
Starting to add boundary conditions to simulation
Adding 3D PML BC
Adding 3D Parallel BC
Adding 3D PML BC
Adding 3D Parallel BC
Adding 3D Symmetric BC
Adding 3D PML BC
Starting to add monitors to Simulation
Adding analysis monitor
Adding 3D DFT monitor
Adding 3D DFT monitor
Adding 3D DFT monitor
Adding 3D DFT monitor
Finished initialization of 3D Simulation
-----------------------------------------
All processes are communicating and ready to proceed to simulation...
Starting 52629 total iterations
0.0912045% complete. Max time remaining: 43 mins, 5 secs. Auto Shutoff: 1
1.12486% complete. Max time remaining: 51 mins, 23 secs. Auto Shutoff: 1
2.15851% complete. Max time remaining: 50 mins, 47 secs. Auto Shutoff: 1.01148
3.16176% complete. Max time remaining: 51 mins, 15 secs. Auto Shutoff: 0.933578
4.16501% complete. Max time remaining: 51 mins, 7 secs. Auto Shutoff: 0.935204
5.19866% complete. Max time remaining: 50 mins, 23 secs. Auto Shutoff: 0.910402
6.20191% complete. Max time remaining: 49 mins, 40 secs. Auto Shutoff: 0.914674
7.23556% complete. Max time remaining: 49 mins, 8 secs. Auto Shutoff: 0.765026
8.26921% complete. Max time remaining: 48 mins, 23 secs. Auto Shutoff: 0.0156772
9.27246% complete. Max time remaining: 47 mins, 44 secs. Auto Shutoff: 1.85084e-05
100% complete. Max time remaining: 0 mins, 0 secs. Auto Shutoff: 9.42153e-06
Early termination of simulation, the autoshutoff criteria are satisfied.
Completed 5249 iterations, or 2.992078e-13s of Simulation Time
Process 0 starting to collect data
    collecting monitor data
    collecting source data
Using frequency dependent profile
Finished collecting data
left is a duplicate key.
bottom is a duplicate key.
z1 is a duplicate key.
z2 is a duplicate key.
Nx is a duplicate key.
Ny is a duplicate key.
Nz is a duplicate key.
left is a duplicate key.
bottom is a duplicate key.
z1 is a duplicate key.
z2 is a duplicate key.
Nx is a duplicate key.
Ny is a duplicate key.
Nz is a duplicate key.
left is a duplicate key.
bottom is a duplicate key.
z1 is a duplicate key.
z2 is a duplicate key.
Nx is a duplicate key.
Ny is a duplicate key.
Nz is a duplicate key.
left is a duplicate key.
bottom is a duplicate key.
z1 is a duplicate key.
z2 is a duplicate key.
Nx is a duplicate key.
Ny is a duplicate key.
Nz is a duplicate key.
Simulation completed successfully at: Fri Aug 19 12:58:50 2022
Overall wall time measurements in seconds: 318.527
    time to mesh and initialize: 2.68624
    time to run FDTD simulation: 313.484
    time to checkpoint simulation: 0
    time to finalize data and save to files: 0.313799
    miscellaneous time: 2.04377
    FDTD solver speed on process 0: 4.82993 Mnodes/s
    total FDTD solver speed on 8 processes: 38.6395 Mnodes/s
