Ansys Lumerical 2022 R1.4 FDTD Solver Version 8.27.3044 (Linux 64bit)
 expires (month/day/year): 5/2/2023
using config file: Ansys Licensing set with ANSYSLMD_LICENSE_FILE
license host: 1055@10.75.13.24
current time: Fri Aug 19 12:48:59 2022
Running on host: fotonica02-System-Product-Name
host available memory (GB): 30.018028
All processes are communicating and ready to proceed to simulation...
Running fsp file: /opt/lumerical/v221/bin/fdtd-engine-mpich2nem -t 1 -remote -hide -shared-solve-license QU5TWVNDTF9DT05URVhUX0RBVEE9PEFOU1lTQ0xfQ09OVEVYVF9EQVRBPjxJRD41YWJhOTE3Mi05MDMwLTQ5NTctYTQ4NC05Mjk0OWMwMGUxOGU8L0lEPjxUWVBFPkFQUF9ERUZJTkVEPC9UWVBFPjxOQU1FPmx1bV9zdGFuZGFyZF9zb2x2ZV9zaGFyZTwvTkFNRT48SEFORExFUj42MDQ0M0Bmb3RvbmljYTAyLVN5c3RlbS1Qcm9kdWN0LU5hbWU8L0hBTkRMRVI+PC9BTlNZU0NMX0NPTlRFWFRfREFUQT4KQU5TWVNfQ09OVEVYVF9JRD01YWJhOTE3Mi05MDMwLTQ5NTctYTQ4NC05Mjk0OWMwMGUxOGUKQU5TWVNfQ09OVEVYVF9TRVJWRVI9NjA0NDNAZm90b25pY2EwMi1TeXN0ZW0tUHJvZHVjdC1OYW1lCg== /media/leonardo/datam02/Ring Resonator - Leonardo Pessôa/Ring-Resonator/Tutorial/ring_resonator_175nmGapSweep(Lc=3μm)/175nmGapSweep(Lc=3μm)_1.fsp
Starting meshing
Simulation size in gridpoints: 1 x 52 x 14
Refined 0 mesh cells (0%)
Completed meshing!
Meshing complete in 0.000813 seconds of CPU time
Starting meshing
Simulation size in gridpoints: 1 x 52 x 14
Refined 0 mesh cells (0%)
Completed meshing!
Meshing complete in 0.000621 seconds of CPU time
Starting meshing
Simulation size in gridpoints: 1 x 52 x 14
Refined 0 mesh cells (0%)
Completed meshing!
Meshing complete in 0.00056 seconds of CPU time
Starting meshing
Simulation size in gridpoints: 1 x 52 x 14
Refined 0 mesh cells (0%)
Completed meshing!
Meshing complete in 0.000705 seconds of CPU time
Starting meshing
Simulation size in gridpoints: 1 x 52 x 14
Refined 0 mesh cells (0%)
Completed meshing!
Meshing complete in 0.000598 seconds of CPU time
Starting meshing
Simulation size in gridpoints: 1 x 52 x 14
Refined 0 mesh cells (0%)
Completed meshing!
Meshing complete in 0.00054 seconds of CPU time
left is a duplicate key.
bottom is a duplicate key.
z1 is a duplicate key.
z2 is a duplicate key.
Nx is a duplicate key.
Ny is a duplicate key.
Nz is a duplicate key.
Starting meshing
Simulation size in gridpoints: 1 x 52 x 14
Refined 0 mesh cells (0%)
Completed meshing!
Meshing complete in 0.000717 seconds of CPU time
Starting meshing
Simulation size in gridpoints: 1 x 52 x 14
Refined 0 mesh cells (0%)
Completed meshing!
Meshing complete in 0.000596 seconds of CPU time
Starting meshing
Simulation size in gridpoints: 1 x 52 x 14
Refined 0 mesh cells (0%)
Completed meshing!
Meshing complete in 0.000557 seconds of CPU time
left is a duplicate key.
bottom is a duplicate key.
z1 is a duplicate key.
z2 is a duplicate key.
Nx is a duplicate key.
Ny is a duplicate key.
Nz is a duplicate key.
Starting meshing
Simulation size in gridpoints: 67 x 1 x 14
Refined 0 mesh cells (0%)
Completed meshing!
Meshing complete in 0.000525 seconds of CPU time
Starting meshing
Simulation size in gridpoints: 67 x 1 x 14
Refined 0 mesh cells (0%)
Completed meshing!
Meshing complete in 0.000449 seconds of CPU time
Starting meshing
Simulation size in gridpoints: 67 x 1 x 14
Refined 0 mesh cells (0%)
Completed meshing!
Meshing complete in 0.000433 seconds of CPU time
left is a duplicate key.
bottom is a duplicate key.
z1 is a duplicate key.
z2 is a duplicate key.
Nx is a duplicate key.
Ny is a duplicate key.
Nz is a duplicate key.
Starting meshing
Simulation size in gridpoints: 67 x 1 x 14
Refined 0 mesh cells (0%)
Completed meshing!
Meshing complete in 0.000522 seconds of CPU time
Starting meshing
Simulation size in gridpoints: 67 x 1 x 14
Refined 0 mesh cells (0%)
Completed meshing!
Meshing complete in 0.000441 seconds of CPU time
Starting meshing
Simulation size in gridpoints: 67 x 1 x 14
Refined 0 mesh cells (0%)
Completed meshing!
Meshing complete in 0.000429 seconds of CPU time
left is a duplicate key.
bottom is a duplicate key.
z1 is a duplicate key.
z2 is a duplicate key.
Nx is a duplicate key.
Ny is a duplicate key.
Nz is a duplicate key.
number of processors is 8
processors are distributed as: 4x2x1
Running 3D Simulation
Starting meshing
Simulation size in gridpoints: 119 x 101 x 24
Refined 0 mesh cells (0%)
Completed meshing!
Meshing complete in 0.157417 seconds of CPU time
0 0
Starting meshing
Simulation size in gridpoints: 119 x 101 x 24
Refined 0 mesh cells (0%)
Completed meshing!
Meshing complete in 0.160589 seconds of CPU time
0 0
Starting meshing
Simulation size in gridpoints: 119 x 101 x 24
Refined 0 mesh cells (0%)
Completed meshing!
Meshing complete in 0.270361 seconds of CPU time
0 0
finished material properties
Meshing Time: 0.896438 seconds, Init Electrical Material Time: 0.070044 seconds, Init Magnetic Material Time: 0.0009
Using selected optimization level: 2
Selecting 3d kernel for splitFieldDirection=0 and optLevel=2
-----------------------------------------
Beginning initialization of 3D Simulation
Starting to add sources to simulation
Adding 3D Mode source propagating in X
Using frequency dependent profile
Starting to add boundary conditions to simulation
Adding 3D PML BC
Adding 3D Parallel BC
Adding 3D PML BC
Adding 3D Parallel BC
Adding 3D Symmetric BC
Adding 3D PML BC
Starting to add monitors to Simulation
Adding analysis monitor
Adding 3D DFT monitor
Adding 3D DFT monitor
Adding 3D DFT monitor
Adding 3D DFT monitor
Finished initialization of 3D Simulation
-----------------------------------------
All processes are communicating and ready to proceed to simulation...
Starting 52629 total iterations
0.0912045% complete. Max time remaining: 55 mins, 34 secs. Auto Shutoff: 1
1.09445% complete. Max time remaining: 53 mins, 10 secs. Auto Shutoff: 1
2.12811% complete. Max time remaining: 52 mins, 42 secs. Auto Shutoff: 0.98929
3.13135% complete. Max time remaining: 53 mins, 7 secs. Auto Shutoff: 0.965329
4.16501% complete. Max time remaining: 52 mins, 20 secs. Auto Shutoff: 0.966482
5.19866% complete. Max time remaining: 51 mins, 11 secs. Auto Shutoff: 0.981661
6.20191% complete. Max time remaining: 50 mins, 31 secs. Auto Shutoff: 0.891517
7.23556% complete. Max time remaining: 50 mins, 11 secs. Auto Shutoff: 0.335444
8.26921% complete. Max time remaining: 49 mins, 32 secs. Auto Shutoff: 1.56658e-05
100% complete. Max time remaining: 0 mins, 0 secs. Auto Shutoff: 9.89907e-06
Early termination of simulation, the autoshutoff criteria are satisfied.
Completed 4441 iterations, or 2.531495e-13s of Simulation Time
Process 0 starting to collect data
    collecting monitor data
    collecting source data
Using frequency dependent profile
Finished collecting data
left is a duplicate key.
bottom is a duplicate key.
z1 is a duplicate key.
z2 is a duplicate key.
Nx is a duplicate key.
Ny is a duplicate key.
Nz is a duplicate key.
left is a duplicate key.
bottom is a duplicate key.
z1 is a duplicate key.
z2 is a duplicate key.
Nx is a duplicate key.
Ny is a duplicate key.
Nz is a duplicate key.
left is a duplicate key.
bottom is a duplicate key.
z1 is a duplicate key.
z2 is a duplicate key.
Nx is a duplicate key.
Ny is a duplicate key.
Nz is a duplicate key.
left is a duplicate key.
bottom is a duplicate key.
z1 is a duplicate key.
z2 is a duplicate key.
Nx is a duplicate key.
Ny is a duplicate key.
Nz is a duplicate key.
Simulation completed successfully at: Fri Aug 19 12:53:36 2022
Overall wall time measurements in seconds: 277.742
    time to mesh and initialize: 2.81715
    time to run FDTD simulation: 272.521
    time to checkpoint simulation: 0
    time to finalize data and save to files: 0.320963
    miscellaneous time: 2.08235
    FDTD solver speed on process 0: 4.70068 Mnodes/s
    total FDTD solver speed on 8 processes: 37.6054 Mnodes/s
