Ansys Lumerical 2020 R2 FDTD Solver Version 8.24.2387 (Windows 64bit)
 expires (month/day/year): 12/31/2035
using config file: Ansys Licensing set with ANSYSLMD_LICENSE_FILE
license host: 
current time: Fri Aug 19 01:10:00 2022
Running on host: DESKTOP-CPAG1MV
host available memory (GB): 8.986292
All processes are communicating and ready to proceed to simulation...
Running fsp file: C:\Program Files\Lumerical\v202\bin\fdtd-engine-msmpi.exe -t 1 -remote -hide D:/AAAAAAAArquivos/Facul/Capacitação/GitHub/Ring-Resonator/Tutorial/ring_resonator_200nmGapSweep(Lc=0)/200nmGapSweep(Lc=0)_3.fsp
Starting meshing
Simulation size in gridpoints: 1 x 51 x 14
Refined 0 mesh cells (0%)
Completed meshing!
Meshing complete in 0 seconds of CPU time
Starting meshing
Simulation size in gridpoints: 1 x 51 x 14
Refined 0 mesh cells (0%)
Completed meshing!
Meshing complete in 0 seconds of CPU time
Starting meshing
Simulation size in gridpoints: 1 x 51 x 14
Refined 0 mesh cells (0%)
Completed meshing!
Meshing complete in 0 seconds of CPU time
left is a duplicate key.
bottom is a duplicate key.
z1 is a duplicate key.
z2 is a duplicate key.
Nx is a duplicate key.
Ny is a duplicate key.
Nz is a duplicate key.
Starting meshing
Simulation size in gridpoints: 1 x 51 x 14
Refined 0 mesh cells (0%)
Completed meshing!
Meshing complete in 0 seconds of CPU time
Starting meshing
Simulation size in gridpoints: 1 x 51 x 14
Refined 0 mesh cells (0%)
Completed meshing!
Meshing complete in 0 seconds of CPU time
Starting meshing
Simulation size in gridpoints: 1 x 51 x 14
Refined 0 mesh cells (0%)
Completed meshing!
Meshing complete in 0 seconds of CPU time
left is a duplicate key.
bottom is a duplicate key.
z1 is a duplicate key.
z2 is a duplicate key.
Nx is a duplicate key.
Ny is a duplicate key.
Nz is a duplicate key.
Starting meshing
Simulation size in gridpoints: 67 x 1 x 14
Refined 0 mesh cells (0%)
Completed meshing!
Meshing complete in 0 seconds of CPU time
Starting meshing
Simulation size in gridpoints: 67 x 1 x 14
Refined 0 mesh cells (0%)
Completed meshing!
Meshing complete in 0 seconds of CPU time
Starting meshing
Simulation size in gridpoints: 67 x 1 x 14
Refined 0 mesh cells (0%)
Completed meshing!
Meshing complete in 0 seconds of CPU time
Starting meshing
Simulation size in gridpoints: 67 x 1 x 14
Refined 0 mesh cells (0%)
Completed meshing!
Meshing complete in 0 seconds of CPU time
Starting meshing
Simulation size in gridpoints: 67 x 1 x 14
Refined 0 mesh cells (0%)
Completed meshing!
Meshing complete in 0 seconds of CPU time
Starting meshing
Simulation size in gridpoints: 67 x 1 x 14
Refined 0 mesh cells (0%)
Completed meshing!
Meshing complete in 0 seconds of CPU time
left is a duplicate key.
bottom is a duplicate key.
z1 is a duplicate key.
z2 is a duplicate key.
Nx is a duplicate key.
Ny is a duplicate key.
Nz is a duplicate key.
Starting meshing
Simulation size in gridpoints: 67 x 1 x 14
Refined 0 mesh cells (0%)
Completed meshing!
Meshing complete in 0 seconds of CPU time
Starting meshing
Simulation size in gridpoints: 67 x 1 x 14
Refined 0 mesh cells (0%)
Completed meshing!
Meshing complete in 0 seconds of CPU time
Starting meshing
Simulation size in gridpoints: 67 x 1 x 14
Refined 0 mesh cells (0%)
Completed meshing!
Meshing complete in 0 seconds of CPU time
left is a duplicate key.
bottom is a duplicate key.
z1 is a duplicate key.
z2 is a duplicate key.
Nx is a duplicate key.
Ny is a duplicate key.
Nz is a duplicate key.
number of processors is 4
processors are distributed as: 2x2x1
Running 3D Simulation
Starting meshing
Simulation size in gridpoints: 237 x 137 x 24
Refined 0 mesh cells (0%)
Completed meshing!
Meshing complete in 0.8125 seconds of CPU time
0 0
Starting meshing
Simulation size in gridpoints: 237 x 137 x 24
Refined 0 mesh cells (0%)
Completed meshing!
Meshing complete in 0.796875 seconds of CPU time
0 0
Starting meshing
Simulation size in gridpoints: 237 x 137 x 24
Refined 0 mesh cells (0%)
Completed meshing!
Meshing complete in 1.59375 seconds of CPU time
0 0
finished material properties
Meshing Time: 2.50939 seconds, Init Electrical Material Time: 0.0959067 seconds, Init Magnetic Material Time: 0.0033912
Using selected optimization level: 2
Selecting 3d kernel for splitFieldDirection=0 and optLevel=2
-----------------------------------------
Beginning initialization of 3D Simulation
Starting to add sources to simulation
Adding 3D Mode source propagating in Y
Using frequency dependent profile
Starting to add boundary conditions to simulation
Adding 3D PML BC
Adding 3D Parallel BC
Adding 3D PML BC
Adding 3D Parallel BC
Adding 3D Symmetric BC
Adding 3D PML BC
Starting to add monitors to Simulation
Adding analysis monitor
Adding 3D DFT monitor
Adding 3D DFT monitor
Adding 3D DFT monitor
Adding 3D DFT monitor
Finished initialization of 3D Simulation
-----------------------------------------
All processes are communicating and ready to proceed to simulation...
Starting 51841 total iterations
0.0925909% complete. Max time remaining: 24 mins, 26 secs. Auto Shutoff: 1
1.20368% complete. Max time remaining: 24 mins, 39 secs. Auto Shutoff: 1
2.31477% complete. Max time remaining: 24 mins, 14 secs. Auto Shutoff: 0.924944
3.42586% complete. Max time remaining: 23 mins, 48 secs. Auto Shutoff: 0.910843
4.53695% complete. Max time remaining: 23 mins, 44 secs. Auto Shutoff: 0.882953
5.64804% complete. Max time remaining: 23 mins, 33 secs. Auto Shutoff: 0.879325
6.75913% complete. Max time remaining: 23 mins, 11 secs. Auto Shutoff: 0.813055
7.87022% complete. Max time remaining: 22 mins, 50 secs. Auto Shutoff: 0.151262
8.98132% complete. Max time remaining: 22 mins, 30 secs. Auto Shutoff: 0.0728024
10.0924% complete. Max time remaining: 22 mins, 10 secs. Auto Shutoff: 0.0696175
11.2035% complete. Max time remaining: 21 mins, 52 secs. Auto Shutoff: 0.0709593
12.3146% complete. Max time remaining: 21 mins, 35 secs. Auto Shutoff: 0.0693716
13.4257% complete. Max time remaining: 21 mins, 17 secs. Auto Shutoff: 0.0641064
14.5368% complete. Max time remaining: 20 mins, 60 secs. Auto Shutoff: 0.0563273
15.6479% complete. Max time remaining: 20 mins, 42 secs. Auto Shutoff: 0.00691906
16.7589% complete. Max time remaining: 20 mins, 26 secs. Auto Shutoff: 0.00626514
17.87% complete. Max time remaining: 20 mins, 9 secs. Auto Shutoff: 0.0065364
18.9811% complete. Max time remaining: 19 mins, 53 secs. Auto Shutoff: 0.00626007
20.0922% complete. Max time remaining: 19 mins, 36 secs. Auto Shutoff: 0.00615831
21.2033% complete. Max time remaining: 19 mins, 17 secs. Auto Shutoff: 0.00600106
22.3144% complete. Max time remaining: 18 mins, 57 secs. Auto Shutoff: 0.000956053
23.4255% complete. Max time remaining: 18 mins, 37 secs. Auto Shutoff: 0.00062959
24.5366% complete. Max time remaining: 18 mins, 18 secs. Auto Shutoff: 0.00061536
25.6477% complete. Max time remaining: 17 mins, 59 secs. Auto Shutoff: 0.000647742
26.7588% complete. Max time remaining: 17 mins, 40 secs. Auto Shutoff: 0.00064158
27.8081% complete. Max time remaining: 17 mins, 28 secs. Auto Shutoff: 0.000591282
28.8575% complete. Max time remaining: 17 mins, 13 secs. Auto Shutoff: 0.000278058
29.9686% complete. Max time remaining: 16 mins, 57 secs. Auto Shutoff: 6.76964e-05
31.0797% complete. Max time remaining: 16 mins, 41 secs. Auto Shutoff: 6.49992e-05
32.1908% complete. Max time remaining: 16 mins, 25 secs. Auto Shutoff: 6.64723e-05
33.3019% complete. Max time remaining: 16 mins, 9 secs. Auto Shutoff: 6.30281e-05
34.4129% complete. Max time remaining: 15 mins, 53 secs. Auto Shutoff: 6.40196e-05
35.524% complete. Max time remaining: 15 mins, 36 secs. Auto Shutoff: 6.99144e-05
36.5908% complete. Max time remaining: 15 mins, 21 secs. Auto Shutoff: 8.71181e-06
100% complete. Max time remaining: 0 mins, 0 secs. Auto Shutoff: 8.71181e-06
Early termination of simulation, the autoshutoff criteria are satisfied.
Completed 18969 iterations, or 1.097723e-12s of Simulation Time
Process 0 starting to collect data
    collecting monitor data
    collecting source data
Using frequency dependent profile
Finished collecting data
left is a duplicate key.
bottom is a duplicate key.
z1 is a duplicate key.
z2 is a duplicate key.
Nx is a duplicate key.
Ny is a duplicate key.
Nz is a duplicate key.
left is a duplicate key.
bottom is a duplicate key.
z1 is a duplicate key.
z2 is a duplicate key.
Nx is a duplicate key.
Ny is a duplicate key.
Nz is a duplicate key.
left is a duplicate key.
bottom is a duplicate key.
z1 is a duplicate key.
z2 is a duplicate key.
Nx is a duplicate key.
Ny is a duplicate key.
Nz is a duplicate key.
left is a duplicate key.
bottom is a duplicate key.
z1 is a duplicate key.
z2 is a duplicate key.
Nx is a duplicate key.
Ny is a duplicate key.
Nz is a duplicate key.
Simulation completed successfully at: Fri Aug 19 01:19:06 2022
Overall wall time measurements in seconds: 547.098
    time to mesh and initialize: 13.102
    time to run FDTD simulation: 531.624
    time to checkpoint simulation: 4e-07
    time to finalize data and save to files: 0.128883
    miscellaneous time: 2.24244
    FDTD solver speed on process 0: 27.8048 Mnodes/s
    total FDTD solver speed on 4 processes: 111.219 Mnodes/s
