Ansys Lumerical 2020 R2 FDTD Solver Version 8.24.2387 (Windows 64bit)
 expires (month/day/year): 12/31/2035
using config file: Ansys Licensing set with ANSYSLMD_LICENSE_FILE
license host: 
current time: Fri Aug 19 00:55:18 2022
Running on host: DESKTOP-CPAG1MV
host available memory (GB): 8.971137
All processes are communicating and ready to proceed to simulation...
Running fsp file: C:\Program Files\Lumerical\v202\bin\fdtd-engine-msmpi.exe -t 1 -remote -hide D:/AAAAAAAArquivos/Facul/Capacitação/GitHub/Ring-Resonator/Tutorial/ring_resonator_200nmGapSweep(Lc=0)/200nmGapSweep(Lc=0)_1.fsp
Starting meshing
Simulation size in gridpoints: 1 x 51 x 14
Refined 0 mesh cells (0%)
Completed meshing!
Meshing complete in 0 seconds of CPU time
Starting meshing
Simulation size in gridpoints: 1 x 51 x 14
Refined 0 mesh cells (0%)
Completed meshing!
Meshing complete in 0 seconds of CPU time
Starting meshing
Simulation size in gridpoints: 1 x 51 x 14
Refined 0 mesh cells (0%)
Completed meshing!
Meshing complete in 0 seconds of CPU time
Starting meshing
Simulation size in gridpoints: 1 x 51 x 14
Refined 0 mesh cells (0%)
Completed meshing!
Meshing complete in 0 seconds of CPU time
Starting meshing
Simulation size in gridpoints: 1 x 51 x 14
Refined 0 mesh cells (0%)
Completed meshing!
Meshing complete in 0 seconds of CPU time
Starting meshing
Simulation size in gridpoints: 1 x 51 x 14
Refined 0 mesh cells (0%)
Completed meshing!
Meshing complete in 0 seconds of CPU time
left is a duplicate key.
bottom is a duplicate key.
z1 is a duplicate key.
z2 is a duplicate key.
Nx is a duplicate key.
Ny is a duplicate key.
Nz is a duplicate key.
Starting meshing
Simulation size in gridpoints: 1 x 51 x 14
Refined 0 mesh cells (0%)
Completed meshing!
Meshing complete in 0 seconds of CPU time
Starting meshing
Simulation size in gridpoints: 1 x 51 x 14
Refined 0 mesh cells (0%)
Completed meshing!
Meshing complete in 0 seconds of CPU time
Starting meshing
Simulation size in gridpoints: 1 x 51 x 14
Refined 0 mesh cells (0%)
Completed meshing!
Meshing complete in 0 seconds of CPU time
left is a duplicate key.
bottom is a duplicate key.
z1 is a duplicate key.
z2 is a duplicate key.
Nx is a duplicate key.
Ny is a duplicate key.
Nz is a duplicate key.
Starting meshing
Simulation size in gridpoints: 67 x 1 x 14
Refined 0 mesh cells (0%)
Completed meshing!
Meshing complete in 0 seconds of CPU time
Starting meshing
Simulation size in gridpoints: 67 x 1 x 14
Refined 0 mesh cells (0%)
Completed meshing!
Meshing complete in 0 seconds of CPU time
Starting meshing
Simulation size in gridpoints: 67 x 1 x 14
Refined 0 mesh cells (0%)
Completed meshing!
Meshing complete in 0 seconds of CPU time
left is a duplicate key.
bottom is a duplicate key.
z1 is a duplicate key.
z2 is a duplicate key.
Nx is a duplicate key.
Ny is a duplicate key.
Nz is a duplicate key.
Starting meshing
Simulation size in gridpoints: 67 x 1 x 14
Refined 0 mesh cells (0%)
Completed meshing!
Meshing complete in 0 seconds of CPU time
Starting meshing
Simulation size in gridpoints: 67 x 1 x 14
Refined 0 mesh cells (0%)
Completed meshing!
Meshing complete in 0.015625 seconds of CPU time
Starting meshing
Simulation size in gridpoints: 67 x 1 x 14
Refined 0 mesh cells (0%)
Completed meshing!
Meshing complete in 0 seconds of CPU time
left is a duplicate key.
bottom is a duplicate key.
z1 is a duplicate key.
z2 is a duplicate key.
Nx is a duplicate key.
Ny is a duplicate key.
Nz is a duplicate key.
number of processors is 4
processors are distributed as: 2x2x1
Running 3D Simulation
Starting meshing
Simulation size in gridpoints: 237 x 137 x 24
Refined 0 mesh cells (0%)
Completed meshing!
Meshing complete in 0.828125 seconds of CPU time
0 0
Starting meshing
Simulation size in gridpoints: 237 x 137 x 24
Refined 0 mesh cells (0%)
Completed meshing!
Meshing complete in 0.734375 seconds of CPU time
0 0
Starting meshing
Simulation size in gridpoints: 237 x 137 x 24
Refined 0 mesh cells (0%)
Completed meshing!
Meshing complete in 1.57812 seconds of CPU time
0 0
finished material properties
Meshing Time: 2.56839 seconds, Init Electrical Material Time: 0.116956 seconds, Init Magnetic Material Time: 0.0035341
Using selected optimization level: 2
Selecting 3d kernel for splitFieldDirection=0 and optLevel=2
-----------------------------------------
Beginning initialization of 3D Simulation
Starting to add sources to simulation
Adding 3D Mode source propagating in X
Using frequency dependent profile
Starting to add boundary conditions to simulation
Adding 3D PML BC
Adding 3D Parallel BC
Adding 3D PML BC
Adding 3D Parallel BC
Adding 3D Symmetric BC
Adding 3D PML BC
Starting to add monitors to Simulation
Adding analysis monitor
Adding 3D DFT monitor
Adding 3D DFT monitor
Adding 3D DFT monitor
Adding 3D DFT monitor
Finished initialization of 3D Simulation
-----------------------------------------
All processes are communicating and ready to proceed to simulation...
Starting 51841 total iterations
0.0925909% complete. Max time remaining: 24 mins, 21 secs. Auto Shutoff: 1
1.20368% complete. Max time remaining: 24 mins, 26 secs. Auto Shutoff: 1
2.31477% complete. Max time remaining: 24 mins, 4 secs. Auto Shutoff: 0.989928
3.42586% complete. Max time remaining: 23 mins, 46 secs. Auto Shutoff: 0.988668
4.53695% complete. Max time remaining: 23 mins, 25 secs. Auto Shutoff: 0.98097
5.64804% complete. Max time remaining: 23 mins, 7 secs. Auto Shutoff: 0.957505
6.75913% complete. Max time remaining: 22 mins, 50 secs. Auto Shutoff: 0.831729
7.87022% complete. Max time remaining: 22 mins, 32 secs. Auto Shutoff: 0.0146402
8.98132% complete. Max time remaining: 22 mins, 15 secs. Auto Shutoff: 0.00668685
10.0924% complete. Max time remaining: 21 mins, 60 secs. Auto Shutoff: 0.00592399
11.2035% complete. Max time remaining: 21 mins, 43 secs. Auto Shutoff: 0.00558954
12.3146% complete. Max time remaining: 21 mins, 26 secs. Auto Shutoff: 0.00532963
13.4257% complete. Max time remaining: 21 mins, 9 secs. Auto Shutoff: 0.00438113
14.5368% complete. Max time remaining: 20 mins, 53 secs. Auto Shutoff: 0.00234392
15.6479% complete. Max time remaining: 20 mins, 37 secs. Auto Shutoff: 0.000399678
16.7589% complete. Max time remaining: 20 mins, 21 secs. Auto Shutoff: 0.000332325
17.87% complete. Max time remaining: 20 mins, 6 secs. Auto Shutoff: 0.000335491
18.9811% complete. Max time remaining: 19 mins, 49 secs. Auto Shutoff: 0.000321555
20.0922% complete. Max time remaining: 19 mins, 32 secs. Auto Shutoff: 0.000296811
21.2033% complete. Max time remaining: 19 mins, 16 secs. Auto Shutoff: 0.000274419
22.3144% complete. Max time remaining: 18 mins, 60 secs. Auto Shutoff: 4.4886e-05
23.4255% complete. Max time remaining: 18 mins, 43 secs. Auto Shutoff: 2.54608e-05
24.5366% complete. Max time remaining: 18 mins, 27 secs. Auto Shutoff: 2.39411e-05
25.6477% complete. Max time remaining: 18 mins, 10 secs. Auto Shutoff: 2.37839e-05
26.7588% complete. Max time remaining: 17 mins, 54 secs. Auto Shutoff: 2.36616e-05
27.8699% complete. Max time remaining: 17 mins, 37 secs. Auto Shutoff: 1.9499e-05
28.9809% complete. Max time remaining: 17 mins, 21 secs. Auto Shutoff: 1.10804e-05
100% complete. Max time remaining: 0 mins, 0 secs. Auto Shutoff: 7.74196e-06
Early termination of simulation, the autoshutoff criteria are satisfied.
Completed 15030 iterations, or 8.697755e-13s of Simulation Time
Process 0 starting to collect data
    collecting monitor data
    collecting source data
Using frequency dependent profile
Finished collecting data
left is a duplicate key.
bottom is a duplicate key.
z1 is a duplicate key.
z2 is a duplicate key.
Nx is a duplicate key.
Ny is a duplicate key.
Nz is a duplicate key.
left is a duplicate key.
bottom is a duplicate key.
z1 is a duplicate key.
z2 is a duplicate key.
Nx is a duplicate key.
Ny is a duplicate key.
Nz is a duplicate key.
left is a duplicate key.
bottom is a duplicate key.
z1 is a duplicate key.
z2 is a duplicate key.
Nx is a duplicate key.
Ny is a duplicate key.
Nz is a duplicate key.
left is a duplicate key.
bottom is a duplicate key.
z1 is a duplicate key.
z2 is a duplicate key.
Nx is a duplicate key.
Ny is a duplicate key.
Nz is a duplicate key.
Simulation completed successfully at: Fri Aug 19 01:02:38 2022
Overall wall time measurements in seconds: 440.671
    time to mesh and initialize: 13.4117
    time to run FDTD simulation: 425.019
    time to checkpoint simulation: 5e-07
    time to finalize data and save to files: 0.122709
    miscellaneous time: 2.11818
    FDTD solver speed on process 0: 27.557 Mnodes/s
    total FDTD solver speed on 4 processes: 110.228 Mnodes/s
