Ansys Lumerical 2020 R2 FDTD Solver Version 8.24.2387 (Windows 64bit)
 expires (month/day/year): 12/31/2035
using config file: Ansys Licensing set with ANSYSLMD_LICENSE_FILE
license host: 
current time: Fri Aug 19 01:19:08 2022
Running on host: DESKTOP-CPAG1MV
host available memory (GB): 8.902459
All processes are communicating and ready to proceed to simulation...
Running fsp file: C:\Program Files\Lumerical\v202\bin\fdtd-engine-msmpi.exe -t 1 -remote -hide D:/AAAAAAAArquivos/Facul/Capacitação/GitHub/Ring-Resonator/Tutorial/ring_resonator_200nmGapSweep(Lc=0)/200nmGapSweep(Lc=0)_4.fsp
Starting meshing
Simulation size in gridpoints: 1 x 51 x 14
Refined 0 mesh cells (0%)
Completed meshing!
Meshing complete in 0 seconds of CPU time
Starting meshing
Simulation size in gridpoints: 1 x 51 x 14
Refined 0 mesh cells (0%)
Completed meshing!
Meshing complete in 0 seconds of CPU time
Starting meshing
Simulation size in gridpoints: 1 x 51 x 14
Refined 0 mesh cells (0%)
Completed meshing!
Meshing complete in 0 seconds of CPU time
left is a duplicate key.
bottom is a duplicate key.
z1 is a duplicate key.
z2 is a duplicate key.
Nx is a duplicate key.
Ny is a duplicate key.
Nz is a duplicate key.
Starting meshing
Simulation size in gridpoints: 1 x 51 x 14
Refined 0 mesh cells (0%)
Completed meshing!
Meshing complete in 0 seconds of CPU time
Starting meshing
Simulation size in gridpoints: 1 x 51 x 14
Refined 0 mesh cells (0%)
Completed meshing!
Meshing complete in 0 seconds of CPU time
Starting meshing
Simulation size in gridpoints: 1 x 51 x 14
Refined 0 mesh cells (0%)
Completed meshing!
Meshing complete in 0.015625 seconds of CPU time
left is a duplicate key.
bottom is a duplicate key.
z1 is a duplicate key.
z2 is a duplicate key.
Nx is a duplicate key.
Ny is a duplicate key.
Nz is a duplicate key.
Starting meshing
Simulation size in gridpoints: 67 x 1 x 14
Refined 0 mesh cells (0%)
Completed meshing!
Meshing complete in 0 seconds of CPU time
Starting meshing
Simulation size in gridpoints: 67 x 1 x 14
Refined 0 mesh cells (0%)
Completed meshing!
Meshing complete in 0 seconds of CPU time
Starting meshing
Simulation size in gridpoints: 67 x 1 x 14
Refined 0 mesh cells (0%)
Completed meshing!
Meshing complete in 0 seconds of CPU time
left is a duplicate key.
bottom is a duplicate key.
z1 is a duplicate key.
z2 is a duplicate key.
Nx is a duplicate key.
Ny is a duplicate key.
Nz is a duplicate key.
Starting meshing
Simulation size in gridpoints: 67 x 1 x 14
Refined 0 mesh cells (0%)
Completed meshing!
Meshing complete in 0 seconds of CPU time
Starting meshing
Simulation size in gridpoints: 67 x 1 x 14
Refined 0 mesh cells (0%)
Completed meshing!
Meshing complete in 0 seconds of CPU time
Starting meshing
Simulation size in gridpoints: 67 x 1 x 14
Refined 0 mesh cells (0%)
Completed meshing!
Meshing complete in 0 seconds of CPU time
Starting meshing
Simulation size in gridpoints: 67 x 1 x 14
Refined 0 mesh cells (0%)
Completed meshing!
Meshing complete in 0 seconds of CPU time
Starting meshing
Simulation size in gridpoints: 67 x 1 x 14
Refined 0 mesh cells (0%)
Completed meshing!
Meshing complete in 0 seconds of CPU time
Starting meshing
Simulation size in gridpoints: 67 x 1 x 14
Refined 0 mesh cells (0%)
Completed meshing!
Meshing complete in 0 seconds of CPU time
left is a duplicate key.
bottom is a duplicate key.
z1 is a duplicate key.
z2 is a duplicate key.
Nx is a duplicate key.
Ny is a duplicate key.
Nz is a duplicate key.
number of processors is 4
processors are distributed as: 2x2x1
Running 3D Simulation
Starting meshing
Simulation size in gridpoints: 237 x 137 x 24
Refined 0 mesh cells (0%)
Completed meshing!
Meshing complete in 0.8125 seconds of CPU time
0 0
Starting meshing
Simulation size in gridpoints: 237 x 137 x 24
Refined 0 mesh cells (0%)
Completed meshing!
Meshing complete in 0.84375 seconds of CPU time
0 0
Starting meshing
Simulation size in gridpoints: 237 x 137 x 24
Refined 0 mesh cells (0%)
Completed meshing!
Meshing complete in 1.59375 seconds of CPU time
0 0
finished material properties
Meshing Time: 2.52653 seconds, Init Electrical Material Time: 0.10759 seconds, Init Magnetic Material Time: 0.0036909
Using selected optimization level: 2
Selecting 3d kernel for splitFieldDirection=0 and optLevel=2
-----------------------------------------
Beginning initialization of 3D Simulation
Starting to add sources to simulation
Adding 3D Mode source propagating in Y
Using frequency dependent profile
Starting to add boundary conditions to simulation
Adding 3D PML BC
Adding 3D Parallel BC
Adding 3D PML BC
Adding 3D Parallel BC
Adding 3D Symmetric BC
Adding 3D PML BC
Starting to add monitors to Simulation
Adding analysis monitor
Adding 3D DFT monitor
Adding 3D DFT monitor
Adding 3D DFT monitor
Adding 3D DFT monitor
Finished initialization of 3D Simulation
-----------------------------------------
All processes are communicating and ready to proceed to simulation...
Starting 51841 total iterations
0.0925909% complete. Max time remaining: 24 mins, 24 secs. Auto Shutoff: 1
1.20368% complete. Max time remaining: 24 mins, 45 secs. Auto Shutoff: 1
2.31477% complete. Max time remaining: 24 mins, 14 secs. Auto Shutoff: 0.924946
3.42586% complete. Max time remaining: 23 mins, 51 secs. Auto Shutoff: 0.909063
4.53695% complete. Max time remaining: 23 mins, 30 secs. Auto Shutoff: 0.88295
5.64804% complete. Max time remaining: 23 mins, 11 secs. Auto Shutoff: 0.879327
6.75913% complete. Max time remaining: 22 mins, 54 secs. Auto Shutoff: 0.813054
7.87022% complete. Max time remaining: 22 mins, 36 secs. Auto Shutoff: 0.151332
8.98132% complete. Max time remaining: 22 mins, 19 secs. Auto Shutoff: 0.0728027
10.0924% complete. Max time remaining: 22 mins, 2 secs. Auto Shutoff: 0.0696138
11.2035% complete. Max time remaining: 21 mins, 46 secs. Auto Shutoff: 0.0710662
12.3146% complete. Max time remaining: 21 mins, 29 secs. Auto Shutoff: 0.069372
13.4257% complete. Max time remaining: 21 mins, 12 secs. Auto Shutoff: 0.0641074
14.5368% complete. Max time remaining: 20 mins, 55 secs. Auto Shutoff: 0.0563264
15.6479% complete. Max time remaining: 20 mins, 39 secs. Auto Shutoff: 0.00691906
16.7589% complete. Max time remaining: 20 mins, 23 secs. Auto Shutoff: 0.00626593
17.87% complete. Max time remaining: 20 mins, 6 secs. Auto Shutoff: 0.00652975
18.9811% complete. Max time remaining: 19 mins, 49 secs. Auto Shutoff: 0.00626007
20.0922% complete. Max time remaining: 19 mins, 33 secs. Auto Shutoff: 0.00615831
21.2033% complete. Max time remaining: 19 mins, 16 secs. Auto Shutoff: 0.00600108
22.3144% complete. Max time remaining: 18 mins, 60 secs. Auto Shutoff: 0.000956235
23.4255% complete. Max time remaining: 18 mins, 43 secs. Auto Shutoff: 0.000629619
24.5366% complete. Max time remaining: 18 mins, 27 secs. Auto Shutoff: 0.000616391
25.6477% complete. Max time remaining: 18 mins, 10 secs. Auto Shutoff: 0.000647783
26.7588% complete. Max time remaining: 17 mins, 53 secs. Auto Shutoff: 0.000641589
27.8699% complete. Max time remaining: 17 mins, 37 secs. Auto Shutoff: 0.000609354
28.9809% complete. Max time remaining: 17 mins, 21 secs. Auto Shutoff: 0.000278049
30.092% complete. Max time remaining: 17 mins, 5 secs. Auto Shutoff: 6.76962e-05
31.2031% complete. Max time remaining: 16 mins, 48 secs. Auto Shutoff: 6.2155e-05
32.3142% complete. Max time remaining: 16 mins, 32 secs. Auto Shutoff: 6.15657e-05
33.4253% complete. Max time remaining: 16 mins, 16 secs. Auto Shutoff: 6.3029e-05
34.5364% complete. Max time remaining: 15 mins, 59 secs. Auto Shutoff: 6.12946e-05
35.6475% complete. Max time remaining: 15 mins, 43 secs. Auto Shutoff: 5.73054e-05
100% complete. Max time remaining: 0 mins, 0 secs. Auto Shutoff: 8.69928e-06
Early termination of simulation, the autoshutoff criteria are satisfied.
Completed 18969 iterations, or 1.097723e-12s of Simulation Time
Process 0 starting to collect data
    collecting monitor data
    collecting source data
Using frequency dependent profile
Finished collecting data
left is a duplicate key.
bottom is a duplicate key.
z1 is a duplicate key.
z2 is a duplicate key.
Nx is a duplicate key.
Ny is a duplicate key.
Nz is a duplicate key.
left is a duplicate key.
bottom is a duplicate key.
z1 is a duplicate key.
z2 is a duplicate key.
Nx is a duplicate key.
Ny is a duplicate key.
Nz is a duplicate key.
left is a duplicate key.
bottom is a duplicate key.
z1 is a duplicate key.
z2 is a duplicate key.
Nx is a duplicate key.
Ny is a duplicate key.
Nz is a duplicate key.
left is a duplicate key.
bottom is a duplicate key.
z1 is a duplicate key.
z2 is a duplicate key.
Nx is a duplicate key.
Ny is a duplicate key.
Nz is a duplicate key.
Simulation completed successfully at: Fri Aug 19 01:28:18 2022
Overall wall time measurements in seconds: 551.487
    time to mesh and initialize: 13.0823
    time to run FDTD simulation: 536.048
    time to checkpoint simulation: 4e-07
    time to finalize data and save to files: 0.125631
    miscellaneous time: 2.23019
    FDTD solver speed on process 0: 27.5753 Mnodes/s
    total FDTD solver speed on 4 processes: 110.301 Mnodes/s
