Ansys Lumerical 2020 R2 FDTD Solver Version 8.24.2387 (Windows 64bit)
 expires (month/day/year): 12/31/2035
using config file: Ansys Licensing set with ANSYSLMD_LICENSE_FILE
license host: 
current time: Fri Aug 19 02:23:42 2022
Running on host: DESKTOP-CPAG1MV
host available memory (GB): 8.657154
All processes are communicating and ready to proceed to simulation...
Running fsp file: C:\Program Files\Lumerical\v202\bin\fdtd-engine-msmpi.exe -t 1 -remote -hide D:/AAAAAAAArquivos/Facul/Capacitação/GitHub/Ring-Resonator/Tutorial/ring_resonator_175nmGapSweep(Lc=1,5μm)/175nmGapSweep(Lc=1,5μm)_3.fsp
Starting meshing
Simulation size in gridpoints: 1 x 51 x 14
Refined 0 mesh cells (0%)
Completed meshing!
Meshing complete in 0.015625 seconds of CPU time
Starting meshing
Simulation size in gridpoints: 1 x 51 x 14
Refined 0 mesh cells (0%)
Completed meshing!
Meshing complete in 0 seconds of CPU time
Starting meshing
Simulation size in gridpoints: 1 x 51 x 14
Refined 0 mesh cells (0%)
Completed meshing!
Meshing complete in 0 seconds of CPU time
left is a duplicate key.
bottom is a duplicate key.
z1 is a duplicate key.
z2 is a duplicate key.
Nx is a duplicate key.
Ny is a duplicate key.
Nz is a duplicate key.
Starting meshing
Simulation size in gridpoints: 1 x 51 x 14
Refined 0 mesh cells (0%)
Completed meshing!
Meshing complete in 0 seconds of CPU time
Starting meshing
Simulation size in gridpoints: 1 x 51 x 14
Refined 0 mesh cells (0%)
Completed meshing!
Meshing complete in 0.015625 seconds of CPU time
Starting meshing
Simulation size in gridpoints: 1 x 51 x 14
Refined 0 mesh cells (0%)
Completed meshing!
Meshing complete in 0 seconds of CPU time
left is a duplicate key.
bottom is a duplicate key.
z1 is a duplicate key.
z2 is a duplicate key.
Nx is a duplicate key.
Ny is a duplicate key.
Nz is a duplicate key.
Starting meshing
Simulation size in gridpoints: 67 x 1 x 14
Refined 0 mesh cells (0%)
Completed meshing!
Meshing complete in 0 seconds of CPU time
Starting meshing
Simulation size in gridpoints: 67 x 1 x 14
Refined 0 mesh cells (0%)
Completed meshing!
Meshing complete in 0 seconds of CPU time
Starting meshing
Simulation size in gridpoints: 67 x 1 x 14
Refined 0 mesh cells (0%)
Completed meshing!
Meshing complete in 0.015625 seconds of CPU time
Starting meshing
Simulation size in gridpoints: 67 x 1 x 14
Refined 0 mesh cells (0%)
Completed meshing!
Meshing complete in 0 seconds of CPU time
Starting meshing
Simulation size in gridpoints: 67 x 1 x 14
Refined 0 mesh cells (0%)
Completed meshing!
Meshing complete in 0 seconds of CPU time
Starting meshing
Simulation size in gridpoints: 67 x 1 x 14
Refined 0 mesh cells (0%)
Completed meshing!
Meshing complete in 0 seconds of CPU time
left is a duplicate key.
bottom is a duplicate key.
z1 is a duplicate key.
z2 is a duplicate key.
Nx is a duplicate key.
Ny is a duplicate key.
Nz is a duplicate key.
Starting meshing
Simulation size in gridpoints: 67 x 1 x 14
Refined 0 mesh cells (0%)
Completed meshing!
Meshing complete in 0.015625 seconds of CPU time
Starting meshing
Simulation size in gridpoints: 67 x 1 x 14
Refined 0 mesh cells (0%)
Completed meshing!
Meshing complete in 0 seconds of CPU time
Starting meshing
Simulation size in gridpoints: 67 x 1 x 14
Refined 0 mesh cells (0%)
Completed meshing!
Meshing complete in 0 seconds of CPU time
left is a duplicate key.
bottom is a duplicate key.
z1 is a duplicate key.
z2 is a duplicate key.
Nx is a duplicate key.
Ny is a duplicate key.
Nz is a duplicate key.
number of processors is 4
processors are distributed as: 2x2x1
Running 3D Simulation
Starting meshing
Simulation size in gridpoints: 237 x 140 x 24
Refined 0 mesh cells (0%)
Completed meshing!
Meshing complete in 0.78125 seconds of CPU time
0 0
Starting meshing
Simulation size in gridpoints: 237 x 140 x 24
Refined 0 mesh cells (0%)
Completed meshing!
Meshing complete in 0.875 seconds of CPU time
0 0
Starting meshing
Simulation size in gridpoints: 237 x 140 x 24
Refined 0 mesh cells (0%)
Completed meshing!
Meshing complete in 1.65625 seconds of CPU time
0 0
finished material properties
Meshing Time: 2.54785 seconds, Init Electrical Material Time: 0.114324 seconds, Init Magnetic Material Time: 0.0038044
Using selected optimization level: 2
Selecting 3d kernel for splitFieldDirection=0 and optLevel=2
-----------------------------------------
Beginning initialization of 3D Simulation
Starting to add sources to simulation
Adding 3D Mode source propagating in Y
Using frequency dependent profile
Starting to add boundary conditions to simulation
Adding 3D PML BC
Adding 3D Parallel BC
Adding 3D PML BC
Adding 3D Parallel BC
Adding 3D Symmetric BC
Adding 3D PML BC
Starting to add monitors to Simulation
Adding analysis monitor
Adding 3D DFT monitor
Adding 3D DFT monitor
Adding 3D DFT monitor
Adding 3D DFT monitor
Finished initialization of 3D Simulation
-----------------------------------------
All processes are communicating and ready to proceed to simulation...
Starting 51959 total iterations
0.0923808% complete. Max time remaining: 25 mins, 21 secs. Auto Shutoff: 1
1.20095% complete. Max time remaining: 25 mins, 39 secs. Auto Shutoff: 1
2.24793% complete. Max time remaining: 25 mins, 26 secs. Auto Shutoff: 0.947153
3.3565% complete. Max time remaining: 24 mins, 58 secs. Auto Shutoff: 0.906772
4.46507% complete. Max time remaining: 24 mins, 37 secs. Auto Shutoff: 0.894093
5.57364% complete. Max time remaining: 24 mins, 17 secs. Auto Shutoff: 0.874355
6.68221% complete. Max time remaining: 23 mins, 58 secs. Auto Shutoff: 0.809568
7.79078% complete. Max time remaining: 23 mins, 40 secs. Auto Shutoff: 0.616467
8.89935% complete. Max time remaining: 23 mins, 24 secs. Auto Shutoff: 0.0792472
10.0079% complete. Max time remaining: 23 mins, 5 secs. Auto Shutoff: 0.0588075
11.1165% complete. Max time remaining: 22 mins, 47 secs. Auto Shutoff: 0.0579608
12.2251% complete. Max time remaining: 22 mins, 27 secs. Auto Shutoff: 0.0577618
13.3336% complete. Max time remaining: 22 mins, 10 secs. Auto Shutoff: 0.0571058
14.4422% complete. Max time remaining: 21 mins, 52 secs. Auto Shutoff: 0.0556455
15.5508% complete. Max time remaining: 21 mins, 35 secs. Auto Shutoff: 0.0478874
16.6593% complete. Max time remaining: 21 mins, 18 secs. Auto Shutoff: 0.00692448
17.7679% complete. Max time remaining: 21 mins, 1 secs. Auto Shutoff: 0.00517363
18.8765% complete. Max time remaining: 20 mins, 44 secs. Auto Shutoff: 0.00498896
19.9851% complete. Max time remaining: 20 mins, 27 secs. Auto Shutoff: 0.00504713
21.0936% complete. Max time remaining: 20 mins, 10 secs. Auto Shutoff: 0.00495398
22.2022% complete. Max time remaining: 19 mins, 53 secs. Auto Shutoff: 0.00489122
23.3108% complete. Max time remaining: 19 mins, 35 secs. Auto Shutoff: 0.00502675
24.4193% complete. Max time remaining: 19 mins, 17 secs. Auto Shutoff: 0.000734997
25.5279% complete. Max time remaining: 19 mins, 0 secs. Auto Shutoff: 0.000510409
26.6365% complete. Max time remaining: 18 mins, 43 secs. Auto Shutoff: 0.000497869
27.745% complete. Max time remaining: 18 mins, 26 secs. Auto Shutoff: 0.00050252
28.8536% complete. Max time remaining: 18 mins, 9 secs. Auto Shutoff: 0.000493011
29.9622% complete. Max time remaining: 17 mins, 52 secs. Auto Shutoff: 0.00049374
31.0708% complete. Max time remaining: 17 mins, 35 secs. Auto Shutoff: 0.000503752
32.1793% complete. Max time remaining: 17 mins, 18 secs. Auto Shutoff: 8.06886e-05
33.2879% complete. Max time remaining: 17 mins, 1 secs. Auto Shutoff: 5.18439e-05
34.3965% complete. Max time remaining: 16 mins, 44 secs. Auto Shutoff: 5.125e-05
35.505% complete. Max time remaining: 16 mins, 27 secs. Auto Shutoff: 5.16505e-05
36.6136% complete. Max time remaining: 16 mins, 10 secs. Auto Shutoff: 5.06272e-05
37.7222% complete. Max time remaining: 15 mins, 52 secs. Auto Shutoff: 5.02662e-05
38.8307% complete. Max time remaining: 15 mins, 35 secs. Auto Shutoff: 4.74857e-05
100% complete. Max time remaining: 0 mins, 0 secs. Auto Shutoff: 8.77126e-06
Early termination of simulation, the autoshutoff criteria are satisfied.
Completed 20689 iterations, or 1.194542e-12s of Simulation Time
Process 0 starting to collect data
    collecting monitor data
    collecting source data
Using frequency dependent profile
Finished collecting data
left is a duplicate key.
bottom is a duplicate key.
z1 is a duplicate key.
z2 is a duplicate key.
Nx is a duplicate key.
Ny is a duplicate key.
Nz is a duplicate key.
left is a duplicate key.
bottom is a duplicate key.
z1 is a duplicate key.
z2 is a duplicate key.
Nx is a duplicate key.
Ny is a duplicate key.
Nz is a duplicate key.
left is a duplicate key.
bottom is a duplicate key.
z1 is a duplicate key.
z2 is a duplicate key.
Nx is a duplicate key.
Ny is a duplicate key.
Nz is a duplicate key.
left is a duplicate key.
bottom is a duplicate key.
z1 is a duplicate key.
z2 is a duplicate key.
Nx is a duplicate key.
Ny is a duplicate key.
Nz is a duplicate key.
Simulation completed successfully at: Fri Aug 19 02:34:06 2022
Overall wall time measurements in seconds: 624.793
    time to mesh and initialize: 13.6511
    time to run FDTD simulation: 608.816
    time to checkpoint simulation: 5e-07
    time to finalize data and save to files: 0.12076
    miscellaneous time: 2.20506
    FDTD solver speed on process 0: 27.0608 Mnodes/s
    total FDTD solver speed on 4 processes: 108.243 Mnodes/s
