Ansys Lumerical 2020 R2 FDTD Solver Version 8.24.2387 (Windows 64bit)
 expires (month/day/year): 12/31/2035
using config file: Ansys Licensing set with ANSYSLMD_LICENSE_FILE
license host: 
current time: Wed Aug 17 23:36:08 2022
Running on host: DESKTOP-CPAG1MV
host available memory (GB): 7.449399
All processes are communicating and ready to proceed to simulation...
Running fsp file: C:\Program Files\Lumerical\v202\bin\fdtd-engine-msmpi.exe -t 1 -remote -hide D:/AAAAAAAArquivos/Facul/Capacitação/GitHub/Ring-Resonator/Tutorial/ring_resonator_GapSweep/GapSweep_2.fsp
Starting meshing
Simulation size in gridpoints: 1 x 65 x 17
Refined 0 mesh cells (0%)
Completed meshing!
Meshing complete in 0 seconds of CPU time
Starting meshing
Simulation size in gridpoints: 1 x 65 x 17
Refined 0 mesh cells (0%)
Completed meshing!
Meshing complete in 0 seconds of CPU time
Starting meshing
Simulation size in gridpoints: 1 x 65 x 17
Refined 0 mesh cells (0%)
Completed meshing!
Meshing complete in 0.015625 seconds of CPU time
Starting meshing
Simulation size in gridpoints: 1 x 65 x 17
Refined 0 mesh cells (0%)
Completed meshing!
Meshing complete in 0 seconds of CPU time
Starting meshing
Simulation size in gridpoints: 1 x 65 x 17
Refined 0 mesh cells (0%)
Completed meshing!
Meshing complete in 0 seconds of CPU time
Starting meshing
Simulation size in gridpoints: 1 x 65 x 17
Refined 0 mesh cells (0%)
Completed meshing!
Meshing complete in 0 seconds of CPU time
left is a duplicate key.
bottom is a duplicate key.
z1 is a duplicate key.
z2 is a duplicate key.
Nx is a duplicate key.
Ny is a duplicate key.
Nz is a duplicate key.
Starting meshing
Simulation size in gridpoints: 1 x 65 x 17
Refined 0 mesh cells (0%)
Completed meshing!
Meshing complete in 0.015625 seconds of CPU time
Starting meshing
Simulation size in gridpoints: 1 x 65 x 17
Refined 0 mesh cells (0%)
Completed meshing!
Meshing complete in 0 seconds of CPU time
Starting meshing
Simulation size in gridpoints: 1 x 65 x 17
Refined 0 mesh cells (0%)
Completed meshing!
Meshing complete in 0 seconds of CPU time
left is a duplicate key.
bottom is a duplicate key.
z1 is a duplicate key.
z2 is a duplicate key.
Nx is a duplicate key.
Ny is a duplicate key.
Nz is a duplicate key.
Starting meshing
Simulation size in gridpoints: 85 x 1 x 17
Refined 0 mesh cells (0%)
Completed meshing!
Meshing complete in 0 seconds of CPU time
Starting meshing
Simulation size in gridpoints: 85 x 1 x 17
Refined 0 mesh cells (0%)
Completed meshing!
Meshing complete in 0 seconds of CPU time
Starting meshing
Simulation size in gridpoints: 85 x 1 x 17
Refined 0 mesh cells (0%)
Completed meshing!
Meshing complete in 0 seconds of CPU time
left is a duplicate key.
bottom is a duplicate key.
z1 is a duplicate key.
z2 is a duplicate key.
Nx is a duplicate key.
Ny is a duplicate key.
Nz is a duplicate key.
number of processors is 4
processors are distributed as: 4x1x1
Running 3D Simulation
Starting meshing
Simulation size in gridpoints: 156 x 269 x 27
Refined 0 mesh cells (0%)
Completed meshing!
Meshing complete in 0.765625 seconds of CPU time
0 0
Starting meshing
Simulation size in gridpoints: 156 x 269 x 27
Refined 0 mesh cells (0%)
Completed meshing!
Meshing complete in 0.734375 seconds of CPU time
0 0
Starting meshing
Simulation size in gridpoints: 156 x 269 x 27
Refined 0 mesh cells (0%)
Completed meshing!
Meshing complete in 1.04688 seconds of CPU time
0 0
finished material properties
Meshing Time: 1.89597 seconds, Init Electrical Material Time: 0.149202 seconds, Init Magnetic Material Time: 0.0053842
Using selected optimization level: 2
Selecting 3d kernel for splitFieldDirection=0 and optLevel=2
-----------------------------------------
Beginning initialization of 3D Simulation
Starting to add sources to simulation
Adding 3D Mode source propagating in X
Using frequency dependent profile
Starting to add boundary conditions to simulation
Adding 3D PML BC
Adding 3D Parallel BC
Adding 3D PML BC
Adding 3D PML BC
Adding 3D Symmetric BC
Adding 3D PML BC
Starting to add monitors to Simulation
Adding analysis monitor
Adding 3D DFT monitor
Adding 3D DFT monitor
Adding 3D DFT monitor
Finished initialization of 3D Simulation
-----------------------------------------
All processes are communicating and ready to proceed to simulation...
Starting 66115 total iterations
0.0726008% complete. Max time remaining: 57 mins, 58 secs. Auto Shutoff: 1
1.08901% complete. Max time remaining: 56 mins, 7 secs. Auto Shutoff: 1
2.10542% complete. Max time remaining: 55 mins, 4 secs. Auto Shutoff: 0.994456
3.12183% complete. Max time remaining: 54 mins, 12 secs. Auto Shutoff: 0.965396
4.13825% complete. Max time remaining: 53 mins, 41 secs. Auto Shutoff: 0.962193
5.15466% complete. Max time remaining: 53 mins, 5 secs. Auto Shutoff: 0.95654
6.17107% complete. Max time remaining: 52 mins, 28 secs. Auto Shutoff: 0.905118
7.18748% complete. Max time remaining: 51 mins, 52 secs. Auto Shutoff: 0.514174
8.20389% complete. Max time remaining: 51 mins, 18 secs. Auto Shutoff: 0.0799183
9.2203% complete. Max time remaining: 50 mins, 42 secs. Auto Shutoff: 0.0763817
10.2367% complete. Max time remaining: 50 mins, 6 secs. Auto Shutoff: 0.0767662
11.2531% complete. Max time remaining: 49 mins, 33 secs. Auto Shutoff: 0.0758632
12.2695% complete. Max time remaining: 48 mins, 57 secs. Auto Shutoff: 0.0755103
13.2859% complete. Max time remaining: 48 mins, 22 secs. Auto Shutoff: 0.0762705
14.3024% complete. Max time remaining: 47 mins, 48 secs. Auto Shutoff: 0.00839373
15.3188% complete. Max time remaining: 47 mins, 13 secs. Auto Shutoff: 0.00719215
16.3352% complete. Max time remaining: 46 mins, 38 secs. Auto Shutoff: 0.00720125
17.3516% complete. Max time remaining: 46 mins, 4 secs. Auto Shutoff: 0.00709856
18.368% complete. Max time remaining: 45 mins, 30 secs. Auto Shutoff: 0.00713187
19.3844% complete. Max time remaining: 44 mins, 55 secs. Auto Shutoff: 0.00626164
20.4008% complete. Max time remaining: 44 mins, 21 secs. Auto Shutoff: 0.0016478
21.4172% complete. Max time remaining: 43 mins, 47 secs. Auto Shutoff: 0.000728641
22.4336% complete. Max time remaining: 43 mins, 14 secs. Auto Shutoff: 0.000717316
23.4501% complete. Max time remaining: 42 mins, 40 secs. Auto Shutoff: 0.000724167
24.4665% complete. Max time remaining: 42 mins, 5 secs. Auto Shutoff: 0.00072289
25.4829% complete. Max time remaining: 41 mins, 36 secs. Auto Shutoff: 0.000682269
26.4993% complete. Max time remaining: 41 mins, 3 secs. Auto Shutoff: 0.000686211
27.5157% complete. Max time remaining: 40 mins, 29 secs. Auto Shutoff: 7.99894e-05
28.5321% complete. Max time remaining: 39 mins, 56 secs. Auto Shutoff: 7.55051e-05
29.5485% complete. Max time remaining: 39 mins, 22 secs. Auto Shutoff: 7.5889e-05
30.5891% complete. Max time remaining: 38 mins, 50 secs. Auto Shutoff: 7.53384e-05
31.6056% complete. Max time remaining: 38 mins, 22 secs. Auto Shutoff: 7.45014e-05
32.622% complete. Max time remaining: 37 mins, 47 secs. Auto Shutoff: 7.52104e-05
33.6384% complete. Max time remaining: 37 mins, 12 secs. Auto Shutoff: 1.13352e-05
100% complete. Max time remaining: 0 mins, 0 secs. Auto Shutoff: 9.25879e-06
Early termination of simulation, the autoshutoff criteria are satisfied.
Completed 22273 iterations, or 1.010649e-12s of Simulation Time
Process 0 starting to collect data
    collecting monitor data
    collecting source data
Using frequency dependent profile
Finished collecting data
left is a duplicate key.
bottom is a duplicate key.
z1 is a duplicate key.
z2 is a duplicate key.
Nx is a duplicate key.
Ny is a duplicate key.
Nz is a duplicate key.
left is a duplicate key.
bottom is a duplicate key.
z1 is a duplicate key.
z2 is a duplicate key.
Nx is a duplicate key.
Ny is a duplicate key.
Nz is a duplicate key.
left is a duplicate key.
bottom is a duplicate key.
z1 is a duplicate key.
z2 is a duplicate key.
Nx is a duplicate key.
Ny is a duplicate key.
Nz is a duplicate key.
Simulation completed successfully at: Wed Aug 17 23:55:23 2022
Overall wall time measurements in seconds: 1156.84
    time to mesh and initialize: 21.0556
    time to run FDTD simulation: 1133.36
    time to checkpoint simulation: 5e-07
    time to finalize data and save to files: 0.139572
    miscellaneous time: 2.28165
    FDTD solver speed on process 0: 22.2664 Mnodes/s
    total FDTD solver speed on 4 processes: 89.0656 Mnodes/s
