Ansys Lumerical 2020 R2 FDTD Solver Version 8.24.2387 (Windows 64bit)
 expires (month/day/year): 12/31/2035
using config file: Ansys Licensing set with ANSYSLMD_LICENSE_FILE
license host: 
current time: Thu Aug 18 00:15:10 2022
Running on host: DESKTOP-CPAG1MV
host available memory (GB): 7.199392
All processes are communicating and ready to proceed to simulation...
Running fsp file: C:\Program Files\Lumerical\v202\bin\fdtd-engine-msmpi.exe -t 1 -remote -hide D:/AAAAAAAArquivos/Facul/Capacitação/GitHub/Ring-Resonator/Tutorial/ring_resonator_GapSweep/GapSweep_4.fsp
Starting meshing
Simulation size in gridpoints: 1 x 68 x 17
Refined 0 mesh cells (0%)
Completed meshing!
Meshing complete in 0 seconds of CPU time
Starting meshing
Simulation size in gridpoints: 1 x 68 x 17
Refined 0 mesh cells (0%)
Completed meshing!
Meshing complete in 0 seconds of CPU time
Starting meshing
Simulation size in gridpoints: 1 x 68 x 17
Refined 0 mesh cells (0%)
Completed meshing!
Meshing complete in 0 seconds of CPU time
Starting meshing
Simulation size in gridpoints: 1 x 68 x 17
Refined 0 mesh cells (0%)
Completed meshing!
Meshing complete in 0.015625 seconds of CPU time
Starting meshing
Simulation size in gridpoints: 1 x 68 x 17
Refined 0 mesh cells (0%)
Completed meshing!
Meshing complete in 0 seconds of CPU time
Starting meshing
Simulation size in gridpoints: 1 x 68 x 17
Refined 0 mesh cells (0%)
Completed meshing!
Meshing complete in 0 seconds of CPU time
left is a duplicate key.
bottom is a duplicate key.
z1 is a duplicate key.
z2 is a duplicate key.
Nx is a duplicate key.
Ny is a duplicate key.
Nz is a duplicate key.
Starting meshing
Simulation size in gridpoints: 1 x 68 x 17
Refined 0 mesh cells (0%)
Completed meshing!
Meshing complete in 0 seconds of CPU time
Starting meshing
Simulation size in gridpoints: 1 x 68 x 17
Refined 0 mesh cells (0%)
Completed meshing!
Meshing complete in 0 seconds of CPU time
Starting meshing
Simulation size in gridpoints: 1 x 68 x 17
Refined 0 mesh cells (0%)
Completed meshing!
Meshing complete in 0.015625 seconds of CPU time
left is a duplicate key.
bottom is a duplicate key.
z1 is a duplicate key.
z2 is a duplicate key.
Nx is a duplicate key.
Ny is a duplicate key.
Nz is a duplicate key.
Starting meshing
Simulation size in gridpoints: 85 x 1 x 17
Refined 0 mesh cells (0%)
Completed meshing!
Meshing complete in 0 seconds of CPU time
Starting meshing
Simulation size in gridpoints: 85 x 1 x 17
Refined 0 mesh cells (0%)
Completed meshing!
Meshing complete in 0 seconds of CPU time
Starting meshing
Simulation size in gridpoints: 85 x 1 x 17
Refined 0 mesh cells (0%)
Completed meshing!
Meshing complete in 0 seconds of CPU time
left is a duplicate key.
bottom is a duplicate key.
z1 is a duplicate key.
z2 is a duplicate key.
Nx is a duplicate key.
Ny is a duplicate key.
Nz is a duplicate key.
number of processors is 4
processors are distributed as: 4x1x1
Running 3D Simulation
Starting meshing
Simulation size in gridpoints: 156 x 272 x 27
Refined 0 mesh cells (0%)
Completed meshing!
Meshing complete in 0.828125 seconds of CPU time
0 0
Starting meshing
Simulation size in gridpoints: 156 x 272 x 27
Refined 0 mesh cells (0%)
Completed meshing!
Meshing complete in 0.609375 seconds of CPU time
0 0
Starting meshing
Simulation size in gridpoints: 156 x 272 x 27
Refined 0 mesh cells (0%)
Completed meshing!
Meshing complete in 1.10938 seconds of CPU time
0 0
finished material properties
Meshing Time: 2.11505 seconds, Init Electrical Material Time: 0.140186 seconds, Init Magnetic Material Time: 0.005852
Using selected optimization level: 2
Selecting 3d kernel for splitFieldDirection=0 and optLevel=2
-----------------------------------------
Beginning initialization of 3D Simulation
Starting to add sources to simulation
Adding 3D Mode source propagating in X
Using frequency dependent profile
Starting to add boundary conditions to simulation
Adding 3D PML BC
Adding 3D Parallel BC
Adding 3D PML BC
Adding 3D PML BC
Adding 3D Symmetric BC
Adding 3D PML BC
Starting to add monitors to Simulation
Adding analysis monitor
Adding 3D DFT monitor
Adding 3D DFT monitor
Adding 3D DFT monitor
Finished initialization of 3D Simulation
-----------------------------------------
All processes are communicating and ready to proceed to simulation...
Starting 66228 total iterations
0.0724766% complete. Max time remaining: 57 mins, 10 secs. Auto Shutoff: 1
1.11131% complete. Max time remaining: 56 mins, 34 secs. Auto Shutoff: 1
2.12598% complete. Max time remaining: 55 mins, 42 secs. Auto Shutoff: 0.997128
3.14065% complete. Max time remaining: 54 mins, 59 secs. Auto Shutoff: 0.967158
4.15533% complete. Max time remaining: 54 mins, 23 secs. Auto Shutoff: 0.964091
5.17% complete. Max time remaining: 53 mins, 47 secs. Auto Shutoff: 0.95964
6.18467% complete. Max time remaining: 53 mins, 10 secs. Auto Shutoff: 0.877717
7.19934% complete. Max time remaining: 52 mins, 37 secs. Auto Shutoff: 0.629807
8.21402% complete. Max time remaining: 51 mins, 59 secs. Auto Shutoff: 0.0838379
9.22869% complete. Max time remaining: 51 mins, 42 secs. Auto Shutoff: 0.0804377
10.2434% complete. Max time remaining: 51 mins, 3 secs. Auto Shutoff: 0.0823628
11.258% complete. Max time remaining: 50 mins, 23 secs. Auto Shutoff: 0.0797804
12.2727% complete. Max time remaining: 49 mins, 48 secs. Auto Shutoff: 0.0788857
13.2874% complete. Max time remaining: 49 mins, 12 secs. Auto Shutoff: 0.0831281
14.3021% complete. Max time remaining: 48 mins, 42 secs. Auto Shutoff: 0.00934064
15.3167% complete. Max time remaining: 48 mins, 4 secs. Auto Shutoff: 0.00772727
16.3314% complete. Max time remaining: 47 mins, 29 secs. Auto Shutoff: 0.00770338
17.3461% complete. Max time remaining: 46 mins, 52 secs. Auto Shutoff: 0.00767191
18.3607% complete. Max time remaining: 46 mins, 18 secs. Auto Shutoff: 0.00779764
19.3754% complete. Max time remaining: 45 mins, 41 secs. Auto Shutoff: 0.00745131
20.3901% complete. Max time remaining: 45 mins, 6 secs. Auto Shutoff: 0.00173301
21.4048% complete. Max time remaining: 44 mins, 30 secs. Auto Shutoff: 0.00082208
22.4194% complete. Max time remaining: 43 mins, 55 secs. Auto Shutoff: 0.000787814
23.4341% complete. Max time remaining: 43 mins, 20 secs. Auto Shutoff: 0.000788299
24.4488% complete. Max time remaining: 42 mins, 46 secs. Auto Shutoff: 0.000782538
25.4634% complete. Max time remaining: 42 mins, 10 secs. Auto Shutoff: 0.000783012
26.4781% complete. Max time remaining: 41 mins, 35 secs. Auto Shutoff: 0.00070304
27.4928% complete. Max time remaining: 40 mins, 60 secs. Auto Shutoff: 9.00563e-05
28.5075% complete. Max time remaining: 40 mins, 25 secs. Auto Shutoff: 8.41951e-05
29.5221% complete. Max time remaining: 39 mins, 51 secs. Auto Shutoff: 8.49672e-05
30.5368% complete. Max time remaining: 39 mins, 16 secs. Auto Shutoff: 8.39448e-05
31.5515% complete. Max time remaining: 38 mins, 42 secs. Auto Shutoff: 8.39202e-05
32.5662% complete. Max time remaining: 38 mins, 21 secs. Auto Shutoff: 8.47194e-05
33.5808% complete. Max time remaining: 38 mins, 3 secs. Auto Shutoff: 1.46384e-05
100% complete. Max time remaining: 0 mins, 0 secs. Auto Shutoff: 9.72365e-06
Early termination of simulation, the autoshutoff criteria are satisfied.
Completed 22477 iterations, or 1.018160e-12s of Simulation Time
Process 0 starting to collect data
    collecting monitor data
    collecting source data
Using frequency dependent profile
Finished collecting data
left is a duplicate key.
bottom is a duplicate key.
z1 is a duplicate key.
z2 is a duplicate key.
Nx is a duplicate key.
Ny is a duplicate key.
Nz is a duplicate key.
left is a duplicate key.
bottom is a duplicate key.
z1 is a duplicate key.
z2 is a duplicate key.
Nx is a duplicate key.
Ny is a duplicate key.
Nz is a duplicate key.
left is a duplicate key.
bottom is a duplicate key.
z1 is a duplicate key.
z2 is a duplicate key.
Nx is a duplicate key.
Ny is a duplicate key.
Nz is a duplicate key.
Simulation completed successfully at: Thu Aug 18 00:35:00 2022
Overall wall time measurements in seconds: 1191.41
    time to mesh and initialize: 21.6637
    time to run FDTD simulation: 1167.29
    time to checkpoint simulation: 0.001811
    time to finalize data and save to files: 0.143107
    miscellaneous time: 2.30633
    FDTD solver speed on process 0: 22.0606 Mnodes/s
    total FDTD solver speed on 4 processes: 88.2422 Mnodes/s
