Ansys Lumerical 2020 R2 FDTD Solver Version 8.24.2387 (Windows 64bit)
 expires (month/day/year): 12/31/2035
using config file: Ansys Licensing set with ANSYSLMD_LICENSE_FILE
license host: 
current time: Thu Aug 18 00:35:02 2022
Running on host: DESKTOP-CPAG1MV
host available memory (GB): 7.562113
All processes are communicating and ready to proceed to simulation...
Running fsp file: C:\Program Files\Lumerical\v202\bin\fdtd-engine-msmpi.exe -t 1 -remote -hide D:/AAAAAAAArquivos/Facul/Capacitação/GitHub/Ring-Resonator/Tutorial/ring_resonator_GapSweep/GapSweep_5.fsp
Starting meshing
Simulation size in gridpoints: 1 x 69 x 17
Refined 0 mesh cells (0%)
Completed meshing!
Meshing complete in 0 seconds of CPU time
Starting meshing
Simulation size in gridpoints: 1 x 69 x 17
Refined 0 mesh cells (0%)
Completed meshing!
Meshing complete in 0.015625 seconds of CPU time
Starting meshing
Simulation size in gridpoints: 1 x 69 x 17
Refined 0 mesh cells (0%)
Completed meshing!
Meshing complete in 0 seconds of CPU time
Starting meshing
Simulation size in gridpoints: 1 x 69 x 17
Refined 0 mesh cells (0%)
Completed meshing!
Meshing complete in 0 seconds of CPU time
Starting meshing
Simulation size in gridpoints: 1 x 69 x 17
Refined 0 mesh cells (0%)
Completed meshing!
Meshing complete in 0 seconds of CPU time
Starting meshing
Simulation size in gridpoints: 1 x 69 x 17
Refined 0 mesh cells (0%)
Completed meshing!
Meshing complete in 0.015625 seconds of CPU time
left is a duplicate key.
bottom is a duplicate key.
z1 is a duplicate key.
z2 is a duplicate key.
Nx is a duplicate key.
Ny is a duplicate key.
Nz is a duplicate key.
Starting meshing
Simulation size in gridpoints: 1 x 69 x 17
Refined 0 mesh cells (0%)
Completed meshing!
Meshing complete in 0.015625 seconds of CPU time
Starting meshing
Simulation size in gridpoints: 1 x 69 x 17
Refined 0 mesh cells (0%)
Completed meshing!
Meshing complete in 0 seconds of CPU time
Starting meshing
Simulation size in gridpoints: 1 x 69 x 17
Refined 0 mesh cells (0%)
Completed meshing!
Meshing complete in 0 seconds of CPU time
left is a duplicate key.
bottom is a duplicate key.
z1 is a duplicate key.
z2 is a duplicate key.
Nx is a duplicate key.
Ny is a duplicate key.
Nz is a duplicate key.
Starting meshing
Simulation size in gridpoints: 85 x 1 x 17
Refined 0 mesh cells (0%)
Completed meshing!
Meshing complete in 0 seconds of CPU time
Starting meshing
Simulation size in gridpoints: 85 x 1 x 17
Refined 0 mesh cells (0%)
Completed meshing!
Meshing complete in 0 seconds of CPU time
Starting meshing
Simulation size in gridpoints: 85 x 1 x 17
Refined 0 mesh cells (0%)
Completed meshing!
Meshing complete in 0 seconds of CPU time
left is a duplicate key.
bottom is a duplicate key.
z1 is a duplicate key.
z2 is a duplicate key.
Nx is a duplicate key.
Ny is a duplicate key.
Nz is a duplicate key.
number of processors is 4
processors are distributed as: 4x1x1
Running 3D Simulation
Starting meshing
Simulation size in gridpoints: 156 x 273 x 27
Refined 0 mesh cells (0%)
Completed meshing!
Meshing complete in 0.84375 seconds of CPU time
0 0
Starting meshing
Simulation size in gridpoints: 156 x 273 x 27
Refined 0 mesh cells (0%)
Completed meshing!
Meshing complete in 0.609375 seconds of CPU time
0 0
Starting meshing
Simulation size in gridpoints: 156 x 273 x 27
Refined 0 mesh cells (0%)
Completed meshing!
Meshing complete in 1.10938 seconds of CPU time
0 0
finished material properties
Meshing Time: 2.11527 seconds, Init Electrical Material Time: 0.13815 seconds, Init Magnetic Material Time: 0.0052762
Using selected optimization level: 2
Selecting 3d kernel for splitFieldDirection=0 and optLevel=2
-----------------------------------------
Beginning initialization of 3D Simulation
Starting to add sources to simulation
Adding 3D Mode source propagating in X
Using frequency dependent profile
Starting to add boundary conditions to simulation
Adding 3D PML BC
Adding 3D Parallel BC
Adding 3D PML BC
Adding 3D PML BC
Adding 3D Symmetric BC
Adding 3D PML BC
Starting to add monitors to Simulation
Adding analysis monitor
Adding 3D DFT monitor
Adding 3D DFT monitor
Adding 3D DFT monitor
Finished initialization of 3D Simulation
-----------------------------------------
All processes are communicating and ready to proceed to simulation...
Starting 66228 total iterations
0.0483177% complete. Max time remaining: 1 hr, 15 mins, 28 secs. Auto Shutoff: 1
1.08715% complete. Max time remaining: 1 hr, 7 mins, 7 secs. Auto Shutoff: 1
2.10182% complete. Max time remaining: 1 hr, 5 mins, 46 secs. Auto Shutoff: 0.997159
3.14065% complete. Max time remaining: 1 hr, 4 mins, 35 secs. Auto Shutoff: 0.967183
4.15533% complete. Max time remaining: 1 hr, 3 mins, 43 secs. Auto Shutoff: 0.964465
5.19416% complete. Max time remaining: 1 hr, 2 mins, 30 secs. Auto Shutoff: 0.961116
6.23299% complete. Max time remaining: 1 hr, 2 mins, 14 secs. Auto Shutoff: 0.882825
7.24766% complete. Max time remaining: 1 hr, 1 min, 51 secs. Auto Shutoff: 0.638479
8.26233% complete. Max time remaining: 1 hr, 1 min, 26 secs. Auto Shutoff: 0.0851778
9.27701% complete. Max time remaining: 1 hr, 1 min, 4 secs. Auto Shutoff: 0.081691
10.2917% complete. Max time remaining: 1 hr, 40 secs. Auto Shutoff: 0.0836485
11.3064% complete. Max time remaining: 1 hr, 7 secs. Auto Shutoff: 0.0810541
12.321% complete. Max time remaining: 59 mins, 37 secs. Auto Shutoff: 0.0779248
13.3599% complete. Max time remaining: 59 mins, 7 secs. Auto Shutoff: 0.0745151
14.3745% complete. Max time remaining: 58 mins, 32 secs. Auto Shutoff: 0.00958222
15.3892% complete. Max time remaining: 57 mins, 58 secs. Auto Shutoff: 0.00789129
16.4039% complete. Max time remaining: 57 mins, 20 secs. Auto Shutoff: 0.00792932
17.4185% complete. Max time remaining: 56 mins, 37 secs. Auto Shutoff: 0.00784924
18.4574% complete. Max time remaining: 55 mins, 55 secs. Auto Shutoff: 0.00791793
19.472% complete. Max time remaining: 55 mins, 24 secs. Auto Shutoff: 0.00749656
20.4867% complete. Max time remaining: 54 mins, 53 secs. Auto Shutoff: 0.00178511
21.5014% complete. Max time remaining: 54 mins, 11 secs. Auto Shutoff: 0.000833816
22.5402% complete. Max time remaining: 53 mins, 40 secs. Auto Shutoff: 0.00081123
23.5549% complete. Max time remaining: 53 mins, 1 secs. Auto Shutoff: 0.000811171
24.5696% complete. Max time remaining: 52 mins, 23 secs. Auto Shutoff: 0.000816007
25.5842% complete. Max time remaining: 51 mins, 38 secs. Auto Shutoff: 0.000767391
26.6231% complete. Max time remaining: 50 mins, 57 secs. Auto Shutoff: 0.00045093
27.6377% complete. Max time remaining: 50 mins, 17 secs. Auto Shutoff: 9.12389e-05
28.6524% complete. Max time remaining: 49 mins, 36 secs. Auto Shutoff: 8.69565e-05
29.6913% complete. Max time remaining: 48 mins, 53 secs. Auto Shutoff: 8.72345e-05
30.7059% complete. Max time remaining: 48 mins, 17 secs. Auto Shutoff: 8.67478e-05
31.7448% complete. Max time remaining: 47 mins, 35 secs. Auto Shutoff: 8.47283e-05
32.7594% complete. Max time remaining: 46 mins, 52 secs. Auto Shutoff: 8.33397e-05
33.7741% complete. Max time remaining: 46 mins, 13 secs. Auto Shutoff: 1.1672e-05
100% complete. Max time remaining: 0 mins, 0 secs. Auto Shutoff: 9.88029e-06
Early termination of simulation, the autoshutoff criteria are satisfied.
Completed 22578 iterations, or 1.022736e-12s of Simulation Time
Process 0 starting to collect data
    collecting monitor data
    collecting source data
Using frequency dependent profile
Finished collecting data
left is a duplicate key.
bottom is a duplicate key.
z1 is a duplicate key.
z2 is a duplicate key.
Nx is a duplicate key.
Ny is a duplicate key.
Nz is a duplicate key.
left is a duplicate key.
bottom is a duplicate key.
z1 is a duplicate key.
z2 is a duplicate key.
Nx is a duplicate key.
Ny is a duplicate key.
Nz is a duplicate key.
left is a duplicate key.
bottom is a duplicate key.
z1 is a duplicate key.
z2 is a duplicate key.
Nx is a duplicate key.
Ny is a duplicate key.
Nz is a duplicate key.
Simulation completed successfully at: Thu Aug 18 00:59:16 2022
Overall wall time measurements in seconds: 1455.05
    time to mesh and initialize: 24.8468
    time to run FDTD simulation: 1427.58
    time to checkpoint simulation: 4e-07
    time to finalize data and save to files: 0.260562
    miscellaneous time: 2.36111
    FDTD solver speed on process 0: 18.1859 Mnodes/s
    total FDTD solver speed on 4 processes: 72.7436 Mnodes/s
