Ansys Lumerical 2022 R1.4 FDTD Solver Version 8.27.3044 (Linux 64bit)
 expires (month/day/year): 5/2/2023
using config file: Ansys Licensing set with ANSYSLMD_LICENSE_FILE
license host: 1055@10.75.13.24
current time: Fri Aug 19 12:42:54 2022
Running on host: fotonica02-System-Product-Name
host available memory (GB): 29.817668
All processes are communicating and ready to proceed to simulation...
Running fsp file: /opt/lumerical/v221/bin/fdtd-engine-mpich2nem -t 1 -remote -hide -shared-solve-license QU5TWVNDTF9DT05URVhUX0RBVEE9PEFOU1lTQ0xfQ09OVEVYVF9EQVRBPjxJRD5iYmZhZTFiYi1iOGNmLTQ4MjctOGVmYS1lMWVjYmNiZWY4MmE8L0lEPjxUWVBFPkFQUF9ERUZJTkVEPC9UWVBFPjxOQU1FPmx1bV9zdGFuZGFyZF9zb2x2ZV9zaGFyZTwvTkFNRT48SEFORExFUj42MDQ0M0Bmb3RvbmljYTAyLVN5c3RlbS1Qcm9kdWN0LU5hbWU8L0hBTkRMRVI+PC9BTlNZU0NMX0NPTlRFWFRfREFUQT4KQU5TWVNfQ09OVEVYVF9JRD1iYmZhZTFiYi1iOGNmLTQ4MjctOGVmYS1lMWVjYmNiZWY4MmEKQU5TWVNfQ09OVEVYVF9TRVJWRVI9NjA0NDNAZm90b25pY2EwMi1TeXN0ZW0tUHJvZHVjdC1OYW1lCg== /media/leonardo/datam02/Ring Resonator - Leonardo Pessôa/Ring-Resonator/Tutorial/ring_resonator_150nmGapSweep(Lc=3μm)/150nmGapSweep(Lc=3μm)_3.fsp
Starting meshing
Simulation size in gridpoints: 1 x 52 x 14
Refined 0 mesh cells (0%)
Completed meshing!
Meshing complete in 0.000808 seconds of CPU time
Starting meshing
Simulation size in gridpoints: 1 x 52 x 14
Refined 0 mesh cells (0%)
Completed meshing!
Meshing complete in 0.000618 seconds of CPU time
Starting meshing
Simulation size in gridpoints: 1 x 52 x 14
Refined 0 mesh cells (0%)
Completed meshing!
Meshing complete in 0.000561 seconds of CPU time
left is a duplicate key.
bottom is a duplicate key.
z1 is a duplicate key.
z2 is a duplicate key.
Nx is a duplicate key.
Ny is a duplicate key.
Nz is a duplicate key.
Starting meshing
Simulation size in gridpoints: 1 x 52 x 14
Refined 0 mesh cells (0%)
Completed meshing!
Meshing complete in 0.000764 seconds of CPU time
Starting meshing
Simulation size in gridpoints: 1 x 52 x 14
Refined 0 mesh cells (0%)
Completed meshing!
Meshing complete in 0.0006 seconds of CPU time
Starting meshing
Simulation size in gridpoints: 1 x 52 x 14
Refined 0 mesh cells (0%)
Completed meshing!
Meshing complete in 0.000566 seconds of CPU time
left is a duplicate key.
bottom is a duplicate key.
z1 is a duplicate key.
z2 is a duplicate key.
Nx is a duplicate key.
Ny is a duplicate key.
Nz is a duplicate key.
Starting meshing
Simulation size in gridpoints: 67 x 1 x 14
Refined 0 mesh cells (0%)
Completed meshing!
Meshing complete in 0.000576 seconds of CPU time
Starting meshing
Simulation size in gridpoints: 67 x 1 x 14
Refined 0 mesh cells (0%)
Completed meshing!
Meshing complete in 0.000462 seconds of CPU time
Starting meshing
Simulation size in gridpoints: 67 x 1 x 14
Refined 0 mesh cells (0%)
Completed meshing!
Meshing complete in 0.000444 seconds of CPU time
Starting meshing
Simulation size in gridpoints: 67 x 1 x 14
Refined 0 mesh cells (0%)
Completed meshing!
Meshing complete in 0.000516 seconds of CPU time
Starting meshing
Simulation size in gridpoints: 67 x 1 x 14
Refined 0 mesh cells (0%)
Completed meshing!
Meshing complete in 0.000444 seconds of CPU time
Starting meshing
Simulation size in gridpoints: 67 x 1 x 14
Refined 0 mesh cells (0%)
Completed meshing!
Meshing complete in 0.000443 seconds of CPU time
left is a duplicate key.
bottom is a duplicate key.
z1 is a duplicate key.
z2 is a duplicate key.
Nx is a duplicate key.
Ny is a duplicate key.
Nz is a duplicate key.
Starting meshing
Simulation size in gridpoints: 67 x 1 x 14
Refined 0 mesh cells (0%)
Completed meshing!
Meshing complete in 0.000599 seconds of CPU time
Starting meshing
Simulation size in gridpoints: 67 x 1 x 14
Refined 0 mesh cells (0%)
Completed meshing!
Meshing complete in 0.000466 seconds of CPU time
Starting meshing
Simulation size in gridpoints: 67 x 1 x 14
Refined 0 mesh cells (0%)
Completed meshing!
Meshing complete in 0.000451 seconds of CPU time
left is a duplicate key.
bottom is a duplicate key.
z1 is a duplicate key.
z2 is a duplicate key.
Nx is a duplicate key.
Ny is a duplicate key.
Nz is a duplicate key.
number of processors is 8
processors are distributed as: 4x2x1
Running 3D Simulation
Starting meshing
Simulation size in gridpoints: 119 x 101 x 24
Refined 0 mesh cells (0%)
Completed meshing!
Meshing complete in 0.159015 seconds of CPU time
0 0
Starting meshing
Simulation size in gridpoints: 119 x 101 x 24
Refined 0 mesh cells (0%)
Completed meshing!
Meshing complete in 0.163866 seconds of CPU time
0 0
Starting meshing
Simulation size in gridpoints: 119 x 101 x 24
Refined 0 mesh cells (0%)
Completed meshing!
Meshing complete in 0.271719 seconds of CPU time
0 0
finished material properties
Meshing Time: 0.804934 seconds, Init Electrical Material Time: 0.065403 seconds, Init Magnetic Material Time: 0.000967
Using selected optimization level: 2
Selecting 3d kernel for splitFieldDirection=0 and optLevel=2
-----------------------------------------
Beginning initialization of 3D Simulation
Starting to add sources to simulation
Adding 3D Mode source propagating in Y
Using frequency dependent profile
Starting to add boundary conditions to simulation
Adding 3D PML BC
Adding 3D Parallel BC
Adding 3D PML BC
Adding 3D Parallel BC
Adding 3D Symmetric BC
Adding 3D PML BC
Starting to add monitors to Simulation
Adding analysis monitor
Adding 3D DFT monitor
Adding 3D DFT monitor
Adding 3D DFT monitor
Adding 3D DFT monitor
Finished initialization of 3D Simulation
-----------------------------------------
All processes are communicating and ready to proceed to simulation...
Starting 52629 total iterations
0.060803% complete. Max time remaining: 51 mins, 23 secs. Auto Shutoff: 1
1.06405% complete. Max time remaining: 53 mins, 52 secs. Auto Shutoff: 1
2.0673% complete. Max time remaining: 54 mins, 1 secs. Auto Shutoff: 1
3.10095% complete. Max time remaining: 54 mins, 42 secs. Auto Shutoff: 0.933116
4.1042% complete. Max time remaining: 53 mins, 15 secs. Auto Shutoff: 0.93263
5.13785% complete. Max time remaining: 52 mins, 35 secs. Auto Shutoff: 0.910275
6.1411% complete. Max time remaining: 51 mins, 52 secs. Auto Shutoff: 0.909589
7.17475% complete. Max time remaining: 50 mins, 29 secs. Auto Shutoff: 0.758491
8.20841% complete. Max time remaining: 50 mins, 4 secs. Auto Shutoff: 0.068523
9.21166% complete. Max time remaining: 49 mins, 30 secs. Auto Shutoff: 1.53486e-05
100% complete. Max time remaining: 0 mins, 0 secs. Auto Shutoff: 9.45488e-06
Early termination of simulation, the autoshutoff criteria are satisfied.
Completed 5047 iterations, or 2.876932e-13s of Simulation Time
Process 0 starting to collect data
    collecting monitor data
    collecting source data
Using frequency dependent profile
Finished collecting data
left is a duplicate key.
bottom is a duplicate key.
z1 is a duplicate key.
z2 is a duplicate key.
Nx is a duplicate key.
Ny is a duplicate key.
Nz is a duplicate key.
left is a duplicate key.
bottom is a duplicate key.
z1 is a duplicate key.
z2 is a duplicate key.
Nx is a duplicate key.
Ny is a duplicate key.
Nz is a duplicate key.
left is a duplicate key.
bottom is a duplicate key.
z1 is a duplicate key.
z2 is a duplicate key.
Nx is a duplicate key.
Ny is a duplicate key.
Nz is a duplicate key.
left is a duplicate key.
bottom is a duplicate key.
z1 is a duplicate key.
z2 is a duplicate key.
Nx is a duplicate key.
Ny is a duplicate key.
Nz is a duplicate key.
Simulation completed successfully at: Fri Aug 19 12:48:11 2022
Overall wall time measurements in seconds: 317.84
    time to mesh and initialize: 2.67516
    time to run FDTD simulation: 312.646
    time to checkpoint simulation: 1e-06
    time to finalize data and save to files: 0.323816
    miscellaneous time: 2.19535
    FDTD solver speed on process 0: 4.65651 Mnodes/s
    total FDTD solver speed on 8 processes: 37.2521 Mnodes/s
