Ansys Lumerical 2022 R1.4 FDTD Solver Version 8.27.3044 (Linux 64bit)
 expires (month/day/year): 5/2/2023
using config file: Ansys Licensing set with ANSYSLMD_LICENSE_FILE
license host: 1055@10.75.13.24
current time: Fri Aug 19 12:38:11 2022
Running on host: fotonica02-System-Product-Name
host available memory (GB): 29.968065
All processes are communicating and ready to proceed to simulation...
Running fsp file: /opt/lumerical/v221/bin/fdtd-engine-mpich2nem -t 1 -remote -hide -shared-solve-license QU5TWVNDTF9DT05URVhUX0RBVEE9PEFOU1lTQ0xfQ09OVEVYVF9EQVRBPjxJRD5iYmZhZTFiYi1iOGNmLTQ4MjctOGVmYS1lMWVjYmNiZWY4MmE8L0lEPjxUWVBFPkFQUF9ERUZJTkVEPC9UWVBFPjxOQU1FPmx1bV9zdGFuZGFyZF9zb2x2ZV9zaGFyZTwvTkFNRT48SEFORExFUj42MDQ0M0Bmb3RvbmljYTAyLVN5c3RlbS1Qcm9kdWN0LU5hbWU8L0hBTkRMRVI+PC9BTlNZU0NMX0NPTlRFWFRfREFUQT4KQU5TWVNfQ09OVEVYVF9JRD1iYmZhZTFiYi1iOGNmLTQ4MjctOGVmYS1lMWVjYmNiZWY4MmEKQU5TWVNfQ09OVEVYVF9TRVJWRVI9NjA0NDNAZm90b25pY2EwMi1TeXN0ZW0tUHJvZHVjdC1OYW1lCg== /media/leonardo/datam02/Ring Resonator - Leonardo Pessôa/Ring-Resonator/Tutorial/ring_resonator_150nmGapSweep(Lc=3μm)/150nmGapSweep(Lc=3μm)_2.fsp
Starting meshing
Simulation size in gridpoints: 1 x 52 x 14
Refined 0 mesh cells (0%)
Completed meshing!
Meshing complete in 0.000833 seconds of CPU time
Starting meshing
Simulation size in gridpoints: 1 x 52 x 14
Refined 0 mesh cells (0%)
Completed meshing!
Meshing complete in 0.000627 seconds of CPU time
Starting meshing
Simulation size in gridpoints: 1 x 52 x 14
Refined 0 mesh cells (0%)
Completed meshing!
Meshing complete in 0.000565 seconds of CPU time
left is a duplicate key.
bottom is a duplicate key.
z1 is a duplicate key.
z2 is a duplicate key.
Nx is a duplicate key.
Ny is a duplicate key.
Nz is a duplicate key.
Starting meshing
Simulation size in gridpoints: 1 x 52 x 14
Refined 0 mesh cells (0%)
Completed meshing!
Meshing complete in 0.000768 seconds of CPU time
Starting meshing
Simulation size in gridpoints: 1 x 52 x 14
Refined 0 mesh cells (0%)
Completed meshing!
Meshing complete in 0.000628 seconds of CPU time
Starting meshing
Simulation size in gridpoints: 1 x 52 x 14
Refined 0 mesh cells (0%)
Completed meshing!
Meshing complete in 0.000539 seconds of CPU time
Starting meshing
Simulation size in gridpoints: 1 x 52 x 14
Refined 0 mesh cells (0%)
Completed meshing!
Meshing complete in 0.000757 seconds of CPU time
Starting meshing
Simulation size in gridpoints: 1 x 52 x 14
Refined 0 mesh cells (0%)
Completed meshing!
Meshing complete in 0.000622 seconds of CPU time
Starting meshing
Simulation size in gridpoints: 1 x 52 x 14
Refined 0 mesh cells (0%)
Completed meshing!
Meshing complete in 0.000546 seconds of CPU time
left is a duplicate key.
bottom is a duplicate key.
z1 is a duplicate key.
z2 is a duplicate key.
Nx is a duplicate key.
Ny is a duplicate key.
Nz is a duplicate key.
Starting meshing
Simulation size in gridpoints: 67 x 1 x 14
Refined 0 mesh cells (0%)
Completed meshing!
Meshing complete in 0.000506 seconds of CPU time
Starting meshing
Simulation size in gridpoints: 67 x 1 x 14
Refined 0 mesh cells (0%)
Completed meshing!
Meshing complete in 0.000444 seconds of CPU time
Starting meshing
Simulation size in gridpoints: 67 x 1 x 14
Refined 0 mesh cells (0%)
Completed meshing!
Meshing complete in 0.000432 seconds of CPU time
left is a duplicate key.
bottom is a duplicate key.
z1 is a duplicate key.
z2 is a duplicate key.
Nx is a duplicate key.
Ny is a duplicate key.
Nz is a duplicate key.
Starting meshing
Simulation size in gridpoints: 67 x 1 x 14
Refined 0 mesh cells (0%)
Completed meshing!
Meshing complete in 0.000546 seconds of CPU time
Starting meshing
Simulation size in gridpoints: 67 x 1 x 14
Refined 0 mesh cells (0%)
Completed meshing!
Meshing complete in 0.000454 seconds of CPU time
Starting meshing
Simulation size in gridpoints: 67 x 1 x 14
Refined 0 mesh cells (0%)
Completed meshing!
Meshing complete in 0.000438 seconds of CPU time
left is a duplicate key.
bottom is a duplicate key.
z1 is a duplicate key.
z2 is a duplicate key.
Nx is a duplicate key.
Ny is a duplicate key.
Nz is a duplicate key.
number of processors is 8
processors are distributed as: 4x2x1
Running 3D Simulation
Starting meshing
Simulation size in gridpoints: 119 x 101 x 24
Refined 0 mesh cells (0%)
Completed meshing!
Meshing complete in 0.157155 seconds of CPU time
0 0
Starting meshing
Simulation size in gridpoints: 119 x 101 x 24
Refined 0 mesh cells (0%)
Completed meshing!
Meshing complete in 0.159035 seconds of CPU time
0 0
Starting meshing
Simulation size in gridpoints: 119 x 101 x 24
Refined 0 mesh cells (0%)
Completed meshing!
Meshing complete in 0.269396 seconds of CPU time
0 0
finished material properties
Meshing Time: 0.930168 seconds, Init Electrical Material Time: 0.098412 seconds, Init Magnetic Material Time: 0.000909
Using selected optimization level: 2
Selecting 3d kernel for splitFieldDirection=0 and optLevel=2
-----------------------------------------
Beginning initialization of 3D Simulation
Starting to add sources to simulation
Adding 3D Mode source propagating in X
Using frequency dependent profile
Starting to add boundary conditions to simulation
Adding 3D PML BC
Adding 3D Parallel BC
Adding 3D PML BC
Adding 3D Parallel BC
Adding 3D Symmetric BC
Adding 3D PML BC
Starting to add monitors to Simulation
Adding analysis monitor
Adding 3D DFT monitor
Adding 3D DFT monitor
Adding 3D DFT monitor
Adding 3D DFT monitor
Finished initialization of 3D Simulation
-----------------------------------------
All processes are communicating and ready to proceed to simulation...
Starting 52629 total iterations
0.060803% complete. Max time remaining: 58 mins, 27 secs. Auto Shutoff: 1
1.06405% complete. Max time remaining: 54 mins, 28 secs. Auto Shutoff: 1
2.0673% complete. Max time remaining: 54 mins, 48 secs. Auto Shutoff: 1
3.10095% complete. Max time remaining: 51 mins, 39 secs. Auto Shutoff: 0.974279
4.1042% complete. Max time remaining: 51 mins, 30 secs. Auto Shutoff: 0.973256
5.13785% complete. Max time remaining: 50 mins, 55 secs. Auto Shutoff: 0.967996
6.17151% complete. Max time remaining: 50 mins, 40 secs. Auto Shutoff: 0.898168
7.20516% complete. Max time remaining: 49 mins, 58 secs. Auto Shutoff: 0.381268
8.23881% complete. Max time remaining: 49 mins, 8 secs. Auto Shutoff: 0.000132324
100% complete. Max time remaining: 0 mins, 0 secs. Auto Shutoff: 9.70318e-06
Early termination of simulation, the autoshutoff criteria are satisfied.
Completed 4542 iterations, or 2.589068e-13s of Simulation Time
Process 0 starting to collect data
    collecting monitor data
    collecting source data
Using frequency dependent profile
Finished collecting data
left is a duplicate key.
bottom is a duplicate key.
z1 is a duplicate key.
z2 is a duplicate key.
Nx is a duplicate key.
Ny is a duplicate key.
Nz is a duplicate key.
left is a duplicate key.
bottom is a duplicate key.
z1 is a duplicate key.
z2 is a duplicate key.
Nx is a duplicate key.
Ny is a duplicate key.
Nz is a duplicate key.
left is a duplicate key.
bottom is a duplicate key.
z1 is a duplicate key.
z2 is a duplicate key.
Nx is a duplicate key.
Ny is a duplicate key.
Nz is a duplicate key.
left is a duplicate key.
bottom is a duplicate key.
z1 is a duplicate key.
z2 is a duplicate key.
Nx is a duplicate key.
Ny is a duplicate key.
Nz is a duplicate key.
Simulation completed successfully at: Fri Aug 19 12:42:53 2022
Overall wall time measurements in seconds: 282.544
    time to mesh and initialize: 2.98187
    time to run FDTD simulation: 276.912
    time to checkpoint simulation: 1e-06
    time to finalize data and save to files: 0.313851
    miscellaneous time: 2.33649
    FDTD solver speed on process 0: 4.73135 Mnodes/s
    total FDTD solver speed on 8 processes: 37.8508 Mnodes/s
