Ansys Lumerical 2020 R2 FDTD Solver Version 8.24.2387 (Windows 64bit)
 expires (month/day/year): 12/31/2035
using config file: Ansys Licensing set with ANSYSLMD_LICENSE_FILE
license host: 
current time: Fri Aug 19 01:46:19 2022
Running on host: DESKTOP-CPAG1MV
host available memory (GB): 8.898847
All processes are communicating and ready to proceed to simulation...
Running fsp file: C:\Program Files\Lumerical\v202\bin\fdtd-engine-msmpi.exe -t 1 -remote -hide D:/AAAAAAAArquivos/Facul/Capacitação/GitHub/Ring-Resonator/Tutorial/ring_resonator_150nmGapSweep(Lc=1,5μm)/150nmGapSweep(Lc=1,5μm)_3.fsp
Starting meshing
Simulation size in gridpoints: 1 x 51 x 14
Refined 0 mesh cells (0%)
Completed meshing!
Meshing complete in 0.015625 seconds of CPU time
Starting meshing
Simulation size in gridpoints: 1 x 51 x 14
Refined 0 mesh cells (0%)
Completed meshing!
Meshing complete in 0 seconds of CPU time
Starting meshing
Simulation size in gridpoints: 1 x 51 x 14
Refined 0 mesh cells (0%)
Completed meshing!
Meshing complete in 0 seconds of CPU time
left is a duplicate key.
bottom is a duplicate key.
z1 is a duplicate key.
z2 is a duplicate key.
Nx is a duplicate key.
Ny is a duplicate key.
Nz is a duplicate key.
Starting meshing
Simulation size in gridpoints: 1 x 51 x 14
Refined 0 mesh cells (0%)
Completed meshing!
Meshing complete in 0 seconds of CPU time
Starting meshing
Simulation size in gridpoints: 1 x 51 x 14
Refined 0 mesh cells (0%)
Completed meshing!
Meshing complete in 0 seconds of CPU time
Starting meshing
Simulation size in gridpoints: 1 x 51 x 14
Refined 0 mesh cells (0%)
Completed meshing!
Meshing complete in 0 seconds of CPU time
left is a duplicate key.
bottom is a duplicate key.
z1 is a duplicate key.
z2 is a duplicate key.
Nx is a duplicate key.
Ny is a duplicate key.
Nz is a duplicate key.
Starting meshing
Simulation size in gridpoints: 67 x 1 x 14
Refined 0 mesh cells (0%)
Completed meshing!
Meshing complete in 0 seconds of CPU time
Starting meshing
Simulation size in gridpoints: 67 x 1 x 14
Refined 0 mesh cells (0%)
Completed meshing!
Meshing complete in 0 seconds of CPU time
Starting meshing
Simulation size in gridpoints: 67 x 1 x 14
Refined 0 mesh cells (0%)
Completed meshing!
Meshing complete in 0 seconds of CPU time
Starting meshing
Simulation size in gridpoints: 67 x 1 x 14
Refined 0 mesh cells (0%)
Completed meshing!
Meshing complete in 0 seconds of CPU time
Starting meshing
Simulation size in gridpoints: 67 x 1 x 14
Refined 0 mesh cells (0%)
Completed meshing!
Meshing complete in 0 seconds of CPU time
Starting meshing
Simulation size in gridpoints: 67 x 1 x 14
Refined 0 mesh cells (0%)
Completed meshing!
Meshing complete in 0 seconds of CPU time
left is a duplicate key.
bottom is a duplicate key.
z1 is a duplicate key.
z2 is a duplicate key.
Nx is a duplicate key.
Ny is a duplicate key.
Nz is a duplicate key.
Starting meshing
Simulation size in gridpoints: 67 x 1 x 14
Refined 0 mesh cells (0%)
Completed meshing!
Meshing complete in 0 seconds of CPU time
Starting meshing
Simulation size in gridpoints: 67 x 1 x 14
Refined 0 mesh cells (0%)
Completed meshing!
Meshing complete in 0 seconds of CPU time
Starting meshing
Simulation size in gridpoints: 67 x 1 x 14
Refined 0 mesh cells (0%)
Completed meshing!
Meshing complete in 0 seconds of CPU time
left is a duplicate key.
bottom is a duplicate key.
z1 is a duplicate key.
z2 is a duplicate key.
Nx is a duplicate key.
Ny is a duplicate key.
Nz is a duplicate key.
number of processors is 4
processors are distributed as: 2x2x1
Running 3D Simulation
Starting meshing
Simulation size in gridpoints: 237 x 140 x 24
Refined 0 mesh cells (0%)
Completed meshing!
Meshing complete in 0.75 seconds of CPU time
0 0
Starting meshing
Simulation size in gridpoints: 237 x 140 x 24
Refined 0 mesh cells (0%)
Completed meshing!
Meshing complete in 0.8125 seconds of CPU time
0 0
Starting meshing
Simulation size in gridpoints: 237 x 140 x 24
Refined 0 mesh cells (0%)
Completed meshing!
Meshing complete in 1.64062 seconds of CPU time
0 0
finished material properties
Meshing Time: 2.53406 seconds, Init Electrical Material Time: 0.103849 seconds, Init Magnetic Material Time: 0.0036851
Using selected optimization level: 2
Selecting 3d kernel for splitFieldDirection=0 and optLevel=2
-----------------------------------------
Beginning initialization of 3D Simulation
Starting to add sources to simulation
Adding 3D Mode source propagating in Y
Using frequency dependent profile
Starting to add boundary conditions to simulation
Adding 3D PML BC
Adding 3D Parallel BC
Adding 3D PML BC
Adding 3D Parallel BC
Adding 3D Symmetric BC
Adding 3D PML BC
Starting to add monitors to Simulation
Adding analysis monitor
Adding 3D DFT monitor
Adding 3D DFT monitor
Adding 3D DFT monitor
Adding 3D DFT monitor
Finished initialization of 3D Simulation
-----------------------------------------
All processes are communicating and ready to proceed to simulation...
Starting 51959 total iterations
0.0923808% complete. Max time remaining: 24 mins, 45 secs. Auto Shutoff: 1
1.20095% complete. Max time remaining: 25 mins, 23 secs. Auto Shutoff: 1
2.30952% complete. Max time remaining: 24 mins, 50 secs. Auto Shutoff: 0.937333
3.41809% complete. Max time remaining: 24 mins, 24 secs. Auto Shutoff: 0.903811
4.52666% complete. Max time remaining: 24 mins, 2 secs. Auto Shutoff: 0.893715
5.63523% complete. Max time remaining: 23 mins, 42 secs. Auto Shutoff: 0.869211
6.7438% complete. Max time remaining: 23 mins, 24 secs. Auto Shutoff: 0.804438
7.85237% complete. Max time remaining: 23 mins, 5 secs. Auto Shutoff: 0.540978
8.96094% complete. Max time remaining: 22 mins, 47 secs. Auto Shutoff: 0.061117
10.0079% complete. Max time remaining: 22 mins, 33 secs. Auto Shutoff: 0.0528115
11.1165% complete. Max time remaining: 22 mins, 16 secs. Auto Shutoff: 0.0521953
12.2251% complete. Max time remaining: 21 mins, 59 secs. Auto Shutoff: 0.0518443
13.3336% complete. Max time remaining: 21 mins, 38 secs. Auto Shutoff: 0.0510907
14.4422% complete. Max time remaining: 21 mins, 14 secs. Auto Shutoff: 0.050104
15.5508% complete. Max time remaining: 20 mins, 52 secs. Auto Shutoff: 0.0397231
16.6593% complete. Max time remaining: 20 mins, 31 secs. Auto Shutoff: 0.00593485
17.7679% complete. Max time remaining: 20 mins, 11 secs. Auto Shutoff: 0.00439284
18.8765% complete. Max time remaining: 19 mins, 51 secs. Auto Shutoff: 0.00421266
19.9851% complete. Max time remaining: 19 mins, 32 secs. Auto Shutoff: 0.00435793
21.0936% complete. Max time remaining: 19 mins, 13 secs. Auto Shutoff: 0.00423975
22.2022% complete. Max time remaining: 18 mins, 55 secs. Auto Shutoff: 0.00418419
23.3108% complete. Max time remaining: 18 mins, 36 secs. Auto Shutoff: 0.00396935
24.4193% complete. Max time remaining: 18 mins, 18 secs. Auto Shutoff: 0.000612686
25.5279% complete. Max time remaining: 17 mins, 60 secs. Auto Shutoff: 0.000421589
26.6365% complete. Max time remaining: 17 mins, 47 secs. Auto Shutoff: 0.000412408
27.745% complete. Max time remaining: 17 mins, 32 secs. Auto Shutoff: 0.000406535
28.8536% complete. Max time remaining: 17 mins, 16 secs. Auto Shutoff: 0.000404586
29.9622% complete. Max time remaining: 17 mins, 1 secs. Auto Shutoff: 0.00040692
31.0708% complete. Max time remaining: 16 mins, 46 secs. Auto Shutoff: 0.000397032
32.1793% complete. Max time remaining: 16 mins, 31 secs. Auto Shutoff: 6.51749e-05
33.2879% complete. Max time remaining: 16 mins, 15 secs. Auto Shutoff: 4.1289e-05
34.3965% complete. Max time remaining: 16 mins, 0 secs. Auto Shutoff: 4.0362e-05
35.505% complete. Max time remaining: 15 mins, 44 secs. Auto Shutoff: 4.2082e-05
36.6136% complete. Max time remaining: 15 mins, 29 secs. Auto Shutoff: 4.02721e-05
37.7222% complete. Max time remaining: 15 mins, 13 secs. Auto Shutoff: 4.02721e-05
38.8307% complete. Max time remaining: 14 mins, 57 secs. Auto Shutoff: 3.70715e-05
100% complete. Max time remaining: 0 mins, 0 secs. Auto Shutoff: 6.9435e-06
Early termination of simulation, the autoshutoff criteria are satisfied.
Completed 20689 iterations, or 1.194542e-12s of Simulation Time
Process 0 starting to collect data
    collecting monitor data
    collecting source data
Using frequency dependent profile
Finished collecting data
left is a duplicate key.
bottom is a duplicate key.
z1 is a duplicate key.
z2 is a duplicate key.
Nx is a duplicate key.
Ny is a duplicate key.
Nz is a duplicate key.
left is a duplicate key.
bottom is a duplicate key.
z1 is a duplicate key.
z2 is a duplicate key.
Nx is a duplicate key.
Ny is a duplicate key.
Nz is a duplicate key.
left is a duplicate key.
bottom is a duplicate key.
z1 is a duplicate key.
z2 is a duplicate key.
Nx is a duplicate key.
Ny is a duplicate key.
Nz is a duplicate key.
left is a duplicate key.
bottom is a duplicate key.
z1 is a duplicate key.
z2 is a duplicate key.
Nx is a duplicate key.
Ny is a duplicate key.
Nz is a duplicate key.
Simulation completed successfully at: Fri Aug 19 01:56:18 2022
Overall wall time measurements in seconds: 600.334
    time to mesh and initialize: 13.6524
    time to run FDTD simulation: 584.348
    time to checkpoint simulation: 3e-07
    time to finalize data and save to files: 0.122929
    miscellaneous time: 2.21039
    FDTD solver speed on process 0: 28.1939 Mnodes/s
    total FDTD solver speed on 4 processes: 112.776 Mnodes/s
