Ansys Lumerical 2020 R2 FDTD Solver Version 8.24.2387 (Windows 64bit)
 expires (month/day/year): 12/31/2035
using config file: Ansys Licensing set with ANSYSLMD_LICENSE_FILE
license host: 
current time: Fri Aug 19 01:56:20 2022
Running on host: DESKTOP-CPAG1MV
host available memory (GB): 8.835043
All processes are communicating and ready to proceed to simulation...
Running fsp file: C:\Program Files\Lumerical\v202\bin\fdtd-engine-msmpi.exe -t 1 -remote -hide D:/AAAAAAAArquivos/Facul/Capacitação/GitHub/Ring-Resonator/Tutorial/ring_resonator_150nmGapSweep(Lc=1,5μm)/150nmGapSweep(Lc=1,5μm)_4.fsp
Starting meshing
Simulation size in gridpoints: 1 x 51 x 14
Refined 0 mesh cells (0%)
Completed meshing!
Meshing complete in 0 seconds of CPU time
Starting meshing
Simulation size in gridpoints: 1 x 51 x 14
Refined 0 mesh cells (0%)
Completed meshing!
Meshing complete in 0 seconds of CPU time
Starting meshing
Simulation size in gridpoints: 1 x 51 x 14
Refined 0 mesh cells (0%)
Completed meshing!
Meshing complete in 0 seconds of CPU time
left is a duplicate key.
bottom is a duplicate key.
z1 is a duplicate key.
z2 is a duplicate key.
Nx is a duplicate key.
Ny is a duplicate key.
Nz is a duplicate key.
Starting meshing
Simulation size in gridpoints: 1 x 51 x 14
Refined 0 mesh cells (0%)
Completed meshing!
Meshing complete in 0 seconds of CPU time
Starting meshing
Simulation size in gridpoints: 1 x 51 x 14
Refined 0 mesh cells (0%)
Completed meshing!
Meshing complete in 0 seconds of CPU time
Starting meshing
Simulation size in gridpoints: 1 x 51 x 14
Refined 0 mesh cells (0%)
Completed meshing!
Meshing complete in 0 seconds of CPU time
left is a duplicate key.
bottom is a duplicate key.
z1 is a duplicate key.
z2 is a duplicate key.
Nx is a duplicate key.
Ny is a duplicate key.
Nz is a duplicate key.
Starting meshing
Simulation size in gridpoints: 67 x 1 x 14
Refined 0 mesh cells (0%)
Completed meshing!
Meshing complete in 0 seconds of CPU time
Starting meshing
Simulation size in gridpoints: 67 x 1 x 14
Refined 0 mesh cells (0%)
Completed meshing!
Meshing complete in 0 seconds of CPU time
Starting meshing
Simulation size in gridpoints: 67 x 1 x 14
Refined 0 mesh cells (0%)
Completed meshing!
Meshing complete in 0 seconds of CPU time
left is a duplicate key.
bottom is a duplicate key.
z1 is a duplicate key.
z2 is a duplicate key.
Nx is a duplicate key.
Ny is a duplicate key.
Nz is a duplicate key.
Starting meshing
Simulation size in gridpoints: 67 x 1 x 14
Refined 0 mesh cells (0%)
Completed meshing!
Meshing complete in 0 seconds of CPU time
Starting meshing
Simulation size in gridpoints: 67 x 1 x 14
Refined 0 mesh cells (0%)
Completed meshing!
Meshing complete in 0 seconds of CPU time
Starting meshing
Simulation size in gridpoints: 67 x 1 x 14
Refined 0 mesh cells (0%)
Completed meshing!
Meshing complete in 0 seconds of CPU time
Starting meshing
Simulation size in gridpoints: 67 x 1 x 14
Refined 0 mesh cells (0%)
Completed meshing!
Meshing complete in 0 seconds of CPU time
Starting meshing
Simulation size in gridpoints: 67 x 1 x 14
Refined 0 mesh cells (0%)
Completed meshing!
Meshing complete in 0 seconds of CPU time
Starting meshing
Simulation size in gridpoints: 67 x 1 x 14
Refined 0 mesh cells (0%)
Completed meshing!
Meshing complete in 0 seconds of CPU time
left is a duplicate key.
bottom is a duplicate key.
z1 is a duplicate key.
z2 is a duplicate key.
Nx is a duplicate key.
Ny is a duplicate key.
Nz is a duplicate key.
number of processors is 4
processors are distributed as: 2x2x1
Running 3D Simulation
Starting meshing
Simulation size in gridpoints: 237 x 140 x 24
Refined 0 mesh cells (0%)
Completed meshing!
Meshing complete in 0.8125 seconds of CPU time
0 0
Starting meshing
Simulation size in gridpoints: 237 x 140 x 24
Refined 0 mesh cells (0%)
Completed meshing!
Meshing complete in 0.875 seconds of CPU time
0 0
Starting meshing
Simulation size in gridpoints: 237 x 140 x 24
Refined 0 mesh cells (0%)
Completed meshing!
Meshing complete in 1.625 seconds of CPU time
0 0
finished material properties
Meshing Time: 2.57833 seconds, Init Electrical Material Time: 0.120224 seconds, Init Magnetic Material Time: 0.003529
Using selected optimization level: 2
Selecting 3d kernel for splitFieldDirection=0 and optLevel=2
-----------------------------------------
Beginning initialization of 3D Simulation
Starting to add sources to simulation
Adding 3D Mode source propagating in Y
Using frequency dependent profile
Starting to add boundary conditions to simulation
Adding 3D PML BC
Adding 3D Parallel BC
Adding 3D PML BC
Adding 3D Parallel BC
Adding 3D Symmetric BC
Adding 3D PML BC
Starting to add monitors to Simulation
Adding analysis monitor
Adding 3D DFT monitor
Adding 3D DFT monitor
Adding 3D DFT monitor
Adding 3D DFT monitor
Finished initialization of 3D Simulation
-----------------------------------------
All processes are communicating and ready to proceed to simulation...
Starting 51959 total iterations
0.0923808% complete. Max time remaining: 25 mins, 8 secs. Auto Shutoff: 1
1.20095% complete. Max time remaining: 25 mins, 10 secs. Auto Shutoff: 1
2.30952% complete. Max time remaining: 24 mins, 49 secs. Auto Shutoff: 0.937334
3.41809% complete. Max time remaining: 24 mins, 23 secs. Auto Shutoff: 0.903747
4.52666% complete. Max time remaining: 24 mins, 1 secs. Auto Shutoff: 0.893414
5.63523% complete. Max time remaining: 23 mins, 42 secs. Auto Shutoff: 0.8692
6.7438% complete. Max time remaining: 23 mins, 24 secs. Auto Shutoff: 0.804323
7.85237% complete. Max time remaining: 23 mins, 5 secs. Auto Shutoff: 0.540978
8.96094% complete. Max time remaining: 22 mins, 47 secs. Auto Shutoff: 0.0611198
10.0695% complete. Max time remaining: 22 mins, 30 secs. Auto Shutoff: 0.0528122
11.1781% complete. Max time remaining: 22 mins, 13 secs. Auto Shutoff: 0.0521931
12.2867% complete. Max time remaining: 21 mins, 56 secs. Auto Shutoff: 0.051841
13.3952% complete. Max time remaining: 21 mins, 39 secs. Auto Shutoff: 0.0507873
14.5038% complete. Max time remaining: 21 mins, 23 secs. Auto Shutoff: 0.0501087
15.6124% complete. Max time remaining: 21 mins, 6 secs. Auto Shutoff: 0.0397233
16.7209% complete. Max time remaining: 20 mins, 49 secs. Auto Shutoff: 0.00509556
17.8295% complete. Max time remaining: 20 mins, 32 secs. Auto Shutoff: 0.0043928
18.9381% complete. Max time remaining: 20 mins, 15 secs. Auto Shutoff: 0.00421206
20.0466% complete. Max time remaining: 19 mins, 58 secs. Auto Shutoff: 0.0042076
21.1552% complete. Max time remaining: 19 mins, 43 secs. Auto Shutoff: 0.00423974
22.2638% complete. Max time remaining: 19 mins, 27 secs. Auto Shutoff: 0.00418409
23.3724% complete. Max time remaining: 19 mins, 10 secs. Auto Shutoff: 0.00396936
24.4809% complete. Max time remaining: 18 mins, 53 secs. Auto Shutoff: 0.000494088
25.5895% complete. Max time remaining: 18 mins, 36 secs. Auto Shutoff: 0.000421594
26.6981% complete. Max time remaining: 18 mins, 19 secs. Auto Shutoff: 0.000412406
27.8066% complete. Max time remaining: 18 mins, 3 secs. Auto Shutoff: 0.000418646
28.9152% complete. Max time remaining: 17 mins, 46 secs. Auto Shutoff: 0.000404587
30.0238% complete. Max time remaining: 17 mins, 29 secs. Auto Shutoff: 0.000406952
31.1323% complete. Max time remaining: 17 mins, 12 secs. Auto Shutoff: 0.000397031
32.2409% complete. Max time remaining: 16 mins, 55 secs. Auto Shutoff: 5.07008e-05
33.3495% complete. Max time remaining: 16 mins, 39 secs. Auto Shutoff: 4.12884e-05
34.4581% complete. Max time remaining: 16 mins, 22 secs. Auto Shutoff: 4.03599e-05
35.5666% complete. Max time remaining: 16 mins, 5 secs. Auto Shutoff: 3.94589e-05
36.6752% complete. Max time remaining: 15 mins, 49 secs. Auto Shutoff: 4.02722e-05
37.7838% complete. Max time remaining: 15 mins, 32 secs. Auto Shutoff: 4.02718e-05
38.8307% complete. Max time remaining: 15 mins, 17 secs. Auto Shutoff: 3.70715e-05
100% complete. Max time remaining: 0 mins, 0 secs. Auto Shutoff: 6.94516e-06
Early termination of simulation, the autoshutoff criteria are satisfied.
Completed 20689 iterations, or 1.194542e-12s of Simulation Time
Process 0 starting to collect data
    collecting monitor data
    collecting source data
Using frequency dependent profile
Finished collecting data
left is a duplicate key.
bottom is a duplicate key.
z1 is a duplicate key.
z2 is a duplicate key.
Nx is a duplicate key.
Ny is a duplicate key.
Nz is a duplicate key.
left is a duplicate key.
bottom is a duplicate key.
z1 is a duplicate key.
z2 is a duplicate key.
Nx is a duplicate key.
Ny is a duplicate key.
Nz is a duplicate key.
left is a duplicate key.
bottom is a duplicate key.
z1 is a duplicate key.
z2 is a duplicate key.
Nx is a duplicate key.
Ny is a duplicate key.
Nz is a duplicate key.
left is a duplicate key.
bottom is a duplicate key.
z1 is a duplicate key.
z2 is a duplicate key.
Nx is a duplicate key.
Ny is a duplicate key.
Nz is a duplicate key.
Simulation completed successfully at: Fri Aug 19 02:06:32 2022
Overall wall time measurements in seconds: 612.948
    time to mesh and initialize: 13.8046
    time to run FDTD simulation: 596.825
    time to checkpoint simulation: 4e-07
    time to finalize data and save to files: 0.127953
    miscellaneous time: 2.19062
    FDTD solver speed on process 0: 27.6045 Mnodes/s
    total FDTD solver speed on 4 processes: 110.418 Mnodes/s
