Ansys Lumerical 2020 R2 FDTD Solver Version 8.24.2387 (Windows 64bit)
 expires (month/day/year): 12/31/2035
using config file: Ansys Licensing set with ANSYSLMD_LICENSE_FILE
license host: 
current time: Thu Aug 11 13:20:36 2022
Running on host: DESKTOP-CPAG1MV
host available memory (GB): 9.641353
All processes are communicating and ready to proceed to simulation...
Running fsp file: C:\Program Files\Lumerical\v202\bin\fdtd-engine-msmpi.exe -t 1 -remote -hide D:/AAAAAAAArquivos/Facul/Capacitação/GitHub/Ring-Resonator/Tutorial/ring_resonator_LcSweep5um/LcSweep5um_4.fsp
Starting meshing
Simulation size in gridpoints: 65 x 1 x 17
Refined 0 mesh cells (0%)
Completed meshing!
Meshing complete in 0.015625 seconds of CPU time
Starting meshing
Simulation size in gridpoints: 65 x 1 x 17
Refined 0 mesh cells (0%)
Completed meshing!
Meshing complete in 0 seconds of CPU time
Starting meshing
Simulation size in gridpoints: 65 x 1 x 17
Refined 0 mesh cells (0%)
Completed meshing!
Meshing complete in 0 seconds of CPU time
Starting meshing
Simulation size in gridpoints: 65 x 1 x 17
Refined 0 mesh cells (0%)
Completed meshing!
Meshing complete in 0 seconds of CPU time
Starting meshing
Simulation size in gridpoints: 65 x 1 x 17
Refined 0 mesh cells (0%)
Completed meshing!
Meshing complete in 0 seconds of CPU time
Starting meshing
Simulation size in gridpoints: 65 x 1 x 17
Refined 0 mesh cells (0%)
Completed meshing!
Meshing complete in 0 seconds of CPU time
left is a duplicate key.
bottom is a duplicate key.
z1 is a duplicate key.
z2 is a duplicate key.
Nx is a duplicate key.
Ny is a duplicate key.
Nz is a duplicate key.
Starting meshing
Simulation size in gridpoints: 65 x 1 x 17
Refined 0 mesh cells (0%)
Completed meshing!
Meshing complete in 0 seconds of CPU time
Starting meshing
Simulation size in gridpoints: 65 x 1 x 17
Refined 0 mesh cells (0%)
Completed meshing!
Meshing complete in 0 seconds of CPU time
Starting meshing
Simulation size in gridpoints: 65 x 1 x 17
Refined 0 mesh cells (0%)
Completed meshing!
Meshing complete in 0 seconds of CPU time
left is a duplicate key.
bottom is a duplicate key.
z1 is a duplicate key.
z2 is a duplicate key.
Nx is a duplicate key.
Ny is a duplicate key.
Nz is a duplicate key.
Starting meshing
Simulation size in gridpoints: 79 x 1 x 17
Refined 0 mesh cells (0%)
Completed meshing!
Meshing complete in 0 seconds of CPU time
Starting meshing
Simulation size in gridpoints: 79 x 1 x 17
Refined 0 mesh cells (0%)
Completed meshing!
Meshing complete in 0 seconds of CPU time
Starting meshing
Simulation size in gridpoints: 79 x 1 x 17
Refined 0 mesh cells (0%)
Completed meshing!
Meshing complete in 0 seconds of CPU time
left is a duplicate key.
bottom is a duplicate key.
z1 is a duplicate key.
z2 is a duplicate key.
Nx is a duplicate key.
Ny is a duplicate key.
Nz is a duplicate key.
number of processors is 4
processors are distributed as: 2x2x1
Running 3D Simulation
Starting meshing
Simulation size in gridpoints: 245 x 260 x 27
Refined 0 mesh cells (0%)
Completed meshing!
Meshing complete in 6.28125 seconds of CPU time
0 0
Starting meshing
Simulation size in gridpoints: 245 x 260 x 27
Refined 0 mesh cells (0%)
Completed meshing!
Meshing complete in 5.90625 seconds of CPU time
0 0
Starting meshing
Simulation size in gridpoints: 245 x 260 x 27
Refined 0 mesh cells (0%)
Completed meshing!
Meshing complete in 5.76562 seconds of CPU time
0 0
finished material properties
Meshing Time: 12.1255 seconds, Init Electrical Material Time: 0.194487 seconds, Init Magnetic Material Time: 0.0075005
Using selected optimization level: 2
Selecting 3d kernel for splitFieldDirection=0 and optLevel=2
-----------------------------------------
Beginning initialization of 3D Simulation
Starting to add sources to simulation
Adding 3D Mode source propagating in Y
Using frequency dependent profile
Starting to add boundary conditions to simulation
Adding 3D PML BC
Adding 3D Parallel BC
Adding 3D PML BC
Adding 3D Parallel BC
Adding 3D Symmetric BC
Adding 3D PML BC
Starting to add monitors to Simulation
Adding analysis monitor
Adding 3D DFT monitor
Adding 3D DFT monitor
Adding 3D DFT monitor
Finished initialization of 3D Simulation
-----------------------------------------
All processes are communicating and ready to proceed to simulation...
Starting 65929 total iterations
0.0728055% complete. Max time remaining: 1 hr, 5 mins, 12 secs. Auto Shutoff: 1
1.09208% complete. Max time remaining: 1 hr, 4 mins, 53 secs. Auto Shutoff: 1
2.13563% complete. Max time remaining: 1 hr, 4 mins, 25 secs. Auto Shutoff: 0.991264
3.1549% complete. Max time remaining: 1 hr, 3 mins, 26 secs. Auto Shutoff: 0.981155
4.17418% complete. Max time remaining: 1 hr, 2 mins, 37 secs. Auto Shutoff: 0.966754
5.19346% complete. Max time remaining: 1 hr, 1 min, 54 secs. Auto Shutoff: 0.963662
6.21273% complete. Max time remaining: 1 hr, 1 min, 9 secs. Auto Shutoff: 0.94692
7.23201% complete. Max time remaining: 1 hr, 26 secs. Auto Shutoff: 0.912661
8.25129% complete. Max time remaining: 59 mins, 44 secs. Auto Shutoff: 0.814008
9.27056% complete. Max time remaining: 59 mins, 3 secs. Auto Shutoff: 0.570439
10.2898% complete. Max time remaining: 58 mins, 21 secs. Auto Shutoff: 0.0008464
100% complete. Max time remaining: 0 mins, 0 secs. Auto Shutoff: 9.9623e-06
Early termination of simulation, the autoshutoff criteria are satisfied.
Completed 7018 iterations, or 3.193430e-13s of Simulation Time
Process 0 starting to collect data
    collecting monitor data
    collecting source data
Using frequency dependent profile
Finished collecting data
left is a duplicate key.
bottom is a duplicate key.
z1 is a duplicate key.
z2 is a duplicate key.
Nx is a duplicate key.
Ny is a duplicate key.
Nz is a duplicate key.
left is a duplicate key.
bottom is a duplicate key.
z1 is a duplicate key.
z2 is a duplicate key.
Nx is a duplicate key.
Ny is a duplicate key.
Nz is a duplicate key.
left is a duplicate key.
bottom is a duplicate key.
z1 is a duplicate key.
z2 is a duplicate key.
Nx is a duplicate key.
Ny is a duplicate key.
Nz is a duplicate key.
Simulation completed successfully at: Thu Aug 11 13:27:52 2022
Overall wall time measurements in seconds: 436.358
    time to mesh and initialize: 18.7482
    time to run FDTD simulation: 415.402
    time to checkpoint simulation: 5e-07
    time to finalize data and save to files: 0.115793
    miscellaneous time: 2.09252
    FDTD solver speed on process 0: 29.0568 Mnodes/s
    total FDTD solver speed on 4 processes: 116.227 Mnodes/s
