Ansys Lumerical 2020 R2 FDTD Solver Version 8.24.2387 (Windows 64bit)
 expires (month/day/year): 12/31/2035
using config file: Ansys Licensing set with ANSYSLMD_LICENSE_FILE
license host: 
current time: Fri Aug 19 03:48:40 2022
Running on host: DESKTOP-CPAG1MV
host available memory (GB): 8.836239
All processes are communicating and ready to proceed to simulation...
Running fsp file: C:\Program Files\Lumerical\v202\bin\fdtd-engine-msmpi.exe -t 1 -remote -hide D:/AAAAAAAArquivos/Facul/Capacitação/GitHub/Ring-Resonator/Tutorial/ring_resonator_175nmGapSweep(Lc=3μm)/175nmGapSweep(Lc=3μm)_4.fsp
Starting meshing
Simulation size in gridpoints: 1 x 51 x 14
Refined 0 mesh cells (0%)
Completed meshing!
Meshing complete in 0 seconds of CPU time
Starting meshing
Simulation size in gridpoints: 1 x 51 x 14
Refined 0 mesh cells (0%)
Completed meshing!
Meshing complete in 0 seconds of CPU time
Starting meshing
Simulation size in gridpoints: 1 x 51 x 14
Refined 0 mesh cells (0%)
Completed meshing!
Meshing complete in 0 seconds of CPU time
left is a duplicate key.
bottom is a duplicate key.
z1 is a duplicate key.
z2 is a duplicate key.
Nx is a duplicate key.
Ny is a duplicate key.
Nz is a duplicate key.
Starting meshing
Simulation size in gridpoints: 1 x 51 x 14
Refined 0 mesh cells (0%)
Completed meshing!
Meshing complete in 0 seconds of CPU time
Starting meshing
Simulation size in gridpoints: 1 x 51 x 14
Refined 0 mesh cells (0%)
Completed meshing!
Meshing complete in 0 seconds of CPU time
Starting meshing
Simulation size in gridpoints: 1 x 51 x 14
Refined 0 mesh cells (0%)
Completed meshing!
Meshing complete in 0 seconds of CPU time
left is a duplicate key.
bottom is a duplicate key.
z1 is a duplicate key.
z2 is a duplicate key.
Nx is a duplicate key.
Ny is a duplicate key.
Nz is a duplicate key.
Starting meshing
Simulation size in gridpoints: 67 x 1 x 14
Refined 0 mesh cells (0%)
Completed meshing!
Meshing complete in 0 seconds of CPU time
Starting meshing
Simulation size in gridpoints: 67 x 1 x 14
Refined 0 mesh cells (0%)
Completed meshing!
Meshing complete in 0 seconds of CPU time
Starting meshing
Simulation size in gridpoints: 67 x 1 x 14
Refined 0 mesh cells (0%)
Completed meshing!
Meshing complete in 0 seconds of CPU time
left is a duplicate key.
bottom is a duplicate key.
z1 is a duplicate key.
z2 is a duplicate key.
Nx is a duplicate key.
Ny is a duplicate key.
Nz is a duplicate key.
Starting meshing
Simulation size in gridpoints: 67 x 1 x 14
Refined 0 mesh cells (0%)
Completed meshing!
Meshing complete in 0 seconds of CPU time
Starting meshing
Simulation size in gridpoints: 67 x 1 x 14
Refined 0 mesh cells (0%)
Completed meshing!
Meshing complete in 0 seconds of CPU time
Starting meshing
Simulation size in gridpoints: 67 x 1 x 14
Refined 0 mesh cells (0%)
Completed meshing!
Meshing complete in 0 seconds of CPU time
Starting meshing
Simulation size in gridpoints: 67 x 1 x 14
Refined 0 mesh cells (0%)
Completed meshing!
Meshing complete in 0 seconds of CPU time
Starting meshing
Simulation size in gridpoints: 67 x 1 x 14
Refined 0 mesh cells (0%)
Completed meshing!
Meshing complete in 0 seconds of CPU time
Starting meshing
Simulation size in gridpoints: 67 x 1 x 14
Refined 0 mesh cells (0%)
Completed meshing!
Meshing complete in 0 seconds of CPU time
left is a duplicate key.
bottom is a duplicate key.
z1 is a duplicate key.
z2 is a duplicate key.
Nx is a duplicate key.
Ny is a duplicate key.
Nz is a duplicate key.
number of processors is 4
processors are distributed as: 2x2x1
Running 3D Simulation
Starting meshing
Simulation size in gridpoints: 237 x 140 x 24
Refined 0 mesh cells (0%)
Completed meshing!
Meshing complete in 0.90625 seconds of CPU time
0 0
Starting meshing
Simulation size in gridpoints: 237 x 140 x 24
Refined 0 mesh cells (0%)
Completed meshing!
Meshing complete in 0.828125 seconds of CPU time
0 0
Starting meshing
Simulation size in gridpoints: 237 x 140 x 24
Refined 0 mesh cells (0%)
Completed meshing!
Meshing complete in 1.59375 seconds of CPU time
0 0
finished material properties
Meshing Time: 2.55198 seconds, Init Electrical Material Time: 0.0971582 seconds, Init Magnetic Material Time: 0.0038013
Using selected optimization level: 2
Selecting 3d kernel for splitFieldDirection=0 and optLevel=2
-----------------------------------------
Beginning initialization of 3D Simulation
Starting to add sources to simulation
Adding 3D Mode source propagating in Y
Using frequency dependent profile
Starting to add boundary conditions to simulation
Adding 3D PML BC
Adding 3D Parallel BC
Adding 3D PML BC
Adding 3D Parallel BC
Adding 3D Symmetric BC
Adding 3D PML BC
Starting to add monitors to Simulation
Adding analysis monitor
Adding 3D DFT monitor
Adding 3D DFT monitor
Adding 3D DFT monitor
Adding 3D DFT monitor
Finished initialization of 3D Simulation
-----------------------------------------
All processes are communicating and ready to proceed to simulation...
Starting 51959 total iterations
0.0923808% complete. Max time remaining: 23 mins, 25 secs. Auto Shutoff: 1
1.20095% complete. Max time remaining: 23 mins, 43 secs. Auto Shutoff: 1
2.30952% complete. Max time remaining: 23 mins, 16 secs. Auto Shutoff: 0.933391
3.41809% complete. Max time remaining: 22 mins, 53 secs. Auto Shutoff: 0.904545
4.52666% complete. Max time remaining: 22 mins, 32 secs. Auto Shutoff: 0.913153
5.63523% complete. Max time remaining: 22 mins, 14 secs. Auto Shutoff: 0.881293
6.7438% complete. Max time remaining: 21 mins, 56 secs. Auto Shutoff: 0.854569
7.85237% complete. Max time remaining: 21 mins, 38 secs. Auto Shutoff: 0.43862
8.96094% complete. Max time remaining: 21 mins, 22 secs. Auto Shutoff: 0.19805
10.0695% complete. Max time remaining: 21 mins, 5 secs. Auto Shutoff: 0.0493225
11.1781% complete. Max time remaining: 20 mins, 49 secs. Auto Shutoff: 0.0441293
12.2867% complete. Max time remaining: 20 mins, 33 secs. Auto Shutoff: 0.0438492
13.3952% complete. Max time remaining: 20 mins, 18 secs. Auto Shutoff: 0.0438156
14.5038% complete. Max time remaining: 20 mins, 6 secs. Auto Shutoff: 0.0431396
15.6124% complete. Max time remaining: 19 mins, 53 secs. Auto Shutoff: 0.0421507
16.7209% complete. Max time remaining: 19 mins, 36 secs. Auto Shutoff: 0.0289136
17.8295% complete. Max time remaining: 19 mins, 20 secs. Auto Shutoff: 0.00760135
18.9381% complete. Max time remaining: 19 mins, 4 secs. Auto Shutoff: 0.00362689
20.0466% complete. Max time remaining: 18 mins, 48 secs. Auto Shutoff: 0.0034671
21.1552% complete. Max time remaining: 18 mins, 33 secs. Auto Shutoff: 0.00345264
22.2638% complete. Max time remaining: 18 mins, 17 secs. Auto Shutoff: 0.00337481
23.3724% complete. Max time remaining: 18 mins, 1 secs. Auto Shutoff: 0.00336354
24.4809% complete. Max time remaining: 17 mins, 45 secs. Auto Shutoff: 0.00304544
25.5895% complete. Max time remaining: 17 mins, 29 secs. Auto Shutoff: 0.00327919
26.6981% complete. Max time remaining: 17 mins, 13 secs. Auto Shutoff: 0.000361462
27.8066% complete. Max time remaining: 16 mins, 57 secs. Auto Shutoff: 0.000315847
28.9152% complete. Max time remaining: 16 mins, 41 secs. Auto Shutoff: 0.000310746
30.0238% complete. Max time remaining: 16 mins, 25 secs. Auto Shutoff: 0.000319825
31.1323% complete. Max time remaining: 16 mins, 9 secs. Auto Shutoff: 0.000319431
32.2409% complete. Max time remaining: 15 mins, 54 secs. Auto Shutoff: 0.000317403
33.3495% complete. Max time remaining: 15 mins, 38 secs. Auto Shutoff: 0.000264617
34.4581% complete. Max time remaining: 15 mins, 22 secs. Auto Shutoff: 0.000145093
35.5666% complete. Max time remaining: 15 mins, 6 secs. Auto Shutoff: 3.47215e-05
36.6752% complete. Max time remaining: 14 mins, 50 secs. Auto Shutoff: 3.15992e-05
37.7838% complete. Max time remaining: 14 mins, 35 secs. Auto Shutoff: 3.15572e-05
38.8923% complete. Max time remaining: 14 mins, 19 secs. Auto Shutoff: 3.17041e-05
40.0009% complete. Max time remaining: 14 mins, 3 secs. Auto Shutoff: 3.08013e-05
41.1095% complete. Max time remaining: 13 mins, 48 secs. Auto Shutoff: 3.01109e-05
42.218% complete. Max time remaining: 13 mins, 32 secs. Auto Shutoff: 2.70178e-05
100% complete. Max time remaining: 0 mins, 0 secs. Auto Shutoff: 7.78823e-06
Early termination of simulation, the autoshutoff criteria are satisfied.
Completed 22406 iterations, or 1.293678e-12s of Simulation Time
Process 0 starting to collect data
    collecting monitor data
    collecting source data
Using frequency dependent profile
Finished collecting data
left is a duplicate key.
bottom is a duplicate key.
z1 is a duplicate key.
z2 is a duplicate key.
Nx is a duplicate key.
Ny is a duplicate key.
Nz is a duplicate key.
left is a duplicate key.
bottom is a duplicate key.
z1 is a duplicate key.
z2 is a duplicate key.
Nx is a duplicate key.
Ny is a duplicate key.
Nz is a duplicate key.
left is a duplicate key.
bottom is a duplicate key.
z1 is a duplicate key.
z2 is a duplicate key.
Nx is a duplicate key.
Ny is a duplicate key.
Nz is a duplicate key.
left is a duplicate key.
bottom is a duplicate key.
z1 is a duplicate key.
z2 is a duplicate key.
Nx is a duplicate key.
Ny is a duplicate key.
Nz is a duplicate key.
Simulation completed successfully at: Fri Aug 19 03:59:00 2022
Overall wall time measurements in seconds: 621.226
    time to mesh and initialize: 13.0012
    time to run FDTD simulation: 605.902
    time to checkpoint simulation: 5e-07
    time to finalize data and save to files: 0.121687
    miscellaneous time: 2.20061
    FDTD solver speed on process 0: 29.4476 Mnodes/s
    total FDTD solver speed on 4 processes: 117.79 Mnodes/s
