Ansys Lumerical 2022 R1.4 FDTD Solver Version 8.27.3044 (Linux 64bit)
 expires (month/day/year): 5/2/2023
using config file: Ansys Licensing set with ANSYSLMD_LICENSE_FILE
license host: 1055@10.75.13.24
current time: Fri Aug 19 13:04:36 2022
Running on host: fotonica02-System-Product-Name
host available memory (GB): 30.000292
All processes are communicating and ready to proceed to simulation...
Running fsp file: /opt/lumerical/v221/bin/fdtd-engine-mpich2nem -t 1 -remote -hide -shared-solve-license QU5TWVNDTF9DT05URVhUX0RBVEE9PEFOU1lTQ0xfQ09OVEVYVF9EQVRBPjxJRD5iNWEwMjUzZi05NjY1LTQzNTItYTRjYi01MzQzMzNkODRlYWI8L0lEPjxUWVBFPkFQUF9ERUZJTkVEPC9UWVBFPjxOQU1FPmx1bV9zdGFuZGFyZF9zb2x2ZV9zaGFyZTwvTkFNRT48SEFORExFUj42MDQ0M0Bmb3RvbmljYTAyLVN5c3RlbS1Qcm9kdWN0LU5hbWU8L0hBTkRMRVI+PC9BTlNZU0NMX0NPTlRFWFRfREFUQT4KQU5TWVNfQ09OVEVYVF9JRD1iNWEwMjUzZi05NjY1LTQzNTItYTRjYi01MzQzMzNkODRlYWIKQU5TWVNfQ09OVEVYVF9TRVJWRVI9NjA0NDNAZm90b25pY2EwMi1TeXN0ZW0tUHJvZHVjdC1OYW1lCg== /media/leonardo/datam02/Ring Resonator - Leonardo Pessôa/Ring-Resonator/Tutorial/ring_resonator_200nmGapSweep(Lc=3μm)/200nmGapSweep(Lc=3μm)_3.fsp
Starting meshing
Simulation size in gridpoints: 1 x 51 x 14
Refined 0 mesh cells (0%)
Completed meshing!
Meshing complete in 0.000839 seconds of CPU time
Starting meshing
Simulation size in gridpoints: 1 x 51 x 14
Refined 0 mesh cells (0%)
Completed meshing!
Meshing complete in 0.000626 seconds of CPU time
Starting meshing
Simulation size in gridpoints: 1 x 51 x 14
Refined 0 mesh cells (0%)
Completed meshing!
Meshing complete in 0.000573 seconds of CPU time
left is a duplicate key.
bottom is a duplicate key.
z1 is a duplicate key.
z2 is a duplicate key.
Nx is a duplicate key.
Ny is a duplicate key.
Nz is a duplicate key.
Starting meshing
Simulation size in gridpoints: 1 x 51 x 14
Refined 0 mesh cells (0%)
Completed meshing!
Meshing complete in 0.000745 seconds of CPU time
Starting meshing
Simulation size in gridpoints: 1 x 51 x 14
Refined 0 mesh cells (0%)
Completed meshing!
Meshing complete in 0.000611 seconds of CPU time
Starting meshing
Simulation size in gridpoints: 1 x 51 x 14
Refined 0 mesh cells (0%)
Completed meshing!
Meshing complete in 0.000538 seconds of CPU time
left is a duplicate key.
bottom is a duplicate key.
z1 is a duplicate key.
z2 is a duplicate key.
Nx is a duplicate key.
Ny is a duplicate key.
Nz is a duplicate key.
Starting meshing
Simulation size in gridpoints: 67 x 1 x 14
Refined 0 mesh cells (0%)
Completed meshing!
Meshing complete in 0.000515 seconds of CPU time
Starting meshing
Simulation size in gridpoints: 67 x 1 x 14
Refined 0 mesh cells (0%)
Completed meshing!
Meshing complete in 0.000437 seconds of CPU time
Starting meshing
Simulation size in gridpoints: 67 x 1 x 14
Refined 0 mesh cells (0%)
Completed meshing!
Meshing complete in 0.000431 seconds of CPU time
Starting meshing
Simulation size in gridpoints: 67 x 1 x 14
Refined 0 mesh cells (0%)
Completed meshing!
Meshing complete in 0.000526 seconds of CPU time
Starting meshing
Simulation size in gridpoints: 67 x 1 x 14
Refined 0 mesh cells (0%)
Completed meshing!
Meshing complete in 0.000447 seconds of CPU time
Starting meshing
Simulation size in gridpoints: 67 x 1 x 14
Refined 0 mesh cells (0%)
Completed meshing!
Meshing complete in 0.00044 seconds of CPU time
left is a duplicate key.
bottom is a duplicate key.
z1 is a duplicate key.
z2 is a duplicate key.
Nx is a duplicate key.
Ny is a duplicate key.
Nz is a duplicate key.
Starting meshing
Simulation size in gridpoints: 67 x 1 x 14
Refined 0 mesh cells (0%)
Completed meshing!
Meshing complete in 0.000509 seconds of CPU time
Starting meshing
Simulation size in gridpoints: 67 x 1 x 14
Refined 0 mesh cells (0%)
Completed meshing!
Meshing complete in 0.000447 seconds of CPU time
Starting meshing
Simulation size in gridpoints: 67 x 1 x 14
Refined 0 mesh cells (0%)
Completed meshing!
Meshing complete in 0.000438 seconds of CPU time
left is a duplicate key.
bottom is a duplicate key.
z1 is a duplicate key.
z2 is a duplicate key.
Nx is a duplicate key.
Ny is a duplicate key.
Nz is a duplicate key.
number of processors is 8
processors are distributed as: 4x2x1
Running 3D Simulation
Starting meshing
Simulation size in gridpoints: 119 x 101 x 24
Refined 0 mesh cells (0%)
Completed meshing!
Meshing complete in 0.15523 seconds of CPU time
0 0
Starting meshing
Simulation size in gridpoints: 119 x 101 x 24
Refined 0 mesh cells (0%)
Completed meshing!
Meshing complete in 0.166023 seconds of CPU time
0 0
Starting meshing
Simulation size in gridpoints: 119 x 101 x 24
Refined 0 mesh cells (0%)
Completed meshing!
Meshing complete in 0.267139 seconds of CPU time
0 0
finished material properties
Meshing Time: 0.857797 seconds, Init Electrical Material Time: 0.062957 seconds, Init Magnetic Material Time: 0.000911
Using selected optimization level: 2
Selecting 3d kernel for splitFieldDirection=0 and optLevel=2
-----------------------------------------
Beginning initialization of 3D Simulation
Starting to add sources to simulation
Adding 3D Mode source propagating in Y
Using frequency dependent profile
Starting to add boundary conditions to simulation
Adding 3D PML BC
Adding 3D Parallel BC
Adding 3D PML BC
Adding 3D Parallel BC
Adding 3D Symmetric BC
Adding 3D PML BC
Starting to add monitors to Simulation
Adding analysis monitor
Adding 3D DFT monitor
Adding 3D DFT monitor
Adding 3D DFT monitor
Adding 3D DFT monitor
Finished initialization of 3D Simulation
-----------------------------------------
All processes are communicating and ready to proceed to simulation...
Starting 52629 total iterations
0.060803% complete. Max time remaining: 58 mins, 50 secs. Auto Shutoff: 1
1.09445% complete. Max time remaining: 51 mins, 28 secs. Auto Shutoff: 1
2.12811% complete. Max time remaining: 51 mins, 21 secs. Auto Shutoff: 1.00951
3.13135% complete. Max time remaining: 51 mins, 42 secs. Auto Shutoff: 0.931483
4.1346% complete. Max time remaining: 50 mins, 45 secs. Auto Shutoff: 0.935038
5.13785% complete. Max time remaining: 50 mins, 13 secs. Auto Shutoff: 0.913846
6.1411% complete. Max time remaining: 48 mins, 59 secs. Auto Shutoff: 0.915524
7.14435% complete. Max time remaining: 48 mins, 41 secs. Auto Shutoff: 0.772565
8.1476% complete. Max time remaining: 48 mins, 43 secs. Auto Shutoff: 0.0721454
9.18125% complete. Max time remaining: 48 mins, 28 secs. Auto Shutoff: 2.77643e-05
10.2149% complete. Max time remaining: 47 mins, 45 secs. Auto Shutoff: 2.11335e-05
11.2486% complete. Max time remaining: 46 mins, 60 secs. Auto Shutoff: 1.81003e-05
100% complete. Max time remaining: 0 mins, 0 secs. Auto Shutoff: 9.95829e-06
Early termination of simulation, the autoshutoff criteria are satisfied.
Completed 6259 iterations, or 3.567806e-13s of Simulation Time
Process 0 starting to collect data
    collecting monitor data
    collecting source data
Using frequency dependent profile
Finished collecting data
left is a duplicate key.
bottom is a duplicate key.
z1 is a duplicate key.
z2 is a duplicate key.
Nx is a duplicate key.
Ny is a duplicate key.
Nz is a duplicate key.
left is a duplicate key.
bottom is a duplicate key.
z1 is a duplicate key.
z2 is a duplicate key.
Nx is a duplicate key.
Ny is a duplicate key.
Nz is a duplicate key.
left is a duplicate key.
bottom is a duplicate key.
z1 is a duplicate key.
z2 is a duplicate key.
Nx is a duplicate key.
Ny is a duplicate key.
Nz is a duplicate key.
left is a duplicate key.
bottom is a duplicate key.
z1 is a duplicate key.
z2 is a duplicate key.
Nx is a duplicate key.
Ny is a duplicate key.
Nz is a duplicate key.
Simulation completed successfully at: Fri Aug 19 13:10:55 2022
Overall wall time measurements in seconds: 379.695
    time to mesh and initialize: 2.78992
    time to run FDTD simulation: 374.908
    time to checkpoint simulation: 1e-06
    time to finalize data and save to files: 0.062694
    miscellaneous time: 1.93441
    FDTD solver speed on process 0: 4.81571 Mnodes/s
    total FDTD solver speed on 8 processes: 38.5257 Mnodes/s
