Ansys Lumerical 2022 R1.4 FDTD Solver Version 8.27.3044 (Linux 64bit)
 expires (month/day/year): 5/2/2023
using config file: Ansys Licensing set with ANSYSLMD_LICENSE_FILE
license host: 1055@10.75.13.24
current time: Tue Aug 23 10:46:29 2022
Running on host: fotonica02-System-Product-Name
host available memory (GB): 28.376371
All processes are communicating and ready to proceed to simulation...
Running fsp file: /opt/lumerical/v221/bin/fdtd-engine-mpich2nem -t 1 -remote -hide -shared-solve-license QU5TWVNDTF9DT05URVhUX0RBVEE9PEFOU1lTQ0xfQ09OVEVYVF9EQVRBPjxJRD5mZTliMTY0My01NTM4LTRhZDctOTY1MC0wMzJkZjc2M2ZkYjU8L0lEPjxUWVBFPkFQUF9ERUZJTkVEPC9UWVBFPjxOQU1FPmx1bV9zdGFuZGFyZF9zb2x2ZV9zaGFyZTwvTkFNRT48SEFORExFUj41MjU4NUBmb3RvbmljYTAyLVN5c3RlbS1Qcm9kdWN0LU5hbWU8L0hBTkRMRVI+PC9BTlNZU0NMX0NPTlRFWFRfREFUQT4KQU5TWVNfQ09OVEVYVF9JRD1mZTliMTY0My01NTM4LTRhZDctOTY1MC0wMzJkZjc2M2ZkYjUKQU5TWVNfQ09OVEVYVF9TRVJWRVI9NTI1ODVAZm90b25pY2EwMi1TeXN0ZW0tUHJvZHVjdC1OYW1lCg== /media/leonardo/datam02/Ring Resonator - Leonardo Pessôa/Ring-Resonator/Tutorial/ring_resonator_175nm_Gap_Sweep(Lc=0um)/175nm_Gap_Sweep(Lc=0um)_3.fsp
Starting meshing
Simulation size in gridpoints: 1 x 53 x 14
Refined 0 mesh cells (0%)
Completed meshing!
Meshing complete in 0.000901 seconds of CPU time
Starting meshing
Simulation size in gridpoints: 1 x 53 x 14
Refined 0 mesh cells (0%)
Completed meshing!
Meshing complete in 0.00064 seconds of CPU time
Starting meshing
Simulation size in gridpoints: 1 x 53 x 14
Refined 0 mesh cells (0%)
Completed meshing!
Meshing complete in 0.000579 seconds of CPU time
left is a duplicate key.
bottom is a duplicate key.
z1 is a duplicate key.
z2 is a duplicate key.
Nx is a duplicate key.
Ny is a duplicate key.
Nz is a duplicate key.
Starting meshing
Simulation size in gridpoints: 1 x 53 x 14
Refined 0 mesh cells (0%)
Completed meshing!
Meshing complete in 0.000814 seconds of CPU time
Starting meshing
Simulation size in gridpoints: 1 x 53 x 14
Refined 0 mesh cells (0%)
Completed meshing!
Meshing complete in 0.000668 seconds of CPU time
Starting meshing
Simulation size in gridpoints: 1 x 53 x 14
Refined 0 mesh cells (0%)
Completed meshing!
Meshing complete in 0.00056 seconds of CPU time
left is a duplicate key.
bottom is a duplicate key.
z1 is a duplicate key.
z2 is a duplicate key.
Nx is a duplicate key.
Ny is a duplicate key.
Nz is a duplicate key.
Starting meshing
Simulation size in gridpoints: 67 x 1 x 14
Refined 0 mesh cells (0%)
Completed meshing!
Meshing complete in 0.00053 seconds of CPU time
Starting meshing
Simulation size in gridpoints: 67 x 1 x 14
Refined 0 mesh cells (0%)
Completed meshing!
Meshing complete in 0.000435 seconds of CPU time
Starting meshing
Simulation size in gridpoints: 67 x 1 x 14
Refined 0 mesh cells (0%)
Completed meshing!
Meshing complete in 0.000429 seconds of CPU time
Starting meshing
Simulation size in gridpoints: 67 x 1 x 14
Refined 0 mesh cells (0%)
Completed meshing!
Meshing complete in 0.000561 seconds of CPU time
Starting meshing
Simulation size in gridpoints: 67 x 1 x 14
Refined 0 mesh cells (0%)
Completed meshing!
Meshing complete in 0.000444 seconds of CPU time
Starting meshing
Simulation size in gridpoints: 67 x 1 x 14
Refined 0 mesh cells (0%)
Completed meshing!
Meshing complete in 0.000434 seconds of CPU time
left is a duplicate key.
bottom is a duplicate key.
z1 is a duplicate key.
z2 is a duplicate key.
Nx is a duplicate key.
Ny is a duplicate key.
Nz is a duplicate key.
Starting meshing
Simulation size in gridpoints: 67 x 1 x 14
Refined 0 mesh cells (0%)
Completed meshing!
Meshing complete in 0.000507 seconds of CPU time
Starting meshing
Simulation size in gridpoints: 67 x 1 x 14
Refined 0 mesh cells (0%)
Completed meshing!
Meshing complete in 0.00044 seconds of CPU time
Starting meshing
Simulation size in gridpoints: 67 x 1 x 14
Refined 0 mesh cells (0%)
Completed meshing!
Meshing complete in 0.00043 seconds of CPU time
left is a duplicate key.
bottom is a duplicate key.
z1 is a duplicate key.
z2 is a duplicate key.
Nx is a duplicate key.
Ny is a duplicate key.
Nz is a duplicate key.
number of processors is 8
processors are distributed as: 4x2x1
Running 3D Simulation
Starting meshing
Simulation size in gridpoints: 119 x 101 x 24
Refined 0 mesh cells (0%)
Completed meshing!
Meshing complete in 0.030428 seconds of CPU time
0 0
Starting meshing
Simulation size in gridpoints: 119 x 101 x 24
Refined 0 mesh cells (0%)
Completed meshing!
Meshing complete in 0.030812 seconds of CPU time
0 0
Starting meshing
Simulation size in gridpoints: 119 x 101 x 24
Refined 0 mesh cells (0%)
Completed meshing!
Meshing complete in 0.16426 seconds of CPU time
0 0
finished material properties
Meshing Time: 0.402188 seconds, Init Electrical Material Time: 0.051645 seconds, Init Magnetic Material Time: 0.00092
Using selected optimization level: 2
Selecting 3d kernel for splitFieldDirection=0 and optLevel=2
-----------------------------------------
Beginning initialization of 3D Simulation
Starting to add sources to simulation
Adding 3D Mode source propagating in Y
Using frequency dependent profile
Starting to add boundary conditions to simulation
Adding 3D PML BC
Adding 3D Parallel BC
Adding 3D PML BC
Adding 3D Parallel BC
Adding 3D Symmetric BC
Adding 3D PML BC
Starting to add monitors to Simulation
Adding analysis monitor
Adding 3D DFT monitor
Adding 3D DFT monitor
Adding 3D DFT monitor
Adding 3D DFT monitor
Finished initialization of 3D Simulation
-----------------------------------------
All processes are communicating and ready to proceed to simulation...
Starting 52629 total iterations
0.0912045% complete. Max time remaining: 50 mins, 28 secs. Auto Shutoff: 1
1.09445% complete. Max time remaining: 48 mins, 55 secs. Auto Shutoff: 1
2.0977% complete. Max time remaining: 50 mins, 38 secs. Auto Shutoff: 1
3.10095% complete. Max time remaining: 52 mins, 14 secs. Auto Shutoff: 0.935621
4.1346% complete. Max time remaining: 51 mins, 40 secs. Auto Shutoff: 0.917488
5.13785% complete. Max time remaining: 50 mins, 43 secs. Auto Shutoff: 0.936428
6.1411% complete. Max time remaining: 50 mins, 13 secs. Auto Shutoff: 0.777758
7.17475% complete. Max time remaining: 48 mins, 53 secs. Auto Shutoff: 0.00298254
8.20841% complete. Max time remaining: 46 mins, 44 secs. Auto Shutoff: 2.31964e-05
9.24206% complete. Max time remaining: 44 mins, 56 secs. Auto Shutoff: 1.32074e-05
10.2757% complete. Max time remaining: 43 mins, 28 secs. Auto Shutoff: 1.01257e-05
100% complete. Max time remaining: 0 mins, 0 secs. Auto Shutoff: 6.95639e-06
Early termination of simulation, the autoshutoff criteria are satisfied.
Completed 5451 iterations, or 3.107224e-13s of Simulation Time
Process 0 starting to collect data
    collecting monitor data
    collecting source data
Using frequency dependent profile
Finished collecting data
left is a duplicate key.
bottom is a duplicate key.
z1 is a duplicate key.
z2 is a duplicate key.
Nx is a duplicate key.
Ny is a duplicate key.
Nz is a duplicate key.
left is a duplicate key.
bottom is a duplicate key.
z1 is a duplicate key.
z2 is a duplicate key.
Nx is a duplicate key.
Ny is a duplicate key.
Nz is a duplicate key.
left is a duplicate key.
bottom is a duplicate key.
z1 is a duplicate key.
z2 is a duplicate key.
Nx is a duplicate key.
Ny is a duplicate key.
Nz is a duplicate key.
left is a duplicate key.
bottom is a duplicate key.
z1 is a duplicate key.
z2 is a duplicate key.
Nx is a duplicate key.
Ny is a duplicate key.
Nz is a duplicate key.
Simulation completed successfully at: Tue Aug 23 10:51:34 2022
Overall wall time measurements in seconds: 305.591
    time to mesh and initialize: 2.4814
    time to run FDTD simulation: 300.596
    time to checkpoint simulation: 1e-06
    time to finalize data and save to files: 0.28728
    miscellaneous time: 2.22605
    FDTD solver speed on process 0: 5.23085 Mnodes/s
    total FDTD solver speed on 8 processes: 41.8468 Mnodes/s
