Ansys Lumerical 2020 R2 FDTD Solver Version 8.24.2387 (Windows 64bit)
 expires (month/day/year): 12/31/2035
using config file: Ansys Licensing set with ANSYSLMD_LICENSE_FILE
license host: 
current time: Fri Aug 19 00:03:17 2022
Running on host: DESKTOP-CPAG1MV
host available memory (GB): 8.990605
All processes are communicating and ready to proceed to simulation...
Running fsp file: C:\Program Files\Lumerical\v202\bin\fdtd-engine-msmpi.exe -t 1 -remote -hide D:/AAAAAAAArquivos/Facul/Capacitação/GitHub/Ring-Resonator/Tutorial/ring_resonator_150nmGapSweep(Lc=0)/150nmGapSweep(Lc=0)_3.fsp
Starting meshing
Simulation size in gridpoints: 1 x 51 x 14
Refined 0 mesh cells (0%)
Completed meshing!
Meshing complete in 0 seconds of CPU time
Starting meshing
Simulation size in gridpoints: 1 x 51 x 14
Refined 0 mesh cells (0%)
Completed meshing!
Meshing complete in 0 seconds of CPU time
Starting meshing
Simulation size in gridpoints: 1 x 51 x 14
Refined 0 mesh cells (0%)
Completed meshing!
Meshing complete in 0 seconds of CPU time
left is a duplicate key.
bottom is a duplicate key.
z1 is a duplicate key.
z2 is a duplicate key.
Nx is a duplicate key.
Ny is a duplicate key.
Nz is a duplicate key.
Starting meshing
Simulation size in gridpoints: 1 x 51 x 14
Refined 0 mesh cells (0%)
Completed meshing!
Meshing complete in 0 seconds of CPU time
Starting meshing
Simulation size in gridpoints: 1 x 51 x 14
Refined 0 mesh cells (0%)
Completed meshing!
Meshing complete in 0 seconds of CPU time
Starting meshing
Simulation size in gridpoints: 1 x 51 x 14
Refined 0 mesh cells (0%)
Completed meshing!
Meshing complete in 0 seconds of CPU time
left is a duplicate key.
bottom is a duplicate key.
z1 is a duplicate key.
z2 is a duplicate key.
Nx is a duplicate key.
Ny is a duplicate key.
Nz is a duplicate key.
Starting meshing
Simulation size in gridpoints: 67 x 1 x 14
Refined 0 mesh cells (0%)
Completed meshing!
Meshing complete in 0 seconds of CPU time
Starting meshing
Simulation size in gridpoints: 67 x 1 x 14
Refined 0 mesh cells (0%)
Completed meshing!
Meshing complete in 0 seconds of CPU time
Starting meshing
Simulation size in gridpoints: 67 x 1 x 14
Refined 0 mesh cells (0%)
Completed meshing!
Meshing complete in 0 seconds of CPU time
Starting meshing
Simulation size in gridpoints: 67 x 1 x 14
Refined 0 mesh cells (0%)
Completed meshing!
Meshing complete in 0 seconds of CPU time
Starting meshing
Simulation size in gridpoints: 67 x 1 x 14
Refined 0 mesh cells (0%)
Completed meshing!
Meshing complete in 0 seconds of CPU time
Starting meshing
Simulation size in gridpoints: 67 x 1 x 14
Refined 0 mesh cells (0%)
Completed meshing!
Meshing complete in 0 seconds of CPU time
left is a duplicate key.
bottom is a duplicate key.
z1 is a duplicate key.
z2 is a duplicate key.
Nx is a duplicate key.
Ny is a duplicate key.
Nz is a duplicate key.
Starting meshing
Simulation size in gridpoints: 67 x 1 x 14
Refined 0 mesh cells (0%)
Completed meshing!
Meshing complete in 0 seconds of CPU time
Starting meshing
Simulation size in gridpoints: 67 x 1 x 14
Refined 0 mesh cells (0%)
Completed meshing!
Meshing complete in 0 seconds of CPU time
Starting meshing
Simulation size in gridpoints: 67 x 1 x 14
Refined 0 mesh cells (0%)
Completed meshing!
Meshing complete in 0 seconds of CPU time
left is a duplicate key.
bottom is a duplicate key.
z1 is a duplicate key.
z2 is a duplicate key.
Nx is a duplicate key.
Ny is a duplicate key.
Nz is a duplicate key.
number of processors is 4
processors are distributed as: 2x2x1
Running 3D Simulation
Starting meshing
Simulation size in gridpoints: 237 x 137 x 24
Refined 0 mesh cells (0%)
Completed meshing!
Meshing complete in 0.796875 seconds of CPU time
0 0
Starting meshing
Simulation size in gridpoints: 237 x 137 x 24
Refined 0 mesh cells (0%)
Completed meshing!
Meshing complete in 0.765625 seconds of CPU time
0 0
Starting meshing
Simulation size in gridpoints: 237 x 137 x 24
Refined 0 mesh cells (0%)
Completed meshing!
Meshing complete in 1.5625 seconds of CPU time
0 0
finished material properties
Meshing Time: 2.43577 seconds, Init Electrical Material Time: 0.101028 seconds, Init Magnetic Material Time: 0.0036446
Using selected optimization level: 2
Selecting 3d kernel for splitFieldDirection=0 and optLevel=2
-----------------------------------------
Beginning initialization of 3D Simulation
Starting to add sources to simulation
Adding 3D Mode source propagating in Y
Using frequency dependent profile
Starting to add boundary conditions to simulation
Adding 3D PML BC
Adding 3D Parallel BC
Adding 3D PML BC
Adding 3D Parallel BC
Adding 3D Symmetric BC
Adding 3D PML BC
Starting to add monitors to Simulation
Adding analysis monitor
Adding 3D DFT monitor
Adding 3D DFT monitor
Adding 3D DFT monitor
Adding 3D DFT monitor
Finished initialization of 3D Simulation
-----------------------------------------
All processes are communicating and ready to proceed to simulation...
Starting 51909 total iterations
0.0924693% complete. Max time remaining: 26 mins, 15 secs. Auto Shutoff: 1
1.2021% complete. Max time remaining: 24 mins, 42 secs. Auto Shutoff: 1
2.31173% complete. Max time remaining: 24 mins, 15 secs. Auto Shutoff: 0.927736
3.42136% complete. Max time remaining: 23 mins, 48 secs. Auto Shutoff: 0.90579
4.53099% complete. Max time remaining: 23 mins, 27 secs. Auto Shutoff: 0.879291
5.64063% complete. Max time remaining: 23 mins, 8 secs. Auto Shutoff: 0.877001
6.75026% complete. Max time remaining: 22 mins, 50 secs. Auto Shutoff: 0.784016
7.85989% complete. Max time remaining: 22 mins, 31 secs. Auto Shutoff: 0.147141
8.96952% complete. Max time remaining: 22 mins, 14 secs. Auto Shutoff: 0.0685419
10.0792% complete. Max time remaining: 21 mins, 57 secs. Auto Shutoff: 0.0652496
11.1888% complete. Max time remaining: 21 mins, 39 secs. Auto Shutoff: 0.0669794
12.2984% complete. Max time remaining: 21 mins, 23 secs. Auto Shutoff: 0.0646747
13.408% complete. Max time remaining: 21 mins, 7 secs. Auto Shutoff: 0.0619969
14.5177% complete. Max time remaining: 20 mins, 50 secs. Auto Shutoff: 0.0595073
15.6273% complete. Max time remaining: 20 mins, 33 secs. Auto Shutoff: 0.00635892
16.7369% complete. Max time remaining: 20 mins, 17 secs. Auto Shutoff: 0.0056511
17.8466% complete. Max time remaining: 20 mins, 2 secs. Auto Shutoff: 0.00600205
18.9562% complete. Max time remaining: 19 mins, 46 secs. Auto Shutoff: 0.00588107
20.0658% complete. Max time remaining: 19 mins, 30 secs. Auto Shutoff: 0.00574253
21.1755% complete. Max time remaining: 19 mins, 14 secs. Auto Shutoff: 0.00593359
22.2851% complete. Max time remaining: 18 mins, 57 secs. Auto Shutoff: 0.000906743
23.3947% complete. Max time remaining: 18 mins, 41 secs. Auto Shutoff: 0.000565915
24.5044% complete. Max time remaining: 18 mins, 27 secs. Auto Shutoff: 0.000547229
25.614% complete. Max time remaining: 18 mins, 10 secs. Auto Shutoff: 0.00056748
26.662% complete. Max time remaining: 18 mins, 5 secs. Auto Shutoff: 0.000544814
27.71% complete. Max time remaining: 18 mins, 0 secs. Auto Shutoff: 0.00052756
28.7579% complete. Max time remaining: 17 mins, 47 secs. Auto Shutoff: 0.000439053
29.8676% complete. Max time remaining: 17 mins, 29 secs. Auto Shutoff: 6.3564e-05
30.9772% complete. Max time remaining: 17 mins, 12 secs. Auto Shutoff: 5.87098e-05
32.0868% complete. Max time remaining: 16 mins, 57 secs. Auto Shutoff: 5.51882e-05
33.1965% complete. Max time remaining: 16 mins, 39 secs. Auto Shutoff: 5.2685e-05
34.3061% complete. Max time remaining: 16 mins, 22 secs. Auto Shutoff: 5.32083e-05
35.4157% complete. Max time remaining: 16 mins, 5 secs. Auto Shutoff: 5.83795e-05
36.5254% complete. Max time remaining: 15 mins, 47 secs. Auto Shutoff: 1.00673e-05
100% complete. Max time remaining: 0 mins, 0 secs. Auto Shutoff: 7.66551e-06
Early termination of simulation, the autoshutoff criteria are satisfied.
Completed 18971 iterations, or 1.096397e-12s of Simulation Time
Process 0 starting to collect data
    collecting monitor data
    collecting source data
Using frequency dependent profile
Finished collecting data
left is a duplicate key.
bottom is a duplicate key.
z1 is a duplicate key.
z2 is a duplicate key.
Nx is a duplicate key.
Ny is a duplicate key.
Nz is a duplicate key.
left is a duplicate key.
bottom is a duplicate key.
z1 is a duplicate key.
z2 is a duplicate key.
Nx is a duplicate key.
Ny is a duplicate key.
Nz is a duplicate key.
left is a duplicate key.
bottom is a duplicate key.
z1 is a duplicate key.
z2 is a duplicate key.
Nx is a duplicate key.
Ny is a duplicate key.
Nz is a duplicate key.
left is a duplicate key.
bottom is a duplicate key.
z1 is a duplicate key.
z2 is a duplicate key.
Nx is a duplicate key.
Ny is a duplicate key.
Nz is a duplicate key.
Simulation completed successfully at: Fri Aug 19 00:12:36 2022
Overall wall time measurements in seconds: 560.443
    time to mesh and initialize: 12.6656
    time to run FDTD simulation: 545.434
    time to checkpoint simulation: 5e-07
    time to finalize data and save to files: 0.123969
    miscellaneous time: 2.21863
    FDTD solver speed on process 0: 27.1037 Mnodes/s
    total FDTD solver speed on 4 processes: 108.415 Mnodes/s
