Ansys Lumerical 2020 R2 FDTD Solver Version 8.24.2387 (Windows 64bit)
 expires (month/day/year): 12/31/2035
using config file: Ansys Licensing set with ANSYSLMD_LICENSE_FILE
license host: 
current time: Thu Aug 18 23:55:55 2022
Running on host: DESKTOP-CPAG1MV
host available memory (GB): 8.866505
All processes are communicating and ready to proceed to simulation...
Running fsp file: C:\Program Files\Lumerical\v202\bin\fdtd-engine-msmpi.exe -t 1 -remote -hide D:/AAAAAAAArquivos/Facul/Capacitação/GitHub/Ring-Resonator/Tutorial/ring_resonator_150nmGapSweep(Lc=0)/150nmGapSweep(Lc=0)_2.fsp
Starting meshing
Simulation size in gridpoints: 1 x 51 x 14
Refined 0 mesh cells (0%)
Completed meshing!
Meshing complete in 0 seconds of CPU time
Starting meshing
Simulation size in gridpoints: 1 x 51 x 14
Refined 0 mesh cells (0%)
Completed meshing!
Meshing complete in 0 seconds of CPU time
Starting meshing
Simulation size in gridpoints: 1 x 51 x 14
Refined 0 mesh cells (0%)
Completed meshing!
Meshing complete in 0 seconds of CPU time
left is a duplicate key.
bottom is a duplicate key.
z1 is a duplicate key.
z2 is a duplicate key.
Nx is a duplicate key.
Ny is a duplicate key.
Nz is a duplicate key.
Starting meshing
Simulation size in gridpoints: 1 x 51 x 14
Refined 0 mesh cells (0%)
Completed meshing!
Meshing complete in 0 seconds of CPU time
Starting meshing
Simulation size in gridpoints: 1 x 51 x 14
Refined 0 mesh cells (0%)
Completed meshing!
Meshing complete in 0 seconds of CPU time
Starting meshing
Simulation size in gridpoints: 1 x 51 x 14
Refined 0 mesh cells (0%)
Completed meshing!
Meshing complete in 0 seconds of CPU time
Starting meshing
Simulation size in gridpoints: 1 x 51 x 14
Refined 0 mesh cells (0%)
Completed meshing!
Meshing complete in 0 seconds of CPU time
Starting meshing
Simulation size in gridpoints: 1 x 51 x 14
Refined 0 mesh cells (0%)
Completed meshing!
Meshing complete in 0 seconds of CPU time
Starting meshing
Simulation size in gridpoints: 1 x 51 x 14
Refined 0 mesh cells (0%)
Completed meshing!
Meshing complete in 0.015625 seconds of CPU time
left is a duplicate key.
bottom is a duplicate key.
z1 is a duplicate key.
z2 is a duplicate key.
Nx is a duplicate key.
Ny is a duplicate key.
Nz is a duplicate key.
Starting meshing
Simulation size in gridpoints: 67 x 1 x 14
Refined 0 mesh cells (0%)
Completed meshing!
Meshing complete in 0 seconds of CPU time
Starting meshing
Simulation size in gridpoints: 67 x 1 x 14
Refined 0 mesh cells (0%)
Completed meshing!
Meshing complete in 0 seconds of CPU time
Starting meshing
Simulation size in gridpoints: 67 x 1 x 14
Refined 0 mesh cells (0%)
Completed meshing!
Meshing complete in 0 seconds of CPU time
left is a duplicate key.
bottom is a duplicate key.
z1 is a duplicate key.
z2 is a duplicate key.
Nx is a duplicate key.
Ny is a duplicate key.
Nz is a duplicate key.
Starting meshing
Simulation size in gridpoints: 67 x 1 x 14
Refined 0 mesh cells (0%)
Completed meshing!
Meshing complete in 0 seconds of CPU time
Starting meshing
Simulation size in gridpoints: 67 x 1 x 14
Refined 0 mesh cells (0%)
Completed meshing!
Meshing complete in 0.015625 seconds of CPU time
Starting meshing
Simulation size in gridpoints: 67 x 1 x 14
Refined 0 mesh cells (0%)
Completed meshing!
Meshing complete in 0 seconds of CPU time
left is a duplicate key.
bottom is a duplicate key.
z1 is a duplicate key.
z2 is a duplicate key.
Nx is a duplicate key.
Ny is a duplicate key.
Nz is a duplicate key.
number of processors is 4
processors are distributed as: 2x2x1
Running 3D Simulation
Starting meshing
Simulation size in gridpoints: 237 x 137 x 24
Refined 0 mesh cells (0%)
Completed meshing!
Meshing complete in 0.765625 seconds of CPU time
0 0
Starting meshing
Simulation size in gridpoints: 237 x 137 x 24
Refined 0 mesh cells (0%)
Completed meshing!
Meshing complete in 0.78125 seconds of CPU time
0 0
Starting meshing
Simulation size in gridpoints: 237 x 137 x 24
Refined 0 mesh cells (0%)
Completed meshing!
Meshing complete in 1.51562 seconds of CPU time
0 0
finished material properties
Meshing Time: 2.34972 seconds, Init Electrical Material Time: 0.10475 seconds, Init Magnetic Material Time: 0.0037256
Using selected optimization level: 2
Selecting 3d kernel for splitFieldDirection=0 and optLevel=2
-----------------------------------------
Beginning initialization of 3D Simulation
Starting to add sources to simulation
Adding 3D Mode source propagating in X
Using frequency dependent profile
Starting to add boundary conditions to simulation
Adding 3D PML BC
Adding 3D Parallel BC
Adding 3D PML BC
Adding 3D Parallel BC
Adding 3D Symmetric BC
Adding 3D PML BC
Starting to add monitors to Simulation
Adding analysis monitor
Adding 3D DFT monitor
Adding 3D DFT monitor
Adding 3D DFT monitor
Adding 3D DFT monitor
Finished initialization of 3D Simulation
-----------------------------------------
All processes are communicating and ready to proceed to simulation...
Starting 51909 total iterations
0.0924693% complete. Max time remaining: 24 mins, 18 secs. Auto Shutoff: 1
1.2021% complete. Max time remaining: 24 mins, 27 secs. Auto Shutoff: 1
2.31173% complete. Max time remaining: 24 mins, 5 secs. Auto Shutoff: 0.990123
3.42136% complete. Max time remaining: 23 mins, 40 secs. Auto Shutoff: 0.988881
4.53099% complete. Max time remaining: 23 mins, 21 secs. Auto Shutoff: 0.979684
5.64063% complete. Max time remaining: 23 mins, 3 secs. Auto Shutoff: 0.955068
6.75026% complete. Max time remaining: 22 mins, 46 secs. Auto Shutoff: 0.839866
7.85989% complete. Max time remaining: 22 mins, 29 secs. Auto Shutoff: 0.0267992
8.96952% complete. Max time remaining: 22 mins, 12 secs. Auto Shutoff: 0.0114823
10.0792% complete. Max time remaining: 21 mins, 55 secs. Auto Shutoff: 0.0100788
11.1888% complete. Max time remaining: 21 mins, 38 secs. Auto Shutoff: 0.00973094
12.2984% complete. Max time remaining: 21 mins, 22 secs. Auto Shutoff: 0.00919559
13.408% complete. Max time remaining: 21 mins, 6 secs. Auto Shutoff: 0.00786583
14.5177% complete. Max time remaining: 20 mins, 50 secs. Auto Shutoff: 0.00466954
15.6273% complete. Max time remaining: 20 mins, 33 secs. Auto Shutoff: 0.000696428
16.7369% complete. Max time remaining: 20 mins, 17 secs. Auto Shutoff: 0.000574362
17.8466% complete. Max time remaining: 20 mins, 0 secs. Auto Shutoff: 0.000583007
18.9562% complete. Max time remaining: 19 mins, 44 secs. Auto Shutoff: 0.000545363
20.0658% complete. Max time remaining: 19 mins, 27 secs. Auto Shutoff: 0.000516049
21.1755% complete. Max time remaining: 19 mins, 11 secs. Auto Shutoff: 0.000419399
22.2851% complete. Max time remaining: 18 mins, 55 secs. Auto Shutoff: 8.13949e-05
23.3947% complete. Max time remaining: 18 mins, 38 secs. Auto Shutoff: 4.39052e-05
24.5044% complete. Max time remaining: 18 mins, 22 secs. Auto Shutoff: 4.32935e-05
25.614% complete. Max time remaining: 18 mins, 5 secs. Auto Shutoff: 4.08203e-05
26.7236% complete. Max time remaining: 17 mins, 49 secs. Auto Shutoff: 4.09872e-05
27.8333% complete. Max time remaining: 17 mins, 33 secs. Auto Shutoff: 3.59809e-05
28.9429% complete. Max time remaining: 17 mins, 16 secs. Auto Shutoff: 1.9193e-05
100% complete. Max time remaining: 0 mins, 0 secs. Auto Shutoff: 9.59173e-06
Early termination of simulation, the autoshutoff criteria are satisfied.
Completed 15133 iterations, or 8.745860e-13s of Simulation Time
Process 0 starting to collect data
    collecting monitor data
    collecting source data
Using frequency dependent profile
Finished collecting data
left is a duplicate key.
bottom is a duplicate key.
z1 is a duplicate key.
z2 is a duplicate key.
Nx is a duplicate key.
Ny is a duplicate key.
Nz is a duplicate key.
left is a duplicate key.
bottom is a duplicate key.
z1 is a duplicate key.
z2 is a duplicate key.
Nx is a duplicate key.
Ny is a duplicate key.
Nz is a duplicate key.
left is a duplicate key.
bottom is a duplicate key.
z1 is a duplicate key.
z2 is a duplicate key.
Nx is a duplicate key.
Ny is a duplicate key.
Nz is a duplicate key.
left is a duplicate key.
bottom is a duplicate key.
z1 is a duplicate key.
z2 is a duplicate key.
Nx is a duplicate key.
Ny is a duplicate key.
Nz is a duplicate key.
Simulation completed successfully at: Fri Aug 19 00:03:14 2022
Overall wall time measurements in seconds: 440.879
    time to mesh and initialize: 13.468
    time to run FDTD simulation: 425.104
    time to checkpoint simulation: 5e-07
    time to finalize data and save to files: 0.127906
    miscellaneous time: 2.17869
    FDTD solver speed on process 0: 27.7402 Mnodes/s
    total FDTD solver speed on 4 processes: 110.961 Mnodes/s
