Ansys Lumerical 2020 R2 FDTD Solver Version 8.24.2387 (Windows 64bit)
 expires (month/day/year): 12/31/2035
using config file: Ansys Licensing set with ANSYSLMD_LICENSE_FILE
license host: 
current time: Fri Aug 19 00:12:38 2022
Running on host: DESKTOP-CPAG1MV
host available memory (GB): 8.693314
All processes are communicating and ready to proceed to simulation...
Running fsp file: C:\Program Files\Lumerical\v202\bin\fdtd-engine-msmpi.exe -t 1 -remote -hide D:/AAAAAAAArquivos/Facul/Capacitação/GitHub/Ring-Resonator/Tutorial/ring_resonator_150nmGapSweep(Lc=0)/150nmGapSweep(Lc=0)_4.fsp
Starting meshing
Simulation size in gridpoints: 1 x 51 x 14
Refined 0 mesh cells (0%)
Completed meshing!
Meshing complete in 0.015625 seconds of CPU time
Starting meshing
Simulation size in gridpoints: 1 x 51 x 14
Refined 0 mesh cells (0%)
Completed meshing!
Meshing complete in 0 seconds of CPU time
Starting meshing
Simulation size in gridpoints: 1 x 51 x 14
Refined 0 mesh cells (0%)
Completed meshing!
Meshing complete in 0 seconds of CPU time
left is a duplicate key.
bottom is a duplicate key.
z1 is a duplicate key.
z2 is a duplicate key.
Nx is a duplicate key.
Ny is a duplicate key.
Nz is a duplicate key.
Starting meshing
Simulation size in gridpoints: 1 x 51 x 14
Refined 0 mesh cells (0%)
Completed meshing!
Meshing complete in 0.015625 seconds of CPU time
Starting meshing
Simulation size in gridpoints: 1 x 51 x 14
Refined 0 mesh cells (0%)
Completed meshing!
Meshing complete in 0 seconds of CPU time
Starting meshing
Simulation size in gridpoints: 1 x 51 x 14
Refined 0 mesh cells (0%)
Completed meshing!
Meshing complete in 0 seconds of CPU time
left is a duplicate key.
bottom is a duplicate key.
z1 is a duplicate key.
z2 is a duplicate key.
Nx is a duplicate key.
Ny is a duplicate key.
Nz is a duplicate key.
Starting meshing
Simulation size in gridpoints: 67 x 1 x 14
Refined 0 mesh cells (0%)
Completed meshing!
Meshing complete in 0 seconds of CPU time
Starting meshing
Simulation size in gridpoints: 67 x 1 x 14
Refined 0 mesh cells (0%)
Completed meshing!
Meshing complete in 0 seconds of CPU time
Starting meshing
Simulation size in gridpoints: 67 x 1 x 14
Refined 0 mesh cells (0%)
Completed meshing!
Meshing complete in 0 seconds of CPU time
left is a duplicate key.
bottom is a duplicate key.
z1 is a duplicate key.
z2 is a duplicate key.
Nx is a duplicate key.
Ny is a duplicate key.
Nz is a duplicate key.
Starting meshing
Simulation size in gridpoints: 67 x 1 x 14
Refined 0 mesh cells (0%)
Completed meshing!
Meshing complete in 0 seconds of CPU time
Starting meshing
Simulation size in gridpoints: 67 x 1 x 14
Refined 0 mesh cells (0%)
Completed meshing!
Meshing complete in 0 seconds of CPU time
Starting meshing
Simulation size in gridpoints: 67 x 1 x 14
Refined 0 mesh cells (0%)
Completed meshing!
Meshing complete in 0 seconds of CPU time
Starting meshing
Simulation size in gridpoints: 67 x 1 x 14
Refined 0 mesh cells (0%)
Completed meshing!
Meshing complete in 0 seconds of CPU time
Starting meshing
Simulation size in gridpoints: 67 x 1 x 14
Refined 0 mesh cells (0%)
Completed meshing!
Meshing complete in 0 seconds of CPU time
Starting meshing
Simulation size in gridpoints: 67 x 1 x 14
Refined 0 mesh cells (0%)
Completed meshing!
Meshing complete in 0 seconds of CPU time
left is a duplicate key.
bottom is a duplicate key.
z1 is a duplicate key.
z2 is a duplicate key.
Nx is a duplicate key.
Ny is a duplicate key.
Nz is a duplicate key.
number of processors is 4
processors are distributed as: 2x2x1
Running 3D Simulation
Starting meshing
Simulation size in gridpoints: 237 x 137 x 24
Refined 0 mesh cells (0%)
Completed meshing!
Meshing complete in 0.875 seconds of CPU time
0 0
Starting meshing
Simulation size in gridpoints: 237 x 137 x 24
Refined 0 mesh cells (0%)
Completed meshing!
Meshing complete in 0.765625 seconds of CPU time
0 0
Starting meshing
Simulation size in gridpoints: 237 x 137 x 24
Refined 0 mesh cells (0%)
Completed meshing!
Meshing complete in 1.54688 seconds of CPU time
0 0
finished material properties
Meshing Time: 2.48809 seconds, Init Electrical Material Time: 0.110882 seconds, Init Magnetic Material Time: 0.0042722
Using selected optimization level: 2
Selecting 3d kernel for splitFieldDirection=0 and optLevel=2
-----------------------------------------
Beginning initialization of 3D Simulation
Starting to add sources to simulation
Adding 3D Mode source propagating in Y
Using frequency dependent profile
Starting to add boundary conditions to simulation
Adding 3D PML BC
Adding 3D Parallel BC
Adding 3D PML BC
Adding 3D Parallel BC
Adding 3D Symmetric BC
Adding 3D PML BC
Starting to add monitors to Simulation
Adding analysis monitor
Adding 3D DFT monitor
Adding 3D DFT monitor
Adding 3D DFT monitor
Adding 3D DFT monitor
Finished initialization of 3D Simulation
-----------------------------------------
All processes are communicating and ready to proceed to simulation...
Starting 51909 total iterations
0.0924693% complete. Max time remaining: 24 mins, 23 secs. Auto Shutoff: 1
1.2021% complete. Max time remaining: 24 mins, 29 secs. Auto Shutoff: 1
2.31173% complete. Max time remaining: 24 mins, 5 secs. Auto Shutoff: 0.927737
3.42136% complete. Max time remaining: 23 mins, 42 secs. Auto Shutoff: 0.904391
4.53099% complete. Max time remaining: 23 mins, 20 secs. Auto Shutoff: 0.879285
5.64063% complete. Max time remaining: 23 mins, 1 secs. Auto Shutoff: 0.876997
6.75026% complete. Max time remaining: 22 mins, 42 secs. Auto Shutoff: 0.784011
7.85989% complete. Max time remaining: 22 mins, 25 secs. Auto Shutoff: 0.147186
8.96952% complete. Max time remaining: 22 mins, 8 secs. Auto Shutoff: 0.0685424
10.0792% complete. Max time remaining: 21 mins, 51 secs. Auto Shutoff: 0.0652593
11.1888% complete. Max time remaining: 21 mins, 34 secs. Auto Shutoff: 0.067108
12.2984% complete. Max time remaining: 21 mins, 17 secs. Auto Shutoff: 0.0646751
13.408% complete. Max time remaining: 21 mins, 1 secs. Auto Shutoff: 0.0619969
14.5177% complete. Max time remaining: 20 mins, 44 secs. Auto Shutoff: 0.0595081
15.6273% complete. Max time remaining: 20 mins, 28 secs. Auto Shutoff: 0.00635889
16.7369% complete. Max time remaining: 20 mins, 12 secs. Auto Shutoff: 0.00565186
17.8466% complete. Max time remaining: 20 mins, 6 secs. Auto Shutoff: 0.00606893
18.8946% complete. Max time remaining: 19 mins, 55 secs. Auto Shutoff: 0.00588092
20.0042% complete. Max time remaining: 19 mins, 38 secs. Auto Shutoff: 0.00563091
21.1138% complete. Max time remaining: 19 mins, 21 secs. Auto Shutoff: 0.0050864
22.2234% complete. Max time remaining: 19 mins, 4 secs. Auto Shutoff: 0.000906764
23.3331% complete. Max time remaining: 18 mins, 47 secs. Auto Shutoff: 0.000565906
24.4427% complete. Max time remaining: 18 mins, 30 secs. Auto Shutoff: 0.000558295
25.5523% complete. Max time remaining: 18 mins, 13 secs. Auto Shutoff: 0.000567923
26.662% complete. Max time remaining: 17 mins, 57 secs. Auto Shutoff: 0.000544815
27.7716% complete. Max time remaining: 17 mins, 40 secs. Auto Shutoff: 0.000527573
28.8812% complete. Max time remaining: 17 mins, 23 secs. Auto Shutoff: 0.000346423
29.9909% complete. Max time remaining: 17 mins, 7 secs. Auto Shutoff: 5.96331e-05
31.1005% complete. Max time remaining: 16 mins, 50 secs. Auto Shutoff: 5.3277e-05
32.2101% complete. Max time remaining: 16 mins, 34 secs. Auto Shutoff: 5.57019e-05
33.3198% complete. Max time remaining: 16 mins, 17 secs. Auto Shutoff: 5.71177e-05
34.4294% complete. Max time remaining: 16 mins, 1 secs. Auto Shutoff: 5.5047e-05
35.539% complete. Max time remaining: 15 mins, 44 secs. Auto Shutoff: 5.83792e-05
36.5466% complete. Max time remaining: 15 mins, 29 secs. Auto Shutoff: 7.65319e-06
100% complete. Max time remaining: 0 mins, 0 secs. Auto Shutoff: 7.65319e-06
Early termination of simulation, the autoshutoff criteria are satisfied.
Completed 18971 iterations, or 1.096397e-12s of Simulation Time
Process 0 starting to collect data
    collecting monitor data
    collecting source data
Using frequency dependent profile
Finished collecting data
left is a duplicate key.
bottom is a duplicate key.
z1 is a duplicate key.
z2 is a duplicate key.
Nx is a duplicate key.
Ny is a duplicate key.
Nz is a duplicate key.
left is a duplicate key.
bottom is a duplicate key.
z1 is a duplicate key.
z2 is a duplicate key.
Nx is a duplicate key.
Ny is a duplicate key.
Nz is a duplicate key.
left is a duplicate key.
bottom is a duplicate key.
z1 is a duplicate key.
z2 is a duplicate key.
Nx is a duplicate key.
Ny is a duplicate key.
Nz is a duplicate key.
left is a duplicate key.
bottom is a duplicate key.
z1 is a duplicate key.
z2 is a duplicate key.
Nx is a duplicate key.
Ny is a duplicate key.
Nz is a duplicate key.
Simulation completed successfully at: Fri Aug 19 00:21:48 2022
Overall wall time measurements in seconds: 550.418
    time to mesh and initialize: 12.8276
    time to run FDTD simulation: 535.253
    time to checkpoint simulation: 6e-07
    time to finalize data and save to files: 0.12398
    miscellaneous time: 2.21327
    FDTD solver speed on process 0: 27.6192 Mnodes/s
    total FDTD solver speed on 4 processes: 110.477 Mnodes/s
