Ansys Lumerical 2020 R2 FDTD Solver Version 8.24.2387 (Windows 64bit)
 expires (month/day/year): 12/31/2035
using config file: Ansys Licensing set with ANSYSLMD_LICENSE_FILE
license host: 
current time: Thu Aug 18 23:48:29 2022
Running on host: DESKTOP-CPAG1MV
host available memory (GB): 8.651702
All processes are communicating and ready to proceed to simulation...
Running fsp file: C:\Program Files\Lumerical\v202\bin\fdtd-engine-msmpi.exe -t 1 -remote -hide D:/AAAAAAAArquivos/Facul/Capacitação/GitHub/Ring-Resonator/Tutorial/ring_resonator_150nmGapSweep(Lc=0)/150nmGapSweep(Lc=0)_1.fsp
Starting meshing
Simulation size in gridpoints: 1 x 51 x 14
Refined 0 mesh cells (0%)
Completed meshing!
Meshing complete in 0 seconds of CPU time
Starting meshing
Simulation size in gridpoints: 1 x 51 x 14
Refined 0 mesh cells (0%)
Completed meshing!
Meshing complete in 0 seconds of CPU time
Starting meshing
Simulation size in gridpoints: 1 x 51 x 14
Refined 0 mesh cells (0%)
Completed meshing!
Meshing complete in 0 seconds of CPU time
Starting meshing
Simulation size in gridpoints: 1 x 51 x 14
Refined 0 mesh cells (0%)
Completed meshing!
Meshing complete in 0 seconds of CPU time
Starting meshing
Simulation size in gridpoints: 1 x 51 x 14
Refined 0 mesh cells (0%)
Completed meshing!
Meshing complete in 0 seconds of CPU time
Starting meshing
Simulation size in gridpoints: 1 x 51 x 14
Refined 0 mesh cells (0%)
Completed meshing!
Meshing complete in 0 seconds of CPU time
left is a duplicate key.
bottom is a duplicate key.
z1 is a duplicate key.
z2 is a duplicate key.
Nx is a duplicate key.
Ny is a duplicate key.
Nz is a duplicate key.
Starting meshing
Simulation size in gridpoints: 1 x 51 x 14
Refined 0 mesh cells (0%)
Completed meshing!
Meshing complete in 0 seconds of CPU time
Starting meshing
Simulation size in gridpoints: 1 x 51 x 14
Refined 0 mesh cells (0%)
Completed meshing!
Meshing complete in 0 seconds of CPU time
Starting meshing
Simulation size in gridpoints: 1 x 51 x 14
Refined 0 mesh cells (0%)
Completed meshing!
Meshing complete in 0.015625 seconds of CPU time
left is a duplicate key.
bottom is a duplicate key.
z1 is a duplicate key.
z2 is a duplicate key.
Nx is a duplicate key.
Ny is a duplicate key.
Nz is a duplicate key.
Starting meshing
Simulation size in gridpoints: 67 x 1 x 14
Refined 0 mesh cells (0%)
Completed meshing!
Meshing complete in 0 seconds of CPU time
Starting meshing
Simulation size in gridpoints: 67 x 1 x 14
Refined 0 mesh cells (0%)
Completed meshing!
Meshing complete in 0 seconds of CPU time
Starting meshing
Simulation size in gridpoints: 67 x 1 x 14
Refined 0 mesh cells (0%)
Completed meshing!
Meshing complete in 0 seconds of CPU time
left is a duplicate key.
bottom is a duplicate key.
z1 is a duplicate key.
z2 is a duplicate key.
Nx is a duplicate key.
Ny is a duplicate key.
Nz is a duplicate key.
Starting meshing
Simulation size in gridpoints: 67 x 1 x 14
Refined 0 mesh cells (0%)
Completed meshing!
Meshing complete in 0 seconds of CPU time
Starting meshing
Simulation size in gridpoints: 67 x 1 x 14
Refined 0 mesh cells (0%)
Completed meshing!
Meshing complete in 0 seconds of CPU time
Starting meshing
Simulation size in gridpoints: 67 x 1 x 14
Refined 0 mesh cells (0%)
Completed meshing!
Meshing complete in 0 seconds of CPU time
left is a duplicate key.
bottom is a duplicate key.
z1 is a duplicate key.
z2 is a duplicate key.
Nx is a duplicate key.
Ny is a duplicate key.
Nz is a duplicate key.
number of processors is 4
processors are distributed as: 2x2x1
Running 3D Simulation
Starting meshing
Simulation size in gridpoints: 237 x 137 x 24
Refined 0 mesh cells (0%)
Completed meshing!
Meshing complete in 0.96875 seconds of CPU time
0 0
Starting meshing
Simulation size in gridpoints: 237 x 137 x 24
Refined 0 mesh cells (0%)
Completed meshing!
Meshing complete in 0.9375 seconds of CPU time
0 0
Starting meshing
Simulation size in gridpoints: 237 x 137 x 24
Refined 0 mesh cells (0%)
Completed meshing!
Meshing complete in 1.5625 seconds of CPU time
0 0
finished material properties
Meshing Time: 2.60897 seconds, Init Electrical Material Time: 0.140516 seconds, Init Magnetic Material Time: 0.0039513
Using selected optimization level: 2
Selecting 3d kernel for splitFieldDirection=0 and optLevel=2
-----------------------------------------
Beginning initialization of 3D Simulation
Starting to add sources to simulation
Adding 3D Mode source propagating in X
Using frequency dependent profile
Starting to add boundary conditions to simulation
Adding 3D PML BC
Adding 3D Parallel BC
Adding 3D PML BC
Adding 3D Parallel BC
Adding 3D Symmetric BC
Adding 3D PML BC
Starting to add monitors to Simulation
Adding analysis monitor
Adding 3D DFT monitor
Adding 3D DFT monitor
Adding 3D DFT monitor
Adding 3D DFT monitor
Finished initialization of 3D Simulation
-----------------------------------------
All processes are communicating and ready to proceed to simulation...
Starting 51909 total iterations
0.0924693% complete. Max time remaining: 25 mins, 33 secs. Auto Shutoff: 1
1.14045% complete. Max time remaining: 26 mins, 26 secs. Auto Shutoff: 1
2.18844% complete. Max time remaining: 25 mins, 34 secs. Auto Shutoff: 0.991185
3.29807% complete. Max time remaining: 24 mins, 44 secs. Auto Shutoff: 0.988614
4.4077% complete. Max time remaining: 24 mins, 8 secs. Auto Shutoff: 0.981961
5.51733% complete. Max time remaining: 23 mins, 42 secs. Auto Shutoff: 0.962658
6.62696% complete. Max time remaining: 23 mins, 19 secs. Auto Shutoff: 0.83877
7.7366% complete. Max time remaining: 22 mins, 57 secs. Auto Shutoff: 0.0509611
8.84623% complete. Max time remaining: 22 mins, 37 secs. Auto Shutoff: 0.0121869
9.95586% complete. Max time remaining: 22 mins, 17 secs. Auto Shutoff: 0.0100931
11.0655% complete. Max time remaining: 21 mins, 58 secs. Auto Shutoff: 0.00972641
12.1751% complete. Max time remaining: 21 mins, 40 secs. Auto Shutoff: 0.00940033
13.2848% complete. Max time remaining: 21 mins, 22 secs. Auto Shutoff: 0.00824935
14.3944% complete. Max time remaining: 21 mins, 4 secs. Auto Shutoff: 0.00464184
15.504% complete. Max time remaining: 20 mins, 46 secs. Auto Shutoff: 0.000790307
16.6136% complete. Max time remaining: 20 mins, 29 secs. Auto Shutoff: 0.00057693
17.7233% complete. Max time remaining: 20 mins, 11 secs. Auto Shutoff: 0.000584246
18.8329% complete. Max time remaining: 19 mins, 54 secs. Auto Shutoff: 0.000562572
19.9425% complete. Max time remaining: 19 mins, 38 secs. Auto Shutoff: 0.00054432
21.0522% complete. Max time remaining: 19 mins, 21 secs. Auto Shutoff: 0.00047336
22.1618% complete. Max time remaining: 19 mins, 4 secs. Auto Shutoff: 8.10436e-05
23.2714% complete. Max time remaining: 18 mins, 48 secs. Auto Shutoff: 4.43338e-05
24.3811% complete. Max time remaining: 18 mins, 32 secs. Auto Shutoff: 4.27459e-05
25.4907% complete. Max time remaining: 18 mins, 15 secs. Auto Shutoff: 4.08362e-05
26.6003% complete. Max time remaining: 17 mins, 58 secs. Auto Shutoff: 4.06443e-05
27.71% complete. Max time remaining: 17 mins, 41 secs. Auto Shutoff: 3.8269e-05
28.8196% complete. Max time remaining: 17 mins, 25 secs. Auto Shutoff: 1.91059e-05
100% complete. Max time remaining: 0 mins, 0 secs. Auto Shutoff: 9.52214e-06
Early termination of simulation, the autoshutoff criteria are satisfied.
Completed 15133 iterations, or 8.745860e-13s of Simulation Time
Process 0 starting to collect data
    collecting monitor data
    collecting source data
Using frequency dependent profile
Finished collecting data
left is a duplicate key.
bottom is a duplicate key.
z1 is a duplicate key.
z2 is a duplicate key.
Nx is a duplicate key.
Ny is a duplicate key.
Nz is a duplicate key.
left is a duplicate key.
bottom is a duplicate key.
z1 is a duplicate key.
z2 is a duplicate key.
Nx is a duplicate key.
Ny is a duplicate key.
Nz is a duplicate key.
left is a duplicate key.
bottom is a duplicate key.
z1 is a duplicate key.
z2 is a duplicate key.
Nx is a duplicate key.
Ny is a duplicate key.
Nz is a duplicate key.
left is a duplicate key.
bottom is a duplicate key.
z1 is a duplicate key.
z2 is a duplicate key.
Nx is a duplicate key.
Ny is a duplicate key.
Nz is a duplicate key.
Simulation completed successfully at: Thu Aug 18 23:55:53 2022
Overall wall time measurements in seconds: 444.61
    time to mesh and initialize: 14.4195
    time to run FDTD simulation: 427.803
    time to checkpoint simulation: 4e-07
    time to finalize data and save to files: 0.125689
    miscellaneous time: 2.26243
    FDTD solver speed on process 0: 27.5652 Mnodes/s
    total FDTD solver speed on 4 processes: 110.261 Mnodes/s
