Ansys Lumerical 2020 R2 FDTD Solver Version 8.24.2387 (Windows 64bit)
 expires (month/day/year): 12/31/2035
using config file: Ansys Licensing set with ANSYSLMD_LICENSE_FILE
license host: 
current time: Fri Aug 19 03:11:04 2022
Running on host: DESKTOP-CPAG1MV
host available memory (GB): 8.937587
All processes are communicating and ready to proceed to simulation...
Running fsp file: C:\Program Files\Lumerical\v202\bin\fdtd-engine-msmpi.exe -t 1 -remote -hide D:/AAAAAAAArquivos/Facul/Capacitação/GitHub/Ring-Resonator/Tutorial/ring_resonator_150nmGapSweep(Lc=3μm)/150nmGapSweep(Lc=3μm)_4.fsp
Starting meshing
Simulation size in gridpoints: 1 x 51 x 14
Refined 0 mesh cells (0%)
Completed meshing!
Meshing complete in 0 seconds of CPU time
Starting meshing
Simulation size in gridpoints: 1 x 51 x 14
Refined 0 mesh cells (0%)
Completed meshing!
Meshing complete in 0 seconds of CPU time
Starting meshing
Simulation size in gridpoints: 1 x 51 x 14
Refined 0 mesh cells (0%)
Completed meshing!
Meshing complete in 0 seconds of CPU time
left is a duplicate key.
bottom is a duplicate key.
z1 is a duplicate key.
z2 is a duplicate key.
Nx is a duplicate key.
Ny is a duplicate key.
Nz is a duplicate key.
Starting meshing
Simulation size in gridpoints: 1 x 51 x 14
Refined 0 mesh cells (0%)
Completed meshing!
Meshing complete in 0 seconds of CPU time
Starting meshing
Simulation size in gridpoints: 1 x 51 x 14
Refined 0 mesh cells (0%)
Completed meshing!
Meshing complete in 0 seconds of CPU time
Starting meshing
Simulation size in gridpoints: 1 x 51 x 14
Refined 0 mesh cells (0%)
Completed meshing!
Meshing complete in 0 seconds of CPU time
left is a duplicate key.
bottom is a duplicate key.
z1 is a duplicate key.
z2 is a duplicate key.
Nx is a duplicate key.
Ny is a duplicate key.
Nz is a duplicate key.
Starting meshing
Simulation size in gridpoints: 67 x 1 x 14
Refined 0 mesh cells (0%)
Completed meshing!
Meshing complete in 0 seconds of CPU time
Starting meshing
Simulation size in gridpoints: 67 x 1 x 14
Refined 0 mesh cells (0%)
Completed meshing!
Meshing complete in 0 seconds of CPU time
Starting meshing
Simulation size in gridpoints: 67 x 1 x 14
Refined 0 mesh cells (0%)
Completed meshing!
Meshing complete in 0 seconds of CPU time
left is a duplicate key.
bottom is a duplicate key.
z1 is a duplicate key.
z2 is a duplicate key.
Nx is a duplicate key.
Ny is a duplicate key.
Nz is a duplicate key.
Starting meshing
Simulation size in gridpoints: 67 x 1 x 14
Refined 0 mesh cells (0%)
Completed meshing!
Meshing complete in 0 seconds of CPU time
Starting meshing
Simulation size in gridpoints: 67 x 1 x 14
Refined 0 mesh cells (0%)
Completed meshing!
Meshing complete in 0 seconds of CPU time
Starting meshing
Simulation size in gridpoints: 67 x 1 x 14
Refined 0 mesh cells (0%)
Completed meshing!
Meshing complete in 0 seconds of CPU time
Starting meshing
Simulation size in gridpoints: 67 x 1 x 14
Refined 0 mesh cells (0%)
Completed meshing!
Meshing complete in 0 seconds of CPU time
Starting meshing
Simulation size in gridpoints: 67 x 1 x 14
Refined 0 mesh cells (0%)
Completed meshing!
Meshing complete in 0 seconds of CPU time
Starting meshing
Simulation size in gridpoints: 67 x 1 x 14
Refined 0 mesh cells (0%)
Completed meshing!
Meshing complete in 0 seconds of CPU time
left is a duplicate key.
bottom is a duplicate key.
z1 is a duplicate key.
z2 is a duplicate key.
Nx is a duplicate key.
Ny is a duplicate key.
Nz is a duplicate key.
number of processors is 4
processors are distributed as: 2x2x1
Running 3D Simulation
Starting meshing
Simulation size in gridpoints: 237 x 140 x 24
Refined 0 mesh cells (0%)
Completed meshing!
Meshing complete in 0.828125 seconds of CPU time
0 0
Starting meshing
Simulation size in gridpoints: 237 x 140 x 24
Refined 0 mesh cells (0%)
Completed meshing!
Meshing complete in 0.90625 seconds of CPU time
0 0
Starting meshing
Simulation size in gridpoints: 237 x 140 x 24
Refined 0 mesh cells (0%)
Completed meshing!
Meshing complete in 1.73438 seconds of CPU time
0 0
finished material properties
Meshing Time: 2.63762 seconds, Init Electrical Material Time: 0.102454 seconds, Init Magnetic Material Time: 0.0040213
Using selected optimization level: 2
Selecting 3d kernel for splitFieldDirection=0 and optLevel=2
-----------------------------------------
Beginning initialization of 3D Simulation
Starting to add sources to simulation
Adding 3D Mode source propagating in Y
Using frequency dependent profile
Starting to add boundary conditions to simulation
Adding 3D PML BC
Adding 3D Parallel BC
Adding 3D PML BC
Adding 3D Parallel BC
Adding 3D Symmetric BC
Adding 3D PML BC
Starting to add monitors to Simulation
Adding analysis monitor
Adding 3D DFT monitor
Adding 3D DFT monitor
Adding 3D DFT monitor
Adding 3D DFT monitor
Finished initialization of 3D Simulation
-----------------------------------------
All processes are communicating and ready to proceed to simulation...
Starting 51959 total iterations
0.0923808% complete. Max time remaining: 24 mins, 58 secs. Auto Shutoff: 1
1.20095% complete. Max time remaining: 23 mins, 47 secs. Auto Shutoff: 1
2.30952% complete. Max time remaining: 23 mins, 16 secs. Auto Shutoff: 0.93257
3.41809% complete. Max time remaining: 22 mins, 49 secs. Auto Shutoff: 0.902985
4.52666% complete. Max time remaining: 22 mins, 28 secs. Auto Shutoff: 0.9114
5.63523% complete. Max time remaining: 22 mins, 9 secs. Auto Shutoff: 0.877807
6.7438% complete. Max time remaining: 21 mins, 50 secs. Auto Shutoff: 0.85327
7.85237% complete. Max time remaining: 21 mins, 33 secs. Auto Shutoff: 0.363101
8.96094% complete. Max time remaining: 21 mins, 18 secs. Auto Shutoff: 0.172432
10.0695% complete. Max time remaining: 21 mins, 6 secs. Auto Shutoff: 0.0399446
11.1781% complete. Max time remaining: 20 mins, 55 secs. Auto Shutoff: 0.0356724
12.2867% complete. Max time remaining: 20 mins, 42 secs. Auto Shutoff: 0.0356963
13.3952% complete. Max time remaining: 20 mins, 29 secs. Auto Shutoff: 0.0356703
14.5038% complete. Max time remaining: 20 mins, 15 secs. Auto Shutoff: 0.0349334
15.6124% complete. Max time remaining: 20 mins, 3 secs. Auto Shutoff: 0.0343688
16.7209% complete. Max time remaining: 19 mins, 50 secs. Auto Shutoff: 0.0220714
17.8295% complete. Max time remaining: 19 mins, 39 secs. Auto Shutoff: 0.00591153
18.9381% complete. Max time remaining: 19 mins, 24 secs. Auto Shutoff: 0.00268497
20.0466% complete. Max time remaining: 19 mins, 7 secs. Auto Shutoff: 0.00252759
21.1552% complete. Max time remaining: 18 mins, 49 secs. Auto Shutoff: 0.00255292
22.2638% complete. Max time remaining: 18 mins, 32 secs. Auto Shutoff: 0.00248106
23.3724% complete. Max time remaining: 18 mins, 15 secs. Auto Shutoff: 0.00249515
24.4809% complete. Max time remaining: 17 mins, 58 secs. Auto Shutoff: 0.00222544
25.5895% complete. Max time remaining: 17 mins, 41 secs. Auto Shutoff: 0.00205535
26.6981% complete. Max time remaining: 17 mins, 24 secs. Auto Shutoff: 0.000253826
27.8066% complete. Max time remaining: 17 mins, 7 secs. Auto Shutoff: 0.000224454
28.9152% complete. Max time remaining: 16 mins, 51 secs. Auto Shutoff: 0.00022491
30.0238% complete. Max time remaining: 16 mins, 34 secs. Auto Shutoff: 0.000221254
31.1323% complete. Max time remaining: 16 mins, 18 secs. Auto Shutoff: 0.000219888
32.2409% complete. Max time remaining: 16 mins, 1 secs. Auto Shutoff: 0.000220959
33.3495% complete. Max time remaining: 15 mins, 45 secs. Auto Shutoff: 0.000177223
34.4581% complete. Max time remaining: 15 mins, 29 secs. Auto Shutoff: 8.60391e-05
35.5666% complete. Max time remaining: 15 mins, 13 secs. Auto Shutoff: 2.27684e-05
36.6752% complete. Max time remaining: 14 mins, 57 secs. Auto Shutoff: 2.06321e-05
37.7838% complete. Max time remaining: 14 mins, 41 secs. Auto Shutoff: 2.10128e-05
38.8923% complete. Max time remaining: 14 mins, 25 secs. Auto Shutoff: 2.06162e-05
40.0009% complete. Max time remaining: 14 mins, 9 secs. Auto Shutoff: 2.05155e-05
41.1095% complete. Max time remaining: 13 mins, 53 secs. Auto Shutoff: 2.0276e-05
42.218% complete. Max time remaining: 13 mins, 37 secs. Auto Shutoff: 1.56321e-05
100% complete. Max time remaining: 0 mins, 0 secs. Auto Shutoff: 6.57236e-06
Early termination of simulation, the autoshutoff criteria are satisfied.
Completed 22305 iterations, or 1.287847e-12s of Simulation Time
Process 0 starting to collect data
    collecting monitor data
    collecting source data
Using frequency dependent profile
Finished collecting data
left is a duplicate key.
bottom is a duplicate key.
z1 is a duplicate key.
z2 is a duplicate key.
Nx is a duplicate key.
Ny is a duplicate key.
Nz is a duplicate key.
left is a duplicate key.
bottom is a duplicate key.
z1 is a duplicate key.
z2 is a duplicate key.
Nx is a duplicate key.
Ny is a duplicate key.
Nz is a duplicate key.
left is a duplicate key.
bottom is a duplicate key.
z1 is a duplicate key.
z2 is a duplicate key.
Nx is a duplicate key.
Ny is a duplicate key.
Nz is a duplicate key.
left is a duplicate key.
bottom is a duplicate key.
z1 is a duplicate key.
z2 is a duplicate key.
Nx is a duplicate key.
Ny is a duplicate key.
Nz is a duplicate key.
Simulation completed successfully at: Fri Aug 19 03:21:25 2022
Overall wall time measurements in seconds: 622.745
    time to mesh and initialize: 13.8836
    time to run FDTD simulation: 606.544
    time to checkpoint simulation: 4e-07
    time to finalize data and save to files: 0.119343
    miscellaneous time: 2.19861
    FDTD solver speed on process 0: 29.2838 Mnodes/s
    total FDTD solver speed on 4 processes: 117.135 Mnodes/s
