Ansys Lumerical 2020 R2 FDTD Solver Version 8.24.2387 (Windows 64bit)
 expires (month/day/year): 12/31/2035
using config file: Ansys Licensing set with ANSYSLMD_LICENSE_FILE
license host: 
current time: Fri Aug 19 02:44:14 2022
Running on host: DESKTOP-CPAG1MV
host available memory (GB): 8.924529
All processes are communicating and ready to proceed to simulation...
Running fsp file: C:\Program Files\Lumerical\v202\bin\fdtd-engine-msmpi.exe -t 1 -remote -hide D:/AAAAAAAArquivos/Facul/Capacitação/GitHub/Ring-Resonator/Tutorial/ring_resonator_150nmGapSweep(Lc=3μm)/150nmGapSweep(Lc=3μm)_1.fsp
Starting meshing
Simulation size in gridpoints: 1 x 51 x 14
Refined 0 mesh cells (0%)
Completed meshing!
Meshing complete in 0 seconds of CPU time
Starting meshing
Simulation size in gridpoints: 1 x 51 x 14
Refined 0 mesh cells (0%)
Completed meshing!
Meshing complete in 0 seconds of CPU time
Starting meshing
Simulation size in gridpoints: 1 x 51 x 14
Refined 0 mesh cells (0%)
Completed meshing!
Meshing complete in 0 seconds of CPU time
Starting meshing
Simulation size in gridpoints: 1 x 51 x 14
Refined 0 mesh cells (0%)
Completed meshing!
Meshing complete in 0 seconds of CPU time
Starting meshing
Simulation size in gridpoints: 1 x 51 x 14
Refined 0 mesh cells (0%)
Completed meshing!
Meshing complete in 0 seconds of CPU time
Starting meshing
Simulation size in gridpoints: 1 x 51 x 14
Refined 0 mesh cells (0%)
Completed meshing!
Meshing complete in 0 seconds of CPU time
left is a duplicate key.
bottom is a duplicate key.
z1 is a duplicate key.
z2 is a duplicate key.
Nx is a duplicate key.
Ny is a duplicate key.
Nz is a duplicate key.
Starting meshing
Simulation size in gridpoints: 1 x 51 x 14
Refined 0 mesh cells (0%)
Completed meshing!
Meshing complete in 0 seconds of CPU time
Starting meshing
Simulation size in gridpoints: 1 x 51 x 14
Refined 0 mesh cells (0%)
Completed meshing!
Meshing complete in 0 seconds of CPU time
Starting meshing
Simulation size in gridpoints: 1 x 51 x 14
Refined 0 mesh cells (0%)
Completed meshing!
Meshing complete in 0 seconds of CPU time
left is a duplicate key.
bottom is a duplicate key.
z1 is a duplicate key.
z2 is a duplicate key.
Nx is a duplicate key.
Ny is a duplicate key.
Nz is a duplicate key.
Starting meshing
Simulation size in gridpoints: 67 x 1 x 14
Refined 0 mesh cells (0%)
Completed meshing!
Meshing complete in 0.015625 seconds of CPU time
Starting meshing
Simulation size in gridpoints: 67 x 1 x 14
Refined 0 mesh cells (0%)
Completed meshing!
Meshing complete in 0 seconds of CPU time
Starting meshing
Simulation size in gridpoints: 67 x 1 x 14
Refined 0 mesh cells (0%)
Completed meshing!
Meshing complete in 0 seconds of CPU time
left is a duplicate key.
bottom is a duplicate key.
z1 is a duplicate key.
z2 is a duplicate key.
Nx is a duplicate key.
Ny is a duplicate key.
Nz is a duplicate key.
Starting meshing
Simulation size in gridpoints: 67 x 1 x 14
Refined 0 mesh cells (0%)
Completed meshing!
Meshing complete in 0 seconds of CPU time
Starting meshing
Simulation size in gridpoints: 67 x 1 x 14
Refined 0 mesh cells (0%)
Completed meshing!
Meshing complete in 0 seconds of CPU time
Starting meshing
Simulation size in gridpoints: 67 x 1 x 14
Refined 0 mesh cells (0%)
Completed meshing!
Meshing complete in 0 seconds of CPU time
left is a duplicate key.
bottom is a duplicate key.
z1 is a duplicate key.
z2 is a duplicate key.
Nx is a duplicate key.
Ny is a duplicate key.
Nz is a duplicate key.
number of processors is 4
processors are distributed as: 2x2x1
Running 3D Simulation
Starting meshing
Simulation size in gridpoints: 237 x 140 x 24
Refined 0 mesh cells (0%)
Completed meshing!
Meshing complete in 1 seconds of CPU time
0 0
Starting meshing
Simulation size in gridpoints: 237 x 140 x 24
Refined 0 mesh cells (0%)
Completed meshing!
Meshing complete in 0.859375 seconds of CPU time
0 0
Starting meshing
Simulation size in gridpoints: 237 x 140 x 24
Refined 0 mesh cells (0%)
Completed meshing!
Meshing complete in 1.6875 seconds of CPU time
0 0
finished material properties
Meshing Time: 2.74881 seconds, Init Electrical Material Time: 0.094442 seconds, Init Magnetic Material Time: 0.0034332
Using selected optimization level: 2
Selecting 3d kernel for splitFieldDirection=0 and optLevel=2
-----------------------------------------
Beginning initialization of 3D Simulation
Starting to add sources to simulation
Adding 3D Mode source propagating in X
Using frequency dependent profile
Starting to add boundary conditions to simulation
Adding 3D PML BC
Adding 3D Parallel BC
Adding 3D PML BC
Adding 3D Parallel BC
Adding 3D Symmetric BC
Adding 3D PML BC
Starting to add monitors to Simulation
Adding analysis monitor
Adding 3D DFT monitor
Adding 3D DFT monitor
Adding 3D DFT monitor
Adding 3D DFT monitor
Finished initialization of 3D Simulation
-----------------------------------------
All processes are communicating and ready to proceed to simulation...
Starting 51959 total iterations
0.0923808% complete. Max time remaining: 23 mins, 29 secs. Auto Shutoff: 1
1.20095% complete. Max time remaining: 23 mins, 28 secs. Auto Shutoff: 1
2.30952% complete. Max time remaining: 23 mins, 4 secs. Auto Shutoff: 0.99005
3.41809% complete. Max time remaining: 22 mins, 41 secs. Auto Shutoff: 0.991797
4.52666% complete. Max time remaining: 22 mins, 22 secs. Auto Shutoff: 0.981599
5.63523% complete. Max time remaining: 22 mins, 5 secs. Auto Shutoff: 0.952137
6.7438% complete. Max time remaining: 21 mins, 47 secs. Auto Shutoff: 0.849742
7.85237% complete. Max time remaining: 21 mins, 31 secs. Auto Shutoff: 0.525303
8.96094% complete. Max time remaining: 21 mins, 15 secs. Auto Shutoff: 0.0595907
10.0695% complete. Max time remaining: 20 mins, 59 secs. Auto Shutoff: 0.0485556
11.1781% complete. Max time remaining: 20 mins, 43 secs. Auto Shutoff: 0.0441935
12.2867% complete. Max time remaining: 20 mins, 28 secs. Auto Shutoff: 0.0446333
13.3952% complete. Max time remaining: 20 mins, 12 secs. Auto Shutoff: 0.0434687
14.5038% complete. Max time remaining: 19 mins, 56 secs. Auto Shutoff: 0.0407057
15.6124% complete. Max time remaining: 19 mins, 40 secs. Auto Shutoff: 0.0178922
16.7209% complete. Max time remaining: 19 mins, 24 secs. Auto Shutoff: 0.0118451
17.8295% complete. Max time remaining: 19 mins, 9 secs. Auto Shutoff: 0.00169266
18.9381% complete. Max time remaining: 18 mins, 53 secs. Auto Shutoff: 0.00147665
20.0466% complete. Max time remaining: 18 mins, 38 secs. Auto Shutoff: 0.00147864
21.1552% complete. Max time remaining: 18 mins, 22 secs. Auto Shutoff: 0.0014796
22.2638% complete. Max time remaining: 18 mins, 6 secs. Auto Shutoff: 0.00143673
23.3724% complete. Max time remaining: 17 mins, 51 secs. Auto Shutoff: 0.00140937
24.4809% complete. Max time remaining: 17 mins, 35 secs. Auto Shutoff: 0.000741553
25.5895% complete. Max time remaining: 17 mins, 20 secs. Auto Shutoff: 0.000381988
26.6981% complete. Max time remaining: 17 mins, 5 secs. Auto Shutoff: 9.2193e-05
27.8066% complete. Max time remaining: 16 mins, 49 secs. Auto Shutoff: 8.72309e-05
28.9152% complete. Max time remaining: 16 mins, 34 secs. Auto Shutoff: 8.56153e-05
30.0238% complete. Max time remaining: 16 mins, 18 secs. Auto Shutoff: 8.17232e-05
31.1323% complete. Max time remaining: 16 mins, 3 secs. Auto Shutoff: 8.55208e-05
32.2409% complete. Max time remaining: 15 mins, 47 secs. Auto Shutoff: 7.7251e-05
33.3495% complete. Max time remaining: 15 mins, 31 secs. Auto Shutoff: 5.87962e-05
34.3753% complete. Max time remaining: 15 mins, 17 secs. Auto Shutoff: 9.18442e-06
100% complete. Max time remaining: 0 mins, 0 secs. Auto Shutoff: 9.18442e-06
Early termination of simulation, the autoshutoff criteria are satisfied.
Completed 17861 iterations, or 1.031259e-12s of Simulation Time
Process 0 starting to collect data
    collecting monitor data
    collecting source data
Using frequency dependent profile
Finished collecting data
left is a duplicate key.
bottom is a duplicate key.
z1 is a duplicate key.
z2 is a duplicate key.
Nx is a duplicate key.
Ny is a duplicate key.
Nz is a duplicate key.
left is a duplicate key.
bottom is a duplicate key.
z1 is a duplicate key.
z2 is a duplicate key.
Nx is a duplicate key.
Ny is a duplicate key.
Nz is a duplicate key.
left is a duplicate key.
bottom is a duplicate key.
z1 is a duplicate key.
z2 is a duplicate key.
Nx is a duplicate key.
Ny is a duplicate key.
Nz is a duplicate key.
left is a duplicate key.
bottom is a duplicate key.
z1 is a duplicate key.
z2 is a duplicate key.
Nx is a duplicate key.
Ny is a duplicate key.
Nz is a duplicate key.
Simulation completed successfully at: Fri Aug 19 02:52:28 2022
Overall wall time measurements in seconds: 495.815
    time to mesh and initialize: 13.2198
    time to run FDTD simulation: 480.303
    time to checkpoint simulation: 4e-07
    time to finalize data and save to files: 0.122347
    miscellaneous time: 2.17008
    FDTD solver speed on process 0: 29.6127 Mnodes/s
    total FDTD solver speed on 4 processes: 118.451 Mnodes/s
