Ansys Lumerical 2020 R2 FDTD Solver Version 8.24.2387 (Windows 64bit)
 expires (month/day/year): 12/31/2035
using config file: Ansys Licensing set with ANSYSLMD_LICENSE_FILE
license host: 
current time: Fri Aug 19 03:00:47 2022
Running on host: DESKTOP-CPAG1MV
host available memory (GB): 8.914493
All processes are communicating and ready to proceed to simulation...
Running fsp file: C:\Program Files\Lumerical\v202\bin\fdtd-engine-msmpi.exe -t 1 -remote -hide D:/AAAAAAAArquivos/Facul/Capacitação/GitHub/Ring-Resonator/Tutorial/ring_resonator_150nmGapSweep(Lc=3μm)/150nmGapSweep(Lc=3μm)_3.fsp
Starting meshing
Simulation size in gridpoints: 1 x 51 x 14
Refined 0 mesh cells (0%)
Completed meshing!
Meshing complete in 0.015625 seconds of CPU time
Starting meshing
Simulation size in gridpoints: 1 x 51 x 14
Refined 0 mesh cells (0%)
Completed meshing!
Meshing complete in 0 seconds of CPU time
Starting meshing
Simulation size in gridpoints: 1 x 51 x 14
Refined 0 mesh cells (0%)
Completed meshing!
Meshing complete in 0 seconds of CPU time
left is a duplicate key.
bottom is a duplicate key.
z1 is a duplicate key.
z2 is a duplicate key.
Nx is a duplicate key.
Ny is a duplicate key.
Nz is a duplicate key.
Starting meshing
Simulation size in gridpoints: 1 x 51 x 14
Refined 0 mesh cells (0%)
Completed meshing!
Meshing complete in 0 seconds of CPU time
Starting meshing
Simulation size in gridpoints: 1 x 51 x 14
Refined 0 mesh cells (0%)
Completed meshing!
Meshing complete in 0 seconds of CPU time
Starting meshing
Simulation size in gridpoints: 1 x 51 x 14
Refined 0 mesh cells (0%)
Completed meshing!
Meshing complete in 0.015625 seconds of CPU time
left is a duplicate key.
bottom is a duplicate key.
z1 is a duplicate key.
z2 is a duplicate key.
Nx is a duplicate key.
Ny is a duplicate key.
Nz is a duplicate key.
Starting meshing
Simulation size in gridpoints: 67 x 1 x 14
Refined 0 mesh cells (0%)
Completed meshing!
Meshing complete in 0 seconds of CPU time
Starting meshing
Simulation size in gridpoints: 67 x 1 x 14
Refined 0 mesh cells (0%)
Completed meshing!
Meshing complete in 0 seconds of CPU time
Starting meshing
Simulation size in gridpoints: 67 x 1 x 14
Refined 0 mesh cells (0%)
Completed meshing!
Meshing complete in 0 seconds of CPU time
Starting meshing
Simulation size in gridpoints: 67 x 1 x 14
Refined 0 mesh cells (0%)
Completed meshing!
Meshing complete in 0 seconds of CPU time
Starting meshing
Simulation size in gridpoints: 67 x 1 x 14
Refined 0 mesh cells (0%)
Completed meshing!
Meshing complete in 0 seconds of CPU time
Starting meshing
Simulation size in gridpoints: 67 x 1 x 14
Refined 0 mesh cells (0%)
Completed meshing!
Meshing complete in 0 seconds of CPU time
left is a duplicate key.
bottom is a duplicate key.
z1 is a duplicate key.
z2 is a duplicate key.
Nx is a duplicate key.
Ny is a duplicate key.
Nz is a duplicate key.
Starting meshing
Simulation size in gridpoints: 67 x 1 x 14
Refined 0 mesh cells (0%)
Completed meshing!
Meshing complete in 0 seconds of CPU time
Starting meshing
Simulation size in gridpoints: 67 x 1 x 14
Refined 0 mesh cells (0%)
Completed meshing!
Meshing complete in 0 seconds of CPU time
Starting meshing
Simulation size in gridpoints: 67 x 1 x 14
Refined 0 mesh cells (0%)
Completed meshing!
Meshing complete in 0 seconds of CPU time
left is a duplicate key.
bottom is a duplicate key.
z1 is a duplicate key.
z2 is a duplicate key.
Nx is a duplicate key.
Ny is a duplicate key.
Nz is a duplicate key.
number of processors is 4
processors are distributed as: 2x2x1
Running 3D Simulation
Starting meshing
Simulation size in gridpoints: 237 x 140 x 24
Refined 0 mesh cells (0%)
Completed meshing!
Meshing complete in 0.921875 seconds of CPU time
0 0
Starting meshing
Simulation size in gridpoints: 237 x 140 x 24
Refined 0 mesh cells (0%)
Completed meshing!
Meshing complete in 0.84375 seconds of CPU time
0 0
Starting meshing
Simulation size in gridpoints: 237 x 140 x 24
Refined 0 mesh cells (0%)
Completed meshing!
Meshing complete in 1.5 seconds of CPU time
0 0
finished material properties
Meshing Time: 2.49524 seconds, Init Electrical Material Time: 0.0999862 seconds, Init Magnetic Material Time: 0.0041485
Using selected optimization level: 2
Selecting 3d kernel for splitFieldDirection=0 and optLevel=2
-----------------------------------------
Beginning initialization of 3D Simulation
Starting to add sources to simulation
Adding 3D Mode source propagating in Y
Using frequency dependent profile
Starting to add boundary conditions to simulation
Adding 3D PML BC
Adding 3D Parallel BC
Adding 3D PML BC
Adding 3D Parallel BC
Adding 3D Symmetric BC
Adding 3D PML BC
Starting to add monitors to Simulation
Adding analysis monitor
Adding 3D DFT monitor
Adding 3D DFT monitor
Adding 3D DFT monitor
Adding 3D DFT monitor
Finished initialization of 3D Simulation
-----------------------------------------
All processes are communicating and ready to proceed to simulation...
Starting 51959 total iterations
0.0923808% complete. Max time remaining: 23 mins, 21 secs. Auto Shutoff: 1
1.20095% complete. Max time remaining: 23 mins, 35 secs. Auto Shutoff: 1
2.30952% complete. Max time remaining: 23 mins, 12 secs. Auto Shutoff: 0.93257
3.41809% complete. Max time remaining: 22 mins, 47 secs. Auto Shutoff: 0.902977
4.52666% complete. Max time remaining: 22 mins, 28 secs. Auto Shutoff: 0.911104
5.63523% complete. Max time remaining: 22 mins, 8 secs. Auto Shutoff: 0.877824
6.7438% complete. Max time remaining: 21 mins, 50 secs. Auto Shutoff: 0.853328
7.85237% complete. Max time remaining: 21 mins, 33 secs. Auto Shutoff: 0.363098
8.96094% complete. Max time remaining: 21 mins, 17 secs. Auto Shutoff: 0.172423
10.0695% complete. Max time remaining: 21 mins, 1 secs. Auto Shutoff: 0.0399501
11.1781% complete. Max time remaining: 20 mins, 44 secs. Auto Shutoff: 0.0356732
12.2867% complete. Max time remaining: 20 mins, 29 secs. Auto Shutoff: 0.035698
13.3952% complete. Max time remaining: 20 mins, 12 secs. Auto Shutoff: 0.0356801
14.5038% complete. Max time remaining: 19 mins, 57 secs. Auto Shutoff: 0.034933
15.6124% complete. Max time remaining: 19 mins, 41 secs. Auto Shutoff: 0.0343688
16.7209% complete. Max time remaining: 19 mins, 25 secs. Auto Shutoff: 0.0220717
17.8295% complete. Max time remaining: 19 mins, 10 secs. Auto Shutoff: 0.00591126
18.9381% complete. Max time remaining: 18 mins, 54 secs. Auto Shutoff: 0.00268502
20.0466% complete. Max time remaining: 18 mins, 38 secs. Auto Shutoff: 0.0025276
21.1552% complete. Max time remaining: 18 mins, 22 secs. Auto Shutoff: 0.00254457
22.2638% complete. Max time remaining: 18 mins, 7 secs. Auto Shutoff: 0.00248075
23.3724% complete. Max time remaining: 17 mins, 51 secs. Auto Shutoff: 0.00249521
24.4809% complete. Max time remaining: 17 mins, 36 secs. Auto Shutoff: 0.00222554
25.5895% complete. Max time remaining: 17 mins, 20 secs. Auto Shutoff: 0.00205536
26.6981% complete. Max time remaining: 17 mins, 4 secs. Auto Shutoff: 0.000253824
27.8066% complete. Max time remaining: 16 mins, 49 secs. Auto Shutoff: 0.000224454
28.9152% complete. Max time remaining: 16 mins, 33 secs. Auto Shutoff: 0.000224915
30.0238% complete. Max time remaining: 16 mins, 18 secs. Auto Shutoff: 0.00022231
31.1323% complete. Max time remaining: 16 mins, 2 secs. Auto Shutoff: 0.00021989
32.2409% complete. Max time remaining: 15 mins, 47 secs. Auto Shutoff: 0.000220946
33.3495% complete. Max time remaining: 15 mins, 32 secs. Auto Shutoff: 0.000177226
34.4581% complete. Max time remaining: 15 mins, 16 secs. Auto Shutoff: 8.60407e-05
35.5666% complete. Max time remaining: 15 mins, 1 secs. Auto Shutoff: 2.2771e-05
36.6752% complete. Max time remaining: 14 mins, 45 secs. Auto Shutoff: 2.06334e-05
37.7838% complete. Max time remaining: 14 mins, 29 secs. Auto Shutoff: 2.10166e-05
38.8923% complete. Max time remaining: 14 mins, 14 secs. Auto Shutoff: 2.06042e-05
40.0009% complete. Max time remaining: 13 mins, 58 secs. Auto Shutoff: 2.0517e-05
41.1095% complete. Max time remaining: 13 mins, 43 secs. Auto Shutoff: 2.02781e-05
42.218% complete. Max time remaining: 13 mins, 27 secs. Auto Shutoff: 1.56325e-05
100% complete. Max time remaining: 0 mins, 0 secs. Auto Shutoff: 6.57315e-06
Early termination of simulation, the autoshutoff criteria are satisfied.
Completed 22305 iterations, or 1.287847e-12s of Simulation Time
Process 0 starting to collect data
    collecting monitor data
    collecting source data
Using frequency dependent profile
Finished collecting data
left is a duplicate key.
bottom is a duplicate key.
z1 is a duplicate key.
z2 is a duplicate key.
Nx is a duplicate key.
Ny is a duplicate key.
Nz is a duplicate key.
left is a duplicate key.
bottom is a duplicate key.
z1 is a duplicate key.
z2 is a duplicate key.
Nx is a duplicate key.
Ny is a duplicate key.
Nz is a duplicate key.
left is a duplicate key.
bottom is a duplicate key.
z1 is a duplicate key.
z2 is a duplicate key.
Nx is a duplicate key.
Ny is a duplicate key.
Nz is a duplicate key.
left is a duplicate key.
bottom is a duplicate key.
z1 is a duplicate key.
z2 is a duplicate key.
Nx is a duplicate key.
Ny is a duplicate key.
Nz is a duplicate key.
Simulation completed successfully at: Fri Aug 19 03:11:01 2022
Overall wall time measurements in seconds: 615.163
    time to mesh and initialize: 12.9927
    time to run FDTD simulation: 599.768
    time to checkpoint simulation: 9e-07
    time to finalize data and save to files: 0.118975
    miscellaneous time: 2.2832
    FDTD solver speed on process 0: 29.6146 Mnodes/s
    total FDTD solver speed on 4 processes: 118.459 Mnodes/s
