Ansys Lumerical 2020 R2 FDTD Solver Version 8.24.2387 (Windows 64bit)
 expires (month/day/year): 12/31/2035
using config file: Ansys Licensing set with ANSYSLMD_LICENSE_FILE
license host: 
current time: Fri Aug 19 02:34:08 2022
Running on host: DESKTOP-CPAG1MV
host available memory (GB): 8.906658
All processes are communicating and ready to proceed to simulation...
Running fsp file: C:\Program Files\Lumerical\v202\bin\fdtd-engine-msmpi.exe -t 1 -remote -hide D:/AAAAAAAArquivos/Facul/Capacitação/GitHub/Ring-Resonator/Tutorial/ring_resonator_175nmGapSweep(Lc=1,5μm)/175nmGapSweep(Lc=1,5μm)_4.fsp
Starting meshing
Simulation size in gridpoints: 1 x 51 x 14
Refined 0 mesh cells (0%)
Completed meshing!
Meshing complete in 0 seconds of CPU time
Starting meshing
Simulation size in gridpoints: 1 x 51 x 14
Refined 0 mesh cells (0%)
Completed meshing!
Meshing complete in 0 seconds of CPU time
Starting meshing
Simulation size in gridpoints: 1 x 51 x 14
Refined 0 mesh cells (0%)
Completed meshing!
Meshing complete in 0 seconds of CPU time
left is a duplicate key.
bottom is a duplicate key.
z1 is a duplicate key.
z2 is a duplicate key.
Nx is a duplicate key.
Ny is a duplicate key.
Nz is a duplicate key.
Starting meshing
Simulation size in gridpoints: 1 x 51 x 14
Refined 0 mesh cells (0%)
Completed meshing!
Meshing complete in 0 seconds of CPU time
Starting meshing
Simulation size in gridpoints: 1 x 51 x 14
Refined 0 mesh cells (0%)
Completed meshing!
Meshing complete in 0 seconds of CPU time
Starting meshing
Simulation size in gridpoints: 1 x 51 x 14
Refined 0 mesh cells (0%)
Completed meshing!
Meshing complete in 0 seconds of CPU time
left is a duplicate key.
bottom is a duplicate key.
z1 is a duplicate key.
z2 is a duplicate key.
Nx is a duplicate key.
Ny is a duplicate key.
Nz is a duplicate key.
Starting meshing
Simulation size in gridpoints: 67 x 1 x 14
Refined 0 mesh cells (0%)
Completed meshing!
Meshing complete in 0 seconds of CPU time
Starting meshing
Simulation size in gridpoints: 67 x 1 x 14
Refined 0 mesh cells (0%)
Completed meshing!
Meshing complete in 0 seconds of CPU time
Starting meshing
Simulation size in gridpoints: 67 x 1 x 14
Refined 0 mesh cells (0%)
Completed meshing!
Meshing complete in 0 seconds of CPU time
left is a duplicate key.
bottom is a duplicate key.
z1 is a duplicate key.
z2 is a duplicate key.
Nx is a duplicate key.
Ny is a duplicate key.
Nz is a duplicate key.
Starting meshing
Simulation size in gridpoints: 67 x 1 x 14
Refined 0 mesh cells (0%)
Completed meshing!
Meshing complete in 0 seconds of CPU time
Starting meshing
Simulation size in gridpoints: 67 x 1 x 14
Refined 0 mesh cells (0%)
Completed meshing!
Meshing complete in 0 seconds of CPU time
Starting meshing
Simulation size in gridpoints: 67 x 1 x 14
Refined 0 mesh cells (0%)
Completed meshing!
Meshing complete in 0 seconds of CPU time
Starting meshing
Simulation size in gridpoints: 67 x 1 x 14
Refined 0 mesh cells (0%)
Completed meshing!
Meshing complete in 0 seconds of CPU time
Starting meshing
Simulation size in gridpoints: 67 x 1 x 14
Refined 0 mesh cells (0%)
Completed meshing!
Meshing complete in 0 seconds of CPU time
Starting meshing
Simulation size in gridpoints: 67 x 1 x 14
Refined 0 mesh cells (0%)
Completed meshing!
Meshing complete in 0 seconds of CPU time
left is a duplicate key.
bottom is a duplicate key.
z1 is a duplicate key.
z2 is a duplicate key.
Nx is a duplicate key.
Ny is a duplicate key.
Nz is a duplicate key.
number of processors is 4
processors are distributed as: 2x2x1
Running 3D Simulation
Starting meshing
Simulation size in gridpoints: 237 x 140 x 24
Refined 0 mesh cells (0%)
Completed meshing!
Meshing complete in 0.796875 seconds of CPU time
0 0
Starting meshing
Simulation size in gridpoints: 237 x 140 x 24
Refined 0 mesh cells (0%)
Completed meshing!
Meshing complete in 0.828125 seconds of CPU time
0 0
Starting meshing
Simulation size in gridpoints: 237 x 140 x 24
Refined 0 mesh cells (0%)
Completed meshing!
Meshing complete in 1.70312 seconds of CPU time
0 0
finished material properties
Meshing Time: 2.59934 seconds, Init Electrical Material Time: 0.101166 seconds, Init Magnetic Material Time: 0.004086
Using selected optimization level: 2
Selecting 3d kernel for splitFieldDirection=0 and optLevel=2
-----------------------------------------
Beginning initialization of 3D Simulation
Starting to add sources to simulation
Adding 3D Mode source propagating in Y
Using frequency dependent profile
Starting to add boundary conditions to simulation
Adding 3D PML BC
Adding 3D Parallel BC
Adding 3D PML BC
Adding 3D Parallel BC
Adding 3D Symmetric BC
Adding 3D PML BC
Starting to add monitors to Simulation
Adding analysis monitor
Adding 3D DFT monitor
Adding 3D DFT monitor
Adding 3D DFT monitor
Adding 3D DFT monitor
Finished initialization of 3D Simulation
-----------------------------------------
All processes are communicating and ready to proceed to simulation...
Starting 51959 total iterations
0.0923808% complete. Max time remaining: 25 mins, 18 secs. Auto Shutoff: 1
1.13936% complete. Max time remaining: 25 mins, 40 secs. Auto Shutoff: 1
2.24793% complete. Max time remaining: 25 mins, 4 secs. Auto Shutoff: 0.947153
3.3565% complete. Max time remaining: 24 mins, 45 secs. Auto Shutoff: 0.906716
4.46507% complete. Max time remaining: 24 mins, 28 secs. Auto Shutoff: 0.893751
5.57364% complete. Max time remaining: 24 mins, 9 secs. Auto Shutoff: 0.874347
6.68221% complete. Max time remaining: 23 mins, 53 secs. Auto Shutoff: 0.809481
7.79078% complete. Max time remaining: 23 mins, 34 secs. Auto Shutoff: 0.616468
8.89935% complete. Max time remaining: 23 mins, 16 secs. Auto Shutoff: 0.0792511
10.0079% complete. Max time remaining: 22 mins, 59 secs. Auto Shutoff: 0.0588086
11.1165% complete. Max time remaining: 22 mins, 42 secs. Auto Shutoff: 0.057955
12.2251% complete. Max time remaining: 22 mins, 25 secs. Auto Shutoff: 0.0577575
13.3336% complete. Max time remaining: 22 mins, 7 secs. Auto Shutoff: 0.0571067
14.4422% complete. Max time remaining: 21 mins, 49 secs. Auto Shutoff: 0.0556497
15.5508% complete. Max time remaining: 21 mins, 33 secs. Auto Shutoff: 0.0478879
16.6593% complete. Max time remaining: 21 mins, 12 secs. Auto Shutoff: 0.00692523
17.7679% complete. Max time remaining: 20 mins, 49 secs. Auto Shutoff: 0.00517358
18.8765% complete. Max time remaining: 20 mins, 26 secs. Auto Shutoff: 0.00498765
19.9851% complete. Max time remaining: 20 mins, 4 secs. Auto Shutoff: 0.00502597
21.0936% complete. Max time remaining: 19 mins, 43 secs. Auto Shutoff: 0.00495399
22.2022% complete. Max time remaining: 19 mins, 23 secs. Auto Shutoff: 0.00489118
23.3108% complete. Max time remaining: 19 mins, 3 secs. Auto Shutoff: 0.00502678
24.4193% complete. Max time remaining: 18 mins, 43 secs. Auto Shutoff: 0.000734998
25.5279% complete. Max time remaining: 18 mins, 24 secs. Auto Shutoff: 0.00051042
26.6365% complete. Max time remaining: 18 mins, 5 secs. Auto Shutoff: 0.000497851
27.745% complete. Max time remaining: 17 mins, 47 secs. Auto Shutoff: 0.000500095
28.792% complete. Max time remaining: 17 mins, 33 secs. Auto Shutoff: 0.000493016
29.9006% complete. Max time remaining: 17 mins, 14 secs. Auto Shutoff: 0.000483473
31.0092% complete. Max time remaining: 16 mins, 56 secs. Auto Shutoff: 0.00040719
32.1177% complete. Max time remaining: 16 mins, 38 secs. Auto Shutoff: 8.06786e-05
33.2263% complete. Max time remaining: 16 mins, 20 secs. Auto Shutoff: 5.18437e-05
34.3349% complete. Max time remaining: 16 mins, 3 secs. Auto Shutoff: 5.20597e-05
35.4434% complete. Max time remaining: 15 mins, 45 secs. Auto Shutoff: 5.13713e-05
36.552% complete. Max time remaining: 15 mins, 27 secs. Auto Shutoff: 5.06277e-05
37.6606% complete. Max time remaining: 15 mins, 10 secs. Auto Shutoff: 5.24686e-05
38.7692% complete. Max time remaining: 14 mins, 53 secs. Auto Shutoff: 4.74861e-05
39.8181% complete. Max time remaining: 14 mins, 37 secs. Auto Shutoff: 8.77318e-06
100% complete. Max time remaining: 0 mins, 0 secs. Auto Shutoff: 8.77318e-06
Early termination of simulation, the autoshutoff criteria are satisfied.
Completed 20689 iterations, or 1.194542e-12s of Simulation Time
Process 0 starting to collect data
    collecting monitor data
    collecting source data
Using frequency dependent profile
Finished collecting data
left is a duplicate key.
bottom is a duplicate key.
z1 is a duplicate key.
z2 is a duplicate key.
Nx is a duplicate key.
Ny is a duplicate key.
Nz is a duplicate key.
left is a duplicate key.
bottom is a duplicate key.
z1 is a duplicate key.
z2 is a duplicate key.
Nx is a duplicate key.
Ny is a duplicate key.
Nz is a duplicate key.
left is a duplicate key.
bottom is a duplicate key.
z1 is a duplicate key.
z2 is a duplicate key.
Nx is a duplicate key.
Ny is a duplicate key.
Nz is a duplicate key.
left is a duplicate key.
bottom is a duplicate key.
z1 is a duplicate key.
z2 is a duplicate key.
Nx is a duplicate key.
Ny is a duplicate key.
Nz is a duplicate key.
Simulation completed successfully at: Fri Aug 19 02:44:02 2022
Overall wall time measurements in seconds: 595.773
    time to mesh and initialize: 13.3654
    time to run FDTD simulation: 580.024
    time to checkpoint simulation: 5e-07
    time to finalize data and save to files: 0.127049
    miscellaneous time: 2.25651
    FDTD solver speed on process 0: 28.4041 Mnodes/s
    total FDTD solver speed on 4 processes: 113.617 Mnodes/s
